<?xml version="1.0" encoding="UTF-8" standalone="yes" ?>

<inet:Report xmlns:inet="http://www.inetsoftware.de" major_version="8" minor_version="0" major_xml_version="6" minor_xml_version="5" count="3" id="0">
    <Datasource dll="pdsora7.dll" host="concordia.bo.eng.it:1521:orac10" schema="" catalog="" user="trentodev" password="" url="">
      <Tablesource alias="AN_LAVORATORE" databaseIdentifier="AN_LAVORATORE">
        <Column name="CDNLAVORATORE" type="6" />
        <Column name="STRCODICEFISCALE" type="11" />
        <Column name="STRCOGNOME" type="11" />
        <Column name="STRNOME" type="11" />
        <Column name="STRSESSO" type="11" />
        <Column name="DATNASC" type="15" />
        <Column name="CODCOMNAS" type="11" />
        <Column name="CODCITTADINANZA" type="11" />
        <Column name="CODCITTADINANZA2" type="11" />
        <Column name="CODSTATOCIVILE" type="11" />
        <Column name="FLGMILITE" type="11" />
        <Column name="CODCOMRES" type="11" />
        <Column name="NUMFIGLI" type="6" />
        <Column name="STRINDIRIZZORES" type="11" />
        <Column name="STRLOCALITARES" type="11" />
        <Column name="STRCAPRES" type="11" />
        <Column name="CODCOMDOM" type="11" />
        <Column name="STRINDIRIZZODOM" type="11" />
        <Column name="STRLOCALITADOM" type="11" />
        <Column name="STRCAPDOM" type="11" />
        <Column name="CODCOMREC" type="11" />
        <Column name="STRINDIRIZZOREC" type="11" />
        <Column name="STRLOCALITAREC" type="11" />
        <Column name="STRCAPREC" type="11" />
        <Column name="STRTELRES" type="11" />
        <Column name="STRTELDOM" type="11" />
        <Column name="STRTELALTRO" type="11" />
        <Column name="STRCELL" type="11" />
        <Column name="STREMAIL" type="11" />
        <Column name="STRFAX" type="11" />
        <Column name="STRNOTE" type="11" />
        <Column name="FLGCFOK" type="11" />
        <Column name="CDNUTINS" type="6" />
        <Column name="DTMINS" type="15" />
        <Column name="CDNUTMOD" type="6" />
        <Column name="DTMMOD" type="15" />
        <Column name="NUMKLOLAVORATORE" type="6" />
        <Column name="FLGINVIOSMS" type="11" />
        <Column name="DATINVIOSMS" type="15" />
      </Tablesource>
      <Tablesource alias="DE_COMUNE" databaseIdentifier="DE_COMUNE">
        <Column name="CODCOM" type="11" />
        <Column name="STRDENOMINAZIONE" type="11" />
        <Column name="STRCAP" type="11" />
        <Column name="CODCPI" type="11" />
        <Column name="CODPROVINCIA" type="11" />
        <Column name="NUMMESIMOBEXCASSAMEZZ" type="6" />
        <Column name="DATINIZIOVAL" type="15" />
        <Column name="DATFINEVAL" type="15" />
        <Column name="NUMKLOCOMUNE" type="6" />
        <Column name="CODISTAT" type="11" />
        <Column name="CODCOMMONTANA" type="11" />
      </Tablesource>
      <Tablesource alias="DE_PROVINCIA" databaseIdentifier="DE_PROVINCIA">
        <Column name="CODPROVINCIA" type="11" />
        <Column name="STRDENOMINAZIONE" type="11" />
        <Column name="STRTARGA" type="11" />
        <Column name="STRISTAT" type="11" />
        <Column name="CODREGIONE" type="11" />
        <Column name="DATINIZIOVAL" type="15" />
        <Column name="DATFINEVAL" type="15" />
        <Column name="NUMKLOPROVINCIA" type="6" />
        <Column name="STRDIRCOORDINATORE" type="11" />
        <Column name="STRRESPONSABILEUO" type="11" />
        <Column name="STRINDIRIZZOPOLO" type="11" />
        <Column name="CODCPICAPOLUOGO" type="11" />
        <Column name="CODMIN" type="11" />
        <Column name="STRINTESTAZIONESTAMPA" type="11" />
      </Tablesource>
    </Datasource>
  <Database>

    <Join from="AN_LAVORATORE" to="DE_COMUNE" type="inn">
      <Link from="CODCOMNAS" to="CODCOM" type="eq"/>
    </Join>

    <Join from="DE_COMUNE" to="DE_PROVINCIA" type="inn">
      <Link from="CODPROVINCIA" to="CODPROVINCIA" type="eq"/>
    </Join>
    <QueryChanges mask="0" count="2">
      <Attribute name="queryChange" value="null"/>
      <Attribute name="queryChange" value="null"/>
    </QueryChanges>
  </Database>
  <FormulaFields count="51">
    <Field type="FormulaField" valueType="11">
      <Attribute name="name" value="titolo1"/>
      <Attribute name="shortName" value="titolo"/>
      <Attribute name="formula type" value="0"/>
      <Attribute name="basic syntax" value="false"/>
      <![CDATA["DICHIARAZIONE DI ADESIONE AL SERVIZIO DI FIRMA ELETTRONICA AVANZATA"]]>
    </Field>
    <Field type="FormulaField" valueType="11">
      <Attribute name="name" value="titolo2"/>
      <Attribute name="shortName" value="titolo2"/>
      <Attribute name="formula type" value="0"/>
      <Attribute name="basic syntax" value="false"/>
      <![CDATA["(FIRMA GRAFOMETRICA) – D.P.C.M. 22 FEBBRAIO 2013, ARTICOLO 57"]]>
    </Field>
    <Field type="FormulaField" valueType="11">
      <Attribute name="name" value="lavoratore"/>
      <Attribute name="shortName" value="lavoratore"/>
      <Attribute name="formula type" value="0"/>
      <Attribute name="basic syntax" value="false"/>
      <![CDATA["il/la                      " +  {AN_LAVORATORE.STRCOGNOME}  + " " +  {AN_LAVORATORE.STRNOME}]]>
    </Field>
    <Field type="FormulaField" valueType="11">
      <Attribute name="name" value="codiceFiscale01"/>
      <Attribute name="shortName" value="codiceFiscale01"/>
      <Attribute name="formula type" value="0"/>
      <Attribute name="basic syntax" value="false"/>
      <![CDATA[Left ( {AN_LAVORATORE.STRCODICEFISCALE}, 1)]]>
    </Field>
    <Field type="FormulaField" valueType="11">
      <Attribute name="name" value="codiceFiscale02"/>
      <Attribute name="shortName" value="codiceFiscale02"/>
      <Attribute name="formula type" value="0"/>
      <Attribute name="basic syntax" value="false"/>
      <![CDATA[Mid ({AN_LAVORATORE.STRCODICEFISCALE}, 2, 1)]]>
    </Field>
    <Field type="FormulaField" valueType="11">
      <Attribute name="name" value="codiceFiscale03"/>
      <Attribute name="shortName" value="codiceFiscale03"/>
      <Attribute name="formula type" value="0"/>
      <Attribute name="basic syntax" value="false"/>
      <![CDATA[Mid ({AN_LAVORATORE.STRCODICEFISCALE}, 3, 1)]]>
    </Field>
    <Field type="FormulaField" valueType="11">
      <Attribute name="name" value="codiceFiscale04"/>
      <Attribute name="shortName" value="codiceFiscale04"/>
      <Attribute name="formula type" value="0"/>
      <Attribute name="basic syntax" value="false"/>
      <![CDATA[Mid ({AN_LAVORATORE.STRCODICEFISCALE}, 4, 1)]]>
    </Field>
    <Field type="FormulaField" valueType="11">
      <Attribute name="name" value="codiceFiscale05"/>
      <Attribute name="shortName" value="codiceFiscale05"/>
      <Attribute name="formula type" value="0"/>
      <Attribute name="basic syntax" value="false"/>
      <![CDATA[Mid ({AN_LAVORATORE.STRCODICEFISCALE}, 5, 1)]]>
    </Field>
    <Field type="FormulaField" valueType="11">
      <Attribute name="name" value="codiceFiscale06"/>
      <Attribute name="shortName" value="codiceFiscale06"/>
      <Attribute name="formula type" value="0"/>
      <Attribute name="basic syntax" value="false"/>
      <![CDATA[Mid ({AN_LAVORATORE.STRCODICEFISCALE}, 6, 1)]]>
    </Field>
    <Field type="FormulaField" valueType="11">
      <Attribute name="name" value="codiceFiscale07"/>
      <Attribute name="shortName" value="codiceFiscale07"/>
      <Attribute name="formula type" value="0"/>
      <Attribute name="basic syntax" value="false"/>
      <![CDATA[Mid ({AN_LAVORATORE.STRCODICEFISCALE}, 7, 1)]]>
    </Field>
    <Field type="FormulaField" valueType="11">
      <Attribute name="name" value="codiceFiscale08"/>
      <Attribute name="shortName" value="codiceFiscale08"/>
      <Attribute name="formula type" value="0"/>
      <Attribute name="basic syntax" value="false"/>
      <![CDATA[Mid ({AN_LAVORATORE.STRCODICEFISCALE}, 8, 1)]]>
    </Field>
    <Field type="FormulaField" valueType="11">
      <Attribute name="name" value="codiceFiscale09"/>
      <Attribute name="shortName" value="codiceFiscale09"/>
      <Attribute name="formula type" value="0"/>
      <Attribute name="basic syntax" value="false"/>
      <![CDATA[Mid ({AN_LAVORATORE.STRCODICEFISCALE}, 9, 1)]]>
    </Field>
    <Field type="FormulaField" valueType="11">
      <Attribute name="name" value="codiceFiscale10"/>
      <Attribute name="shortName" value="codiceFiscale10"/>
      <Attribute name="formula type" value="0"/>
      <Attribute name="basic syntax" value="false"/>
      <![CDATA[Mid ({AN_LAVORATORE.STRCODICEFISCALE}, 10, 1)]]>
    </Field>
    <Field type="FormulaField" valueType="11">
      <Attribute name="name" value="codiceFiscale11"/>
      <Attribute name="shortName" value="codiceFiscale11"/>
      <Attribute name="formula type" value="0"/>
      <Attribute name="basic syntax" value="false"/>
      <![CDATA[Mid ({AN_LAVORATORE.STRCODICEFISCALE}, 11, 1)]]>
    </Field>
    <Field type="FormulaField" valueType="11">
      <Attribute name="name" value="codiceFiscale12"/>
      <Attribute name="shortName" value="codiceFiscale12"/>
      <Attribute name="formula type" value="0"/>
      <Attribute name="basic syntax" value="false"/>
      <![CDATA[Mid ({AN_LAVORATORE.STRCODICEFISCALE}, 12, 1)]]>
    </Field>
    <Field type="FormulaField" valueType="11">
      <Attribute name="name" value="codiceFiscale13"/>
      <Attribute name="shortName" value="codiceFiscale13"/>
      <Attribute name="formula type" value="0"/>
      <Attribute name="basic syntax" value="false"/>
      <![CDATA[Mid ({AN_LAVORATORE.STRCODICEFISCALE}, 13, 1)]]>
    </Field>
    <Field type="FormulaField" valueType="11">
      <Attribute name="name" value="codiceFiscale14"/>
      <Attribute name="shortName" value="codiceFiscale14"/>
      <Attribute name="formula type" value="0"/>
      <Attribute name="basic syntax" value="false"/>
      <![CDATA[Mid ({AN_LAVORATORE.STRCODICEFISCALE}, 14, 1)]]>
    </Field>
    <Field type="FormulaField" valueType="11">
      <Attribute name="name" value="codiceFiscale15"/>
      <Attribute name="shortName" value="codiceFiscale15"/>
      <Attribute name="formula type" value="0"/>
      <Attribute name="basic syntax" value="false"/>
      <![CDATA[Mid ({AN_LAVORATORE.STRCODICEFISCALE}, 15, 1)]]>
    </Field>
    <Field type="FormulaField" valueType="11">
      <Attribute name="name" value="codiceFiscale16"/>
      <Attribute name="shortName" value="codiceFiscale16"/>
      <Attribute name="formula type" value="0"/>
      <Attribute name="basic syntax" value="false"/>
      <![CDATA[Mid ({AN_LAVORATORE.STRCODICEFISCALE}, 16, 1)]]>
    </Field>
    <Field type="FormulaField" valueType="11">
      <Attribute name="name" value="sesso"/>
      <Attribute name="shortName" value="sesso"/>
      <Attribute name="formula type" value="0"/>
      <Attribute name="basic syntax" value="false"/>
      <![CDATA["sesso      " +  {AN_LAVORATORE.STRSESSO}]]>
    </Field>
    <Field type="FormulaField" valueType="11">
      <Attribute name="name" value="comuneNascita"/>
      <Attribute name="shortName" value="comuneNascita"/>
      <Attribute name="formula type" value="0"/>
      <Attribute name="basic syntax" value="false"/>
      <![CDATA["nato/a                 " +  {DE_COMUNE.STRDENOMINAZIONE}]]>
    </Field>
    <Field type="FormulaField" valueType="11">
      <Attribute name="name" value="provinciaNascita"/>
      <Attribute name="shortName" value="provinciaNascita"/>
      <Attribute name="formula type" value="0"/>
      <Attribute name="basic syntax" value="false"/>
      <![CDATA["(Provincia      " +  {DE_PROVINCIA.STRISTAT} + ")"]]>
    </Field>
    <Field type="FormulaField" valueType="15">
      <Attribute name="name" value="dataNascita"/>
      <Attribute name="shortName" value="dataNascita"/>
      <Attribute name="formula type" value="0"/>
      <Attribute name="basic syntax" value="false"/>
      <![CDATA[{AN_LAVORATORE.DATNASC}]]>
    </Field>
    <Field type="FormulaField" valueType="11">
      <Attribute name="name" value="dataNascitaLabel"/>
      <Attribute name="shortName" value="dataNascitaLabel"/>
      <Attribute name="formula type" value="0"/>
      <Attribute name="basic syntax" value="false"/>
      <![CDATA["il      "]]>
    </Field>
    <Field type="FormulaField" valueType="11">
      <Attribute name="name" value="codiceFiscaleLabel"/>
      <Attribute name="shortName" value="codiceFiscaleLabel"/>
      <Attribute name="formula type" value="0"/>
      <Attribute name="basic syntax" value="false"/>
      <![CDATA["codice fiscale      "]]>
    </Field>
    <Field type="FormulaField" valueType="11">
      <Attribute name="name" value="presoAttoCheTEXT"/>
      <Attribute name="shortName" value="presoAttoCheTEXT"/>
      <Attribute name="formula type" value="0"/>
      <Attribute name="basic syntax" value="false"/>
      <![CDATA["preso atto che"]]>
    </Field>
    <Field type="FormulaField" valueType="11">
      <Attribute name="name" value="text01"/>
      <Attribute name="shortName" value="text01"/>
      <Attribute name="formula type" value="0"/>
      <Attribute name="basic syntax" value="false"/>
      <![CDATA["- la Provincia Autonoma di Trento (nel seguito PAT) nell’ambito delle proprie iniziative innovative ritiene di ridurre fino ad eliminare la creazione di documenti in formato cartaceo. Tali documenti devono poi essere successivamente conservati con modalità idonee ad evitare la perdita, la distruzione anche accidentale dei dati in essi contenuti ovvero protetti da accessi non autorizzati;"]]>
    </Field>
    <Field type="FormulaField" valueType="11">
      <Attribute name="name" value="text02"/>
      <Attribute name="shortName" value="text02"/>
      <Attribute name="formula type" value="0"/>
      <Attribute name="basic syntax" value="false"/>
      <![CDATA["- il ricorso a particolari soluzioni tecnologiche consente di sostituire i documenti cartacei con documenti informatici in grado di rendere più veloce l’operazione di raccolta della sottoscrizione dell’utente, ove richiesta, garantendo comunque la medesima validità giuridica e la medesima efficacia probatoria dei tradizionali documenti cartacei;"]]>
    </Field>
    <Field type="FormulaField" valueType="11">
      <Attribute name="name" value="text03"/>
      <Attribute name="shortName" value="text03"/>
      <Attribute name="formula type" value="0"/>
      <Attribute name="basic syntax" value="false"/>
      <![CDATA["- la PAT ha scelto di adottare nei rapporti con i propri utenti, un particolare servizio di elaborazione e sottoscrizione degli atti con firma elettronica avanzata (ai sensi dell’art. 1, comma 1°, lett. q-bis del Codice dell’Amministrazione digitale – decreto legislativo 7 marzo 2005, n. 82 e successive modificazioni) che consente di velocizzare l’operazione di sottoscrizione, assicurando elevati livelli di sicurezza anche nel successivo processo di conservazione dei documenti;"]]>
    </Field>
    <Field type="FormulaField" valueType="11">
      <Attribute name="name" value="text04"/>
      <Attribute name="shortName" value="text04"/>
      <Attribute name="formula type" value="0"/>
      <Attribute name="basic syntax" value="false"/>
      <![CDATA["- il servizio adottato dalla PAT consente all’utente di apporre la propria firma elettronica avanzata su uno speciale tablet, avvalendosi di una particolare stilo elettronica, in modo semplice e immediato;"]]>
    </Field>
    <Field type="FormulaField" valueType="11">
      <Attribute name="name" value="text05"/>
      <Attribute name="shortName" value="text05"/>
      <Attribute name="formula type" value="0"/>
      <Attribute name="basic syntax" value="false"/>
      <![CDATA["- la firma elettronica avanzata apposta dall’utente è registrata dalla PAT mediante l'elaborazione di determinati parametri biometrici, quali la velocità nell’atto di scrittura, la pressione esercitata, l’accelerazione dei movimenti, nonché dai movimenti effettuati dalla penna quando è sollevata dal tablet (salti in volo);"]]>
    </Field>
    <Field type="FormulaField" valueType="11">
      <Attribute name="name" value="text06"/>
      <Attribute name="shortName" value="text06"/>
      <Attribute name="formula type" value="0"/>
      <Attribute name="basic syntax" value="false"/>
      <![CDATA["- Nessuno dei dati personali sopra menzionati sarà oggetto di diffusione."]]>
    </Field>
    <Field type="FormulaField" valueType="11">
      <Attribute name="name" value="text07"/>
      <Attribute name="shortName" value="text07"/>
      <Attribute name="formula type" value="0"/>
      <Attribute name="basic syntax" value="false"/>
      <![CDATA["- il servizio adottato dalla PAT garantisce il rispetto dei requisiti di legge ed in particolare, l’identificazione dell’utente, la connessione univoca della firma all’utente, nonché della firma al documento sottoscritto con tali modalità, ed il controllo esclusivo del sistema di generazione della firma in capo all’utente medesimo;"]]>
    </Field>
    <Field type="FormulaField" valueType="11">
      <Attribute name="name" value="text08"/>
      <Attribute name="shortName" value="text08"/>
      <Attribute name="formula type" value="0"/>
      <Attribute name="basic syntax" value="false"/>
      <![CDATA["- le caratteristiche tecniche del servizio, inoltre, garantiscono l’integrità del documento in termini di immodificabilità ed inalterabilità del suo contenuto;"]]>
    </Field>
    <Field type="FormulaField" valueType="11">
      <Attribute name="name" value="text09"/>
      <Attribute name="shortName" value="text09"/>
      <Attribute name="formula type" value="0"/>
      <Attribute name="basic syntax" value="false"/>
      <![CDATA["- maggiori informazioni sulle caratteristiche tecniche del servizio di firma elettronica avanzata adottato dalla PAT sono pubblicate sul sito Internet di riferimento all’indirizzo www.servizionline.provincia.tn.it;"]]>
    </Field>
    <Field type="FormulaField" valueType="11">
      <Attribute name="name" value="text10"/>
      <Attribute name="shortName" value="text10"/>
      <Attribute name="formula type" value="0"/>
      <Attribute name="basic syntax" value="false"/>
      <![CDATA["- i documenti informatici sottoscritti con firma elettronica avanzata da parte dell’utente sono conservati conformemente alla normativa vigente e che a questi documenti il titolare può accedere in qualsiasi momento;"]]>
    </Field>
    <Field type="FormulaField" valueType="11">
      <Attribute name="name" value="text11"/>
      <Attribute name="shortName" value="text11"/>
      <Attribute name="formula type" value="0"/>
      <Attribute name="basic syntax" value="false"/>
      <![CDATA["- la scelta di avvalersi del servizio di firma elettronica avanzata spetta all’utente ed è revocabile in qualsiasi momento;"]]>
    </Field>
    <Field type="FormulaField" valueType="11">
      <Attribute name="name" value="text12"/>
      <Attribute name="shortName" value="text12"/>
      <Attribute name="formula type" value="0"/>
      <Attribute name="basic syntax" value="false"/>
      <![CDATA["- gli effetti della revoca decorrono dal momento in cui la PAT riceve dall'utente specifica comunicazione;"]]>
    </Field>
    <Field type="FormulaField" valueType="11">
      <Attribute name="name" value="text13"/>
      <Attribute name="shortName" value="text13"/>
      <Attribute name="formula type" value="0"/>
      <Attribute name="basic syntax" value="false"/>
      <![CDATA["- la PAT, conformemente alle disposizioni di legge, ha stipulato una polizza assicurativa per la responsabilità civile da danno a terzi nella fornitura del servizio di firma elettronica avanzata ivi descritto"]]>
    </Field>
    <Field type="FormulaField" valueType="11">
      <Attribute name="name" value="dichiara"/>
      <Attribute name="shortName" value="dichiara"/>
      <Attribute name="formula type" value="0"/>
      <Attribute name="basic syntax" value="false"/>
      <![CDATA["DICHIARA"]]>
    </Field>
    <Field type="FormulaField" valueType="11">
      <Attribute name="name" value="text14"/>
      <Attribute name="shortName" value="text14"/>
      <Attribute name="formula type" value="0"/>
      <Attribute name="basic syntax" value="false"/>
      <![CDATA["di accettare le condizioni di utilizzo del servizio di firma elettronica avanzata descritte nelle premesse e di accettare di avvalersi del servizio di firma elettronica avanzata per le operazioni di sottoscrizione, ove richiesto, dei documenti informatici utilizzati nell’ambito dei rapporti intercorrenti con la PAT e da quest’ultima proposti per la sottoscrizione con firma elettronica avanzata."]]>
    </Field>
    <Field type="FormulaField" valueType="11">
      <Attribute name="name" value="luogoData"/>
      <Attribute name="shortName" value="luogoData"/>
      <Attribute name="formula type" value="0"/>
      <Attribute name="basic syntax" value="false"/>
      <![CDATA["Luogo e data ________________________"]]>
    </Field>
    <Field type="FormulaField" valueType="11">
      <Attribute name="name" value="firma"/>
      <Attribute name="shortName" value="firma"/>
      <Attribute name="formula type" value="0"/>
      <Attribute name="basic syntax" value="false"/>
      <![CDATA["Firma: ________________________"]]>
    </Field>
    <Field type="FormulaField" valueType="11">
      <Attribute name="name" value="textAllegato01"/>
      <Attribute name="shortName" value="textAllegato01"/>
      <Attribute name="formula type" value="0"/>
      <Attribute name="basic syntax" value="false"/>
      <![CDATA["All. 1) - fotocopia del documento di riconoscimento dell’utente"]]>
    </Field>
    <Field type="FormulaField" valueType="11">
      <Attribute name="name" value="textAllegato02"/>
      <Attribute name="shortName" value="textAllegato02"/>
      <Attribute name="formula type" value="0"/>
      <Attribute name="basic syntax" value="false"/>
      <![CDATA["La presente dichiarazione è stata sottoscritta, previa identificazione del dichiarante, e presentata unitamente a copia fotoscatica non autenticata del documento di riconoscimento dello stesso. Copia della presente dichiarazione può essere rilasciata gratuitamente all'interessato, su richiesta, presso l'ufficio o sportello dove ha utilizzato il servizio di firma grafometrica."]]>
    </Field>
    <Field type="FormulaField" valueType="11">
      <Attribute name="name" value="textBoxInformativa01"/>
      <Attribute name="shortName" value="textBoxInformativa01"/>
      <Attribute name="formula type" value="0"/>
      <Attribute name="basic syntax" value="false"/>
      <![CDATA["Informativa sull’uso dei dati personali"]]>
    </Field>
    <Field type="FormulaField" valueType="11">
      <Attribute name="name" value="textBoxInformativa02"/>
      <Attribute name="shortName" value="textBoxInformativa02"/>
      <Attribute name="formula type" value="0"/>
      <Attribute name="basic syntax" value="false"/>
      <![CDATA["(art.13 del decreto legislativo 196/2003 “Codice in materia di protezione dei dati personali”)"]]>
    </Field>
    <Field type="FormulaField" valueType="11">
      <Attribute name="name" value="textBoxInformativa03"/>
      <Attribute name="shortName" value="textBoxInformativa03"/>
      <Attribute name="formula type" value="0"/>
      <Attribute name="basic syntax" value="false"/>
      <![CDATA["Con riferimento ai dati personali acquisiti con la presente dichiarazione ed a quelli riferiti alla firma grafometrica si informa che titolare del trattamento dei dati è la Provincia Autonoma di Trento. Tutti i soggetti pubblici o privati che collaborano a vario titolo al servizio di firma grafometrica nonché all’acquisizione dei documenti informatici su cui essa viene apposta assumono il ruolo di responsabili del trattamento. Il cittadino può rivolgersi, in ogni momento, ai responsabili del trattamento per verificare i dati che lo riguardano e farli eventualmente aggiornare, integrare, rettificare o cancellare, chiederne il blocco ed opporsi al loro trattamento, se trattati in violazione di legge (art. 7 del decreto legislativo 196/2003). I dati personali acquisiti con la presente dichiarazione e quelli relativi alla firma grafometrica sono raccolti dai soggetti competenti (Servizi provinciali, enti erogatori, comuni, centri di assistenza fiscale) e trattati, anche con strumenti informatici, al solo fine di dar seguito ai procedimenti amministrativi attivati dal cittadino.
Le dichiarazioni e domande inoltrate dal cittadino con il servizio di firma grafometrica sono trasmesse e conservate digitalmente presso Informatica Trentina S.p.A., presso InfoCert S.p.A. e presso la Provincia Autonoma di Trento e rimangono a disposizione per eventuali controlli."]]>
    </Field>
    <Field type="FormulaField" valueType="11">
      <Attribute name="name" value="luogoData2"/>
      <Attribute name="shortName" value="luogoData2"/>
      <Attribute name="formula type" value="0"/>
      <Attribute name="basic syntax" value="false"/>
      <![CDATA["Luogo e data ________________________"]]>
    </Field>
    <Field type="FormulaField" valueType="11">
      <Attribute name="name" value="firma2"/>
      <Attribute name="shortName" value="firma2"/>
      <Attribute name="formula type" value="0"/>
      <Attribute name="basic syntax" value="false"/>
      <![CDATA["Firma: ________________________"]]>
    </Field>
    <Field type="FormulaField" valueType="11">
      <Attribute name="name" value="dd_1"/>
      <Attribute name="shortName" value="dd_1"/>
      <Attribute name="formula type" value="0"/>
      <Attribute name="basic syntax" value="false"/>
      <![CDATA[""]]>
    </Field>
  </FormulaFields>

  <PromptFields count="4">
    <Field type="PromptVarField" valueType="6">
      <Attribute name="name" value="cdnLavoratore"/>
      <Attribute name="allow_multiple_values" value="false"/>
      <Attribute name="discrete_or_range" value="0"/>
      <Attribute name="allow editing" value="true"/>
      <Attribute name="prompt_text" value=""/>
      <Attribute name="use_range" value="false"/>
      <DefaultPromptValues count="1">
      <![CDATA[[null]]]>
      </DefaultPromptValues>
      <PromptValueDescr count="0">
      </PromptValueDescr>
      <Attribute name="sort_type" value="0"/>
    </Field>
    <Field type="PromptVarField" valueType="11">
      <Attribute name="name" value="numProt"/>
      <Attribute name="allow_multiple_values" value="false"/>
      <Attribute name="discrete_or_range" value="0"/>
      <Attribute name="allow editing" value="true"/>
      <Attribute name="prompt_text" value=""/>
      <Attribute name="use_range" value="false"/>
      <DefaultPromptValues count="1">
      <![CDATA[[null]]]>
      </DefaultPromptValues>
      <PromptValueDescr count="0">
      </PromptValueDescr>
      <Attribute name="sort_type" value="0"/>
    </Field>
    <Field type="PromptVarField" valueType="6">
      <Attribute name="name" value="numAnnoProt"/>
      <Attribute name="allow_multiple_values" value="false"/>
      <Attribute name="discrete_or_range" value="0"/>
      <Attribute name="allow editing" value="true"/>
      <Attribute name="prompt_text" value=""/>
      <Attribute name="use_range" value="false"/>
      <DefaultPromptValues count="1">
      <![CDATA[[null]]]>
      </DefaultPromptValues>
      <PromptValueDescr count="0">
      </PromptValueDescr>
      <Attribute name="sort_type" value="0"/>
    </Field>
    <Field type="PromptVarField" valueType="11">
      <Attribute name="name" value="dataProt"/>
      <Attribute name="allow_multiple_values" value="false"/>
      <Attribute name="discrete_or_range" value="0"/>
      <Attribute name="allow editing" value="true"/>
      <Attribute name="prompt_text" value=""/>
      <Attribute name="use_range" value="false"/>
      <DefaultPromptValues count="1">
      <![CDATA[[null]]]>
      </DefaultPromptValues>
      <PromptValueDescr count="0">
      </PromptValueDescr>
      <Attribute name="sort_type" value="0"/>
    </Field>
  </PromptFields>

  <SQLFields count="0">
  </SQLFields>

  <SummaryFields count="0">
  </SummaryFields>

  <SortFields count="0">
  </SortFields>

  <GroupNameFields count="0">
  </GroupNameFields>

  <Field type="FormulaField" id="-1" valueType="8">
    <Attribute name="name" value="Record_Selection"/>
    <Attribute name="formula type" value="1"/>
    <Attribute name="basic syntax" value="false"/>
    <![CDATA[{AN_LAVORATORE.CDNLAVORATORE} =  {?cdnLavoratore}]]>
  </Field>
  <ReportProperties>
    <Attribute name="page width" value="12240"/>
    <Attribute name="page height" value="15840"/>
    <Attribute name="page orientation" value="1"/>
    <Attribute name="page margin left" value="720"/>
    <Attribute name="page margin right" value="720"/>
    <Attribute name="page margin top" value="720"/>
    <Attribute name="page margin bottom" value="720"/>
    <Attribute name="report title" value="Report1"/>
    <Attribute name="report last saved" value="5 Jul 2016 10:08:32 GMT"/>
    <Attribute name="report created" value="30 May 2016 13:24:49 GMT"/>
    <Attribute name="mailing label type 1" value=""/>
    <Attribute name="mailing label type 2" value=""/>
    <Attribute name="format with multiple columns" value="false"/>
    <Attribute name="mailing label width" value="0"/>
    <Attribute name="mailing label height" value="0"/>
    <Attribute name="mailing label distance vertical" value="0"/>
    <Attribute name="mailing label distance horizontal" value="0"/>
    <Attribute name="across then down" value="false"/>
    <Attribute name="format groups with multiple columns" value="false"/>
    <Attribute name="distinct" value="false"/>
    <Attribute name="convert date time" value="0"/>
    <Attribute name="suppress if no rows" value="false"/>
    <Attribute name="convert null values to default" value="false"/>
    <Attribute name="hide PageFooter inside ReportHeader" value="false"/>
  </ReportProperties>
  <AreaPair type="PageAreaPair" id="0">
    <Area type="PageHeader" count="1">
      <Section type="PageHeader" count="0" width="10800" height="0" id="0">
      </Section>
    </Area>
    <Area type="PageFooter" count="1">
      <Section type="PageFooter" count="0" width="10800" height="800" id="1">
      </Section>
    </Area>
  </AreaPair>

  <AreaPair type="ReportAreaPair" id="0">
    <Area type="ReportHeader" count="2">
      <Section type="ReportHeader" count="2" width="10800" height="1065" id="2">
        <Element type="FieldElement" x_position="150" y_position="210" width="10215" height="255">
          <CommonProperties>
            <Attribute name="horizontal align" value="2"/>
          </CommonProperties>
          <FontProperties>
            <Attribute name="font style" value="1"/>
          </FontProperties>
          <Reference name="field" type="FormulaField" refname="@titolo1"/>
        </Element>
        <Element type="FieldElement" x_position="210" y_position="660" width="10095" height="255">
          <CommonProperties>
            <Attribute name="horizontal align" value="2"/>
          </CommonProperties>
          <FontProperties>
            <Attribute name="font style" value="1"/>
          </FontProperties>
          <Reference name="field" type="FormulaField" refname="@titolo2"/>
        </Element>
      </Section>
      <Section type="ReportHeader" count="6" width="10800" height="1050" id="3">
        <Element type="Text" count="1" x_position="300" y_position="600" width="675" height="315">
          <CommonProperties>
            <Attribute name="horizontal align" value="1"/>
            <Attribute name="close border on page break" value="false"/>
          </CommonProperties>
          <Element type="Paragraph" count="1">
            <CommonProperties>
              <Attribute name="horizontal align" value="1"/>
            </CommonProperties>
            <Element type="TextPart">
            <![CDATA[Anno]]>
            </Element>
          </Element>
        </Element>
        <Element type="FieldElement" x_position="1050" y_position="600" width="1200" height="240">
          <CommonProperties>
            <Attribute name="horizontal align" value="3"/>
          </CommonProperties>
          <FontProperties>
            <Attribute name="font style" value="1"/>
          </FontProperties>
          <NumberProperties>
            <Attribute name="use system default format" value="false"/>
            <Attribute name="use thousand seperators" value="false"/>
            <Attribute name="n decimal places" value="0"/>
            <Attribute name="rounding type" value="11"/>
            <Attribute name="thousand seperators symbol" value="."/>
            <Attribute name="decimal seperators symbol" value=","/>
            <Attribute name="currency symbol" value="€"/>
          </NumberProperties>
          <Reference name="field" type="PromptVarField" refname="?numAnnoProt"/>
        </Element>
        <Element type="Text" count="1" x_position="2700" y_position="600" width="615" height="315">
          <CommonProperties>
            <Attribute name="horizontal align" value="1"/>
            <Attribute name="close border on page break" value="false"/>
          </CommonProperties>
          <Element type="Paragraph" count="1">
            <CommonProperties>
              <Attribute name="horizontal align" value="1"/>
            </CommonProperties>
            <Element type="TextPart">
            <![CDATA[Num ]]>
            </Element>
          </Element>
        </Element>
        <Element type="FieldElement" x_position="3600" y_position="600" width="1665" height="240">
          <CommonProperties>
            <Attribute name="horizontal align" value="1"/>
          </CommonProperties>
          <FontProperties>
            <Attribute name="font style" value="1"/>
          </FontProperties>
          <Reference name="field" type="PromptVarField" refname="?numProt"/>
        </Element>
        <Element type="Text" count="1" x_position="5850" y_position="600" width="1485" height="315">
          <CommonProperties>
            <Attribute name="horizontal align" value="1"/>
            <Attribute name="close border on page break" value="false"/>
          </CommonProperties>
          <Element type="Paragraph" count="1">
            <CommonProperties>
              <Attribute name="horizontal align" value="1"/>
            </CommonProperties>
            <Element type="TextPart">
            <![CDATA[Data di prot.]]>
            </Element>
          </Element>
        </Element>
        <Element type="FieldElement" x_position="7650" y_position="600" width="2265" height="240">
          <CommonProperties>
            <Attribute name="horizontal align" value="1"/>
          </CommonProperties>
          <FontProperties>
            <Attribute name="font style" value="1"/>
          </FontProperties>
          <Reference name="field" type="PromptVarField" refname="?dataProt"/>
        </Element>
      </Section>
    </Area>
    <Area type="ReportFooter" count="1">
      <Section type="ReportFooter" count="6" width="10800" height="4950" id="4">
        <Element type="Box" x2_position="10665" y2_position="4815" x_position="150" y_position="150" width="10515" height="0">
          <BoxProperties>
            <Attribute name="close border on page break" value="true"/>
          </BoxProperties>
        </Element>
        <Element type="FieldElement" x_position="300" y_position="300" width="10215" height="240">
          <CommonProperties>
            <Attribute name="horizontal align" value="2"/>
          </CommonProperties>
          <FontProperties>
            <Attribute name="font size" value="160"/>
            <Attribute name="font style" value="1"/>
          </FontProperties>
          <Reference name="field" type="FormulaField" refname="@textBoxInformativa01"/>
        </Element>
        <Element type="FieldElement" x_position="300" y_position="600" width="10215" height="240">
          <CommonProperties>
            <Attribute name="horizontal align" value="2"/>
          </CommonProperties>
          <FontProperties>
            <Attribute name="font size" value="160"/>
          </FontProperties>
          <Reference name="field" type="FormulaField" refname="@textBoxInformativa02"/>
        </Element>
        <Element type="FieldElement" x_position="360" y_position="1050" width="10095" height="2265">
          <CommonProperties>
            <Attribute name="horizontal align" value="4"/>
          </CommonProperties>
          <FontProperties>
            <Attribute name="font size" value="160"/>
          </FontProperties>
          <Reference name="field" type="FormulaField" refname="@textBoxInformativa03"/>
        </Element>
        <Element type="FieldElement" x_position="450" y_position="4200" width="2715" height="240">
          <CommonProperties>
            <Attribute name="horizontal align" value="1"/>
          </CommonProperties>
          <Reference name="field" type="FormulaField" refname="@luogoData2"/>
        </Element>
        <Element type="FieldElement" x_position="6000" y_position="4200" width="3300" height="240">
          <CommonProperties>
            <Attribute name="horizontal align" value="1"/>
          </CommonProperties>
          <Reference name="field" type="FormulaField" refname="@firma2"/>
        </Element>
      </Section>
    </Area>
  </AreaPair>

  <AreaPair type="DetailArea" id="1">
    <Area type="Detail" count="20">
      <AreaProperties>
        <Attribute name="multiple column section" value="false"/>
      </AreaProperties>
      <Section type="Detail" count="56" width="10800" height="1950" id="5">
        <SectionProperties>
          <Attribute name="multiple column section" value="false"/>
        </SectionProperties>
        <Element type="FieldElement" x_position="1650" y_position="1350" width="165" height="240">
          <CommonProperties>
            <Attribute name="horizontal align" value="1"/>
          </CommonProperties>
          <Reference name="field" type="FormulaField" refname="@codiceFiscale01"/>
        </Element>
        <Element type="FieldElement" x_position="2100" y_position="1350" width="165" height="240">
          <CommonProperties>
            <Attribute name="horizontal align" value="1"/>
          </CommonProperties>
          <Reference name="field" type="FormulaField" refname="@codiceFiscale02"/>
        </Element>
        <Element type="Line" x2_position="1950" y2_position="1665" x_position="1950" y_position="1350" width="0" height="0">
        </Element>
        <Element type="Line" x2_position="1500" y2_position="1665" x_position="1500" y_position="1350" width="0" height="0">
        </Element>
        <Element type="Line" x2_position="1965" y2_position="1650" x_position="1500" y_position="1650" width="0" height="0">
        </Element>
        <Element type="Line" x2_position="2415" y2_position="1650" x_position="1950" y_position="1650" width="0" height="0">
        </Element>
        <Element type="Line" x2_position="2400" y2_position="1665" x_position="2400" y_position="1350" width="0" height="0">
        </Element>
        <Element type="Line" x2_position="2865" y2_position="1650" x_position="2400" y_position="1650" width="0" height="0">
        </Element>
        <Element type="Line" x2_position="2850" y2_position="1665" x_position="2850" y_position="1350" width="0" height="0">
        </Element>
        <Element type="Line" x2_position="3315" y2_position="1650" x_position="2850" y_position="1650" width="0" height="0">
        </Element>
        <Element type="Line" x2_position="3300" y2_position="1665" x_position="3300" y_position="1350" width="0" height="0">
        </Element>
        <Element type="Line" x2_position="3765" y2_position="1650" x_position="3300" y_position="1650" width="0" height="0">
        </Element>
        <Element type="Line" x2_position="3750" y2_position="1665" x_position="3750" y_position="1350" width="0" height="0">
        </Element>
        <Element type="Line" x2_position="4215" y2_position="1650" x_position="3750" y_position="1650" width="0" height="0">
        </Element>
        <Element type="Line" x2_position="4200" y2_position="1665" x_position="4200" y_position="1350" width="0" height="0">
        </Element>
        <Element type="Line" x2_position="4665" y2_position="1650" x_position="4200" y_position="1650" width="0" height="0">
        </Element>
        <Element type="Line" x2_position="4650" y2_position="1665" x_position="4650" y_position="1350" width="0" height="0">
        </Element>
        <Element type="Line" x2_position="5115" y2_position="1650" x_position="4650" y_position="1650" width="0" height="0">
        </Element>
        <Element type="Line" x2_position="5100" y2_position="1665" x_position="5100" y_position="1350" width="0" height="0">
        </Element>
        <Element type="Line" x2_position="5565" y2_position="1650" x_position="5100" y_position="1650" width="0" height="0">
        </Element>
        <Element type="Line" x2_position="5550" y2_position="1665" x_position="5550" y_position="1350" width="0" height="0">
        </Element>
        <Element type="Line" x2_position="6015" y2_position="1650" x_position="5550" y_position="1650" width="0" height="0">
        </Element>
        <Element type="Line" x2_position="6000" y2_position="1665" x_position="6000" y_position="1350" width="0" height="0">
        </Element>
        <Element type="Line" x2_position="6465" y2_position="1650" x_position="6000" y_position="1650" width="0" height="0">
        </Element>
        <Element type="Line" x2_position="6450" y2_position="1665" x_position="6450" y_position="1350" width="0" height="0">
        </Element>
        <Element type="Line" x2_position="6915" y2_position="1650" x_position="6450" y_position="1650" width="0" height="0">
        </Element>
        <Element type="Line" x2_position="6900" y2_position="1665" x_position="6900" y_position="1350" width="0" height="0">
        </Element>
        <Element type="Line" x2_position="7365" y2_position="1650" x_position="6900" y_position="1650" width="0" height="0">
        </Element>
        <Element type="Line" x2_position="7350" y2_position="1665" x_position="7350" y_position="1350" width="0" height="0">
        </Element>
        <Element type="Line" x2_position="7815" y2_position="1650" x_position="7350" y_position="1650" width="0" height="0">
        </Element>
        <Element type="Line" x2_position="7800" y2_position="1665" x_position="7800" y_position="1350" width="0" height="0">
        </Element>
        <Element type="Line" x2_position="8265" y2_position="1650" x_position="7800" y_position="1650" width="0" height="0">
        </Element>
        <Element type="Line" x2_position="8250" y2_position="1665" x_position="8250" y_position="1350" width="0" height="0">
        </Element>
        <Element type="Line" x2_position="8715" y2_position="1650" x_position="8250" y_position="1650" width="0" height="0">
        </Element>
        <Element type="Line" x2_position="8700" y2_position="1665" x_position="8700" y_position="1350" width="0" height="0">
        </Element>
        <Element type="FieldElement" x_position="2550" y_position="1350" width="165" height="240">
          <CommonProperties>
            <Attribute name="horizontal align" value="1"/>
          </CommonProperties>
          <Reference name="field" type="FormulaField" refname="@codiceFiscale03"/>
        </Element>
        <Element type="FieldElement" x_position="3000" y_position="1350" width="165" height="240">
          <CommonProperties>
            <Attribute name="horizontal align" value="1"/>
          </CommonProperties>
          <Reference name="field" type="FormulaField" refname="@codiceFiscale04"/>
        </Element>
        <Element type="FieldElement" x_position="3450" y_position="1350" width="165" height="240">
          <CommonProperties>
            <Attribute name="horizontal align" value="1"/>
          </CommonProperties>
          <Reference name="field" type="FormulaField" refname="@codiceFiscale05"/>
        </Element>
        <Element type="FieldElement" x_position="3900" y_position="1350" width="165" height="240">
          <CommonProperties>
            <Attribute name="horizontal align" value="1"/>
          </CommonProperties>
          <Reference name="field" type="FormulaField" refname="@codiceFiscale06"/>
        </Element>
        <Element type="FieldElement" x_position="4350" y_position="1350" width="165" height="240">
          <CommonProperties>
            <Attribute name="horizontal align" value="1"/>
          </CommonProperties>
          <Reference name="field" type="FormulaField" refname="@codiceFiscale07"/>
        </Element>
        <Element type="FieldElement" x_position="4800" y_position="1350" width="165" height="240">
          <CommonProperties>
            <Attribute name="horizontal align" value="1"/>
          </CommonProperties>
          <Reference name="field" type="FormulaField" refname="@codiceFiscale08"/>
        </Element>
        <Element type="FieldElement" x_position="5250" y_position="1350" width="165" height="240">
          <CommonProperties>
            <Attribute name="horizontal align" value="1"/>
          </CommonProperties>
          <Reference name="field" type="FormulaField" refname="@codiceFiscale09"/>
        </Element>
        <Element type="FieldElement" x_position="5700" y_position="1350" width="165" height="240">
          <CommonProperties>
            <Attribute name="horizontal align" value="1"/>
          </CommonProperties>
          <Reference name="field" type="FormulaField" refname="@codiceFiscale10"/>
        </Element>
        <Element type="FieldElement" x_position="6150" y_position="1350" width="165" height="240">
          <CommonProperties>
            <Attribute name="horizontal align" value="1"/>
          </CommonProperties>
          <Reference name="field" type="FormulaField" refname="@codiceFiscale11"/>
        </Element>
        <Element type="FieldElement" x_position="6600" y_position="1350" width="165" height="240">
          <CommonProperties>
            <Attribute name="horizontal align" value="1"/>
          </CommonProperties>
          <Reference name="field" type="FormulaField" refname="@codiceFiscale12"/>
        </Element>
        <Element type="FieldElement" x_position="7050" y_position="1350" width="165" height="240">
          <CommonProperties>
            <Attribute name="horizontal align" value="1"/>
          </CommonProperties>
          <Reference name="field" type="FormulaField" refname="@codiceFiscale13"/>
        </Element>
        <Element type="FieldElement" x_position="7500" y_position="1350" width="165" height="240">
          <CommonProperties>
            <Attribute name="horizontal align" value="1"/>
          </CommonProperties>
          <Reference name="field" type="FormulaField" refname="@codiceFiscale14"/>
        </Element>
        <Element type="FieldElement" x_position="7950" y_position="1350" width="165" height="240">
          <CommonProperties>
            <Attribute name="horizontal align" value="1"/>
          </CommonProperties>
          <Reference name="field" type="FormulaField" refname="@codiceFiscale15"/>
        </Element>
        <Element type="FieldElement" x_position="8400" y_position="1350" width="165" height="240">
          <CommonProperties>
            <Attribute name="horizontal align" value="1"/>
          </CommonProperties>
          <Reference name="field" type="FormulaField" refname="@codiceFiscale16"/>
        </Element>
        <Element type="FieldElement" x_position="8250" y_position="450" width="2415" height="240">
          <CommonProperties>
            <Attribute name="horizontal align" value="1"/>
          </CommonProperties>
          <Reference name="field" type="FormulaField" refname="@sesso"/>
        </Element>
        <Element type="FieldElement" x_position="150" y_position="900" width="5265" height="240">
          <CommonProperties>
            <Attribute name="horizontal align" value="1"/>
          </CommonProperties>
          <Reference name="field" type="FormulaField" refname="@comuneNascita"/>
        </Element>
        <Element type="FieldElement" x_position="6450" y_position="900" width="1515" height="240">
          <CommonProperties>
            <Attribute name="horizontal align" value="1"/>
          </CommonProperties>
          <Reference name="field" type="FormulaField" refname="@provinciaNascita"/>
        </Element>
        <Element type="FieldElement" x_position="9000" y_position="900" width="1665" height="240">
          <CommonProperties>
            <Attribute name="horizontal align" value="1"/>
          </CommonProperties>
          <DateProperties>
            <Attribute name="use system default format" value="false"/>
            <Attribute name="date windows default type" value="2"/>
            <Attribute name="date order" value="1"/>
            <Attribute name="year type" value="1"/>
            <Attribute name="date first seperator" value="/"/>
            <Attribute name="date second seperator" value="/"/>
          </DateProperties>
          <TimeProperties>
            <Attribute name="use system default format" value="false"/>
            <Attribute name="time base" value="1"/>
            <Attribute name="am string" value=" AM"/>
            <Attribute name="pm string" value=" PM"/>
          </TimeProperties>
          <DateTimeProperties>
            <Attribute name="date time order" value="2"/>
          </DateTimeProperties>
          <Reference name="field" type="FormulaField" refname="@dataNascita"/>
        </Element>
        <Element type="FieldElement" x_position="8250" y_position="900" width="615" height="240">
          <CommonProperties>
            <Attribute name="horizontal align" value="1"/>
          </CommonProperties>
          <Reference name="field" type="FormulaField" refname="@dataNascitaLabel"/>
        </Element>
        <Element type="FieldElement" x_position="150" y_position="1350" width="1365" height="240">
          <CommonProperties>
            <Attribute name="horizontal align" value="1"/>
          </CommonProperties>
          <Reference name="field" type="FormulaField" refname="@codiceFiscaleLabel"/>
        </Element>
        <Element type="FieldElement" x_position="150" y_position="450" width="7215" height="240">
          <CommonProperties>
            <Attribute name="horizontal align" value="1"/>
          </CommonProperties>
          <Reference name="field" type="FormulaField" refname="@lavoratore"/>
        </Element>
      </Section>
      <Section type="Detail" count="1" width="10800" height="900" id="6">
        <SectionProperties>
          <Attribute name="multiple column section" value="false"/>
        </SectionProperties>
        <Element type="FieldElement" x_position="150" y_position="300" width="10515" height="315">
          <CommonProperties>
            <Attribute name="horizontal align" value="2"/>
          </CommonProperties>
          <FontProperties>
            <Attribute name="font size" value="240"/>
            <Attribute name="font style" value="1"/>
          </FontProperties>
          <Reference name="field" type="FormulaField" refname="@presoAttoCheTEXT"/>
        </Element>
      </Section>
      <Section type="Detail" count="1" width="10800" height="1065" id="7">
        <SectionProperties>
          <Attribute name="multiple column section" value="false"/>
        </SectionProperties>
        <Element type="FieldElement" x_position="150" y_position="150" width="10515" height="765">
          <CommonProperties>
            <Attribute name="horizontal align" value="4"/>
            <Attribute name="can grow" value="true"/>
          </CommonProperties>
          <Reference name="field" type="FormulaField" refname="@text01"/>
        </Element>
      </Section>
      <Section type="Detail" count="1" width="10800" height="1065" id="8">
        <SectionProperties>
          <Attribute name="multiple column section" value="false"/>
        </SectionProperties>
        <Element type="FieldElement" x_position="150" y_position="150" width="10365" height="765">
          <CommonProperties>
            <Attribute name="horizontal align" value="4"/>
            <Attribute name="can grow" value="true"/>
          </CommonProperties>
          <Reference name="field" type="FormulaField" refname="@text02"/>
        </Element>
      </Section>
      <Section type="Detail" count="1" width="10800" height="1200" id="9">
        <SectionProperties>
          <Attribute name="multiple column section" value="false"/>
        </SectionProperties>
        <Element type="FieldElement" x_position="150" y_position="150" width="10515" height="930">
          <CommonProperties>
            <Attribute name="horizontal align" value="4"/>
            <Attribute name="can grow" value="true"/>
          </CommonProperties>
          <Reference name="field" type="FormulaField" refname="@text03"/>
        </Element>
      </Section>
      <Section type="Detail" count="1" width="10800" height="750" id="10">
        <SectionProperties>
          <Attribute name="multiple column section" value="false"/>
        </SectionProperties>
        <Element type="FieldElement" x_position="150" y_position="150" width="10515" height="465">
          <CommonProperties>
            <Attribute name="horizontal align" value="4"/>
            <Attribute name="can grow" value="true"/>
          </CommonProperties>
          <Reference name="field" type="FormulaField" refname="@text04"/>
        </Element>
      </Section>
      <Section type="Detail" count="1" width="10800" height="1050" id="11">
        <SectionProperties>
          <Attribute name="multiple column section" value="false"/>
        </SectionProperties>
        <Element type="FieldElement" x_position="150" y_position="150" width="10515" height="765">
          <CommonProperties>
            <Attribute name="horizontal align" value="4"/>
            <Attribute name="can grow" value="true"/>
          </CommonProperties>
          <Reference name="field" type="FormulaField" refname="@text05"/>
        </Element>
      </Section>
      <Section type="Detail" count="1" width="10800" height="480" id="12">
        <SectionProperties>
          <Attribute name="multiple column section" value="false"/>
        </SectionProperties>
        <Element type="FieldElement" x_position="150" y_position="150" width="10515" height="330">
          <CommonProperties>
            <Attribute name="horizontal align" value="4"/>
            <Attribute name="can grow" value="true"/>
          </CommonProperties>
          <Reference name="field" type="FormulaField" refname="@text06"/>
        </Element>
      </Section>
      <Section type="Detail" count="1" width="10800" height="945" id="13">
        <SectionProperties>
          <Attribute name="multiple column section" value="false"/>
        </SectionProperties>
        <Element type="FieldElement" x_position="150" y_position="150" width="10515" height="795">
          <CommonProperties>
            <Attribute name="horizontal align" value="4"/>
            <Attribute name="can grow" value="true"/>
          </CommonProperties>
          <Reference name="field" type="FormulaField" refname="@text07"/>
        </Element>
      </Section>
      <Section type="Detail" count="1" width="10800" height="765" id="14">
        <SectionProperties>
          <Attribute name="multiple column section" value="false"/>
        </SectionProperties>
        <Element type="FieldElement" x_position="150" y_position="150" width="10515" height="615">
          <CommonProperties>
            <Attribute name="horizontal align" value="4"/>
            <Attribute name="can grow" value="true"/>
          </CommonProperties>
          <Reference name="field" type="FormulaField" refname="@text08"/>
        </Element>
      </Section>
      <Section type="Detail" count="1" width="10800" height="750" id="15">
        <SectionProperties>
          <Attribute name="multiple column section" value="false"/>
        </SectionProperties>
        <Element type="FieldElement" x_position="150" y_position="150" width="10515" height="465">
          <CommonProperties>
            <Attribute name="horizontal align" value="4"/>
            <Attribute name="can grow" value="true"/>
          </CommonProperties>
          <Reference name="field" type="FormulaField" refname="@text09"/>
        </Element>
      </Section>
      <Section type="Detail" count="1" width="10800" height="900" id="16">
        <SectionProperties>
          <Attribute name="multiple column section" value="false"/>
        </SectionProperties>
        <Element type="FieldElement" x_position="150" y_position="150" width="10515" height="465">
          <CommonProperties>
            <Attribute name="horizontal align" value="4"/>
            <Attribute name="can grow" value="true"/>
          </CommonProperties>
          <Reference name="field" type="FormulaField" refname="@text10"/>
        </Element>
      </Section>
      <Section type="Detail" count="1" width="10800" height="600" id="17">
        <SectionProperties>
          <Attribute name="multiple column section" value="false"/>
        </SectionProperties>
        <Element type="FieldElement" x_position="150" y_position="150" width="10515" height="315">
          <CommonProperties>
            <Attribute name="horizontal align" value="4"/>
            <Attribute name="can grow" value="true"/>
          </CommonProperties>
          <Reference name="field" type="FormulaField" refname="@text11"/>
        </Element>
      </Section>
      <Section type="Detail" count="1" width="10800" height="615" id="18">
        <SectionProperties>
          <Attribute name="multiple column section" value="false"/>
        </SectionProperties>
        <Element type="FieldElement" x_position="150" y_position="150" width="10515" height="315">
          <CommonProperties>
            <Attribute name="horizontal align" value="4"/>
            <Attribute name="can grow" value="true"/>
          </CommonProperties>
          <Reference name="field" type="FormulaField" refname="@text12"/>
        </Element>
      </Section>
      <Section type="Detail" count="1" width="10800" height="645" id="19">
        <SectionProperties>
          <Attribute name="multiple column section" value="false"/>
        </SectionProperties>
        <Element type="FieldElement" x_position="150" y_position="150" width="10515" height="495">
          <CommonProperties>
            <Attribute name="horizontal align" value="4"/>
            <Attribute name="can grow" value="true"/>
          </CommonProperties>
          <Reference name="field" type="FormulaField" refname="@text13"/>
        </Element>
      </Section>
      <Section type="Detail" count="1" width="10800" height="750" id="20">
        <SectionProperties>
          <Attribute name="multiple column section" value="false"/>
        </SectionProperties>
        <Element type="FieldElement" x_position="150" y_position="300" width="10515" height="390">
          <CommonProperties>
            <Attribute name="horizontal align" value="2"/>
          </CommonProperties>
          <FontProperties>
            <Attribute name="font size" value="240"/>
            <Attribute name="font style" value="1"/>
          </FontProperties>
          <Reference name="field" type="FormulaField" refname="@dichiara"/>
        </Element>
      </Section>
      <Section type="Detail" count="1" width="10800" height="1200" id="21">
        <SectionProperties>
          <Attribute name="multiple column section" value="false"/>
        </SectionProperties>
        <Element type="FieldElement" x_position="150" y_position="150" width="10515" height="915">
          <CommonProperties>
            <Attribute name="horizontal align" value="4"/>
            <Attribute name="can grow" value="true"/>
          </CommonProperties>
          <Reference name="field" type="FormulaField" refname="@text14"/>
        </Element>
      </Section>
      <Section type="Detail" count="2" width="10800" height="1050" id="22">
        <SectionProperties>
          <Attribute name="multiple column section" value="false"/>
        </SectionProperties>
        <Element type="FieldElement" x_position="150" y_position="450" width="3165" height="240">
          <CommonProperties>
            <Attribute name="horizontal align" value="1"/>
          </CommonProperties>
          <Reference name="field" type="FormulaField" refname="@luogoData"/>
        </Element>
        <Element type="FieldElement" x_position="7350" y_position="450" width="3300" height="240">
          <CommonProperties>
            <Attribute name="horizontal align" value="1"/>
          </CommonProperties>
          <Reference name="field" type="FormulaField" refname="@firma"/>
        </Element>
      </Section>
      <Section type="Detail" count="1" width="10800" height="600" id="23">
        <SectionProperties>
          <Attribute name="multiple column section" value="false"/>
        </SectionProperties>
        <Element type="FieldElement" x_position="150" y_position="300" width="10515" height="240">
          <CommonProperties>
            <Attribute name="horizontal align" value="4"/>
          </CommonProperties>
          <Reference name="field" type="FormulaField" refname="@textAllegato01"/>
        </Element>
      </Section>
      <Section type="Detail" count="1" width="10800" height="1200" id="24">
        <SectionProperties>
          <Attribute name="multiple column section" value="false"/>
        </SectionProperties>
        <Element type="FieldElement" x_position="150" y_position="300" width="10515" height="765">
          <CommonProperties>
            <Attribute name="horizontal align" value="4"/>
          </CommonProperties>
          <Reference name="field" type="FormulaField" refname="@textAllegato02"/>
        </Element>
      </Section>
    </Area>
  </AreaPair>

</inet:Report>
