<?xml version="1.0" encoding="UTF-8" standalone="yes" ?>

<inet:Report xmlns:inet="http://www.inetsoftware.de" major_version="8" minor_version="0" major_xml_version="6" minor_xml_version="5" count="3" id="0">
    <Datasource dll="pdsora7.dll" host="concordia:1521:ORAC10" schema="" catalog="" user="modenadev" password="" url="">
      <Tablesource alias="AM_YG_PROFILING" databaseIdentifier="AM_YG_PROFILING">
        <Column name="PRGYGPROFILING" type="6" />
        <Column name="CDNLAVORATORE" type="6" />
        <Column name="STRCODICEFISCALE" type="11" />
        <Column name="CODPROVINCIA" type="11" />
        <Column name="DTMCALCOLO" type="15" />
        <Column name="CODPFPRESENZAIT" type="11" />
        <Column name="CODPFCONDOCCUP" type="11" />
        <Column name="CODTITOLO" type="11" />
        <Column name="STRSESSO" type="11" />
        <Column name="NUMETA" type="6" />
        <Column name="NUMINDICE1" type="6" />
        <Column name="STRDESCINDICE1" type="11" />
        <Column name="NUMINDICE2" type="6" />
        <Column name="STRDESCINDICE2" type="11" />
        <Column name="CODMONOTIPO" type="11" />
        <Column name="CDNUTINS" type="6" />
        <Column name="DTMINS" type="15" />
        <Column name="CDNUTMOD" type="6" />
        <Column name="DTMMOD" type="15" />
      </Tablesource>
      <Tablesource alias="DE_PROVINCIA" databaseIdentifier="DE_PROVINCIA">
        <Column name="CODPROVINCIA" type="11" />
        <Column name="STRDENOMINAZIONE" type="11" />
        <Column name="STRTARGA" type="11" />
        <Column name="STRISTAT" type="11" />
        <Column name="CODREGIONE" type="11" />
        <Column name="DATINIZIOVAL" type="15" />
        <Column name="DATFINEVAL" type="15" />
        <Column name="NUMKLOPROVINCIA" type="6" />
        <Column name="STRDIRCOORDINATORE" type="11" />
        <Column name="STRRESPONSABILEUO" type="11" />
        <Column name="STRINDIRIZZOPOLO" type="11" />
        <Column name="CODCPICAPOLUOGO" type="11" />
        <Column name="CODMIN" type="11" />
        <Column name="STRINTESTAZIONESTAMPA" type="11" />
      </Tablesource>
      <Tablesource alias="DE_TITOLO" databaseIdentifier="DE_TITOLO">
        <Column name="CODTITOLO" type="11" />
        <Column name="STRDESCRIZIONE" type="11" />
        <Column name="FLGLAUREA" type="11" />
        <Column name="CODPADRE" type="11" />
        <Column name="CDNLIVELLO" type="6" />
        <Column name="DATINIZIOVAL" type="15" />
        <Column name="DATFINEVAL" type="15" />
        <Column name="STRDESCRIZIONEPARLANTE" type="11" />
        <Column name="FLGMIN" type="11" />
        <Column name="FLGPFCONFDID" type="11" />
        <Column name="FLGPFGG" type="11" />
      </Tablesource>
      <Tablesource alias="MN_PF_PRESENZAIT" databaseIdentifier="MN_PF_PRESENZAIT">
        <Column name="CODPFPRESENZAIT" type="11" />
        <Column name="STRDESCRIZIONE" type="11" />
        <Column name="DATINIZIOVAL" type="15" />
        <Column name="DATFINEVAL" type="15" />
      </Tablesource>
      <Tablesource alias="MN_PF_CONDOCCUP" databaseIdentifier="MN_PF_CONDOCCUP">
        <Column name="CODPFCONDOCCUP" type="11" />
        <Column name="STRDESCRIZIONE" type="11" />
        <Column name="DATINIZIOVAL" type="15" />
        <Column name="DATFINEVAL" type="15" />
      </Tablesource>
    </Datasource>
  <Database>

    <Join from="AM_YG_PROFILING" to="DE_PROVINCIA" type="inn">
      <Link from="CODPROVINCIA" to="CODPROVINCIA" type="eq"/>
    </Join>

    <Join from="AM_YG_PROFILING" to="DE_TITOLO" type="inn">
      <Link from="CODTITOLO" to="CODTITOLO" type="eq"/>
    </Join>

    <Join from="AM_YG_PROFILING" to="MN_PF_PRESENZAIT" type="inn">
      <Link from="CODPFPRESENZAIT" to="CODPFPRESENZAIT" type="eq"/>
    </Join>

    <Join from="AM_YG_PROFILING" to="MN_PF_CONDOCCUP" type="inn">
      <Link from="CODPFCONDOCCUP" to="CODPFCONDOCCUP" type="eq"/>
    </Join>
    <QueryChanges mask="0" count="2">
      <Attribute name="queryChange" value="null"/>
      <Attribute name="queryChange" value="null"/>
    </QueryChanges>
  </Database>
  <FormulaFields count="8">
    <Field type="FormulaField" valueType="11">
      <Attribute name="name" value="strDataInserimento"/>
      <Attribute name="shortName" value="strDataInserimento"/>
      <Attribute name="formula type" value="0"/>
      <Attribute name="basic syntax" value="false"/>
      <![CDATA[ToText ( {AM_YG_PROFILING.DTMCALCOLO} , 'dd/MM/yyyy')]]>
    </Field>
    <Field type="FormulaField" valueType="11">
      <Attribute name="name" value="today"/>
      <Attribute name="shortName" value="today"/>
      <Attribute name="formula type" value="0"/>
      <Attribute name="basic syntax" value="false"/>
      <![CDATA[ToText ( CurrentDateTime , 'dd/MM/yyyy HH:mm')]]>
    </Field>
    <Field type="FormulaField" valueType="11">
      <Attribute name="name" value="strEta"/>
      <Attribute name="shortName" value="strEta"/>
      <Attribute name="formula type" value="0"/>
      <Attribute name="basic syntax" value="false"/>
      <![CDATA[ToText( {AM_YG_PROFILING.NUMETA}, 0, "")]]>
    </Field>
    <Field type="FormulaField" valueType="11">
      <Attribute name="name" value="descrIndice"/>
      <Attribute name="shortName" value="descrIndice"/>
      <Attribute name="formula type" value="0"/>
      <Attribute name="basic syntax" value="false"/>
      <![CDATA[Trim (Replace ( {AM_YG_PROFILING.STRDESCINDICE2} , "Indice2" ,"" ))]]>
    </Field>
    <Field type="FormulaField" valueType="11">
      <Attribute name="name" value="strIndice"/>
      <Attribute name="shortName" value="strIndice"/>
      <Attribute name="formula type" value="0"/>
      <Attribute name="basic syntax" value="false"/>
      <![CDATA[ToText(   {AM_YG_PROFILING.NUMINDICE2} , 0, "")]]>
    </Field>
    <Field type="FormulaField" valueType="11">
      <Attribute name="name" value="noProtocollazione"/>
      <Attribute name="shortName" value="noProtocollazione"/>
      <Attribute name="formula type" value="0"/>
      <Attribute name="basic syntax" value="false"/>
      <![CDATA["Data e ora della stampa <b>" + {@today}+"</b>"]]>
    </Field>
    <Field type="FormulaField" valueType="11">
      <Attribute name="name" value="datiProtocollazione"/>
      <Attribute name="shortName" value="datiProtocollazione"/>
      <Attribute name="formula type" value="0"/>
      <Attribute name="basic syntax" value="false"/>
      <![CDATA["Anno <b>" +  {?numAnnoProt} + "</b> Num. <b>"+  {?numProt} +"</b> Data e ora prot. <b>" +  {?dataProt}+"</b>"]]>
    </Field>
    <Field type="FormulaField" valueType="11">
      <Attribute name="name" value="mosfraDati"/>
      <Attribute name="shortName" value="mosfraDati"/>
      <Attribute name="formula type" value="0"/>
      <Attribute name="basic syntax" value="false"/>
      <![CDATA[if(Len ( {?numProt} ) > 0)  then
  {@datiProtocollazione} 
else
	 {@noProtocollazione}]]>
    </Field>
  </FormulaFields>

  <PromptFields count="4">
    <Field type="PromptVarField" valueType="6">
      <Attribute name="name" value="PRGYGPROFILING"/>
      <Attribute name="allow_multiple_values" value="false"/>
      <Attribute name="discrete_or_range" value="0"/>
      <Attribute name="allow editing" value="true"/>
      <Attribute name="prompt_text" value=""/>
      <Attribute name="use_range" value="false"/>
      <DefaultPromptValues count="1">
      <![CDATA[[null]]]>
      </DefaultPromptValues>
      <PromptValueDescr count="0">
      </PromptValueDescr>
      <Attribute name="sort_type" value="0"/>
    </Field>
    <Field type="PromptVarField" valueType="11">
      <Attribute name="name" value="numProt"/>
      <Attribute name="allow_multiple_values" value="false"/>
      <Attribute name="discrete_or_range" value="0"/>
      <Attribute name="allow editing" value="true"/>
      <Attribute name="prompt_text" value=""/>
      <Attribute name="use_range" value="false"/>
      <DefaultPromptValues count="1">
      <![CDATA[[null]]]>
      </DefaultPromptValues>
      <PromptValueDescr count="0">
      </PromptValueDescr>
      <Attribute name="sort_type" value="0"/>
    </Field>
    <Field type="PromptVarField" valueType="11">
      <Attribute name="name" value="numAnnoProt"/>
      <Attribute name="allow_multiple_values" value="false"/>
      <Attribute name="discrete_or_range" value="0"/>
      <Attribute name="allow editing" value="true"/>
      <Attribute name="prompt_text" value=""/>
      <Attribute name="use_range" value="false"/>
      <DefaultPromptValues count="1">
      <![CDATA[[null]]]>
      </DefaultPromptValues>
      <PromptValueDescr count="0">
      </PromptValueDescr>
      <Attribute name="sort_type" value="0"/>
    </Field>
    <Field type="PromptVarField" valueType="11">
      <Attribute name="name" value="dataProt"/>
      <Attribute name="allow_multiple_values" value="false"/>
      <Attribute name="discrete_or_range" value="0"/>
      <Attribute name="allow editing" value="true"/>
      <Attribute name="prompt_text" value=""/>
      <Attribute name="use_range" value="false"/>
      <DefaultPromptValues count="1">
      <![CDATA[[null]]]>
      </DefaultPromptValues>
      <PromptValueDescr count="0">
      </PromptValueDescr>
      <Attribute name="sort_type" value="0"/>
    </Field>
  </PromptFields>

  <SQLFields count="0">
  </SQLFields>

  <SummaryFields count="0">
  </SummaryFields>

  <SortFields count="0">
  </SortFields>

  <GroupNameFields count="0">
  </GroupNameFields>

  <Field type="FormulaField" id="-1" valueType="8">
    <Attribute name="name" value="Record_Selection"/>
    <Attribute name="formula type" value="1"/>
    <Attribute name="basic syntax" value="false"/>
    <![CDATA[{AM_YG_PROFILING.PRGYGPROFILING} = {?PRGYGPROFILING}]]>
  </Field>
  <ReportProperties>
    <Attribute name="page width" value="11907"/>
    <Attribute name="page height" value="16839"/>
    <Attribute name="page orientation" value="1"/>
    <Attribute name="page margin left" value="720"/>
    <Attribute name="page margin right" value="720"/>
    <Attribute name="page margin top" value="720"/>
    <Attribute name="page margin bottom" value="720"/>
    <Attribute name="report title" value="Report3"/>
    <Attribute name="report last saved" value="29 Aug 2019 09:57:21 GMT"/>
    <Attribute name="report created" value="27 Aug 2019 15:33:28 GMT"/>
    <Attribute name="mailing label type 1" value=""/>
    <Attribute name="mailing label type 2" value=""/>
    <Attribute name="format with multiple columns" value="false"/>
    <Attribute name="mailing label width" value="0"/>
    <Attribute name="mailing label height" value="0"/>
    <Attribute name="mailing label distance vertical" value="0"/>
    <Attribute name="mailing label distance horizontal" value="0"/>
    <Attribute name="across then down" value="false"/>
    <Attribute name="format groups with multiple columns" value="false"/>
    <Attribute name="distinct" value="false"/>
    <Attribute name="convert date time" value="0"/>
    <Attribute name="suppress if no rows" value="false"/>
    <Attribute name="convert null values to default" value="false"/>
    <Attribute name="hide PageFooter inside ReportHeader" value="false"/>
  </ReportProperties>
  <AreaPair type="PageAreaPair" id="0">
    <Area type="PageHeader" count="5">
      <Section type="PageHeader" count="1" width="10467" height="1050" id="0">
        <Element type="FieldElement" x_position="150" y_position="150" width="10065" height="315">
          <CommonProperties>
            <Attribute name="horizontal align" value="1"/>
          </CommonProperties>
          <FontProperties>
            <Attribute name="font size" value="220"/>
          </FontProperties>
          <StringProperties>
            <Attribute name="text interpretation" value="2"/>
          </StringProperties>
          <Reference name="field" type="FormulaField" refname="@mosfraDati"/>
        </Element>
      </Section>
      <Section type="PageHeader" count="0" width="10467" height="300" id="1">
        <SectionProperties>
          <Attribute name="suppress" value="true"/>
        </SectionProperties>
      </Section>
      <Section type="PageHeader" count="1" width="10467" height="900" id="2">
        <Element type="Text" count="1" x_position="150" y_position="150" width="10065" height="615">
          <CommonProperties>
            <Attribute name="can grow" value="true"/>
          </CommonProperties>
          <Element type="Paragraph" count="2">
            <CommonProperties>
              <Attribute name="horizontal align" value="1"/>
            </CommonProperties>
            <Element type="TextPart">
              <FontProperties>
                <Attribute name="font size" value="220"/>
              </FontProperties>
            <![CDATA[Di seguito i dati del profiling relativi all'utente con codice fiscale ]]>
            </Element>
            <Element type="FieldPart">
              <FontProperties>
                <Attribute name="font size" value="220"/>
              </FontProperties>
              <Reference name="field" type="DatabaseField" refname="AM_YG_PROFILING.STRCODICEFISCALE"/>
            </Element>
          </Element>
        </Element>
      </Section>
      <Section type="PageHeader" count="1" width="10467" height="600" id="3">
        <SectionProperties>
          <Attribute name="background color" value="12565178"/>
        </SectionProperties>
        <Element type="Text" count="1" x_position="150" y_position="150" width="9165" height="315">
          <Element type="Paragraph" count="1">
            <CommonProperties>
              <Attribute name="horizontal align" value="1"/>
            </CommonProperties>
            <Element type="TextPart">
              <FontProperties>
                <Attribute name="font size" value="280"/>
                <Attribute name="font style" value="3"/>
              </FontProperties>
            <![CDATA[PROFILING GARANZIA GIOVANI]]>
            </Element>
          </Element>
        </Element>
      </Section>
      <Section type="PageHeader" count="16" width="10467" height="6000" id="4">
        <Element type="Text" count="1" x_position="150" y_position="3450" width="3165" height="315">
          <Element type="Paragraph" count="1">
            <CommonProperties>
              <Attribute name="horizontal align" value="1"/>
            </CommonProperties>
            <Element type="TextPart">
              <FontProperties>
                <Attribute name="font size" value="220"/>
              </FontProperties>
            <![CDATA[Titolo di studio]]>
            </Element>
          </Element>
        </Element>
        <Element type="FieldElement" x_position="3450" y_position="3450" width="6465" height="465">
          <CommonProperties>
            <Attribute name="horizontal align" value="1"/>
            <Attribute name="can grow" value="true"/>
          </CommonProperties>
          <FontProperties>
            <Attribute name="font size" value="220"/>
          </FontProperties>
          <Reference name="field" type="DatabaseField" refname="DE_TITOLO.STRDESCRIZIONEPARLANTE"/>
        </Element>
        <Element type="Text" count="1" x_position="150" y_position="4200" width="3165" height="465">
          <Element type="Paragraph" count="1">
            <CommonProperties>
              <Attribute name="horizontal align" value="1"/>
            </CommonProperties>
            <Element type="TextPart">
              <FontProperties>
                <Attribute name="font size" value="220"/>
              </FontProperties>
            <![CDATA[Indice profiling]]>
            </Element>
          </Element>
        </Element>
        <Element type="Text" count="1" x_position="150" y_position="2550" width="3165" height="615">
          <CommonProperties>
            <Attribute name="can grow" value="true"/>
          </CommonProperties>
          <Element type="Paragraph" count="1">
            <CommonProperties>
              <Attribute name="horizontal align" value="1"/>
            </CommonProperties>
            <Element type="TextPart">
              <FontProperties>
                <Attribute name="font size" value="220"/>
              </FontProperties>
            <![CDATA[Condizione occupazionale anno precedente]]>
            </Element>
          </Element>
        </Element>
        <Element type="FieldElement" x_position="3450" y_position="2550" width="6465" height="615">
          <CommonProperties>
            <Attribute name="horizontal align" value="1"/>
            <Attribute name="can grow" value="true"/>
          </CommonProperties>
          <FontProperties>
            <Attribute name="font size" value="220"/>
          </FontProperties>
          <Reference name="field" type="DatabaseField" refname="MN_PF_CONDOCCUP.STRDESCRIZIONE"/>
        </Element>
        <Element type="Text" count="1" x_position="150" y_position="2100" width="3165" height="465">
          <Element type="Paragraph" count="1">
            <CommonProperties>
              <Attribute name="horizontal align" value="1"/>
            </CommonProperties>
            <Element type="TextPart">
              <FontProperties>
                <Attribute name="font size" value="220"/>
              </FontProperties>
            <![CDATA[Durata presenza in Italia]]>
            </Element>
          </Element>
        </Element>
        <Element type="FieldElement" x_position="3450" y_position="2100" width="6465" height="225">
          <CommonProperties>
            <Attribute name="horizontal align" value="1"/>
            <Attribute name="can grow" value="true"/>
          </CommonProperties>
          <FontProperties>
            <Attribute name="font size" value="220"/>
          </FontProperties>
          <Reference name="field" type="DatabaseField" refname="MN_PF_PRESENZAIT.STRDESCRIZIONE"/>
        </Element>
        <Element type="Text" count="1" x_position="150" y_position="1650" width="3165" height="465">
          <Element type="Paragraph" count="1">
            <CommonProperties>
              <Attribute name="horizontal align" value="1"/>
            </CommonProperties>
            <Element type="TextPart">
              <FontProperties>
                <Attribute name="font size" value="220"/>
              </FontProperties>
            <![CDATA[Provincia]]>
            </Element>
          </Element>
        </Element>
        <Element type="FieldElement" x_position="3450" y_position="1650" width="6465" height="225">
          <CommonProperties>
            <Attribute name="horizontal align" value="1"/>
            <Attribute name="can grow" value="true"/>
          </CommonProperties>
          <FontProperties>
            <Attribute name="font size" value="220"/>
          </FontProperties>
          <Reference name="field" type="DatabaseField" refname="DE_PROVINCIA.STRDENOMINAZIONE"/>
        </Element>
        <Element type="Text" count="1" x_position="150" y_position="1200" width="3165" height="465">
          <Element type="Paragraph" count="1">
            <CommonProperties>
              <Attribute name="horizontal align" value="1"/>
            </CommonProperties>
            <Element type="TextPart">
              <FontProperties>
                <Attribute name="font size" value="220"/>
              </FontProperties>
            <![CDATA[Data Calcolo]]>
            </Element>
          </Element>
        </Element>
        <Element type="FieldElement" x_position="3450" y_position="1200" width="6165" height="225">
          <CommonProperties>
            <Attribute name="horizontal align" value="1"/>
            <Attribute name="can grow" value="true"/>
          </CommonProperties>
          <FontProperties>
            <Attribute name="font size" value="220"/>
          </FontProperties>
          <Reference name="field" type="FormulaField" refname="@strDataInserimento"/>
        </Element>
        <Element type="Text" count="1" x_position="150" y_position="750" width="3165" height="465">
          <Element type="Paragraph" count="1">
            <CommonProperties>
              <Attribute name="horizontal align" value="1"/>
            </CommonProperties>
            <Element type="TextPart">
              <FontProperties>
                <Attribute name="font size" value="220"/>
              </FontProperties>
            <![CDATA[Età]]>
            </Element>
          </Element>
        </Element>
        <Element type="Text" count="1" x_position="150" y_position="300" width="3165" height="465">
          <Element type="Paragraph" count="1">
            <CommonProperties>
              <Attribute name="horizontal align" value="1"/>
            </CommonProperties>
            <Element type="TextPart">
              <FontProperties>
                <Attribute name="font size" value="220"/>
              </FontProperties>
            <![CDATA[Sesso]]>
            </Element>
          </Element>
        </Element>
        <Element type="FieldElement" x_position="3450" y_position="300" width="1500" height="225">
          <CommonProperties>
            <Attribute name="horizontal align" value="1"/>
          </CommonProperties>
          <FontProperties>
            <Attribute name="font size" value="220"/>
          </FontProperties>
          <Reference name="field" type="DatabaseField" refname="AM_YG_PROFILING.STRSESSO"/>
        </Element>
        <Element type="FieldElement" x_position="3450" y_position="750" width="1365" height="315">
          <CommonProperties>
            <Attribute name="horizontal align" value="1"/>
          </CommonProperties>
          <FontProperties>
            <Attribute name="font size" value="220"/>
          </FontProperties>
          <Reference name="field" type="FormulaField" refname="@strEta"/>
        </Element>
        <Element type="FieldElement" x_position="3450" y_position="4200" width="4965" height="225">
          <CommonProperties>
            <Attribute name="horizontal align" value="1"/>
            <Attribute name="can grow" value="true"/>
          </CommonProperties>
          <FontProperties>
            <Attribute name="font size" value="220"/>
          </FontProperties>
          <Reference name="field" type="FormulaField" refname="@descrIndice"/>
        </Element>
      </Section>
    </Area>
    <Area type="PageFooter" count="1">
      <Section type="PageFooter" count="1" width="10467" height="735" id="5">
        <Element type="Picture" x_position="0" y_position="300" width="10305" height="119">
          <PictureProperties>
            <Attribute name="id" value="3"/>
          </PictureProperties>
        </Element>
      </Section>
    </Area>
  </AreaPair>

  <AreaPair type="ReportAreaPair" id="0">
    <Area type="ReportHeader" count="1">
      <Section type="ReportHeader" count="3" width="10467" height="2700" id="6">
        <Element type="Picture" x_position="8850" y_position="255" width="1575" height="1470">
          <PictureProperties>
            <Attribute name="id" value="1"/>
          </PictureProperties>
        </Element>
        <Element type="Picture" x_position="60" y_position="0" width="10306" height="120">
          <PictureProperties>
            <Attribute name="id" value="2"/>
          </PictureProperties>
        </Element>
        <Element type="Text" count="1" x_position="1650" y_position="1800" width="6465" height="465">
          <Element type="Paragraph" count="1">
            <CommonProperties>
              <Attribute name="horizontal align" value="2"/>
            </CommonProperties>
            <Element type="TextPart">
              <FontProperties>
                <Attribute name="font size" value="400"/>
                <Attribute name="font style" value="1"/>
              </FontProperties>
            <![CDATA[Profiling Garanzia Giovani]]>
            </Element>
          </Element>
        </Element>
      </Section>
    </Area>
    <Area type="ReportFooter" count="1">
      <Section type="ReportFooter" count="1" width="10467" height="800" id="7">
        <Element type="Text" count="1" x_position="6300" y_position="150" width="4065" height="615">
          <Element type="Paragraph" count="1">
            <CommonProperties>
              <Attribute name="horizontal align" value="3"/>
            </CommonProperties>
            <Element type="TextPart">
              <FontProperties>
                <Attribute name="font size" value="220"/>
                <Attribute name="font style" value="2"/>
              </FontProperties>
            <![CDATA[Riservato all'operatore]]>
            </Element>
          </Element>
        </Element>
      </Section>
    </Area>
  </AreaPair>

  <AreaPair type="DetailArea" id="1">
    <Area type="Detail" count="1">
      <AreaProperties>
        <Attribute name="multiple column section" value="false"/>
      </AreaProperties>
      <Section type="Detail" count="0" width="10467" height="300" id="8">
        <SectionProperties>
          <Attribute name="suppress" value="true"/>
          <Attribute name="multiple column section" value="false"/>
        </SectionProperties>
      </Section>
    </Area>
  </AreaPair>

<Image count="245" name="embedding 3">
<![CDATA[
-119 80 78 71 13 10 26 10 0 0 0 13 73 72 68 82 0 0 2 83 0 0 0 7 8 6 0 0 0 44 -63 -56 32 
0 0 0 4 115 66 73 84 8 8 8 8 124 8 100 -120 0 0 0 -84 73 68 65 84 120 -100 -19 -42 33 106 -62 97 
24 -64 -31 79 -93 101 109 -126 70 -37 63 108 -47 62 -67 -122 -63 110 -14 14 94 -64 51 -20 8 99 39 88 24 12 -124 5 
-79 -88 -40 84 48 45 8 75 122 -120 15 -34 -105 -79 -25 57 -63 47 -2 90 -51 -53 -14 86 -2 -127 -121 -18 -79 60 -115 -34 
-77 51 66 29 -10 -13 -20 -124 16 -37 126 -89 -20 122 -99 -20 -116 80 -21 -73 105 118 66 -104 -13 -57 -72 -4 94 30 -77 51 
-62 92 -101 -45 -9 121 -14 -11 -100 -35 17 97 -11 -71 -56 78 8 -9 58 108 -78 19 66 -52 110 -101 50 40 63 -39 25 97 
-38 -39 1 0 0 127 -103 -103 2 0 -88 96 -90 0 0 42 -104 41 0 -128 10 102 10 0 -96 -126 -103 2 0 -88 112 7 
63 -107 25 -41 -32 -57 35 -65 0 0 0 0 73 69 78 68 -82 66 96 -126 
]]>
</Image>
<Image count="245" name="embedding 2">
<![CDATA[
-119 80 78 71 13 10 26 10 0 0 0 13 73 72 68 82 0 0 2 83 0 0 0 7 8 6 0 0 0 44 -63 -56 32 
0 0 0 4 115 66 73 84 8 8 8 8 124 8 100 -120 0 0 0 -84 73 68 65 84 120 -100 -19 -42 33 106 -62 97 
24 -64 -31 79 -93 101 109 -126 70 -37 63 108 -47 62 -67 -122 -63 110 -14 14 94 -64 51 -20 8 99 39 88 24 12 -124 5 
-79 -88 -40 84 48 45 8 75 122 -120 15 -34 -105 -79 -25 57 -63 47 -2 90 -51 -53 -14 86 -2 -127 -121 -18 -79 60 -115 -34 
-77 51 66 29 -10 -13 -20 -124 16 -37 126 -89 -20 122 -99 -20 -116 80 -21 -73 105 118 66 -104 -13 -57 -72 -4 94 30 -77 51 
-62 92 -101 -45 -9 121 -14 -11 -100 -35 17 97 -11 -71 -56 78 8 -9 58 108 -78 19 66 -52 110 -101 50 40 63 -39 25 97 
-38 -39 1 0 0 127 -103 -103 2 0 -88 96 -90 0 0 42 -104 41 0 -128 10 102 10 0 -96 -126 -103 2 0 -88 112 7 
63 -107 25 -41 -32 -57 35 -65 0 0 0 0 73 69 78 68 -82 66 96 -126 
]]>
</Image>
<Image count="12313" name="embedding 1">
<![CDATA[
-119 80 78 71 13 10 26 10 0 0 0 13 73 72 68 82 0 0 0 105 0 0 0 98 8 6 0 0 0 83 69 -3 -7 
0 0 0 4 115 66 73 84 8 8 8 8 124 8 100 -120 0 0 0 9 112 72 89 115 0 0 11 18 0 0 11 18 
1 -46 -35 126 -4 0 0 0 23 116 69 88 116 67 114 101 97 116 105 111 110 32 84 105 109 101 0 55 45 48 52 45 
50 48 49 52 20 -38 -83 -75 0 0 0 28 116 69 88 116 83 111 102 116 119 97 114 101 0 65 100 111 98 101 32 70 
105 114 101 119 111 114 107 115 32 67 83 54 -24 -68 -78 -116 0 0 32 0 73 68 65 84 120 -100 -19 125 121 -104 84 -57 
117 -17 -81 -86 -18 -42 123 -49 -66 50 -20 32 22 1 2 -127 36 36 -112 100 9 108 -19 32 9 75 -78 98 59 -79 -30 -84 
78 -14 -110 -49 -79 -29 36 -49 121 -15 -105 -60 78 -66 -105 69 126 118 28 -57 -74 44 47 -78 54 -125 4 90 17 -56 -128 -112 
16 59 -120 69 -20 59 3 12 -77 -9 118 -41 -86 122 127 84 -9 76 -49 48 61 12 -85 -28 36 -25 -5 -18 -41 51 125 -21 
-34 -86 91 -65 123 78 -99 115 -22 -100 -45 68 74 -119 -1 -95 -113 55 -47 -113 122 0 -1 67 -25 39 13 0 8 33 31 -11 
56 6 35 -110 63 24 -44 75 69 -13 -1 -45 -94 115 4 -128 -52 31 34 127 72 0 -68 -24 -17 -62 -15 -79 -89 -2 -46 77 
-5 -120 -58 49 24 21 -128 40 -128 82 0 -60 0 -96 67 -115 89 -21 119 30 -24 5 -127 3 8 -14 -121 40 58 -4 -4 -63 
-47 11 -34 -81 5 125 92 64 -94 80 99 41 112 -116 5 32 26 14 71 -22 -102 -102 26 -121 69 34 -111 -70 80 40 -36 96 
24 70 -107 97 -24 53 -124 16 -125 49 -106 -96 -108 -122 0 64 74 -23 -5 -66 -33 9 64 -8 -66 -33 -23 -70 110 91 58 -99 
105 -50 102 51 -83 109 109 -19 45 93 93 93 -89 0 100 1 -28 -96 -128 10 0 56 0 92 -12 -126 -7 -79 -27 -78 -113 18 
-92 2 32 36 63 -114 120 109 109 -19 -104 -122 -122 -6 -55 -27 -27 -27 51 67 -95 -48 84 77 -45 106 25 99 117 -116 49 86 
-14 38 121 81 61 -112 2 36 -124 -112 65 16 116 -8 -66 -33 98 -37 -10 -95 -10 -10 -114 -99 45 45 45 123 78 -99 58 117 
16 64 23 20 104 110 -47 103 1 -80 -113 21 17 41 -27 -43 94 -109 10 -94 12 0 98 35 71 -114 -104 -40 -40 -40 120 75 
89 89 -39 -89 12 -61 -104 -56 24 -85 42 30 -49 -91 106 -97 -124 16 16 66 122 -18 19 4 65 -42 113 -100 35 29 29 -99 
-21 79 -98 60 -71 -23 -8 -15 -29 -69 0 -76 3 -80 -47 -53 109 46 62 66 -80 -6 63 -13 -43 4 -87 120 -47 -81 -69 -31 
-122 89 119 84 85 85 61 24 10 -123 110 97 -116 37 75 13 -16 114 83 1 52 0 8 -126 32 -56 102 -77 -69 78 -97 62 
-67 98 -49 -98 125 -21 28 -57 62 12 32 -109 63 -46 -8 -120 -64 -6 40 64 42 -128 3 -45 -76 -102 110 -66 -7 -90 71 18 
-119 -28 111 24 -122 62 113 48 81 117 53 -88 -104 -53 92 -41 61 -45 -38 -38 -70 124 -9 -18 15 87 116 118 118 -18 1 -112 
2 -48 13 5 -106 -121 -85 8 -42 -43 6 -119 65 61 92 -19 29 119 124 -30 55 18 -119 -60 23 117 93 31 91 44 126 62 
46 84 0 -52 -13 -68 -50 -42 -42 -77 111 108 -34 -68 117 73 46 -105 59 8 5 86 39 -108 40 -12 -81 -58 88 -82 22 72 
20 74 91 -78 102 -49 -98 125 127 77 77 -11 87 12 -61 -104 -2 113 4 -89 63 21 -64 -78 109 -5 -52 -55 -109 39 95 -40 
-68 121 -53 107 0 78 66 113 85 39 -108 86 120 69 -71 -22 106 -128 68 1 -120 97 -61 26 39 76 -99 58 -11 107 -31 112 
-8 -77 -108 -46 75 2 71 74 -128 115 2 41 0 -111 -73 -122 6 -70 31 33 0 -95 4 -108 2 -116 74 -112 75 -16 -89 20 
-58 -100 74 -91 -74 127 -16 -63 7 79 53 55 -97 -38 0 -96 3 74 -55 72 67 105 -126 87 -124 -82 52 72 4 0 -69 -19 
-74 -37 30 -83 -84 -84 -8 -90 -90 105 -115 23 3 -114 -32 4 65 0 112 14 8 33 97 90 18 -111 8 -121 25 -106 -80 44 
-119 72 76 -128 82 -119 -62 -83 9 0 33 -128 108 -102 -62 113 8 28 -101 34 -101 33 112 29 10 -58 20 104 -102 14 -108 86 
-28 75 19 -91 20 -66 -17 -37 -57 -113 31 127 102 -29 -58 77 47 0 56 13 -96 13 74 -123 119 113 5 -20 -85 43 5 82 
-34 45 67 42 -17 -71 -25 -82 -1 19 -115 70 -1 -16 66 69 -101 -32 4 -66 -81 -128 -119 -60 4 -54 43 124 -44 55 5 -88 
111 -14 81 94 33 16 -115 9 68 98 2 -106 85 -124 -52 0 -73 119 28 -126 108 -102 32 -99 -90 -24 108 101 104 62 -63 112 
-14 -104 -122 -50 54 -122 76 -102 65 -41 41 116 -29 -62 0 43 -120 -64 -10 -10 -10 -9 -33 121 103 -19 119 29 -57 -7 16 -118 
-93 -38 -96 84 -9 -53 10 -44 -107 0 -119 2 16 -93 70 -115 -70 102 -22 -44 41 -33 51 77 -13 -74 11 1 39 -16 9 92 
23 -120 -58 56 -22 -101 124 -116 -97 -28 -94 105 -76 -113 -54 42 14 -35 80 34 76 8 5 34 23 -128 60 -49 106 64 40 -64 
40 64 -103 4 -91 74 84 -6 30 65 -21 89 -118 -93 7 25 -10 -19 50 112 -14 -88 14 59 -57 96 90 4 -70 62 116 -33 
37 -91 20 -71 -100 -35 -68 125 -5 -10 39 -113 29 59 -74 6 10 -92 -77 80 -74 -43 101 91 -89 46 55 72 20 -128 -104 53 
107 -42 -20 -90 -90 97 63 -47 52 109 -52 80 1 -14 61 -59 57 -107 53 62 -82 -99 -18 96 -46 52 23 85 -75 28 -116 41 
110 10 124 -126 -53 -91 99 16 2 104 -70 -20 -71 -9 -103 102 -122 -35 -37 53 -20 -40 98 -94 -3 -84 14 -61 -96 48 -83 -95 
3 -27 -5 -66 -67 103 -49 -34 111 -17 -34 -67 123 25 -128 86 0 103 -96 -76 -65 -53 2 -44 -27 4 -119 0 -112 115 -25 -50 
-71 -85 -90 -90 -26 103 -116 -79 -118 -95 0 20 4 4 -98 3 -44 54 -6 -104 53 39 -121 9 -41 122 -120 39 57 -126 -128 -64 
-9 -82 -114 -25 67 55 36 52 13 -24 -18 34 -40 -67 93 -57 -6 53 38 -50 52 27 8 -121 41 116 -29 -4 99 32 -124 64 
8 -63 -9 -17 -33 -1 -3 -19 -37 63 120 1 10 -92 -45 80 70 -16 37 3 117 -71 64 34 0 -28 -100 57 -73 124 -86 -82 
-82 -18 121 74 105 -4 124 0 73 9 -40 57 -126 120 -126 -29 -58 91 115 -72 -2 102 27 -111 -88 -128 -25 82 112 62 120 103 
-108 1 -108 -26 -75 55 -110 119 123 23 -81 73 68 -35 95 105 125 -22 16 66 29 -125 17 99 -128 105 73 -92 83 -64 -122 -75 
6 -42 -83 -78 -112 73 -23 -120 -58 40 40 29 124 78 10 115 118 -16 -32 -63 -89 55 111 -34 -14 19 40 -112 46 11 80 -105 
3 -92 2 7 -51 -85 -83 -83 125 -127 82 -102 28 20 32 -94 68 91 16 72 76 -103 -18 -32 -10 -69 -77 -88 -86 9 -32 -70 
20 -94 4 56 -124 2 26 83 -32 0 64 38 37 101 54 11 47 -99 -110 78 87 59 114 -103 52 113 29 27 30 101 4 4 
-112 66 2 -95 16 -12 72 12 86 89 57 -62 -47 -104 -76 66 17 -104 -47 24 8 64 32 -72 18 115 -91 -122 89 0 -21 -52 
41 -118 21 -81 -104 -40 -71 -59 -124 105 106 48 -83 -63 117 -8 -62 -68 -19 -33 127 -32 -121 91 -73 110 -3 41 -128 22 0 5 
-113 -5 69 11 -21 75 5 -119 0 -112 55 -35 116 -45 -84 -58 -58 -122 55 25 99 101 -25 -29 32 59 71 16 75 112 -52 -65 
63 -115 -87 51 93 8 -127 -110 98 -115 105 -128 -82 3 -82 35 -47 -34 10 -25 -8 17 -39 113 -28 32 105 59 125 -126 118 -99 
109 -47 -70 93 71 -49 49 -86 121 -108 106 30 37 44 32 -108 10 66 -88 -52 -17 -11 81 41 -71 38 -91 -48 77 -53 15 85 
-41 5 -55 -70 -122 -96 -68 105 52 -81 110 104 -110 85 101 -27 50 100 -102 74 -36 -106 -30 92 -35 0 40 -107 -40 -14 -66 -122 
-41 -105 88 -80 -77 38 -94 49 58 -24 -4 -28 -75 88 -66 115 -25 -50 127 -5 -16 -61 61 75 -48 43 -6 -20 -95 76 -24 64 
116 -55 -100 52 109 -38 -44 81 99 -58 -116 89 126 62 37 -95 32 -34 70 -114 -15 112 -17 -89 83 -88 109 -32 112 -20 -127 -107 
1 93 87 0 117 -76 -55 96 -49 78 -39 -78 99 51 57 117 104 -65 -34 -30 123 102 -73 -95 -121 50 -119 100 -56 78 36 45 
39 28 54 93 -61 48 61 93 -41 125 93 -41 56 -91 76 16 66 36 0 8 33 40 -25 -100 -7 -127 -81 -71 -74 -81 -89 -70 
93 -67 -69 -37 -75 124 63 23 -42 12 59 57 98 -116 83 63 105 -102 55 98 -12 120 62 44 81 6 -83 96 -117 -11 39 66 
-128 80 68 -94 -7 24 -59 -117 63 53 113 -30 -120 -123 68 82 27 84 -4 17 66 -64 57 -9 54 109 -38 -12 -115 -93 71 -113 
-83 -128 2 -23 44 -108 29 117 -63 116 -87 32 69 22 46 92 -8 -102 105 26 -73 14 10 -112 0 108 -101 -32 -70 27 114 -72 
103 81 6 -122 33 -31 -71 -25 -10 -95 105 10 -100 -77 -89 -123 -69 -31 93 -100 -40 -76 -114 29 -21 104 -75 90 -30 -15 72 -86 
-90 54 -106 -119 -57 -93 -23 104 52 -106 -115 68 -62 -74 101 -123 92 -53 50 61 93 55 2 77 -45 4 99 84 80 74 101 97 
113 18 66 16 -50 21 80 65 16 104 -98 -25 106 -114 -29 -102 -114 99 91 -23 84 46 116 -26 116 38 -44 -43 -99 -114 87 84 
-89 -22 -81 -99 -111 27 55 101 -122 63 -74 -94 74 -122 4 31 -104 -77 76 11 112 108 -119 37 63 55 -80 109 99 8 -15 -124 
14 77 43 45 -2 40 -91 112 28 -89 109 -51 -102 53 127 -35 -47 -47 -71 9 -54 -107 -44 -127 -117 -16 76 92 18 72 -9 -35 
119 -17 -109 -31 112 -8 -113 7 -17 64 113 -48 -100 59 51 -104 119 127 22 -100 19 -16 126 -61 36 68 77 66 119 -105 20 -17 
-83 18 71 87 -67 -55 14 -26 -46 -111 -106 -70 -6 120 119 117 77 -78 43 -103 76 118 -59 -29 -119 116 52 26 -51 69 34 97 
-41 52 45 95 -41 -11 -128 49 77 48 70 57 -91 84 18 66 36 33 74 -18 75 9 2 72 34 -124 36 82 10 -94 -128 -30 
44 8 124 -51 -13 124 -35 113 28 -61 -74 115 86 38 -109 -119 -76 -76 -92 -94 -51 39 -70 -30 102 -88 -77 110 -10 39 82 83 
-89 -51 -12 38 70 -29 96 -66 -41 -113 -53 37 -96 25 0 37 18 -81 -68 -88 -29 -99 21 33 36 -110 6 52 -83 16 82 113 
46 49 -58 -48 -43 -43 -11 -31 -21 -81 -65 -15 -41 0 14 64 1 -107 -62 5 42 18 23 13 -46 -4 -7 -13 30 43 43 43 
123 -90 -28 8 -47 23 -96 -7 15 100 -31 -5 -28 28 -27 64 -45 -44 66 -3 -63 86 -47 -10 -54 11 100 79 -13 -15 -16 -119 
-58 97 -55 -114 -38 -38 -14 -10 -118 -118 -118 -114 -78 -78 -78 84 60 30 -49 -123 -61 97 -41 48 76 -49 48 -116 64 -45 24 103 
-116 113 66 20 -9 80 74 4 64 64 8 -55 63 -68 36 82 -126 72 41 -120 16 -110 10 33 -120 16 -126 113 30 -80 32 8 
-104 -17 7 -102 -25 121 -122 -29 56 70 46 -105 11 -91 -45 -23 -24 -39 -77 -99 -79 -93 -121 59 18 85 117 -83 99 -18 -72 39 
117 -45 -88 -15 -68 94 -118 115 -71 -118 49 37 -114 -105 -67 -64 -80 122 121 24 -119 -92 14 93 47 14 -83 -24 -33 -98 -31 -24 
-47 -93 75 -42 -83 123 -1 -37 80 74 68 51 -108 -79 59 100 -70 40 -112 -90 77 -101 58 98 -20 -40 -79 -17 49 -58 -22 75 
-119 -71 2 64 -73 -36 -103 -63 39 -17 -49 3 -44 -17 -3 49 77 32 -101 -111 -30 -75 37 98 -1 -22 -27 -58 -66 100 89 -78 
101 -8 -16 -118 -74 -86 -86 -22 -42 -54 -54 -54 -82 100 50 -103 9 -121 35 -114 101 -103 -98 97 24 62 99 90 -96 105 26 87 
-36 -61 4 -91 84 80 74 36 33 84 -110 30 61 -68 -64 77 -110 -88 67 1 -59 57 -89 66 112 26 4 -100 113 30 104 -66 
-49 53 -33 -9 52 -49 115 77 -37 118 -52 108 54 19 74 -91 82 -15 -29 71 59 -29 45 103 91 106 110 -72 -83 101 -26 -51 
-73 59 -77 44 75 82 -33 -17 59 31 -76 8 -88 53 -53 21 71 -23 -6 -64 126 -91 -68 13 21 108 -38 -76 -7 -17 -113 28 
57 -14 58 -128 19 80 -98 -119 33 111 115 92 84 -76 -48 -56 -111 35 -65 53 24 64 -128 2 104 -42 -100 44 62 -7 64 22 
-66 55 0 64 22 112 -70 89 -26 -98 -7 -127 -40 121 112 79 -12 -48 -104 113 21 -83 117 117 53 103 106 106 106 91 43 42 
42 82 -79 88 -52 14 -123 -84 -126 98 16 104 -102 -106 -25 32 5 18 33 84 -26 -71 72 42 101 -127 -56 -62 -69 -107 31 22 
-111 82 66 74 73 -124 16 121 110 -30 -108 115 -63 -126 32 -56 31 -122 -18 -5 -122 111 -102 -90 27 10 89 110 56 28 118 -94 
-47 72 -82 -86 53 98 111 89 27 -21 58 115 -14 -28 -103 -69 22 116 -33 89 81 45 -94 94 -111 6 42 -72 -102 -31 -5 63 
-51 1 -111 -61 -102 21 40 9 -108 -108 18 -116 49 -19 -38 107 39 -1 -42 -47 -93 71 63 -108 82 -38 80 -100 -108 -62 69 -86 
-27 -25 -27 -92 59 -17 -68 -29 -2 -118 -118 -118 -105 81 -126 -65 9 1 114 89 -118 49 -41 56 120 -20 -117 93 32 80 -37 10 
-59 20 -118 0 7 62 20 -87 31 126 -101 108 118 115 -15 19 99 -58 85 -97 -87 -85 -85 63 93 91 91 -37 94 86 86 -98 
-114 68 34 118 94 41 -16 116 93 15 116 93 11 24 -45 -72 -90 49 78 41 19 -116 -79 2 7 -119 34 -112 64 72 -98 -107 
100 95 110 -54 -117 59 34 -124 96 10 40 -59 81 74 -12 -7 -70 -17 123 -70 -25 -7 -70 -21 58 -90 109 -37 86 38 -109 -115 
116 119 119 -58 -9 -17 109 79 -126 29 31 123 -1 99 103 -17 105 104 -30 -107 -3 -107 -99 2 71 45 125 -114 98 -51 -118 48 
-110 -125 112 20 -91 20 71 -114 28 121 97 -3 -6 13 -33 -127 90 -101 78 97 -120 -38 -34 5 113 82 117 117 85 44 -103 76 
-2 61 6 89 -121 92 -105 -96 -68 -46 -57 125 -113 -92 -96 49 -64 -21 103 3 -103 22 -80 99 51 -17 120 -6 -33 -23 102 -115 
-107 -97 -104 48 -87 -10 84 99 99 -29 -87 -38 -38 -38 -114 68 34 -103 9 -121 -61 -114 105 -102 -98 97 -24 121 14 -46 -13 34 
-114 -119 2 72 74 -52 21 -108 5 -126 94 -91 -95 -9 -19 -110 -118 72 -15 33 4 15 -44 -38 -60 73 1 36 77 -45 -72 -90 
105 -66 -90 -7 122 -127 83 53 77 -25 -122 -95 -5 -122 97 -6 -121 14 24 -2 -53 63 -41 -99 123 31 61 -11 64 -45 -56 -96 
-42 -17 -57 81 1 -128 7 30 21 -128 -52 97 -51 74 -96 44 105 64 43 -63 81 -115 -115 -115 -9 86 84 28 120 -89 -67 -67 
35 11 -75 105 -24 -29 34 -68 17 -125 -126 52 115 -26 -52 -49 51 -58 38 -105 58 47 5 64 32 113 -9 67 41 84 84 9 
-40 -71 -66 0 89 33 96 -1 110 -47 -3 -3 127 -91 27 99 -47 -118 -109 99 -57 -43 -97 108 108 108 58 85 91 91 -45 -98 
72 36 -78 -95 80 -40 53 77 -45 53 12 -61 87 -74 -113 30 104 -102 86 0 -121 43 14 -94 114 32 -112 84 15 36 15 -109 
-124 -110 116 -3 65 18 68 8 -63 57 -25 -108 49 -50 53 77 99 65 16 112 77 -45 -104 82 -29 -103 96 76 41 37 121 -83 
81 -116 -69 -122 -118 35 -121 53 -79 -12 25 -74 -8 -31 -49 31 -1 116 93 35 -81 42 94 -93 10 -118 -59 3 -113 10 72 -28 
-80 118 5 -112 44 59 23 40 41 37 12 67 15 79 -103 50 -27 -95 85 -85 86 -17 -125 2 41 7 -75 -77 123 65 84 18 
-92 -21 -82 -69 -82 58 28 -114 124 121 -80 -117 29 -101 96 -10 29 89 92 115 -83 7 59 87 100 67 72 -64 12 1 39 -114 
-118 -20 127 62 -119 77 -15 88 -7 -55 -47 99 -22 79 52 53 13 111 -82 -83 -83 107 -113 -57 -29 -71 72 36 108 -25 -75 55 
95 -127 -92 5 -102 -90 115 -58 24 -41 52 38 -14 32 21 3 -124 2 72 0 100 47 80 61 94 60 82 16 19 121 -27 -95 
-64 77 -108 115 38 -14 98 -81 0 10 43 -70 119 65 33 17 74 33 -95 114 -12 24 42 -55 33 96 -23 -77 114 -55 67 -97 
63 -15 72 85 53 79 14 4 -44 -126 71 5 -92 -52 97 -19 74 5 84 127 -47 -57 -71 64 85 85 -43 -100 -122 -122 -122 -21 
-101 -101 -101 59 -96 -74 -33 47 56 -88 -91 36 72 13 13 -11 -113 81 74 -122 -105 58 -17 121 4 -43 -11 62 -26 -36 -103 -123 
-25 -10 53 -14 -104 46 -48 -34 26 120 63 120 82 108 113 -78 -55 -61 35 39 85 -100 -88 -87 -87 61 81 94 94 -34 22 10 
89 25 93 -41 109 74 -87 71 41 -11 24 -93 62 -91 52 -96 -108 113 74 41 103 76 -119 56 77 -45 4 -91 84 48 -58 64 
8 -111 -116 -79 30 96 40 85 -3 -11 83 28 -6 -117 60 112 -50 -119 34 78 57 39 68 -83 -23 -96 66 8 70 41 45 28 
58 -91 76 103 -116 -103 -102 -58 60 93 -41 93 -45 12 -7 13 -115 -79 32 -77 -89 62 120 -29 -105 -39 -105 22 60 126 -6 -111 
112 84 -122 69 -47 90 27 4 42 -54 121 -63 99 2 -124 -38 120 119 37 16 -113 27 -48 -115 -66 64 105 -102 -90 77 -104 112 
-51 -67 -51 -51 -51 -101 -96 -72 41 -117 11 -12 68 12 8 -46 -72 113 -29 99 -95 80 -24 -9 6 -69 80 112 -32 -42 -7 89 
-60 -30 -78 -113 -104 35 68 2 34 36 -41 -68 -103 60 4 63 121 122 -18 -83 77 -23 17 35 -58 102 26 -22 -101 120 34 81 
-95 71 -62 -47 -80 105 -123 -103 -95 -121 60 -61 -48 2 93 71 -96 49 112 77 3 103 12 -126 81 8 66 33 40 -127 -52 127 
22 0 17 121 69 65 -28 -63 -23 -65 78 22 25 -74 -22 51 127 64 74 16 33 65 -124 0 21 2 -108 115 -48 32 0 -29 
28 -52 15 -64 60 79 -24 -98 -17 -24 -82 -109 51 28 39 107 -26 -20 -84 -111 -55 -90 104 85 69 -101 -36 -77 123 -52 -79 -67 
-37 -73 -84 -97 53 -73 -27 -10 -126 -100 37 -96 -16 121 43 -4 -64 -123 -124 -119 -123 -113 113 68 -93 54 -106 -65 12 -60 18 125 
57 74 8 -127 -78 -78 -28 -11 21 21 -27 -109 -38 -37 59 -38 1 -124 -96 -72 105 -56 -102 -34 -128 -38 -35 93 119 125 -22 -111 
120 60 -2 92 -87 -117 92 -121 96 -28 56 7 -97 -3 -35 110 4 65 127 127 -100 -121 -88 113 -97 -96 -63 -115 -114 110 -8 66 
-45 88 64 41 21 -124 16 -111 95 -20 11 19 42 -117 -90 89 22 -115 -96 -44 -32 75 108 -104 95 16 -11 42 26 -59 -1 -53 
-62 -33 18 0 -108 -22 40 81 -32 72 -22 -5 -110 -24 -122 29 39 84 -26 -43 21 29 82 6 56 -109 -6 14 -72 -24 -126 -58 
66 48 45 -119 -73 -106 49 44 127 57 116 14 80 -116 49 28 63 126 124 -23 -69 -17 -66 -9 -49 0 -114 66 57 97 75 -38 
77 67 -46 -18 -62 -31 -16 -25 74 -33 64 61 -43 13 115 108 48 13 -16 -49 -23 -54 64 -42 127 -101 82 -70 34 44 125 0 
-98 44 18 71 -67 51 -13 113 11 -20 -22 -73 61 -43 -121 79 9 1 -92 67 122 -50 75 -23 32 17 -102 -113 -6 -28 -97 -29 
116 -41 63 33 -32 -35 -128 19 -62 -68 -5 57 -92 -52 -31 -83 -91 125 57 74 8 -127 -54 -54 -54 -39 -90 105 -66 -24 -70 110 
59 -108 79 111 -56 -58 -19 57 30 -61 -71 115 -25 78 98 -116 -35 94 -22 2 -49 37 24 57 -50 -59 -40 -119 30 92 103 96 
-51 92 74 31 -100 115 8 -50 33 -124 -128 -108 -22 40 100 -95 -56 62 25 41 31 -113 67 -10 -5 -69 48 102 41 -123 122 -122 
-98 -116 25 14 66 116 116 -26 -106 34 101 -65 -125 -70 -28 87 -96 -47 56 2 110 -61 115 8 -26 63 32 48 -1 126 27 -87 
110 15 -66 -49 -13 -13 33 97 89 86 -43 -24 -47 -93 -90 3 8 67 -119 -68 33 7 -100 -99 -45 -80 -84 44 121 23 33 36 
84 -22 2 41 -127 25 55 58 -48 -12 -46 -101 104 125 115 -69 -2 107 30 -116 38 -48 -107 91 -106 7 -22 -85 -3 -128 -30 -25 
0 69 8 65 99 99 -29 -51 0 -30 0 -94 -72 -128 -116 -106 -2 32 17 93 -41 31 40 -43 -40 -9 9 -86 -21 61 -116 -66 
-58 27 112 -21 -31 -65 27 21 -128 74 59 107 -13 28 21 83 64 -71 4 -97 124 -128 99 -34 125 -71 30 -96 -92 -108 -120 70 
-93 -41 -124 -61 -31 -31 80 -100 -92 15 -75 -97 62 32 -51 -99 59 103 44 -91 116 106 -87 -58 -127 15 -116 -99 -32 33 18 -107 
37 -73 -66 127 -99 72 -45 -117 125 22 23 71 -116 38 -48 -103 93 -118 -76 -13 30 -22 -110 95 5 43 2 -22 83 11 4 -26 
-35 -105 -25 40 47 -128 97 24 -119 17 35 70 76 -128 74 -110 51 49 -120 39 -89 -104 -6 -128 -108 72 36 102 17 66 98 3 
53 -108 18 48 76 -127 107 38 123 -25 13 28 -7 117 32 66 -128 83 39 36 60 -9 114 1 -11 50 -46 -50 58 -44 39 -65 
-110 7 -54 -55 3 -59 113 -25 -67 57 116 119 123 -32 -127 68 85 85 -27 100 40 113 23 66 111 -98 -42 -96 -44 7 36 93 
-41 111 45 -43 48 -16 9 -86 106 3 84 -41 5 8 -4 11 123 -86 66 -108 -49 -64 39 85 36 80 -87 119 -86 -1 117 -123 
-88 -95 82 -9 26 -22 -124 107 26 -80 102 -123 64 119 -105 4 -45 -118 -58 121 -111 -15 -29 10 -88 -105 -112 118 -42 -93 46 -7 
21 48 26 -23 1 -22 -82 -123 2 119 -34 99 -93 -69 -37 -125 101 -123 -57 1 40 -125 -30 -90 11 6 73 99 -116 -51 40 -43 
-112 115 -96 113 -72 -113 80 88 -98 55 84 -86 -104 76 -85 16 -32 -95 124 121 -31 -120 -38 72 83 -100 9 88 -106 10 -67 -78 
44 53 113 82 -86 -74 -90 -91 -38 27 -90 -70 -113 110 0 -95 -80 106 107 -104 -22 127 41 123 119 121 13 67 -35 -125 82 -43 
-82 -72 -113 72 84 -11 27 -114 0 -79 -72 -6 -50 -13 -128 -57 -97 96 -88 -86 33 -16 61 117 -83 110 40 127 -92 21 -54 -121 
33 95 -96 -99 -96 -128 90 -126 -116 -77 62 47 -6 -118 -128 122 -112 -29 -10 -69 -78 112 108 82 23 -113 -105 15 -57 5 -128 -44 
-93 97 -36 114 -53 45 -115 -124 -112 17 -91 26 74 41 49 108 -92 127 65 81 -91 -90 9 -20 -34 46 -79 109 -93 0 33 64 
89 37 65 44 14 -116 -97 72 80 83 79 -16 -63 102 -119 93 -37 4 124 95 77 -52 -99 -9 80 -108 87 16 116 -76 3 45 
-89 37 -20 44 -16 -31 78 -127 123 31 98 -24 60 33 -79 113 -83 -128 -25 -87 9 -68 109 62 69 67 19 65 42 5 -20 -37 
45 16 75 16 -84 91 37 32 36 16 10 19 124 -14 62 -118 104 12 -40 -68 94 -32 -40 97 21 12 -87 -21 4 -103 -76 -60 
-72 9 20 -41 -35 64 -16 -2 26 -127 113 19 8 -54 42 8 54 -83 19 -40 -69 91 34 -16 -127 68 -110 96 -34 -67 20 102 
8 23 -68 -10 22 -128 2 8 -22 -110 95 -63 -23 -82 127 68 -64 115 -128 103 -31 -18 7 3 8 -127 -16 -26 -51 -111 17 64 
71 -104 49 102 114 -50 -49 27 75 -34 -61 73 -79 88 -84 -111 16 -110 28 -88 -111 16 64 56 34 81 85 19 12 -103 -117 12 
19 56 -72 79 -30 -19 -41 57 102 -33 78 113 -49 67 20 26 3 -98 125 -118 35 -107 82 123 51 -103 -76 -60 -108 25 20 -97 
-2 60 67 101 13 -63 -85 -117 5 116 67 25 -56 -117 -97 -31 -8 96 -77 -64 13 -73 80 68 -94 64 119 39 48 118 2 -59 
-94 -49 50 -116 -97 68 -16 -54 98 -127 32 80 -100 -76 124 -103 -64 -21 -117 5 38 77 -93 -72 -1 -45 20 4 -64 -81 -34 16 
96 26 80 -41 64 48 113 10 -59 -75 -45 41 -122 -115 32 -40 -74 73 -11 -63 52 96 -53 122 -119 116 90 -115 -41 -50 1 -77 
110 86 99 49 76 -32 -115 -91 2 -58 -112 -11 -81 -66 -92 -128 90 -116 -84 -77 9 117 -119 -81 -126 -47 48 -126 -64 -127 -25 17 
-36 -67 80 -32 47 -66 81 49 27 64 21 -25 8 69 99 -31 -13 10 -40 -98 6 -122 -95 -113 64 -119 -107 -127 7 4 -15 100 
-128 120 82 -100 -77 -95 87 -14 -58 20 -40 -76 78 96 -50 29 12 19 38 19 68 99 4 119 45 -96 -104 60 77 5 -90 4 
30 -16 -119 -69 40 38 78 33 72 -89 36 -58 79 82 98 -89 -69 11 61 -127 -10 -9 45 98 -104 56 69 -71 -99 110 -104 67 
48 -29 38 -59 9 35 70 19 -24 6 112 -74 69 66 -41 -107 40 -98 127 63 -59 -52 -39 4 -15 4 -63 -115 115 9 108 91 
-62 -9 -128 -102 58 -126 9 -41 18 -116 -101 72 -80 -23 125 -114 79 -35 -49 48 -11 122 21 -22 108 -123 -14 125 1 -104 127 31 
-61 -120 -47 4 -39 -116 -60 -72 -119 4 -23 46 57 96 -56 -41 80 -119 -47 4 58 -78 -65 68 -42 -35 -124 -70 -60 87 122 -128 
10 2 -119 -69 23 -108 -33 -8 -81 -1 49 -19 -117 0 79 102 -46 -62 104 104 -84 29 116 82 123 -60 29 99 108 100 -87 70 
66 0 -15 4 71 36 38 -31 -38 67 3 -119 7 106 2 42 107 -128 92 -82 -112 107 4 36 43 72 126 -83 32 88 -69 -110 
99 -9 118 9 -61 -52 -81 19 -82 -70 38 -16 37 70 -113 35 -88 -86 1 -78 105 -64 -80 -128 109 27 36 54 -82 19 106 -3 
-47 1 59 11 104 76 1 59 108 36 -63 -16 -47 4 -23 -108 82 -85 -123 0 -12 -4 90 -58 -71 90 -93 22 63 35 96 89 
4 -97 -72 -101 34 -105 85 -21 31 -96 56 -111 49 -32 -115 -105 57 -114 30 -110 8 -123 21 39 23 -42 -58 75 33 70 -29 -24 
-56 -2 18 0 65 93 -30 43 56 -35 -3 -113 8 -72 13 13 22 -26 124 -94 124 -63 -113 -98 -99 -43 -11 -60 99 27 -65 -46 
124 50 19 96 16 55 81 -49 48 8 33 117 -91 26 73 41 -111 40 23 23 -76 -112 82 6 4 -127 18 35 122 94 108 48 
6 120 -114 2 -28 -16 126 -119 -115 -17 9 -36 -5 48 -61 99 95 96 88 -16 40 67 40 -110 15 7 -122 90 -28 -123 80 97 
85 103 -102 37 86 47 -25 -72 -13 110 -118 79 127 -106 -31 51 79 48 36 -110 -128 31 -56 -4 100 -12 -43 -22 122 -30 -62 -95 
-108 -122 117 -85 5 -114 29 22 88 -12 57 6 -41 -18 -21 41 49 77 -126 -99 91 5 14 -20 21 120 -16 51 12 -113 -2 22 
-61 -67 15 81 80 -19 -4 -79 -28 -25 39 -110 7 -22 69 100 -35 -83 121 -114 10 33 -32 14 -92 4 -90 76 -113 -4 -26 47 
-106 -34 -12 -73 64 38 12 36 75 10 -41 30 -112 40 -91 -75 -125 117 23 79 92 -40 10 74 8 48 122 60 -63 -69 -65 82 
-118 65 60 1 -20 -33 35 -15 -31 14 -127 80 24 104 111 -109 72 -106 17 -116 26 7 68 -29 -64 -58 117 2 -57 14 -55 30 
109 -82 48 65 -108 1 29 -19 -128 21 38 -72 102 18 65 60 9 -20 -40 34 -79 119 -73 -128 -103 -49 -128 16 3 -60 121 11 
-95 52 -66 35 7 37 54 -68 39 -16 -60 31 105 72 36 -107 -120 51 -51 -34 -96 126 66 -127 -42 22 -96 -66 -111 96 -40 8 
32 20 2 -42 -83 -106 104 57 37 -95 27 23 -12 -56 -91 102 34 15 -44 11 -56 122 -37 -117 -128 114 33 37 -63 -104 -15 -42 
-17 63 -9 -54 -20 -65 3 -70 66 64 66 31 62 -68 -2 28 81 85 -20 63 -118 -108 -22 70 66 101 -33 93 8 -71 14 48 
115 54 69 -21 25 -127 31 62 25 -96 -94 -118 34 -101 -111 -88 -82 37 112 114 -64 -72 -119 4 -21 -33 1 126 -10 125 1 -54 
-128 -18 78 -119 -111 99 8 -126 60 -45 23 50 -15 2 15 24 53 -106 96 -61 90 -32 -87 -17 114 36 -53 9 -50 52 75 -116 
-71 -122 -10 0 -55 -6 121 -63 8 81 -36 43 4 -80 -20 5 37 1 -42 -83 22 112 108 -27 53 105 26 5 92 127 19 -123 
-90 -87 -1 -89 76 39 120 -10 -57 2 -49 61 45 -32 -40 18 -19 -83 -64 -120 81 100 0 15 -1 -59 82 30 -88 -52 -13 64 
20 -88 75 -4 57 78 119 -1 19 -124 112 65 -87 -119 81 99 -51 47 61 -1 -22 108 -15 -56 -67 -21 -2 -9 -79 99 -44 25 
57 -78 -47 63 114 -28 100 -49 107 71 -92 -108 24 53 106 -92 49 115 -26 -52 -73 9 33 -73 12 -44 -123 -99 3 22 -3 102 
23 -82 -99 94 -38 -13 61 16 81 10 -124 -93 -64 -119 35 64 119 -105 82 14 -98 125 -118 99 -26 108 -118 113 -109 8 -46 -35 
-64 -98 -99 74 46 77 -100 74 -32 121 -67 111 -71 -99 -109 -120 -59 -43 -6 -59 -14 -94 115 -17 78 1 -57 37 -104 48 89 -27 
-63 82 -90 -50 101 -46 18 -15 4 -23 -79 -101 2 31 112 28 -119 72 -108 -32 -20 105 9 -37 86 -21 12 33 -118 -21 18 101 
74 -21 -21 104 87 109 -62 97 -91 -80 -20 -35 -83 114 114 -81 -103 76 97 -25 -108 -56 -67 -68 36 -63 69 10 -27 -47 71 17 
49 -90 -32 116 -41 63 65 72 5 20 32 113 -8 -128 -5 -28 -93 -9 -83 -5 58 80 102 79 -97 81 -27 111 -39 -68 15 64 
30 -92 -31 -61 71 -58 111 -68 113 -26 -37 -124 -112 -21 7 -70 -75 -99 3 62 -9 7 -99 24 115 -115 63 100 -112 8 81 -118 
-64 -87 -109 18 13 -61 8 76 11 120 119 -107 -64 -66 93 18 95 -8 18 -21 -103 -48 104 12 32 -108 32 -109 82 47 14 -25 
-22 123 74 -47 -57 -3 68 41 -14 -87 -109 -128 -25 -93 39 -103 -71 0 98 113 -37 -30 -21 53 29 -96 4 125 -10 -118 -72 0 
-72 -81 -50 21 82 98 24 83 -1 -21 121 -17 -66 -25 42 -125 -9 -14 87 79 80 64 85 68 31 67 -56 -104 -116 -106 -44 119 
-64 121 26 52 -97 -25 115 -12 -112 -9 -1 -66 -7 55 71 -66 121 -30 -120 108 15 120 -42 -21 -20 -20 86 107 82 126 87 120 
80 -75 -32 66 83 35 9 81 -41 -20 -38 38 -16 -36 -45 28 63 -3 62 -57 -87 -29 18 11 63 67 123 -60 19 -25 -64 115 
79 115 124 -17 -1 6 -24 104 -105 125 98 22 -6 -5 7 -123 0 92 23 112 28 -100 -109 111 -44 -65 109 -15 -11 -127 -81 38 
-37 -49 31 -98 -89 52 79 16 -59 -99 -59 -9 -112 2 120 -5 13 -127 111 127 43 64 -13 9 9 -45 -68 -80 103 30 -30 -52 
-128 -47 56 -38 51 -49 -63 -10 62 68 -44 -72 30 -128 114 18 16 10 12 31 105 -4 -47 -36 -37 -85 102 119 117 103 -115 72 
36 -62 -128 -98 53 -23 -14 123 76 69 -34 -67 -78 -16 51 12 -39 -116 122 -125 99 9 53 65 65 -48 -5 -90 111 -35 32 -47 
124 76 -30 -10 79 81 84 -43 64 5 -74 -27 57 -127 -96 119 -127 -49 63 31 10 49 15 -59 -102 87 -63 -9 39 -14 5 -47 
-118 -3 123 5 110 3 122 125 115 -123 -28 -24 -126 -118 -35 -61 -111 26 112 96 -113 -60 -37 111 8 -36 122 39 67 105 -93 -28 
82 -119 64 99 49 116 -26 -106 -128 -64 0 33 22 40 83 -29 88 -15 90 -6 -87 31 126 -73 -67 -75 -95 -95 44 14 8 23 
0 -41 0 -32 -52 -103 -106 28 84 20 75 73 -54 101 46 -100 -17 -91 84 -22 -79 -82 -25 -33 98 87 77 82 1 36 66 -128 
-33 -7 95 12 -127 15 84 85 43 -101 -121 105 74 43 -53 -92 21 23 24 -90 90 27 60 87 -35 35 -112 -22 126 5 -112 41 
43 100 -104 -85 -17 34 81 -59 113 118 78 -35 63 18 83 -96 120 -98 26 19 -9 -107 104 51 76 101 -125 9 -95 68 46 -25 
-128 99 3 -9 62 68 113 -21 124 -118 -22 90 2 -9 -126 35 -28 -122 70 -108 -110 -68 36 -48 65 -88 4 101 106 61 125 109 
73 -22 -103 111 -4 101 -13 -78 97 -115 -106 77 41 92 -41 85 54 -122 6 0 -82 -21 114 41 -91 83 50 -36 -104 -108 -50 -50 
43 69 -124 40 -125 113 -43 91 2 43 95 19 104 109 81 6 106 109 61 -63 -2 15 37 126 -21 15 25 70 -114 33 120 -21 
21 117 -18 115 -65 -53 48 108 -124 82 38 94 121 -127 99 -45 -5 18 29 -83 18 53 -11 4 -77 111 -91 -104 119 31 69 58 
5 124 -1 -33 2 -60 -30 -64 19 95 -46 16 -119 42 -123 -32 -23 127 15 112 -22 36 -16 -37 127 -60 -80 99 -117 -60 -102 -73 
4 -114 29 81 -22 -4 -75 -41 81 44 120 -108 -95 -70 -106 96 -17 46 -127 31 125 39 -64 -84 -101 41 52 -115 -32 87 111 112 
16 2 76 -101 73 -15 -32 -29 -54 -10 122 -21 85 -127 -115 -17 74 60 -8 25 -122 105 51 47 63 80 -116 17 56 14 71 -13 
9 7 101 -27 58 -54 43 116 -120 94 -128 -106 12 31 110 -75 49 -122 83 65 -64 51 -103 76 42 0 -6 122 -63 -69 7 -69 
121 38 125 97 -26 -73 105 1 -101 -33 -105 -8 -15 119 57 -38 91 37 -82 -101 73 -112 73 1 -65 122 83 77 -96 -21 40 32 
-113 29 -106 56 -16 -95 -52 87 64 33 -8 -15 -65 115 60 -9 99 -114 -64 -105 -72 126 54 69 38 37 -15 -44 119 57 126 -10 
125 -114 -102 122 -59 101 27 -41 42 -29 52 28 5 78 30 -109 88 -73 70 57 112 107 -21 9 -42 -84 16 56 113 76 -30 -58 
57 20 117 13 4 43 94 17 88 -4 115 85 19 -62 117 -127 -26 99 -64 -118 87 5 94 -3 37 71 109 -125 74 44 88 -66 
76 96 -35 106 -114 80 -120 -96 -27 52 -80 103 -89 64 58 37 47 -39 -29 -48 -97 -104 70 -32 58 2 59 -73 -91 -48 -42 -22 
-62 113 56 60 79 -30 -115 -105 82 -65 -8 -37 -81 53 47 30 -34 100 -75 48 -122 -93 -100 -117 -10 108 -42 118 -69 -69 51 0 
-118 -20 36 41 -59 -23 -63 98 35 -46 -87 -95 115 82 -127 33 -41 -83 81 -109 -3 -8 19 26 -18 -72 -101 -94 -77 3 120 -14 
-17 3 -20 -34 33 122 -10 109 116 -67 119 -53 98 -37 70 -114 117 107 56 -82 -69 -127 -30 -9 -2 -116 -95 -86 -106 -32 -60 81 
-118 -17 124 43 -64 -37 -81 115 -52 -71 -109 -30 -74 -7 20 -37 55 9 124 -80 69 98 -10 109 4 -69 -73 11 -72 14 112 -3 
108 -126 104 28 -8 -30 -97 104 16 92 34 26 39 56 -76 79 -94 -7 88 -128 67 -5 5 -70 58 -108 39 92 -53 -117 -54 -33 
-2 83 13 55 -35 70 -80 124 -87 -64 15 -66 29 -96 -7 -124 18 -101 -102 -90 -52 -128 43 5 -48 -74 45 -99 -56 102 56 -22 
-22 45 24 6 -61 -85 75 -70 95 -8 -121 -81 -97 89 -36 -44 100 -99 -43 116 28 -11 125 -47 -98 -51 -38 78 91 91 107 -49 
-75 61 32 9 -127 -26 82 -91 92 8 -128 -50 -74 -95 -41 121 33 4 -56 102 -128 -82 14 32 22 39 24 53 -98 -64 113 -128 
100 25 -48 52 -118 96 -57 -74 -127 59 57 -80 71 66 10 96 -50 29 20 53 -11 4 -87 46 101 84 -34 48 -121 -31 -16 -127 
0 7 -10 72 -52 -66 -115 -94 -86 -122 96 -17 78 -119 51 -51 -54 -125 -111 72 18 76 -99 -95 -116 -37 35 7 37 -106 47 -27 
56 113 76 -119 59 -27 41 87 -21 29 33 -128 -21 74 -52 -100 -51 112 -29 92 -27 -24 -83 107 84 111 -44 -27 6 -91 -104 24 
-53 3 -76 -71 19 -103 116 -128 -22 26 19 -107 85 6 -34 122 -75 -21 -75 127 -7 102 -53 -53 77 77 -111 -77 -102 -114 99 -66 
47 -37 -113 31 63 -18 -12 -113 -69 -21 25 26 -25 -63 -95 -46 -99 0 -23 110 85 84 -119 14 1 43 41 -107 88 50 76 101 
84 -90 -69 -43 -126 78 25 -112 -22 46 109 123 20 124 124 -39 -116 -102 -76 -126 114 97 -25 -48 99 32 -44 -44 17 76 -102 74 
112 -70 89 98 -43 114 -127 19 71 -107 -41 122 -12 88 -126 -19 -101 36 -66 -3 15 62 -70 59 37 30 -3 77 -122 -57 -97 -48 
96 -123 84 17 -87 -30 62 -93 -119 -68 -61 -105 -97 -85 -66 95 110 98 -116 -64 117 5 -74 109 -18 66 38 29 -96 -90 -42 68 
109 -67 37 -105 45 110 127 -1 95 -66 121 108 101 109 -83 -34 -94 105 -14 40 15 68 -37 -15 -29 -57 6 92 1 123 64 10 
-126 -32 56 74 -40 74 76 3 -70 -69 24 -70 58 40 24 59 -65 -63 36 -13 1 -5 -109 -89 17 56 54 -80 -8 -25 28 27 
-42 74 44 123 94 96 -9 118 1 -45 60 23 37 41 -128 -55 -45 84 113 -90 -73 95 -25 -40 -66 73 77 -20 -5 -17 72 -84 
-3 21 71 44 73 48 113 -118 90 67 102 -36 68 33 -91 90 -33 114 57 -27 -30 49 66 4 -121 15 72 -40 57 96 -6 13 
20 15 60 -54 -64 -71 -52 111 125 -12 -19 111 32 95 -33 -107 32 -58 8 60 87 96 -5 -26 46 100 51 1 106 -21 45 -44 
55 -122 -16 -38 -110 -64 -1 -113 39 91 118 69 35 56 75 8 63 -31 121 -68 -19 -40 -79 -29 37 85 -108 30 113 -105 78 -89 
79 68 34 -111 -45 -124 -112 -6 -2 -115 40 5 -78 25 -118 -77 103 24 26 -102 -122 -10 -22 -71 14 -16 -119 79 81 28 -34 47 
-79 117 -125 -60 -121 59 124 -124 -93 4 -55 114 -126 92 -74 119 -122 114 89 32 -99 2 108 27 -104 52 -115 -32 -66 -121 25 94 
121 81 -32 91 127 21 32 81 14 116 -74 -87 -105 -28 -79 47 48 52 -115 36 -56 -90 37 -58 79 -94 -88 -88 -28 56 124 64 
-88 77 -67 -87 4 -82 13 -116 -97 4 36 -53 9 86 -68 38 -80 125 -77 -113 116 74 -119 -49 108 126 99 -113 115 32 -43 45 
-31 56 -67 -36 92 -4 29 -91 -54 88 78 117 -53 30 55 -46 -59 82 1 -96 109 91 -70 -112 -55 4 -88 107 48 -47 48 44 
-124 -91 -49 11 -84 94 14 81 94 -50 -70 50 -103 108 115 54 75 -38 60 47 53 104 0 127 15 72 -17 -68 -77 -10 -20 -94 
69 15 31 24 8 36 64 101 50 28 59 -88 97 -6 13 -34 -112 6 25 -8 64 56 66 -16 103 95 -41 -80 115 -85 -60 -87 
-109 18 -109 -90 18 -68 -71 76 -32 -8 17 -47 -29 -2 -103 59 -113 34 -43 41 -107 125 -29 0 15 61 -50 48 106 -100 82 14 
-20 -100 18 -109 51 103 83 76 -66 78 -87 -61 82 42 -69 -26 -2 71 24 14 -19 -105 24 54 -100 -96 -68 82 109 6 -114 -99 
64 -15 -5 95 38 -40 -16 -82 -128 -17 1 -41 -49 -90 72 119 41 -33 30 -91 64 89 57 -16 -16 111 104 106 -125 -47 7 32 
-127 -118 -54 -34 -17 114 57 96 -22 12 -126 -112 -91 -95 -79 -23 -30 29 -84 -59 0 101 -45 1 26 26 45 52 12 -77 -80 -12 
121 -114 -75 43 9 -86 -86 -61 -94 -27 44 -23 -16 60 -65 51 8 -72 39 -124 24 -108 -81 -5 4 -20 63 -12 -48 -125 -33 -46 
52 -19 -85 3 53 -12 92 -96 -94 -38 -63 19 127 -110 86 27 107 67 96 40 66 -128 -51 -17 -127 87 8 70 0 0 15 100 
73 68 65 84 11 84 84 18 -44 54 2 123 118 72 -4 -20 63 57 40 1 -2 -14 -101 26 106 -21 73 79 -19 -71 76 58 
111 -100 -26 3 86 -128 -68 -17 45 -65 -81 -29 20 -43 23 -111 82 -127 -89 -21 -86 28 78 54 -45 123 -50 10 -11 -19 -97 50 
-11 -103 73 -87 126 -94 49 2 -41 85 98 17 80 -38 94 52 -86 -66 -53 101 -107 -31 108 -102 -118 -37 47 -58 119 -57 24 -127 
-25 9 108 -33 -94 -42 -96 -122 70 11 -115 -61 67 120 -23 -39 0 -85 -34 4 -86 107 -94 48 12 61 -77 97 -61 -58 -81 -75 
-75 -75 -83 4 112 12 -3 -86 -89 12 26 -80 31 4 -63 -38 82 32 -23 6 -48 -38 -94 -29 -44 73 -122 81 -29 2 120 -25 
-39 70 -41 117 -96 -83 21 120 -26 7 28 -87 110 101 55 -39 -74 68 60 78 -16 -103 47 50 -44 55 42 -115 -49 43 98 -52 
-126 -65 -81 -32 45 0 -108 39 -95 -1 -6 -95 -14 116 -127 -127 -106 80 -57 70 31 31 96 49 113 -82 -68 -15 -123 123 0 -54 
77 85 -8 -114 82 117 -67 99 -9 109 51 84 42 6 -56 -50 113 12 27 30 -62 -80 -31 22 -106 60 -61 -79 -22 77 -96 -86 
58 -126 72 36 92 24 120 -128 33 -6 -29 -6 -128 -108 74 -91 -74 88 -106 -43 10 -96 -86 127 67 66 0 30 80 -20 -37 -87 
99 -20 53 -25 -33 -4 15 2 -75 -47 -9 -91 -65 96 56 -72 87 -19 23 -107 87 18 76 -66 -114 96 -8 -88 -13 91 -14 -105 
-78 -80 95 13 -91 -96 63 -11 0 -76 -75 11 -114 -51 -47 52 50 -124 -122 70 11 -117 127 30 96 -27 -21 18 -43 53 17 -124 
-61 33 -24 -70 14 33 4 65 -65 36 -114 -63 -88 15 72 -85 86 -83 62 -77 104 -47 -61 -17 82 74 23 14 -44 88 55 8 
-10 -18 -46 49 119 -98 3 43 52 -72 -6 90 -40 -118 -104 112 45 -59 -108 -23 -22 45 21 66 -119 77 -25 -94 75 35 125 60 
-119 49 2 -41 19 -40 -79 -75 11 -82 45 48 124 100 24 -115 77 22 94 -4 -87 -33 7 32 -61 48 -64 24 -125 80 -98 96 
-107 -113 54 4 58 -57 -124 11 -126 96 73 -87 -58 -122 14 -76 -73 -24 -40 -73 91 -125 105 14 -19 117 117 29 -75 -34 -92 -70 
-43 -89 55 52 -67 -29 -41 -122 10 28 -76 115 91 55 92 71 96 -60 -88 16 -122 -115 8 -31 -59 -97 -6 120 -21 85 -119 -54 
-86 -66 0 21 -47 -112 -123 -23 57 32 117 118 118 -66 37 -91 108 29 -88 49 8 -64 52 -118 45 -17 -101 87 104 67 -20 -41 
-117 10 0 -19 -40 -34 13 -49 21 24 49 58 -126 97 -61 67 120 -15 -89 30 -34 122 85 -94 -86 58 -126 104 52 60 16 64 
23 68 -25 -128 -76 122 -11 -102 -77 66 -120 -110 -36 100 89 4 39 14 27 -40 -9 -95 -42 91 89 -8 -65 33 41 -128 36 118 
110 -17 -122 -17 9 -116 26 27 70 -45 8 11 -49 -1 -60 -61 91 -53 36 -86 -86 -61 -120 70 -61 -48 117 -3 -110 0 2 74 
36 50 57 -114 -5 116 36 18 -2 34 6 0 -111 80 -128 80 -122 -75 43 77 -116 -99 16 -12 -84 53 -25 62 -124 -86 40 -52 
121 62 29 83 -54 -34 36 -39 -95 96 75 -14 49 89 69 -36 74 6 -70 120 -128 118 -91 58 -24 -71 126 16 9 80 -112 14 
-123 -38 69 -22 83 7 36 -21 -45 -58 -74 57 118 109 79 -63 -9 36 70 -115 -119 -96 -66 -47 -60 -77 63 114 -79 124 -103 64 
85 117 -12 -78 1 4 -108 0 -23 -43 87 95 93 -65 104 -47 -61 -85 40 -91 119 12 116 -34 10 17 28 61 104 -30 -125 77 
30 110 -72 -59 71 -82 95 -111 13 74 -127 -10 86 -46 -35 -47 22 62 92 89 101 -40 -122 65 29 77 -125 79 40 2 74 -91 
0 -111 -100 -88 -60 -26 -98 -124 -26 124 42 46 -111 -110 106 0 -95 82 -126 -86 79 -86 41 116 9 -107 -110 48 41 -103 9 73 
-75 -98 -13 32 61 -25 -13 109 12 72 90 120 -82 124 27 -96 -24 30 26 64 -12 124 -106 58 -111 82 13 65 74 9 72 -48 
124 -3 7 42 -124 36 92 112 120 -98 20 32 -89 41 -45 -69 -88 -52 -65 -77 -116 18 -100 109 113 17 112 -127 49 -29 35 -88 
-83 51 -16 -117 -89 92 -68 -7 74 65 -60 -123 46 27 64 -64 32 41 -127 -98 -25 61 105 89 -42 -128 32 17 2 -104 38 -61 
-81 94 55 49 110 98 -128 104 -84 111 -126 115 -66 -60 51 91 -79 44 -76 -69 -21 -20 117 -21 103 -52 28 123 -74 -78 124 120 
71 60 86 -101 -115 -124 107 114 -111 -112 -23 68 -61 112 -61 22 -126 -112 5 63 108 -126 -121 12 112 -99 65 6 92 -19 112 75 
9 41 56 -112 115 65 3 1 -30 7 32 -74 11 -106 117 97 -6 28 26 23 -48 -92 4 11 56 12 9 -63 -92 -12 -104 -124 
-89 115 -111 -114 74 -23 -103 18 92 3 -124 38 17 -124 32 -123 38 -63 53 41 -123 41 -124 87 38 17 -60 -92 20 -122 -108 -46 
-112 34 -80 -72 16 -122 16 92 -29 60 48 -3 -64 -117 5 -66 23 113 61 -41 76 119 7 -60 -105 -121 42 42 26 -10 54 50 
-51 -122 16 4 -94 16 64 19 -43 48 102 92 20 53 -75 58 -98 -7 -111 -117 55 -105 -118 30 59 72 -41 47 109 13 26 50 
72 -17 -68 -13 -50 27 -13 -26 -51 91 71 8 -103 61 -48 121 -45 36 -24 104 51 -79 -14 53 31 15 127 -42 -123 31 -12 -122 
-28 112 14 -108 -107 35 -6 -40 23 -37 23 60 -1 -93 -19 -14 76 -117 -67 -85 -84 -14 108 92 104 101 -35 -46 -120 -28 2 61 
100 59 -52 114 37 53 92 31 -122 111 11 35 -48 -71 30 -24 84 -25 -70 -87 -25 -21 -3 -88 -62 79 17 85 94 70 82 -54 
-96 105 76 24 -122 81 -88 29 87 20 60 67 -91 -54 36 -79 8 16 47 8 63 2 -128 -88 -94 79 30 113 28 87 -13 125 
-97 58 -114 -93 123 -98 -89 -71 -82 -85 -7 -66 -89 59 -114 19 114 28 -41 116 -35 32 -28 56 65 -56 -74 -99 68 46 -105 -115 
117 117 5 33 35 124 124 -44 -116 -101 54 60 106 -123 40 -27 65 66 85 122 -51 -117 -17 112 -124 34 -98 96 -8 69 17 64 
74 -60 93 94 -128 -128 65 64 -22 -20 -20 10 28 -57 -7 122 40 20 90 -127 18 82 60 26 -93 -40 -12 -98 -123 81 -29 2 
-52 -72 -111 35 -105 -19 109 -26 -5 64 101 -107 -116 62 -16 -103 -74 123 126 -7 -76 -18 28 -40 79 -27 -40 -15 4 -56 87 120 
-20 45 119 38 24 -25 -62 -25 -100 51 -50 -71 31 4 1 -51 -105 -107 17 -108 82 89 92 -95 43 95 -74 -90 80 -62 -90 -48 
-107 -118 87 -111 -7 26 12 106 1 36 66 72 40 -79 37 -120 -108 -126 4 -127 -86 -42 -107 47 -1 89 -88 -40 -59 56 -25 50 
8 -72 -16 -3 -128 -69 -82 -53 93 -41 113 -37 -50 74 120 -63 -87 -40 45 119 110 -71 43 94 -50 -109 34 -80 -6 60 119 33 
-4 -21 -103 31 58 120 -29 -27 -62 26 20 -70 34 0 1 -25 -55 -128 94 -74 -20 -107 -73 23 45 122 120 41 -91 116 -63 64 
-25 25 35 48 12 13 -81 -1 50 -124 -122 97 89 84 -43 72 -72 69 9 -49 -98 71 -48 -40 36 -53 31 -2 -4 -103 -123 -117 
127 -122 -105 -10 -19 -63 -2 113 -29 69 49 72 -108 115 -18 -102 102 -49 4 -110 124 21 45 94 84 -74 -90 95 25 53 -118 124 
-47 14 -103 -81 36 -36 -57 122 47 -108 -8 -52 -65 0 -59 85 36 105 16 112 26 4 62 -13 -3 64 -9 125 95 -13 60 87 
119 93 -41 116 28 -41 -78 109 59 -108 -77 -77 -31 -42 51 -36 20 56 -34 56 123 -34 -42 47 -60 -110 -18 -80 -64 -93 40 86 
68 24 83 -69 -84 -49 -4 -48 -63 -101 47 75 84 85 71 17 -119 92 57 -128 -128 33 -92 -87 -89 82 -23 -81 37 -109 -119 79 
66 -27 120 -98 67 -106 69 -111 78 25 120 -31 39 28 79 -4 -119 13 -35 80 -95 -63 5 -14 60 -126 -122 -31 -94 -14 -47 39 
-50 44 122 -19 69 -79 108 -25 7 98 -9 -124 73 -126 -27 57 -89 -25 48 12 -82 5 65 -96 -23 -70 -18 23 -128 -54 23 107 
-110 -108 -86 -70 -85 -3 -86 70 22 -60 93 1 -92 -94 10 93 -123 23 -127 83 -50 85 77 -42 -30 82 -97 -66 -17 -21 -98 -25 
-23 -82 -21 26 -82 -21 88 -114 -29 -124 114 -71 92 -8 -44 73 -87 69 -110 7 -58 94 63 119 -57 -25 -93 49 -73 -122 7 -3 
106 38 49 -27 117 121 -10 41 7 111 -68 44 81 85 21 70 36 -94 12 85 122 5 -73 118 -121 84 -34 -13 -63 7 23 -2 
-107 -82 -21 127 87 -22 -68 -108 18 -35 93 1 -82 -99 -98 -59 99 79 120 -112 56 -73 56 -82 110 72 -92 58 -119 -67 -22 -115 
-78 -73 -114 -18 31 -77 113 -62 -92 -22 -82 -54 -54 68 58 28 -114 -40 -106 101 -71 -122 97 -72 -122 97 120 -122 -95 -5 -7 -102 
119 -123 -38 -85 98 -128 -102 119 -123 122 119 -59 99 -24 41 -4 -44 91 -117 -107 83 -50 5 13 -126 -128 113 -34 11 -112 -17 123 
-70 -21 122 -90 -21 58 -90 -29 -40 -95 116 -38 -77 78 -99 -28 -6 -16 113 31 -52 -100 52 -29 -32 -89 -51 80 16 19 124 96 
-128 -98 123 -54 -63 107 47 75 84 85 -122 17 -55 27 -86 -108 14 94 59 -68 -49 -124 19 2 -33 -9 51 107 -42 -84 -7 114 
91 91 -5 42 -88 -126 -123 125 106 -76 94 84 13 -42 112 56 -92 -33 115 -49 61 -17 80 74 111 44 -43 70 8 -127 -50 14 
31 55 127 34 -121 -123 -113 -5 -86 -60 -25 57 69 114 -107 -5 127 -57 -26 -16 -58 13 -85 71 -84 -86 -84 108 60 61 124 68 
60 27 -119 68 -77 -106 101 -71 -90 105 -72 -70 110 -8 121 -96 -4 34 110 42 -128 -60 -5 -119 -68 -30 7 43 46 -17 -103 23 
113 125 -42 32 -83 -73 106 -92 103 56 -82 107 -70 -114 19 106 59 43 53 -37 105 47 -101 60 107 -37 -4 97 -93 90 -17 100 
-102 36 -94 -97 -121 -97 49 -64 48 8 -98 -3 -79 -125 -41 94 -110 -88 -86 -118 -12 -31 -96 11 -87 -85 126 49 32 13 -87 42 
71 46 103 -5 -74 109 127 33 18 -119 108 0 48 96 9 1 74 41 -110 101 58 -42 -83 10 65 -45 37 -18 91 -60 -107 47 
-66 8 -88 32 32 -48 52 -32 -6 -101 -77 -77 -22 -122 -19 111 -36 -72 -90 115 -43 -10 -83 35 119 53 13 -81 48 -86 106 34 
118 -56 10 57 5 -96 116 93 -9 20 55 -11 1 -86 8 -92 -66 -95 -47 125 69 -99 32 -100 -9 -118 -44 32 -16 53 -75 14 
41 -128 92 -41 -75 -70 -69 -124 -42 -34 -26 -102 -75 77 -5 38 92 127 -35 -95 123 -109 -27 -71 -111 66 16 -12 7 -88 80 -69 
-68 0 80 101 101 -72 71 73 -72 80 -128 46 -106 46 -88 46 -8 -126 5 15 124 -42 52 -51 -97 14 -42 38 8 56 -70 -69 
124 -52 -72 41 -121 69 -97 -25 -96 20 -16 93 -100 -93 31 -22 -122 -124 99 67 30 -34 23 -38 -79 125 125 -3 123 -39 -44 -80 
35 117 -11 -119 108 85 -75 -27 -122 66 -90 -85 -21 -90 -89 10 21 106 -66 42 -106 -53 120 81 1 -63 -126 -30 -112 7 -87 79 
-55 -23 -98 2 -71 -7 117 72 83 -59 -36 125 -35 -13 60 51 -43 45 -75 -114 118 79 47 -81 62 58 98 -52 -28 67 -73 -42 
52 116 -51 -46 52 65 121 63 -15 38 -91 -38 3 19 2 -8 -15 119 29 -84 125 27 -88 -68 4 14 42 -48 21 19 119 -59 
-12 -48 67 15 -2 -77 -90 105 127 86 -70 -123 68 16 72 116 117 122 24 63 -39 -58 99 95 -16 17 47 83 57 73 -3 -119 
82 -128 105 2 -103 20 -11 -114 31 14 -17 -38 -69 -93 102 83 -25 -39 -70 -93 -79 88 121 -86 -70 -58 -12 -93 49 -61 -41 52 
61 -48 117 -26 23 -86 26 -85 -78 108 61 64 -11 -12 -87 -60 92 -113 -42 -56 -118 10 -72 -21 -114 45 88 103 7 -104 -21 -90 
-61 101 -43 39 -122 -115 -98 112 -4 -90 -22 -6 -82 -103 -122 -55 13 33 8 -92 60 -9 -7 -61 17 -126 -50 14 -127 31 126 -37 
-63 -114 45 20 -107 85 -31 -68 -95 -86 95 18 7 93 21 -112 0 -112 69 -117 30 126 -119 82 90 -78 6 17 -96 124 118 93 
-99 62 -86 -21 108 60 -4 57 31 -29 38 -88 -36 -39 -127 126 73 76 -3 106 -104 -124 99 19 -34 122 -38 58 124 -20 80 98 
-9 -103 19 85 7 115 -23 -54 -77 -106 21 -51 70 -93 -106 31 -115 81 17 10 23 84 -14 94 -101 -87 -24 -63 122 -44 122 -41 
1 -55 102 8 -79 109 -97 5 60 103 -123 99 109 -107 117 77 -89 -57 -43 13 107 -101 -110 44 -49 -115 -43 13 -95 -105 2 -121 
82 5 -48 -98 -99 1 -98 -2 -98 -117 -26 -29 26 -86 107 34 -80 44 43 47 -30 -56 37 -119 -72 -85 5 18 -90 79 -97 30 
27 61 122 -44 114 74 -23 77 -125 -75 19 66 32 -99 14 64 -120 -125 -7 -9 123 -72 117 -98 4 101 40 -71 43 75 -13 63 
-13 38 -72 68 46 -53 114 93 -19 70 115 -5 -39 -56 -111 -18 -50 -24 -103 -18 -114 -8 -39 76 119 -94 -109 82 -45 99 84 15 
40 101 28 96 121 -80 36 21 -110 19 41 57 35 -60 -45 -93 -55 84 89 -94 -84 -69 42 81 -106 -82 43 -81 78 -113 -114 -58 
-35 70 51 -28 71 41 1 74 -127 3 40 15 63 23 18 111 -67 -22 97 -23 115 1 4 55 81 94 17 -122 105 -102 -48 117 
29 121 -123 -27 -110 -24 -118 41 14 -3 105 -21 -42 -83 -23 72 36 114 127 109 109 -51 -85 -108 -46 27 74 -75 -93 -108 34 30 
-41 -32 56 33 44 125 -114 98 -33 110 23 -9 60 -60 49 98 -76 -118 40 -19 31 -115 -93 126 -104 -118 0 -124 32 28 17 -31 
72 -52 25 -37 56 -46 30 -21 123 -19 -16 92 106 -5 30 -53 58 -74 -42 -19 -71 44 35 37 -11 -19 -100 -106 -95 20 36 20 
14 -94 -128 -92 -90 -59 99 102 40 72 -24 6 -113 -24 58 15 107 122 -63 3 79 32 4 29 56 -96 64 -86 76 117 -61 36 
56 -72 55 -64 47 127 -18 99 -41 54 32 -111 -120 32 86 -47 -69 89 119 37 -19 -96 -13 -47 37 -3 -90 -33 45 -73 -36 82 
93 87 87 -69 108 48 -96 0 -11 102 112 -82 20 10 77 119 113 -29 92 31 115 -25 73 84 -43 -88 20 -52 -32 60 -95 83 
-86 54 81 113 20 106 33 -31 8 -24 -65 43 33 -13 85 58 -91 60 -1 111 2 -86 56 116 -126 -106 -45 2 43 95 -13 -79 
122 5 71 -32 25 40 -81 -80 96 89 38 52 77 121 -78 47 -89 6 119 -43 -60 93 49 -51 -99 59 -89 -70 -90 -90 -26 57 
74 -23 -19 -25 107 43 -124 -128 -25 114 -92 -70 93 68 -29 30 102 -51 9 112 -13 -19 64 85 -115 -54 -41 -15 -36 43 31 68 
-94 106 17 17 80 42 -47 114 90 -30 -99 -107 62 -42 -66 -51 -47 -35 -95 33 81 102 33 18 49 -81 40 -9 124 36 32 1 
64 77 77 -115 57 103 -50 45 63 102 -116 61 118 -66 -74 82 74 8 33 96 -37 1 50 105 15 -79 -124 -121 107 -81 -29 -104 
126 35 48 98 52 96 -122 -108 17 -20 123 -105 -93 -114 -126 34 74 21 -57 -88 -112 45 -119 35 7 57 -42 -81 13 -80 109 -93 
68 119 39 67 44 110 32 26 -75 122 -10 -128 46 55 -9 20 -45 71 6 82 -127 30 124 112 -31 -33 -24 -70 -2 55 56 79 
-112 -123 26 -125 -128 16 18 -74 29 32 -101 -15 65 -103 -121 -70 -122 0 19 -89 74 -116 -101 8 52 14 39 8 71 72 -113 -120 
-29 -127 74 72 30 44 -114 -69 16 -28 -81 -78 -46 -13 -78 80 -86 8 -42 19 -57 4 -10 -18 -30 -40 -71 85 -32 -28 113 -126 
-64 -41 16 -117 27 8 -121 13 -24 -70 14 77 -45 80 -16 -82 95 73 3 -11 35 7 9 0 22 46 92 -80 64 -41 -11 -17 
-106 10 87 30 104 48 66 8 -8 62 -121 -99 -13 97 -37 1 52 45 64 69 53 71 77 -67 -60 -56 -79 18 53 -75 4 -119 
50 21 125 26 -119 -95 -89 -56 70 -111 -103 4 16 -59 37 -71 -84 68 -86 27 -24 -22 -112 104 57 45 112 -28 -128 -64 -87 -109 
-64 -39 51 4 -66 -57 16 14 107 8 -123 117 -104 -90 2 -122 82 6 -58 10 -59 -32 -81 -126 -9 -32 -29 0 18 0 -36 126 
-5 109 13 21 21 21 -1 -52 24 123 100 40 -19 11 101 -84 11 -94 -48 -9 5 92 39 -128 -25 5 -16 60 85 65 56 28 
21 8 -123 4 -52 -112 -6 81 -33 80 56 95 103 65 74 100 -77 42 -22 -43 -9 36 92 -121 32 -101 85 57 -66 82 82 -24 
58 -125 97 48 88 33 13 -70 -50 122 -60 89 -81 65 74 46 89 -83 -66 16 -70 106 42 -8 -7 104 -43 -86 -43 -51 0 30 
125 -16 -63 -123 111 104 -102 -10 13 66 72 -45 96 -19 123 -125 62 8 40 -91 -7 108 59 -83 7 52 -63 -13 -64 -39 2 -71 
-116 -56 7 -73 20 -114 -4 61 40 64 9 1 99 4 -106 65 17 -83 38 -96 -116 -126 -46 -34 -29 106 -120 -77 43 65 87 4 
-92 2 45 89 -14 -46 79 110 -65 -3 -74 -41 -53 -54 -54 -66 -86 105 -38 -17 17 66 -122 92 99 -92 -96 89 49 -58 0 29 
-48 -115 94 45 -94 0 -48 64 -44 31 -124 -113 -46 -66 -71 92 116 69 65 2 -128 85 -85 86 -73 2 -8 -14 -68 121 119 62 
29 -113 -57 -1 -104 49 -10 56 33 36 124 -95 -9 -7 -81 48 -39 23 75 87 -19 -55 87 -84 88 -71 107 -15 -30 37 -65 -45 
-47 -47 49 43 8 -126 127 -109 82 -98 -66 90 125 -1 -70 -45 85 127 61 87 -82 124 123 -9 -30 -59 75 -2 -76 -67 -67 99 
-70 -21 122 127 32 -124 120 87 74 121 -123 -54 90 124 -100 73 -123 -5 97 8 -95 -94 87 92 -36 -107 -94 -73 -33 126 -5 12 
-128 -17 1 -8 -34 -68 121 119 94 27 -119 68 -26 107 -102 118 23 -91 116 50 33 -92 -26 -93 26 -41 85 34 73 8 -15 -96 
114 -108 -50 11 -46 21 81 -63 47 -123 102 -49 -66 105 120 60 30 -97 108 -102 -26 44 77 -45 -90 81 74 71 1 -88 33 -124 
-108 19 66 -82 76 56 -50 85 36 66 8 -126 -128 -13 -11 -21 -41 47 56 121 -14 -28 6 -88 34 39 125 114 77 -82 -118 -99 
116 -103 41 114 -3 -11 51 106 35 -111 72 -123 101 89 73 74 105 29 33 36 68 41 -115 51 -58 18 -78 -108 -102 -9 -79 37 
66 -92 20 -39 109 -37 -74 63 123 -14 -28 -55 -45 80 -65 74 -42 -25 25 126 29 65 -6 -81 74 -123 -14 -16 -25 120 40 -5 
-125 -12 -1 1 -17 6 116 82 -124 60 -58 -2 0 0 0 0 73 69 78 68 -82 66 96 -126 
]]>
</Image>
</inet:Report>
