<?xml version="1.0" encoding="UTF-8" standalone="yes" ?>

<inet:Report xmlns:inet="http://www.inetsoftware.de" major_version="10" minor_version="0" major_xml_version="6" minor_xml_version="5" count="5" id="0">
    <Datasource dll="pdsora7.dll" host="concordia:1521:orac10" schema="" catalog="" user="modenadev" password="" url="">
      <Tablesource alias="DO_RICHIESTA_AZ" databaseIdentifier="DO_RICHIESTA_AZ">
        <Column name="PRGRICHIESTAAZ" type="6" />
        <Column name="NUMANNO" type="6" />
        <Column name="PRGAZIENDA" type="6" />
        <Column name="NUMRICHIESTA" type="6" />
        <Column name="PRGUNITA" type="6" />
        <Column name="NUMSTORICO" type="6" />
        <Column name="CODCPI" type="11" />
        <Column name="DATRICHIESTA" type="15" />
        <Column name="PRGRICHIESTAPADRE" type="6" />
        <Column name="CODTIPORICHIESTA" type="11" />
        <Column name="FLGART16" type="11" />
        <Column name="STRSESSO" type="11" />
        <Column name="FLGPUBBLICATA" type="11" />
        <Column name="STRMOTIVSESSO" type="11" />
        <Column name="DATPUBBLICAZIONE" type="15" />
        <Column name="DATSCADENZAPUBBLICAZIONE" type="15" />
        <Column name="DATSCADENZA" type="15" />
        <Column name="NUMPROFRICHIESTI" type="6" />
        <Column name="STRLOCALITA" type="11" />
        <Column name="PRGSPI" type="6" />
        <Column name="STRCOGNOMERIFERIMENTO" type="11" />
        <Column name="STRNOMERIFERIMENTO" type="11" />
        <Column name="STRTELRIFERIMENTO" type="11" />
        <Column name="STRFAXRIFERIMENTO" type="11" />
        <Column name="STREMAILRIFERIMENTO" type="11" />
        <Column name="FLGAUTOMUNITO" type="11" />
        <Column name="FLGMILITE" type="11" />
        <Column name="FLGMOTOMUNITO" type="11" />
        <Column name="FLGVITTOALLOGGIO" type="11" />
        <Column name="CODTRASFERTA" type="11" />
        <Column name="FLGFUORISEDE" type="11" />
        <Column name="STRMANSIONEPUBB" type="11" />
        <Column name="TXTFIGURAPROFESSIONALE" type="11" />
        <Column name="TXTCARATTERISTFIGPROF" type="11" />
        <Column name="TXTCONDCONTRATTUALE" type="11" />
        <Column name="TXTNOTEOPERATORE" type="11" />
        <Column name="CODAREA" type="11" />
        <Column name="CDNUTINS" type="6" />
        <Column name="DTMINS" type="15" />
        <Column name="CDNUTMOD" type="6" />
        <Column name="DTMMOD" type="15" />
        <Column name="NUMKLORICHIESTAAZ" type="6" />
        <Column name="STRCOGNOMERIFPUBB" type="11" />
        <Column name="STRNOMERIFPUBB" type="11" />
        <Column name="STRTELRIFPUBB" type="11" />
        <Column name="STRFAXRIFPUBB" type="11" />
        <Column name="STREMAILRIFPUBB" type="11" />
        <Column name="STRDATIAZIENDAPUBB" type="11" />
        <Column name="STRFORMAZIONEPUBB" type="11" />
        <Column name="STRCONOSCENZEPUBB" type="11" />
        <Column name="STRNOTEORARIOPUBB" type="11" />
        <Column name="STRRIFCANDIDATURAPUBB" type="11" />
        <Column name="STRLUOGOLAVORO" type="11" />
        <Column name="CODQUALIFICA" type="11" />
        <Column name="CODMOTGENERE" type="11" />
        <Column name="CDNGRUPPO" type="6" />
        <Column name="NUMPOSTOAS" type="6" />
        <Column name="NUMPOSTOLSU" type="6" />
        <Column name="NUMPOSTOMILITARE" type="6" />
        <Column name="NUMPOSTOMB" type="6" />
        <Column name="FLGRIUSOGRADUATORIA" type="11" />
        <Column name="DATCHIAMATA" type="15" />
        <Column name="STRNOTAAVVISOPUBB" type="11" />
        <Column name="STRNOTAGRADDEF" type="11" />
        <Column name="STRNOTAGRADENTE" type="11" />
        <Column name="CODTIPOLSU" type="11" />
        <Column name="NUMPOSTICM" type="6" />
        <Column name="CODMONOTIPOGRAD" type="11" />
        <Column name="CODTIPOLISTA" type="11" />
        <Column name="DATCHIAMATACM" type="15" />
        <Column name="NUMANNOREDDITOCM" type="6" />
        <Column name="CODMONOCMCATEGORIA" type="11" />
        <Column name="CODMONOCMCATPUBB" type="11" />
        <Column name="FLGTURISMO" type="11" />
        <Column name="FLGVITTO" type="11" />
        <Column name="FLGSVANTAGGIATI" type="11" />
        <Column name="STRMOTSVANTAGGIATI" type="11" />
        <Column name="DATVERIFICASVAN" type="15" />
        <Column name="FLGDISNONISCR" type="11" />
        <Column name="STRMOTNONISCR" type="11" />
        <Column name="DATVERIFICADIS" type="15" />
        <Column name="CODRAPPORTOLAV" type="11" />
        <Column name="FLGNULLAOSTA" type="11" />
		<Column name="NUMRICHIESTAORIG" type="6" />
      </Tablesource>
      <Tablesource alias="DE_PROVINCIA" databaseIdentifier="DE_PROVINCIA">
        <Column name="CODPROVINCIA" type="11" />
        <Column name="STRDENOMINAZIONE" type="11" />
        <Column name="STRTARGA" type="11" />
        <Column name="STRISTAT" type="11" />
        <Column name="CODREGIONE" type="11" />
        <Column name="DATINIZIOVAL" type="15" />
        <Column name="DATFINEVAL" type="15" />
        <Column name="NUMKLOPROVINCIA" type="6" />
        <Column name="STRDIRCOORDINATORE" type="11" />
        <Column name="STRRESPONSABILEUO" type="11" />
        <Column name="STRINDIRIZZOPOLO" type="11" />
        <Column name="CODCPICAPOLUOGO" type="11" />
        <Column name="CODMIN" type="11" />
        <Column name="STRINTESTAZIONESTAMPA" type="11" />
      </Tablesource>
      <Tablesource alias="DE_CPI" databaseIdentifier="DE_CPI">
        <Column name="CODCPI" type="11" />
        <Column name="STRDESCRIZIONE" type="11" />
        <Column name="STRINDIRIZZO" type="11" />
        <Column name="STRLOCALITA" type="11" />
        <Column name="STRCAP" type="11" />
        <Column name="CODCOM" type="11" />
        <Column name="CODPROVINCIA" type="11" />
        <Column name="STRTEL" type="11" />
        <Column name="STRFAX" type="11" />
        <Column name="STREMAIL" type="11" />
        <Column name="STRORARIO" type="11" />
        <Column name="STRNOTE" type="11" />
        <Column name="DATINIZIOVAL" type="15" />
        <Column name="DATFINEVAL" type="15" />
        <Column name="NUMKLOCPI" type="6" />
        <Column name="STRRESPONSABILE" type="11" />
        <Column name="CODMONOTIPOFILE" type="11" />
        <Column name="STREMAILMIGRAZIONE" type="11" />
        <Column name="STRINDIRIZZOSTAMPA" type="11" />
        <Column name="FLGMOVORIGMIGR" type="11" />
        <Column name="STRRIFSMS" type="11" />
        <Column name="STREMAILRIFCL" type="11" />
        <Column name="STRTELRIFCL" type="11" />
        <Column name="STREMAILPORTALE" type="11" />
        <Column name="CODINTERMEDIARIOCL" type="11" />
        <Column name="CODCPIMIN" type="11" />
        <Column name="STRDESCRIZIONEMIN" type="11" />
      </Tablesource>
      <Tablesource alias="DO_DETTAGLIOPUB_GIORNALI" databaseIdentifier="DO_DETTAGLIOPUB_GIORNALI">
        <Column name="PRGELENCOGIORNALE" type="6" />
        <Column name="PRGRICHIESTAAZ" type="6" />
        <Column name="NUMPRIORITA" type="6" />
      </Tablesource>
      <Tablesource alias="DO_ELENCOPUBB_GIORNALI" databaseIdentifier="DO_ELENCOPUBB_GIORNALI">
        <Column name="PRGELENCOGIORNALE" type="6" />
        <Column name="CODGIORNALE" type="11" />
        <Column name="DATINIZIOSETT" type="15" />
        <Column name="DATFINESETTIMANA" type="15" />
        <Column name="CDNUTINS" type="6" />
        <Column name="DTMINS" type="15" />
        <Column name="CDNUTMOD" type="6" />
        <Column name="DTMMOD" type="15" />
      </Tablesource>
      <Tablesource alias="DE_QUALIFICA_PUB" databaseIdentifier="DE_QUALIFICA_PUB">
        <Column name="CODQUALIFICA" type="11" />
        <Column name="STRDESCRIZIONE" type="11" />
        <Column name="DATINIZIOVAL" type="15" />
        <Column name="DATFINEVAL" type="15" />
      </Tablesource>
    </Datasource>
  <Database>

    <Join from="DE_CPI" to="DE_PROVINCIA" type="inn">
      <Link from="CODPROVINCIA" to="CODPROVINCIA" type="eq"/>
    </Join>

    <Join from="DE_CPI" to="DO_RICHIESTA_AZ" type="inn">
      <Link from="CODCPI" to="CODCPI" type="eq"/>
    </Join>

    <Join from="DO_RICHIESTA_AZ" to="DO_DETTAGLIOPUB_GIORNALI" type="inn">
      <Link from="PRGRICHIESTAAZ" to="PRGRICHIESTAAZ" type="eq"/>
    </Join>

    <Join from="DO_RICHIESTA_AZ" to="DE_QUALIFICA_PUB" type="loj">
      <Link from="CODQUALIFICA" to="CODQUALIFICA" type="eq"/>
    </Join>

    <Join from="DO_DETTAGLIOPUB_GIORNALI" to="DO_ELENCOPUBB_GIORNALI" type="inn">
      <Link from="PRGELENCOGIORNALE" to="PRGELENCOGIORNALE" type="eq"/>
    </Join>
    <QueryChanges mask="0" count="2">
      <Attribute name="queryChange" value="null"/>
      <Attribute name="queryChange" value="null"/>
    </QueryChanges>
  </Database>
  <FormulaFields count="4">
    <Field type="FormulaField" valueType="11">
      <Attribute name="name" value="tel&#38;fax"/>
      <Attribute name="shortName" value="tel&#38;fax"/>
      <Attribute name="formula type" value="0"/>
      <Attribute name="basic syntax" value="false"/>
      <![CDATA["tel.: "+{DE_CPI.STRTEL}+"    fax: "+{DE_CPI.STRFAX}]]>
    </Field>
    <Field type="FormulaField" valueType="11">
      <Attribute name="name" value="email"/>
      <Attribute name="shortName" value="email"/>
      <Attribute name="formula type" value="0"/>
      <Attribute name="basic syntax" value="false"/>
      <![CDATA[if (not IsNull({DE_CPI.STREMAIL})) then " e-mail: "+{DE_CPI.STREMAIL}
else "";]]>
    </Field>
    <Field type="FormulaField" valueType="11">
      <Attribute name="name" value="codice_offerta"/>
      <Attribute name="shortName" value="codice_offerta"/>
      <Attribute name="formula type" value="0"/>
      <Attribute name="basic syntax" value="false"/>
      <![CDATA[Local StringVar prg:= "";

Local StringVar anno:=CStr({DO_RICHIESTA_AZ.NUMANNO},0,'');

if (isNull({DO_RICHIESTA_AZ.NUMRICHIESTAORIG})) then
  prg:=Cstr({DO_RICHIESTA_AZ.NUMRICHIESTA},0,'')
else
  prg:=Cstr({DO_RICHIESTA_AZ.NUMRICHIESTAORIG},0,'');

prg + '/' + anno]]>
    </Field>
    <Field type="FormulaField" valueType="9">
      <Attribute name="name" value="tempdata"/>
      <Attribute name="shortName" value="tempdata"/>
      <Attribute name="formula type" value="0"/>
      <Attribute name="basic syntax" value="false"/>
      <![CDATA[cdate({?pDatInizioSett})]]>
    </Field>
  </FormulaFields>

  <PromptFields count="4">
    <Field type="PromptVarField" valueType="11">
      <Attribute name="name" value="pCodGiornale"/>
      <Attribute name="allow_multiple_values" value="false"/>
      <Attribute name="discrete_or_range" value="0"/>
      <Attribute name="allow editing" value="true"/>
      <Attribute name="prompt_text" value=""/>
      <Attribute name="use_range" value="false"/>
      <Attribute name="id" value="0"/>
      <PromptValueDescr count="0">
      </PromptValueDescr>
      <Attribute name="sort_type" value="0"/>
    </Field>
    <Field type="PromptVarField" valueType="11">
      <Attribute name="name" value="pDatInizioSett"/>
      <Attribute name="allow_multiple_values" value="false"/>
      <Attribute name="discrete_or_range" value="0"/>
      <Attribute name="allow editing" value="true"/>
      <Attribute name="prompt_text" value=""/>
      <Attribute name="use_range" value="false"/>
      <Attribute name="id" value="0"/>
      <PromptValueDescr count="0">
      </PromptValueDescr>
      <Attribute name="sort_type" value="0"/>
    </Field>
    <Field type="PromptVarField" valueType="11">
      <Attribute name="name" value="pDatFineSett"/>
      <Attribute name="allow_multiple_values" value="false"/>
      <Attribute name="discrete_or_range" value="0"/>
      <Attribute name="allow editing" value="true"/>
      <Attribute name="prompt_text" value=""/>
      <Attribute name="use_range" value="false"/>
      <Attribute name="id" value="0"/>
      <PromptValueDescr count="0">
      </PromptValueDescr>
      <Attribute name="sort_type" value="0"/>
    </Field>
    <Field type="PromptVarField" valueType="6">
      <Attribute name="name" value="Pm-DO_RICHIESTA_AZ.PRGRICHIESTAAZ"/>
      <Attribute name="allow_multiple_values" value="false"/>
      <Attribute name="discrete_or_range" value="0"/>
      <Attribute name="allow editing" value="true"/>
      <Attribute name="prompt_text" value="Pm-DO_RICHIESTA_AZ.PRGRICHIESTAAZ"/>
      <Attribute name="use_range" value="false"/>
      <Attribute name="id" value="0"/>
      <PromptValueDescr count="0">
      </PromptValueDescr>
      <Attribute name="sort_type" value="0"/>
    </Field>
  </PromptFields>

  <SQLFields count="0">
  </SQLFields>

  <SummaryFields count="0">
  </SummaryFields>

  <SortFields count="0">
  </SortFields>

  <GroupNameFields count="2">
    <Field type="GroupNameField" valueType="11">
      <Attribute name="name" value=""/>
      <Attribute name="group number type" value="0"/>
      <Attribute name="group_number" value="0"/>
    </Field>
    <Field type="GroupNameField" valueType="6">
      <Attribute name="name" value=""/>
      <Attribute name="group number type" value="0"/>
      <Attribute name="group_number" value="1"/>
    </Field>
  </GroupNameFields>

  <Field type="FormulaField" id="-1" valueType="8">
    <Attribute name="name" value="Record_Selection"/>
    <Attribute name="shortName" value="Record_Selection"/>
    <Attribute name="formula type" value="1"/>
    <Attribute name="basic syntax" value="false"/>
    <![CDATA[Local StringVar striniziosett;
Local StringVar strfinesett;





striniziosett:=Left({?pDatInizioSett},2) + '/' + Mid({?pDatInizioSett},4,2) + '/' + Right({?pDatInizioSett},4);

strfinesett:=Left({?pDatFineSett},2) + '/' + Mid({?pDatFineSett},4,2) + '/' + Right({?pDatFineSett},4);

{DO_RICHIESTA_AZ.FLGPUBBLICATA} = "S" and
{DO_ELENCOPUBB_GIORNALI.CODGIORNALE} = {?pCodGiornale} and
{DO_ELENCOPUBB_GIORNALI.DATINIZIOSETT}  = DateValue (ToNumber(Right({?pDatInizioSett},4)),ToNumber(Mid({?pDatInizioSett},4,2)),ToNumber(Left({?pDatInizioSett},2))) and
{DO_ELENCOPUBB_GIORNALI.DATFINESETTIMANA} = DateValue (ToNumber(Right({?pDatFineSett},4)),ToNumber(Mid({?pDatFineSett},4,2)),ToNumber(Left({?pDatFineSett},2)))]]>
  </Field>
  <ReportProperties>
    <Attribute name="page width" value="11904"/>
    <Attribute name="page height" value="16836"/>
    <Attribute name="page orientation" value="1"/>
    <Attribute name="page margin left" value="850"/>
    <Attribute name="page margin right" value="850"/>
    <Attribute name="page margin top" value="566"/>
    <Attribute name="page margin bottom" value="566"/>
    <Attribute name="report title" value=""/>
    <Attribute name="report author" value=""/>
    <Attribute name="report keywords" value=""/>
    <Attribute name="report subject" value=""/>
    <Attribute name="report template" value=""/>
    <Attribute name="report comments" value=""/>
    <Attribute name="report last saved" value="8 Jan 2015 11:38:38 GMT"/>
    <Attribute name="report created" value="9 Sep 2004 10:19:38 GMT"/>
    <Attribute name="mailing label type 1" value=""/>
    <Attribute name="mailing label type 2" value=""/>
    <Attribute name="format with multiple columns" value="false"/>
    <Attribute name="mailing label width" value="0"/>
    <Attribute name="mailing label height" value="0"/>
    <Attribute name="mailing label distance vertical" value="0"/>
    <Attribute name="mailing label distance horizontal" value="0"/>
    <Attribute name="across then down" value="false"/>
    <Attribute name="format groups with multiple columns" value="false"/>
    <Attribute name="distinct" value="false"/>
    <Attribute name="convert date time" value="2"/>
    <Attribute name="suppress if no rows" value="false"/>
    <Attribute name="convert null values to default" value="false"/>
    <Attribute name="hide PageFooter inside ReportHeader" value="false"/>
  </ReportProperties>
  <AreaPair type="PageAreaPair" id="0">
    <Area type="PageHeader" count="1">
      <AreaProperties>
        <Attribute name="hold minimal pagefooter free" value="1"/>
      </AreaProperties>
      <Section type="PageHeader" count="0" width="10204" height="0" id="0">
        <SectionProperties>
          <Attribute name="hold minimal pagefooter free" value="1"/>
        </SectionProperties>
      </Section>
    </Area>
    <Area type="PageFooter" count="1">
      <AreaProperties>
        <Attribute name="print at bottom of page" value="true"/>
        <Attribute name="new page after" value="true"/>
        <Attribute name="hold minimal pagefooter free" value="1"/>
      </AreaProperties>
      <Section type="PageFooter" count="1" width="10204" height="360" id="1">
        <SectionProperties>
          <Attribute name="hold minimal pagefooter free" value="1"/>
        </SectionProperties>
        <Element type="Text" count="1" x_position="8565" y_position="30" width="1500" height="330">
          <Element type="Paragraph" count="4">
            <CommonProperties>
              <Attribute name="horizontal align" value="1"/>
            </CommonProperties>
            <Element type="TextPart">
              <FontProperties>
                <Attribute name="font size" value="210"/>
              </FontProperties>
            <![CDATA[Pagina ]]>
            </Element>
            <Element type="FieldPart">
              <FontProperties>
                <Attribute name="font name" value="MS Sans Serif"/>
                <Attribute name="font size" value="225"/>
              </FontProperties>
              <NumberProperties>
                <Attribute name="negative type" value="0"/>
                <Attribute name="use thousand seperators" value="false"/>
                <Attribute name="use leading zero" value="false"/>
                <Attribute name="n decimal places" value="0"/>
                <Attribute name="rounding type" value="0"/>
                <Attribute name="thousand seperators symbol" value="."/>
                <Attribute name="decimal seperators symbol" value=","/>
                <Attribute name="currency symbol" value="€"/>
                <Attribute name="allow field clipping" value="false"/>
              </NumberProperties>
              <Reference name="field" type="SpecialVarField" id="17"/>
            </Element>
            <Element type="TextPart">
              <FontProperties>
                <Attribute name="font size" value="210"/>
              </FontProperties>
            <![CDATA[ di ]]>
            </Element>
            <Element type="FieldPart">
              <FontProperties>
                <Attribute name="font name" value="MS Sans Serif"/>
                <Attribute name="font size" value="225"/>
              </FontProperties>
              <NumberProperties>
                <Attribute name="negative type" value="0"/>
                <Attribute name="use thousand seperators" value="false"/>
                <Attribute name="use leading zero" value="false"/>
                <Attribute name="n decimal places" value="0"/>
                <Attribute name="rounding type" value="0"/>
                <Attribute name="thousand seperators symbol" value="."/>
                <Attribute name="decimal seperators symbol" value=","/>
                <Attribute name="currency symbol" value="€"/>
                <Attribute name="allow field clipping" value="false"/>
              </NumberProperties>
              <Reference name="field" type="SpecialVarField" id="15"/>
            </Element>
          </Element>
        </Element>
      </Section>
    </Area>
  </AreaPair>

  <AreaPair type="ReportAreaPair" id="0">
    <Area type="ReportHeader" count="1">
      <AreaProperties>
        <Attribute name="new page before" value="true"/>
        <Attribute name="hold minimal pagefooter free" value="1"/>
      </AreaProperties>
      <Section type="ReportHeader" count="2" width="10204" height="810" id="2">
        <SectionProperties>
          <Attribute name="hold minimal pagefooter free" value="1"/>
        </SectionProperties>
        <Element type="Text" count="1" x_position="2115" y_position="240" width="4200" height="360">
          <CommonProperties>
            <Attribute name="horizontal align" value="1"/>
            <Attribute name="close border on page break" value="false"/>
          </CommonProperties>
          <Element type="Paragraph" count="1">
            <CommonProperties>
              <Attribute name="horizontal align" value="1"/>
            </CommonProperties>
            <Element type="TextPart">
              <FontProperties>
                <Attribute name="font size" value="315"/>
                <Attribute name="font style" value="1"/>
              </FontProperties>
            <![CDATA[OFFERTE DI LAVORO DEL ]]>
            </Element>
          </Element>
        </Element>
        <Element type="FieldElement" x_position="6330" y_position="240" width="1755" height="375">
          <CommonProperties>
            <Attribute name="horizontal align" value="1"/>
            <Attribute name="close border on page break" value="false"/>
          </CommonProperties>
          <FontProperties>
            <Attribute name="font size" value="315"/>
            <Attribute name="font style" value="1"/>
          </FontProperties>
          <DateProperties>
            <Attribute name="use system default format" value="false"/>
            <Attribute name="date windows default type" value="2"/>
            <Attribute name="date order" value="1"/>
            <Attribute name="year type" value="1"/>
            <Attribute name="date first seperator" value="/"/>
            <Attribute name="date second seperator" value="/"/>
          </DateProperties>
          <Reference name="field" type="SpecialVarField" id="0"/>
        </Element>
      </Section>
    </Area>
    <Area type="ReportFooter" count="1">
      <AreaProperties>
        <Attribute name="new page after" value="true"/>
        <Attribute name="hold minimal pagefooter free" value="1"/>
      </AreaProperties>
      <Section type="ReportFooter" count="0" width="10204" height="105" id="3">
        <SectionProperties>
          <Attribute name="hold minimal pagefooter free" value="1"/>
        </SectionProperties>
      </Section>
    </Area>
  </AreaPair>

  <AreaPair type="GroupAreaPair" id="1">
    <AreaPairProperties>
      <Reference name="id" type="DatabaseField" refname="DE_CPI.CODCPI"/>
      <Reference name="group name" type="GroupNameField" id="0"/>
    </AreaPairProperties>

    <Area type="GroupHeader" count="1">
      <AreaProperties>
        <Attribute name="hold minimal pagefooter free" value="1"/>
      </AreaProperties>
      <Section type="GroupHeader" count="7" width="10204" height="2025" id="4">
        <SectionProperties>
          <Attribute name="hold minimal pagefooter free" value="1"/>
        </SectionProperties>
        <Element type="Line" x2_position="10200" y2_position="90" x_position="15" y_position="90" width="0" height="0">
          <LineProperties>
            <Attribute name="line width" value="40"/>
            <Attribute name="color" value="8421504"/>
          </LineProperties>
        </Element>
        <Element type="Text" count="1" x_position="120" y_position="240" width="9810" height="360">
          <CommonProperties>
            <Attribute name="horizontal align" value="2"/>
            <Attribute name="close border on page break" value="false"/>
          </CommonProperties>
          <Element type="Paragraph" count="1">
            <CommonProperties>
              <Attribute name="horizontal align" value="2"/>
            </CommonProperties>
            <Element type="FieldPart">
              <FontProperties>
                <Attribute name="font name" value="Arial"/>
                <Attribute name="font size" value="280"/>
                <Attribute name="font style" value="1"/>
              </FontProperties>
              <Reference name="field" type="DatabaseField" refname="DE_PROVINCIA.STRINTESTAZIONESTAMPA"/>
            </Element>
          </Element>
        </Element>
        <Element type="Text" count="1" x_position="120" y_position="600" width="9810" height="360">
          <CommonProperties>
            <Attribute name="horizontal align" value="2"/>
            <Attribute name="close border on page break" value="false"/>
          </CommonProperties>
          <Element type="Paragraph" count="2">
            <CommonProperties>
              <Attribute name="horizontal align" value="2"/>
            </CommonProperties>
            <Element type="TextPart">
              <FontProperties>
                <Attribute name="font name" value="Arial"/>
                <Attribute name="font size" value="285"/>
                <Attribute name="font style" value="1"/>
              </FontProperties>
            <![CDATA[Centro per l'Impiego di ]]>
            </Element>
            <Element type="FieldPart">
              <FontProperties>
                <Attribute name="font name" value="Arial"/>
                <Attribute name="font size" value="280"/>
                <Attribute name="font style" value="1"/>
              </FontProperties>
              <Reference name="field" type="DatabaseField" refname="DE_CPI.STRDESCRIZIONE"/>
            </Element>
          </Element>
        </Element>
        <Element type="FieldElement" x_position="120" y_position="1080" width="9806" height="240">
          <CommonProperties>
            <Attribute name="horizontal align" value="2"/>
            <Attribute name="close border on page break" value="false"/>
          </CommonProperties>
          <FontProperties>
            <Attribute name="font name" value="Arial"/>
            <Attribute name="font size" value="195"/>
            <Attribute name="font style" value="1"/>
          </FontProperties>
          <StringProperties>
            <Attribute name="line distance" value="0"/>
            <Attribute name="line distance normal" value="1"/>
          </StringProperties>
          <Reference name="field" type="DatabaseField" refname="DE_CPI.STRINDIRIZZO"/>
        </Element>
        <Element type="FieldElement" x_position="120" y_position="1320" width="9806" height="223">
          <CommonProperties>
            <Attribute name="horizontal align" value="2"/>
            <Attribute name="close border on page break" value="false"/>
            <Attribute name="can grow" value="true"/>
          </CommonProperties>
          <FontProperties>
            <Attribute name="font size" value="195"/>
            <Attribute name="font style" value="1"/>
          </FontProperties>
          <StringProperties>
            <Attribute name="line distance" value="0"/>
            <Attribute name="line distance normal" value="1"/>
          </StringProperties>
          <Reference name="field" type="FormulaField" refname="@tel&#38;fax"/>
        </Element>
        <Element type="FieldElement" x_position="120" y_position="1560" width="9806" height="223">
          <CommonProperties>
            <Attribute name="horizontal align" value="2"/>
            <Attribute name="close border on page break" value="false"/>
            <Attribute name="can grow" value="true"/>
          </CommonProperties>
          <FontProperties>
            <Attribute name="font size" value="195"/>
            <Attribute name="font style" value="1"/>
          </FontProperties>
          <StringProperties>
            <Attribute name="line distance" value="0"/>
            <Attribute name="line distance normal" value="1"/>
          </StringProperties>
          <Reference name="field" type="FormulaField" refname="@email"/>
        </Element>
        <Element type="Line" x2_position="10185" y2_position="1950" x_position="15" y_position="1950" width="0" height="0">
          <LineProperties>
            <Attribute name="line width" value="40"/>
            <Attribute name="color" value="8421504"/>
          </LineProperties>
        </Element>
      </Section>
    </Area>
    <Area type="GroupFooter" count="1">
      <AreaProperties>
        <Attribute name="hold minimal pagefooter free" value="1"/>
      </AreaProperties>
      <Section type="GroupFooter" count="0" width="10204" height="220" id="5">
        <SectionProperties>
          <Attribute name="hold minimal pagefooter free" value="1"/>
        </SectionProperties>
      </Section>
    </Area>
  </AreaPair>

  <AreaPair type="GroupAreaPair" id="2">
    <AreaPairProperties>
      <Reference name="id" type="DatabaseField" refname="DO_DETTAGLIOPUB_GIORNALI.NUMPRIORITA"/>
      <Reference name="group name" type="GroupNameField" id="1"/>
    </AreaPairProperties>

    <Area type="GroupHeader" count="1">
      <Section type="GroupHeader" count="0" width="10204" height="150" id="6">
      </Section>
    </Area>
    <Area type="GroupFooter" count="1">
      <Section type="GroupFooter" count="0" width="10204" height="255" id="7">
      </Section>
    </Area>
  </AreaPair>

  <AreaPair type="DetailArea" id="3">
    <Area type="Detail" count="11">
      <AreaProperties>
        <Attribute name="multiple column section" value="false"/>
        <Attribute name="hold minimal pagefooter free" value="1"/>
      </AreaProperties>
      <Section type="Detail" count="9" width="10204" height="750" id="8">
        <SectionProperties>
          <Attribute name="multiple column section" value="false"/>
          <Attribute name="hold minimal pagefooter free" value="1"/>
        </SectionProperties>
        <Element type="Text" count="1" x_position="0" y_position="225" width="480" height="285">
          <CommonProperties>
            <Attribute name="horizontal align" value="1"/>
            <Attribute name="close border on page break" value="false"/>
          </CommonProperties>
          <Element type="Paragraph" count="1">
            <CommonProperties>
              <Attribute name="horizontal align" value="1"/>
            </CommonProperties>
            <Element type="TextPart">
              <FontProperties>
                <Attribute name="font size" value="210"/>
                <Attribute name="font style" value="2"/>
              </FontProperties>
            <![CDATA[Cod.]]>
            </Element>
          </Element>
        </Element>
        <Element type="FieldElement" x_position="2130" y_position="465" width="1665" height="285">
          <CommonProperties>
            <Attribute name="horizontal align" value="1"/>
            <Attribute name="close border on page break" value="false"/>
          </CommonProperties>
          <FontProperties>
            <Attribute name="font size" value="210"/>
            <Attribute name="font style" value="2"/>
          </FontProperties>
          <DateProperties>
            <Attribute name="use system default format" value="false"/>
            <Attribute name="date windows default type" value="2"/>
            <Attribute name="date order" value="1"/>
            <Attribute name="year type" value="1"/>
            <Attribute name="date first seperator" value="/"/>
            <Attribute name="date second seperator" value="/"/>
          </DateProperties>
          <TimeProperties>
            <Attribute name="use system default format" value="false"/>
            <Attribute name="time base" value="1"/>
            <Attribute name="hour type" value="1"/>
            <Attribute name="second type" value="2"/>
            <Attribute name="minute second seperator" value=""/>
            <Attribute name="am string" value=" am"/>
            <Attribute name="pm string" value=" pm"/>
          </TimeProperties>
          <DateTimeProperties>
            <Attribute name="date time order" value="2"/>
          </DateTimeProperties>
          <Reference name="field" type="DatabaseField" refname="DO_RICHIESTA_AZ.DATSCADENZA"/>
        </Element>
        <Element type="Text" count="1" x_position="0" y_position="465" width="1440" height="285">
          <CommonProperties>
            <Attribute name="horizontal align" value="1"/>
            <Attribute name="close border on page break" value="false"/>
          </CommonProperties>
          <Element type="Paragraph" count="1">
            <CommonProperties>
              <Attribute name="horizontal align" value="1"/>
            </CommonProperties>
            <Element type="TextPart">
              <FontProperties>
                <Attribute name="font size" value="210"/>
                <Attribute name="font style" value="2"/>
              </FontProperties>
            <![CDATA[valida fino al]]>
            </Element>
          </Element>
        </Element>
        <Element type="FieldElement" x_position="5400" y_position="465" width="4800" height="285">
          <CommonProperties>
            <Attribute name="horizontal align" value="1"/>
            <Attribute name="close border on page break" value="false"/>
            <Attribute name="can grow" value="true"/>
          </CommonProperties>
          <FontProperties>
            <Attribute name="font size" value="210"/>
            <Attribute name="font style" value="1"/>
          </FontProperties>
          <StringProperties>
            <Attribute name="line distance" value="0"/>
            <Attribute name="line distance normal" value="1"/>
          </StringProperties>
          <Reference name="field" type="DatabaseField" refname="DO_RICHIESTA_AZ.STRMANSIONEPUBB"/>
        </Element>
        <Element type="FieldElement" x_position="2130" y_position="225" width="1665" height="285">
          <CommonProperties>
            <Attribute name="horizontal align" value="1"/>
            <Attribute name="close border on page break" value="false"/>
          </CommonProperties>
          <FontProperties>
            <Attribute name="font size" value="210"/>
            <Attribute name="font style" value="2"/>
          </FontProperties>
          <DateProperties>
            <Attribute name="use system default format" value="false"/>
            <Attribute name="date windows default type" value="2"/>
            <Attribute name="date order" value="1"/>
            <Attribute name="year type" value="1"/>
            <Attribute name="date first seperator" value="/"/>
            <Attribute name="date second seperator" value="/"/>
          </DateProperties>
          <TimeProperties>
            <Attribute name="use system default format" value="false"/>
            <Attribute name="time base" value="1"/>
            <Attribute name="hour type" value="1"/>
            <Attribute name="second type" value="2"/>
            <Attribute name="minute second seperator" value=""/>
            <Attribute name="am string" value=" am"/>
            <Attribute name="pm string" value=" pm"/>
          </TimeProperties>
          <DateTimeProperties>
            <Attribute name="date time order" value="2"/>
          </DateTimeProperties>
          <Reference name="field" type="DatabaseField" refname="DO_RICHIESTA_AZ.DATRICHIESTA"/>
        </Element>
        <Element type="Text" count="1" x_position="1725" y_position="225" width="345" height="285">
          <CommonProperties>
            <Attribute name="horizontal align" value="1"/>
            <Attribute name="close border on page break" value="false"/>
          </CommonProperties>
          <Element type="Paragraph" count="1">
            <CommonProperties>
              <Attribute name="horizontal align" value="1"/>
            </CommonProperties>
            <Element type="TextPart">
              <FontProperties>
                <Attribute name="font size" value="210"/>
                <Attribute name="font style" value="2"/>
              </FontProperties>
            <![CDATA[del]]>
            </Element>
          </Element>
        </Element>
        <Element type="FieldElement" x_position="630" y_position="225" width="1080" height="285">
          <CommonProperties>
            <Attribute name="horizontal align" value="1"/>
            <Attribute name="close border on page break" value="false"/>
          </CommonProperties>
          <FontProperties>
            <Attribute name="font size" value="210"/>
            <Attribute name="font style" value="2"/>
          </FontProperties>
          <StringProperties>
            <Attribute name="line distance" value="0"/>
            <Attribute name="line distance normal" value="1"/>
          </StringProperties>
          <Reference name="field" type="FormulaField" refname="@codice_offerta"/>
        </Element>
        <Element type="Text" count="1" x_position="0" y_position="0" width="735" height="285">
          <CommonProperties>
            <Attribute name="horizontal align" value="1"/>
            <Attribute name="close border on page break" value="false"/>
          </CommonProperties>
          <Element type="Paragraph" count="1">
            <CommonProperties>
              <Attribute name="horizontal align" value="1"/>
            </CommonProperties>
            <Element type="TextPart">
              <FontProperties>
                <Attribute name="font size" value="210"/>
                <Attribute name="font style" value="2"/>
              </FontProperties>
            <![CDATA[Priorità ]]>
            </Element>
          </Element>
        </Element>
        <Element type="FieldElement" x_position="915" y_position="0" width="840" height="285">
          <CommonProperties>
            <Attribute name="horizontal align" value="1"/>
            <Attribute name="close border on page break" value="false"/>
          </CommonProperties>
          <FontProperties>
            <Attribute name="font size" value="210"/>
            <Attribute name="font style" value="2"/>
          </FontProperties>
          <NumberProperties>
            <Attribute name="use system default format" value="false"/>
            <Attribute name="use thousand seperators" value="false"/>
            <Attribute name="use leading zero" value="false"/>
            <Attribute name="n decimal places" value="0"/>
            <Attribute name="rounding type" value="11"/>
            <Attribute name="thousand seperators symbol" value="."/>
            <Attribute name="decimal seperators symbol" value=","/>
            <Attribute name="currency symbol" value=""/>
          </NumberProperties>
          <Reference name="field" type="DatabaseField" refname="DO_DETTAGLIOPUB_GIORNALI.NUMPRIORITA"/>
        </Element>
      </Section>
      <Section type="Detail" count="1" width="10204" height="355" id="9">
        <SectionProperties>
          <Attribute name="multiple column section" value="false"/>
          <Attribute name="hold minimal pagefooter free" value="1"/>
        </SectionProperties>
        <Element type="Subreport" x_position="2880" y_position="0" width="7320" height="315">
          <CommonProperties>
            <Attribute name="horizontal align" value="1"/>
            <Attribute name="close border on page break" value="false"/>
          </CommonProperties>
          <BorderProperties>
            <Attribute name="left border" value="0"/>
            <Attribute name="right border" value="0"/>
            <Attribute name="bottom border" value="0"/>
            <Attribute name="top border" value="0"/>
          </BorderProperties>
          <SubreportProperties>
            <Attribute name="report id" value="1"/>
          </SubreportProperties>
          <SubreportLinks count="1">
            <SubreportLink>
              <Reference name="id" type="DatabaseField" refname="DO_RICHIESTA_AZ.PRGRICHIESTAAZ"/>
              <Attribute name="id" value="1"/>
            </SubreportLink>
          </SubreportLinks>
          <FontProperties>
            <Attribute name="font size" value="200"/>
          </FontProperties>
        </Element>
      </Section>
      <Section type="Detail" count="2" width="10204" height="285" id="10">
        <SectionProperties>
          <Attribute name="multiple column section" value="false"/>
          <Attribute name="hold minimal pagefooter free" value="1"/>
        </SectionProperties>
        <Element type="Text" count="1" x_position="0" y_position="0" width="1905" height="285">
          <CommonProperties>
            <Attribute name="horizontal align" value="1"/>
            <Attribute name="close border on page break" value="false"/>
          </CommonProperties>
          <Element type="Paragraph" count="1">
            <CommonProperties>
              <Attribute name="horizontal align" value="1"/>
            </CommonProperties>
            <Element type="TextPart">
              <FontProperties>
                <Attribute name="font size" value="210"/>
                <Attribute name="font style" value="2"/>
              </FontProperties>
            <![CDATA[Luogo di lavoro]]>
            </Element>
          </Element>
        </Element>
        <Element type="FieldElement" x_position="2310" y_position="0" width="7890" height="285">
          <CommonProperties>
            <Attribute name="horizontal align" value="1"/>
            <Attribute name="close border on page break" value="false"/>
            <Attribute name="can grow" value="true"/>
          </CommonProperties>
          <FontProperties>
            <Attribute name="font size" value="210"/>
          </FontProperties>
          <StringProperties>
            <Attribute name="line distance" value="0"/>
            <Attribute name="line distance normal" value="1"/>
          </StringProperties>
          <Reference name="field" type="DatabaseField" refname="DO_RICHIESTA_AZ.STRLUOGOLAVORO"/>
        </Element>
      </Section>
      <Section type="Detail" count="0" width="10204" height="45" id="11">
        <SectionProperties>
          <Attribute name="multiple column section" value="false"/>
        </SectionProperties>
      </Section>
      <Section type="Detail" count="2" width="10204" height="285" id="12">
        <SectionProperties>
          <Attribute name="multiple column section" value="false"/>
          <Attribute name="hold minimal pagefooter free" value="1"/>
        </SectionProperties>
        <Element type="Text" count="1" x_position="0" y_position="0" width="1920" height="285">
          <CommonProperties>
            <Attribute name="horizontal align" value="1"/>
            <Attribute name="close border on page break" value="false"/>
          </CommonProperties>
          <Element type="Paragraph" count="1">
            <CommonProperties>
              <Attribute name="horizontal align" value="1"/>
            </CommonProperties>
            <Element type="TextPart">
              <FontProperties>
                <Attribute name="font size" value="210"/>
                <Attribute name="font style" value="2"/>
              </FontProperties>
            <![CDATA[Requisiti]]>
            </Element>
          </Element>
        </Element>
        <Element type="FieldElement" x_position="2310" y_position="0" width="7890" height="285">
          <CommonProperties>
            <Attribute name="horizontal align" value="1"/>
            <Attribute name="close border on page break" value="false"/>
            <Attribute name="can grow" value="true"/>
          </CommonProperties>
          <FontProperties>
            <Attribute name="font size" value="210"/>
          </FontProperties>
          <StringProperties>
            <Attribute name="line distance" value="0"/>
            <Attribute name="line distance normal" value="1"/>
          </StringProperties>
          <Reference name="field" type="DatabaseField" refname="DO_RICHIESTA_AZ.TXTCARATTERISTFIGPROF"/>
        </Element>
      </Section>
      <Section type="Detail" count="0" width="10204" height="45" id="13">
        <SectionProperties>
          <Attribute name="multiple column section" value="false"/>
        </SectionProperties>
      </Section>
      <Section type="Detail" count="2" width="10204" height="285" id="14">
        <SectionProperties>
          <Attribute name="multiple column section" value="false"/>
          <Attribute name="hold minimal pagefooter free" value="1"/>
        </SectionProperties>
        <Element type="Text" count="1" x_position="0" y_position="0" width="1905" height="285">
          <CommonProperties>
            <Attribute name="horizontal align" value="1"/>
            <Attribute name="close border on page break" value="false"/>
          </CommonProperties>
          <Element type="Paragraph" count="1">
            <CommonProperties>
              <Attribute name="horizontal align" value="1"/>
            </CommonProperties>
            <Element type="TextPart">
              <FontProperties>
                <Attribute name="font size" value="210"/>
                <Attribute name="font style" value="2"/>
              </FontProperties>
            <![CDATA[Contratto]]>
            </Element>
          </Element>
        </Element>
        <Element type="FieldElement" x_position="2310" y_position="0" width="7890" height="285">
          <CommonProperties>
            <Attribute name="horizontal align" value="1"/>
            <Attribute name="close border on page break" value="false"/>
            <Attribute name="can grow" value="true"/>
          </CommonProperties>
          <FontProperties>
            <Attribute name="font size" value="210"/>
          </FontProperties>
          <StringProperties>
            <Attribute name="line distance" value="0"/>
            <Attribute name="line distance normal" value="1"/>
          </StringProperties>
          <Reference name="field" type="DatabaseField" refname="DO_RICHIESTA_AZ.TXTCONDCONTRATTUALE"/>
        </Element>
      </Section>
      <Section type="Detail" count="0" width="10204" height="45" id="15">
        <SectionProperties>
          <Attribute name="multiple column section" value="false"/>
        </SectionProperties>
      </Section>
      <Section type="Detail" count="2" width="10204" height="285" id="16">
        <SectionProperties>
          <Attribute name="multiple column section" value="false"/>
          <Attribute name="hold minimal pagefooter free" value="1"/>
        </SectionProperties>
        <Element type="Text" count="1" x_position="0" y_position="0" width="1920" height="285">
          <CommonProperties>
            <Attribute name="horizontal align" value="1"/>
            <Attribute name="close border on page break" value="false"/>
          </CommonProperties>
          <Element type="Paragraph" count="1">
            <CommonProperties>
              <Attribute name="horizontal align" value="1"/>
            </CommonProperties>
            <Element type="TextPart">
              <FontProperties>
                <Attribute name="font size" value="210"/>
                <Attribute name="font style" value="2"/>
              </FontProperties>
            <![CDATA[Orario]]>
            </Element>
          </Element>
        </Element>
        <Element type="FieldElement" x_position="2310" y_position="0" width="7890" height="285">
          <CommonProperties>
            <Attribute name="horizontal align" value="1"/>
            <Attribute name="close border on page break" value="false"/>
            <Attribute name="can grow" value="true"/>
          </CommonProperties>
          <FontProperties>
            <Attribute name="font name" value="Arial"/>
            <Attribute name="font size" value="210"/>
          </FontProperties>
          <StringProperties>
            <Attribute name="line distance" value="0"/>
            <Attribute name="line distance normal" value="1"/>
          </StringProperties>
          <Reference name="field" type="DatabaseField" refname="DO_RICHIESTA_AZ.STRNOTEORARIOPUBB"/>
        </Element>
      </Section>
      <Section type="Detail" count="0" width="10204" height="60" id="17">
        <SectionProperties>
          <Attribute name="multiple column section" value="false"/>
        </SectionProperties>
      </Section>
      <Section type="Detail" count="2" width="10204" height="285" id="18">
        <SectionProperties>
          <Attribute name="multiple column section" value="false"/>
          <Attribute name="hold minimal pagefooter free" value="1"/>
        </SectionProperties>
        <Element type="Text" count="1" x_position="0" y_position="0" width="1920" height="285">
          <CommonProperties>
            <Attribute name="horizontal align" value="1"/>
            <Attribute name="close border on page break" value="false"/>
          </CommonProperties>
          <Element type="Paragraph" count="1">
            <CommonProperties>
              <Attribute name="horizontal align" value="1"/>
            </CommonProperties>
            <Element type="TextPart">
              <FontProperties>
                <Attribute name="font size" value="210"/>
                <Attribute name="font style" value="2"/>
              </FontProperties>
            <![CDATA[Per candidarsi]]>
            </Element>
          </Element>
        </Element>
        <Element type="FieldElement" x_position="2310" y_position="0" width="7890" height="285">
          <CommonProperties>
            <Attribute name="horizontal align" value="1"/>
            <Attribute name="close border on page break" value="false"/>
            <Attribute name="can grow" value="true"/>
          </CommonProperties>
          <FontProperties>
            <Attribute name="font name" value="Arial"/>
            <Attribute name="font size" value="210"/>
          </FontProperties>
          <StringProperties>
            <Attribute name="line distance" value="0"/>
            <Attribute name="line distance normal" value="1"/>
          </StringProperties>
          <Reference name="field" type="DatabaseField" refname="DO_RICHIESTA_AZ.STRRIFCANDIDATURAPUBB"/>
        </Element>
      </Section>
    </Area>
  </AreaPair>

<inet:Report xmlns:inet="http://www.inetsoftware.de" major_version="10" minor_version="0" major_xml_version="6" minor_xml_version="5" count="2" id="1">
    <Datasource dll="pdsora7.dll" host="concordia:1521:orac10" schema="" catalog="" user="modenadev" password="" url="">
      <Tablesource alias="DE_MANSIONE" databaseIdentifier="DE_MANSIONE">
        <Column name="CODMANSIONE" type="11" />
        <Column name="STRDESCRIZIONE" type="11" />
        <Column name="CODPADRE" type="11" />
        <Column name="CDNLIVELLO" type="6" />
        <Column name="FLGFREQUENTE" type="11" />
        <Column name="DATINIZIOVAL" type="15" />
        <Column name="DATFINEVAL" type="15" />
      </Tablesource>
      <Tablesource alias="DO_MANSIONE" databaseIdentifier="DO_MANSIONE">
        <Column name="PRGMANSIONE" type="6" />
        <Column name="PRGRICHIESTAAZ" type="6" />
        <Column name="PRGALTERNATIVA" type="6" />
        <Column name="CODMANSIONE" type="11" />
        <Column name="FLGPUBBLICA" type="11" />
        <Column name="CODQUALIFICA" type="11" />
        <Column name="CDNUTINS" type="6" />
        <Column name="DTMINS" type="15" />
        <Column name="CDNUTMOD" type="6" />
        <Column name="DTMMOD" type="15" />
      </Tablesource>
    </Datasource>
  <Database>

    <Join from="DE_MANSIONE" to="DO_MANSIONE" type="inn">
      <Link from="CODMANSIONE" to="CODMANSIONE" type="eq"/>
    </Join>
    <QueryChanges mask="0" count="2">
      <Attribute name="queryChange" value="null"/>
      <Attribute name="queryChange" value="null"/>
    </QueryChanges>
  </Database>
  <FormulaFields count="0">
  </FormulaFields>

  <PromptFields count="1">
    <Field type="PromptVarField" valueType="6">
      <Attribute name="name" value="Pm-DO_RICHIESTA_AZ.PRGRICHIESTAAZ"/>
      <Attribute name="allow_multiple_values" value="false"/>
      <Attribute name="discrete_or_range" value="0"/>
      <Attribute name="allow editing" value="true"/>
      <Attribute name="prompt_text" value="Pm-DO_RICHIESTA_AZ.PRGRICHIESTAAZ"/>
      <Attribute name="use_range" value="false"/>
      <Attribute name="id" value="1"/>
      <PromptValueDescr count="0">
      </PromptValueDescr>
      <Attribute name="sort_type" value="0"/>
    </Field>
  </PromptFields>

  <SQLFields count="0">
  </SQLFields>

  <SummaryFields count="0">
  </SummaryFields>

  <SortFields count="0">
  </SortFields>

  <GroupNameFields count="0">
  </GroupNameFields>

  <Field type="FormulaField" id="-1" valueType="8">
    <Attribute name="name" value="Record_Selection"/>
    <Attribute name="shortName" value="Record_Selection"/>
    <Attribute name="formula type" value="1"/>
    <Attribute name="basic syntax" value="false"/>
    <![CDATA[{DO_MANSIONE.PRGRICHIESTAAZ} = {?Pm-DO_RICHIESTA_AZ.PRGRICHIESTAAZ}]]>
  </Field>
  <ReportProperties>
    <Attribute name="page width" value="11904"/>
    <Attribute name="page height" value="16836"/>
    <Attribute name="page orientation" value="0"/>
    <Attribute name="page margin left" value="240"/>
    <Attribute name="page margin right" value="240"/>
    <Attribute name="page margin top" value="283"/>
    <Attribute name="page margin bottom" value="283"/>
    <Attribute name="report title" value="mansioni"/>
    <Attribute name="report author" value=""/>
    <Attribute name="report keywords" value=""/>
    <Attribute name="report subject" value=""/>
    <Attribute name="report template" value=""/>
    <Attribute name="report comments" value=""/>
    <Attribute name="report last saved" value="8 Jan 2015 11:38:38 GMT"/>
    <Attribute name="mailing label type 1" value=""/>
    <Attribute name="mailing label type 2" value=""/>
    <Attribute name="format with multiple columns" value="false"/>
    <Attribute name="mailing label width" value="0"/>
    <Attribute name="mailing label height" value="0"/>
    <Attribute name="mailing label distance vertical" value="0"/>
    <Attribute name="mailing label distance horizontal" value="0"/>
    <Attribute name="across then down" value="false"/>
    <Attribute name="format groups with multiple columns" value="false"/>
    <Attribute name="distinct" value="false"/>
    <Attribute name="convert date time" value="2"/>
    <Attribute name="suppress if no rows" value="false"/>
    <Attribute name="convert null values to default" value="false"/>
    <Attribute name="hide PageFooter inside ReportHeader" value="false"/>
  </ReportProperties>
  <AreaPair type="ReportAreaPair" id="0">
    <Area type="ReportHeader" count="2">
      <AreaProperties>
        <Attribute name="new page before" value="true"/>
        <Attribute name="hold minimal pagefooter free" value="1"/>
      </AreaProperties>
      <Section type="ReportHeader" count="0" width="7320" height="0" id="0">
        <SectionProperties>
          <Attribute name="suppress" value="true"/>
          <Attribute name="hold minimal pagefooter free" value="1"/>
        </SectionProperties>
      </Section>
      <Section type="ReportHeader" count="0" width="7320" height="0" id="1">
        <SectionProperties>
          <Attribute name="hold minimal pagefooter free" value="1"/>
        </SectionProperties>
      </Section>
    </Area>
    <Area type="ReportFooter" count="2">
      <AreaProperties>
        <Attribute name="new page after" value="true"/>
        <Attribute name="hold minimal pagefooter free" value="1"/>
      </AreaProperties>
      <Section type="ReportFooter" count="0" width="7320" height="0" id="2">
        <SectionProperties>
          <Attribute name="suppress" value="true"/>
          <Attribute name="hold minimal pagefooter free" value="1"/>
        </SectionProperties>
      </Section>
      <Section type="ReportFooter" count="0" width="7320" height="0" id="3">
        <SectionProperties>
          <Attribute name="hold minimal pagefooter free" value="1"/>
        </SectionProperties>
      </Section>
    </Area>
  </AreaPair>

  <AreaPair type="DetailArea" id="1">
    <Area type="Detail" count="1">
      <AreaProperties>
        <Attribute name="multiple column section" value="false"/>
        <Attribute name="hold minimal pagefooter free" value="1"/>
      </AreaProperties>
      <Section type="Detail" count="3" width="7320" height="241" id="4">
        <SectionProperties>
          <Attribute name="multiple column section" value="false"/>
          <Attribute name="hold minimal pagefooter free" value="1"/>
        </SectionProperties>
        <Element type="Text" count="1" x_position="0" y_position="0" width="1590" height="225">
          <CommonProperties>
            <Attribute name="horizontal align" value="1"/>
            <Attribute name="close border on page break" value="false"/>
          </CommonProperties>
          <Element type="Paragraph" count="2">
            <CommonProperties>
              <Attribute name="horizontal align" value="1"/>
            </CommonProperties>
            <Element type="TextPart">
              <FontProperties>
                <Attribute name="font size" value="210"/>
              </FontProperties>
            <![CDATA[Qualifica ISTAT  ]]>
            </Element>
            <Element type="TextPart">
              <FontProperties>
                <Attribute name="font size" value="210"/>
              </FontProperties>
            <![CDATA[]]>
            </Element>
          </Element>
        </Element>
        <Element type="FieldElement" x_position="1560" y_position="0" width="840" height="225">
          <CommonProperties>
            <Attribute name="horizontal align" value="1"/>
            <Attribute name="close border on page break" value="false"/>
          </CommonProperties>
          <FontProperties>
            <Attribute name="font size" value="210"/>
          </FontProperties>
          <StringProperties>
            <Attribute name="line distance" value="0"/>
            <Attribute name="line distance normal" value="1"/>
          </StringProperties>
          <Reference name="field" type="DatabaseField" refname="DO_MANSIONE.CODMANSIONE"/>
        </Element>
        <Element type="FieldElement" x_position="2520" y_position="0" width="4800" height="225">
          <CommonProperties>
            <Attribute name="horizontal align" value="1"/>
            <Attribute name="close border on page break" value="false"/>
            <Attribute name="can grow" value="true"/>
          </CommonProperties>
          <FontProperties>
            <Attribute name="font size" value="210"/>
            <Attribute name="font style" value="1"/>
          </FontProperties>
          <StringProperties>
            <Attribute name="line distance" value="0"/>
            <Attribute name="line distance normal" value="1"/>
          </StringProperties>
          <Reference name="field" type="DatabaseField" refname="DE_MANSIONE.STRDESCRIZIONE"/>
        </Element>
      </Section>
    </Area>
  </AreaPair>

</inet:Report>
</inet:Report>
