<?xml version="1.0" encoding="UTF-8" standalone="yes" ?>

<inet:Report xmlns:inet="http://www.inetsoftware.de" major_version="10" minor_version="0" major_xml_version="6" minor_xml_version="5" count="4" id="0">
    <Datasource dll="pdsora7.dll" host="concordia:1521:orac10" schema="" catalog="" user="modenadev" password="" url="">
      <Tablesource alias="DO_RICHIESTA_AZ" databaseIdentifier="DO_RICHIESTA_AZ">
        <Column name="PRGRICHIESTAAZ" type="6" />
        <Column name="NUMANNO" type="6" />
        <Column name="PRGAZIENDA" type="6" />
        <Column name="NUMRICHIESTA" type="6" />
        <Column name="PRGUNITA" type="6" />
        <Column name="NUMSTORICO" type="6" />
        <Column name="CODCPI" type="11" />
        <Column name="DATRICHIESTA" type="15" />
        <Column name="PRGRICHIESTAPADRE" type="6" />
        <Column name="CODTIPORICHIESTA" type="11" />
        <Column name="FLGART16" type="11" />
        <Column name="STRSESSO" type="11" />
        <Column name="FLGPUBBLICATA" type="11" />
        <Column name="STRMOTIVSESSO" type="11" />
        <Column name="DATPUBBLICAZIONE" type="15" />
        <Column name="DATSCADENZAPUBBLICAZIONE" type="15" />
        <Column name="DATSCADENZA" type="15" />
        <Column name="NUMPROFRICHIESTI" type="6" />
        <Column name="STRLOCALITA" type="11" />
        <Column name="PRGSPI" type="6" />
        <Column name="STRCOGNOMERIFERIMENTO" type="11" />
        <Column name="STRNOMERIFERIMENTO" type="11" />
        <Column name="STRTELRIFERIMENTO" type="11" />
        <Column name="STRFAXRIFERIMENTO" type="11" />
        <Column name="STREMAILRIFERIMENTO" type="11" />
        <Column name="FLGAUTOMUNITO" type="11" />
        <Column name="FLGMILITE" type="11" />
        <Column name="FLGMOTOMUNITO" type="11" />
        <Column name="FLGVITTOALLOGGIO" type="11" />
        <Column name="CODTRASFERTA" type="11" />
        <Column name="FLGFUORISEDE" type="11" />
        <Column name="STRMANSIONEPUBB" type="11" />
        <Column name="TXTFIGURAPROFESSIONALE" type="11" />
        <Column name="TXTCARATTERISTFIGPROF" type="11" />
        <Column name="TXTCONDCONTRATTUALE" type="11" />
        <Column name="TXTNOTEOPERATORE" type="11" />
        <Column name="CODAREA" type="11" />
        <Column name="CDNUTINS" type="6" />
        <Column name="DTMINS" type="15" />
        <Column name="CDNUTMOD" type="6" />
        <Column name="DTMMOD" type="15" />
        <Column name="NUMKLORICHIESTAAZ" type="6" />
        <Column name="STRCOGNOMERIFPUBB" type="11" />
        <Column name="STRNOMERIFPUBB" type="11" />
        <Column name="STRTELRIFPUBB" type="11" />
        <Column name="STRFAXRIFPUBB" type="11" />
        <Column name="STREMAILRIFPUBB" type="11" />
        <Column name="STRDATIAZIENDAPUBB" type="11" />
        <Column name="STRFORMAZIONEPUBB" type="11" />
        <Column name="STRCONOSCENZEPUBB" type="11" />
        <Column name="STRNOTEORARIOPUBB" type="11" />
        <Column name="STRRIFCANDIDATURAPUBB" type="11" />
        <Column name="STRLUOGOLAVORO" type="11" />
        <Column name="CODQUALIFICA" type="11" />
        <Column name="CODMOTGENERE" type="11" />
        <Column name="CDNGRUPPO" type="6" />
        <Column name="NUMPOSTOAS" type="6" />
        <Column name="NUMPOSTOLSU" type="6" />
        <Column name="NUMPOSTOMILITARE" type="6" />
        <Column name="NUMPOSTOMB" type="6" />
        <Column name="FLGRIUSOGRADUATORIA" type="11" />
        <Column name="DATCHIAMATA" type="15" />
        <Column name="STRNOTAAVVISOPUBB" type="11" />
        <Column name="STRNOTAGRADDEF" type="11" />
        <Column name="STRNOTAGRADENTE" type="11" />
        <Column name="CODTIPOLSU" type="11" />
        <Column name="NUMPOSTICM" type="6" />
        <Column name="CODMONOTIPOGRAD" type="11" />
        <Column name="CODTIPOLISTA" type="11" />
        <Column name="DATCHIAMATACM" type="15" />
        <Column name="NUMANNOREDDITOCM" type="6" />
        <Column name="CODMONOCMCATEGORIA" type="11" />
        <Column name="CODMONOCMCATPUBB" type="11" />
        <Column name="FLGTURISMO" type="11" />
        <Column name="FLGVITTO" type="11" />
        <Column name="FLGSVANTAGGIATI" type="11" />
        <Column name="STRMOTSVANTAGGIATI" type="11" />
        <Column name="DATVERIFICASVAN" type="15" />
        <Column name="FLGDISNONISCR" type="11" />
        <Column name="STRMOTNONISCR" type="11" />
        <Column name="DATVERIFICADIS" type="15" />
        <Column name="CODRAPPORTOLAV" type="11" />
        <Column name="FLGNULLAOSTA" type="11" />
        <Column name="NUMRICHIESTAORIG" type="6" />
      </Tablesource>
      <Tablesource alias="DO_EVASIONE" databaseIdentifier="DO_EVASIONE">
        <Column name="PRGRICHIESTAAZ" type="6" />
        <Column name="CODEVASIONE" type="11" />
        <Column name="CDNSTATORICH" type="6" />
        <Column name="CODMONOSTATORICH" type="11" />
        <Column name="CODMOTIVOCHIUSURARICH" type="11" />
        <Column name="STRMOTVOCHIUSURA" type="11" />
        <Column name="FLGPUBBBACHECA" type="11" />
        <Column name="FLGPUBBWEB" type="11" />
        <Column name="FLGPUBBGIORNALI" type="11" />
        <Column name="CDNUTINS" type="6" />
        <Column name="DTMINS" type="15" />
        <Column name="CDNUTMOD" type="6" />
        <Column name="DTMMOD" type="15" />
        <Column name="CODESITORICHIESTA" type="11" />
        <Column name="DATCHIUSURA" type="15" />
      </Tablesource>
      <Tablesource alias="DE_CPI" databaseIdentifier="DE_CPI">
        <Column name="CODCPI" type="11" />
        <Column name="STRDESCRIZIONE" type="11" />
        <Column name="STRINDIRIZZO" type="11" />
        <Column name="STRLOCALITA" type="11" />
        <Column name="STRCAP" type="11" />
        <Column name="CODCOM" type="11" />
        <Column name="CODPROVINCIA" type="11" />
        <Column name="STRTEL" type="11" />
        <Column name="STRFAX" type="11" />
        <Column name="STREMAIL" type="11" />
        <Column name="STRORARIO" type="11" />
        <Column name="STRNOTE" type="11" />
        <Column name="DATINIZIOVAL" type="15" />
        <Column name="DATFINEVAL" type="15" />
        <Column name="NUMKLOCPI" type="6" />
        <Column name="STRRESPONSABILE" type="11" />
        <Column name="CODMONOTIPOFILE" type="11" />
        <Column name="STREMAILMIGRAZIONE" type="11" />
        <Column name="STRINDIRIZZOSTAMPA" type="11" />
        <Column name="FLGMOVORIGMIGR" type="11" />
        <Column name="STRRIFSMS" type="11" />
        <Column name="STREMAILRIFCL" type="11" />
        <Column name="STRTELRIFCL" type="11" />
        <Column name="STREMAILPORTALE" type="11" />
        <Column name="CODINTERMEDIARIOCL" type="11" />
        <Column name="CODCPIMIN" type="11" />
        <Column name="STRDESCRIZIONEMIN" type="11" />
      </Tablesource>
      <Tablesource alias="DO_APP_UTENTE" databaseIdentifier="DO_APP_UTENTE">
        <Column name="PRGAPPUTENTE" type="6" />
        <Column name="STRSESSIONE" type="11" />
        <Column name="CDNUT" type="6" />
      </Tablesource>
      <Tablesource alias="AN_UNITA_AZIENDA" databaseIdentifier="AN_UNITA_AZIENDA">
        <Column name="PRGAZIENDA" type="6" />
        <Column name="PRGUNITA" type="6" />
        <Column name="STRREA" type="11" />
        <Column name="STRINDIRIZZO" type="11" />
        <Column name="STRLOCALITA" type="11" />
        <Column name="CODCOM" type="11" />
        <Column name="STRCAP" type="11" />
        <Column name="FLGMEZZIPUB" type="11" />
        <Column name="FLGSEDE" type="11" />
        <Column name="CODAZSTATO" type="11" />
        <Column name="STRRESPONSABILE" type="11" />
        <Column name="STRREFERENTE" type="11" />
        <Column name="STRTEL" type="11" />
        <Column name="STRFAX" type="11" />
        <Column name="STREMAIL" type="11" />
        <Column name="CODATECO" type="11" />
        <Column name="DATINIZIO" type="15" />
        <Column name="DATFINE" type="15" />
        <Column name="STRNOTE" type="11" />
        <Column name="CDNUTINS" type="6" />
        <Column name="DTMINS" type="15" />
        <Column name="CDNUTMOD" type="6" />
        <Column name="DTMMOD" type="15" />
        <Column name="NUMKLOUNITAAZIENDA" type="6" />
        <Column name="FLGPROSPETTOL68" type="11" />
        <Column name="STRNUMREGISTROCOMMITT" type="11" />
        <Column name="STRNUMEROINPS" type="11" />
        <Column name="STRREPARTOINPS" type="11" />
        <Column name="STRRIFERIMENTOSARE" type="11" />
        <Column name="DATREGISTROCOMMIT" type="15" />
        <Column name="STRDENOMINAZIONE" type="11" />
        <Column name="CODCCNL" type="11" />
        <Column name="STRCFAZESTERA" type="11" />
        <Column name="STRRAGSOCAZESTERA" type="11" />
        <Column name="STRPECEMAIL" type="11" />
      </Tablesource>
      <Tablesource alias="DE_COMUNE" databaseIdentifier="DE_COMUNE">
        <Column name="CODCOM" type="11" />
        <Column name="STRDENOMINAZIONE" type="11" />
        <Column name="STRCAP" type="11" />
        <Column name="CODCPI" type="11" />
        <Column name="CODPROVINCIA" type="11" />
        <Column name="NUMMESIMOBEXCASSAMEZZ" type="6" />
        <Column name="DATINIZIOVAL" type="15" />
        <Column name="DATFINEVAL" type="15" />
        <Column name="NUMKLOCOMUNE" type="6" />
        <Column name="CODISTAT" type="11" />
        <Column name="CODCOMMONTANA" type="11" />
      </Tablesource>
      <Tablesource alias="DE_PROVINCIA" databaseIdentifier="DE_PROVINCIA">
        <Column name="CODPROVINCIA" type="11" />
        <Column name="STRDENOMINAZIONE" type="11" />
        <Column name="STRTARGA" type="11" />
        <Column name="STRISTAT" type="11" />
        <Column name="CODREGIONE" type="11" />
        <Column name="DATINIZIOVAL" type="15" />
        <Column name="DATFINEVAL" type="15" />
        <Column name="NUMKLOPROVINCIA" type="6" />
        <Column name="STRDIRCOORDINATORE" type="11" />
        <Column name="STRRESPONSABILEUO" type="11" />
        <Column name="STRINDIRIZZOPOLO" type="11" />
        <Column name="CODCPICAPOLUOGO" type="11" />
        <Column name="CODMIN" type="11" />
        <Column name="STRINTESTAZIONESTAMPA" type="11" />
      </Tablesource>
    </Datasource>
  <Database>

    <Join from="DO_APP_UTENTE" to="DO_RICHIESTA_AZ" type="inn">
      <Link from="CDNUT" to="CDNUTINS" type="eq"/>
    </Join>

    <Join from="DO_RICHIESTA_AZ" to="DO_EVASIONE" type="inn">
      <Link from="PRGRICHIESTAAZ" to="PRGRICHIESTAAZ" type="eq"/>
    </Join>

    <Join from="DO_RICHIESTA_AZ" to="DE_CPI" type="inn">
      <Link from="CODCPI" to="CODCPI" type="eq"/>
    </Join>

    <Join from="DO_RICHIESTA_AZ" to="AN_UNITA_AZIENDA" type="inn">
      <Link from="PRGAZIENDA" to="PRGAZIENDA" type="eq"/>
      <Link from="PRGUNITA" to="PRGUNITA" type="eq"/>
    </Join>

    <Join from="DE_CPI" to="DE_PROVINCIA" type="inn">
      <Link from="CODPROVINCIA" to="CODPROVINCIA" type="eq"/>
    </Join>

    <Join from="AN_UNITA_AZIENDA" to="DE_COMUNE" type="inn">
      <Link from="CODCOM" to="CODCOM" type="eq"/>
    </Join>
    <QueryChanges mask="0" count="2">
      <Attribute name="queryChange" value="null"/>
      <Attribute name="queryChange" value="null"/>
    </QueryChanges>
  </Database>
  <FormulaFields count="4">
    <Field type="FormulaField" valueType="11">
      <Attribute name="name" value="tel&#38;fax"/>
      <Attribute name="shortName" value="tel&#38;fax"/>
      <Attribute name="formula type" value="0"/>
      <Attribute name="basic syntax" value="false"/>
      <![CDATA["tel.: "+{DE_CPI.STRTEL}+"    fax: "+{DE_CPI.STRFAX}]]>
    </Field>
    <Field type="FormulaField" valueType="11">
      <Attribute name="name" value="email"/>
      <Attribute name="shortName" value="email"/>
      <Attribute name="formula type" value="0"/>
      <Attribute name="basic syntax" value="false"/>
      <![CDATA[if (not IsNull({DE_CPI.STREMAIL})) then " e-mail: "+{DE_CPI.STREMAIL}

else "";]]>
    </Field>
    <Field type="FormulaField" valueType="11">
      <Attribute name="name" value="codiceRich"/>
      <Attribute name="shortName" value="codiceRich"/>
      <Attribute name="formula type" value="0"/>
      <Attribute name="basic syntax" value="false"/>
      <![CDATA[Local StringVar prg:= "";

if (isNull({DO_RICHIESTA_AZ.NUMRICHIESTAORIG})) then
  prg:=Cstr({DO_RICHIESTA_AZ.NUMRICHIESTA})
else
  prg:=Cstr({DO_RICHIESTA_AZ.NUMRICHIESTAORIG});
  
Local StringVar prg1:=Left(prg,InstrRev(prg,',')-1);

prg1]]>
    </Field>
    <Field type="FormulaField" valueType="11">
      <Attribute name="name" value="intestazione"/>
      <Attribute name="shortName" value="intestazione"/>
      <Attribute name="formula type" value="0"/>
      <Attribute name="basic syntax" value="false"/>
      <![CDATA['Cod. ' +  {@codiceRich} + ' / ' +  cstr({DO_RICHIESTA_AZ.NUMANNO}) + '  valida fino al ' + 
CStr( {DO_RICHIESTA_AZ.DATSCADENZA}  ,'dd/MM/yyyy')]]>
    </Field>
  </FormulaFields>

  <PromptFields count="7">
    <Field type="PromptVarField" valueType="11">
      <Attribute name="name" value="pDatPubblicazioneDal"/>
      <Attribute name="allow_multiple_values" value="false"/>
      <Attribute name="discrete_or_range" value="0"/>
      <Attribute name="allow editing" value="true"/>
      <Attribute name="prompt_text" value=""/>
      <Attribute name="use_range" value="false"/>
      <Attribute name="id" value="0"/>
      <PromptValueDescr count="0">
      </PromptValueDescr>
      <Attribute name="sort_type" value="0"/>
    </Field>
    <Field type="PromptVarField" valueType="11">
      <Attribute name="name" value="pDatPubblicazioneAl"/>
      <Attribute name="allow_multiple_values" value="false"/>
      <Attribute name="discrete_or_range" value="0"/>
      <Attribute name="allow editing" value="true"/>
      <Attribute name="prompt_text" value=""/>
      <Attribute name="use_range" value="false"/>
      <Attribute name="id" value="0"/>
      <PromptValueDescr count="0">
      </PromptValueDescr>
      <Attribute name="sort_type" value="0"/>
    </Field>
    <Field type="PromptVarField" valueType="11">
      <Attribute name="name" value="pNumPubblicazioneDal"/>
      <Attribute name="allow_multiple_values" value="false"/>
      <Attribute name="discrete_or_range" value="0"/>
      <Attribute name="allow editing" value="true"/>
      <Attribute name="prompt_text" value=""/>
      <Attribute name="use_range" value="false"/>
      <Attribute name="id" value="0"/>
      <PromptValueDescr count="0">
      </PromptValueDescr>
      <Attribute name="sort_type" value="0"/>
    </Field>
    <Field type="PromptVarField" valueType="11">
      <Attribute name="name" value="pNumPubblicazioneAl"/>
      <Attribute name="allow_multiple_values" value="false"/>
      <Attribute name="discrete_or_range" value="0"/>
      <Attribute name="allow editing" value="true"/>
      <Attribute name="prompt_text" value=""/>
      <Attribute name="use_range" value="false"/>
      <Attribute name="id" value="0"/>
      <PromptValueDescr count="0">
      </PromptValueDescr>
      <Attribute name="sort_type" value="0"/>
    </Field>
    <Field type="PromptVarField" valueType="11">
      <Attribute name="name" value="pNumAnno"/>
      <Attribute name="allow_multiple_values" value="false"/>
      <Attribute name="discrete_or_range" value="0"/>
      <Attribute name="allow editing" value="true"/>
      <Attribute name="prompt_text" value=""/>
      <Attribute name="use_range" value="false"/>
      <Attribute name="id" value="0"/>
      <PromptValueDescr count="0">
      </PromptValueDescr>
      <Attribute name="sort_type" value="0"/>
    </Field>
    <Field type="PromptVarField" valueType="11">
      <Attribute name="name" value="pSessionId"/>
      <Attribute name="allow_multiple_values" value="false"/>
      <Attribute name="discrete_or_range" value="0"/>
      <Attribute name="allow editing" value="true"/>
      <Attribute name="prompt_text" value=""/>
      <Attribute name="use_range" value="false"/>
      <Attribute name="id" value="0"/>
      <PromptValueDescr count="0">
      </PromptValueDescr>
      <Attribute name="sort_type" value="0"/>
    </Field>
    <Field type="PromptVarField" valueType="6">
      <Attribute name="name" value="Pm-DO_RICHIESTA_AZ.PRGRICHIESTAAZ"/>
      <Attribute name="allow_multiple_values" value="false"/>
      <Attribute name="discrete_or_range" value="0"/>
      <Attribute name="allow editing" value="true"/>
      <Attribute name="prompt_text" value="Pm-DO_RICHIESTA_AZ.PRGRICHIESTAAZ"/>
      <Attribute name="use_range" value="false"/>
      <Attribute name="id" value="0"/>
      <PromptValueDescr count="0">
      </PromptValueDescr>
      <Attribute name="sort_type" value="0"/>
    </Field>
  </PromptFields>

  <SQLFields count="0">
  </SQLFields>

  <SummaryFields count="0">
  </SummaryFields>

  <SortFields count="0">
  </SortFields>

  <GroupNameFields count="1">
    <Field type="GroupNameField" valueType="11">
      <Attribute name="name" value=""/>
      <Attribute name="group number type" value="0"/>
      <Attribute name="group_number" value="0"/>
    </Field>
  </GroupNameFields>

  <Field type="FormulaField" id="-1" valueType="8">
    <Attribute name="name" value="Record_Selection"/>
    <Attribute name="shortName" value="Record_Selection"/>
    <Attribute name="formula type" value="1"/>
    <Attribute name="basic syntax" value="false"/>
    <![CDATA[Local StringVar strdal;

Local StringVar stral;



strdal:=Mid({?pDatPubblicazioneDal},4,2) + '/' + Left({?pDatPubblicazioneDal},2) + '/' + Right({?pDatPubblicazioneDal},4);



stral:=Mid({?pDatPubblicazioneAl},4,2) + '/' + Left({?pDatPubblicazioneAl},2) + '/' + Right({?pDatPubblicazioneAl},4);

{DO_RICHIESTA_AZ.FLGPUBBLICATA} = 'S' and

{DO_RICHIESTA_AZ.DATPUBBLICAZIONE} >= DateValue (strdal) and

{DO_RICHIESTA_AZ.DATPUBBLICAZIONE} <= DateValue (stral) and

{DO_RICHIESTA_AZ.DATPUBBLICAZIONE} <= CurrentDate AND 

{DO_RICHIESTA_AZ.DATSCADENZAPUBBLICAZIONE} >= CurrentDate and 

{DO_EVASIONE.CDNSTATORICH} <> 5 and

{DO_RICHIESTA_AZ.NUMSTORICO} = 0 and

( ( (not IsNull( {DO_RICHIESTA_AZ.NUMRICHIESTAORIG} )) and ({DO_RICHIESTA_AZ.NUMRICHIESTAORIG} >= ToNumber ({?pNumPubblicazioneDal})) ) 
or ( (IsNull( {DO_RICHIESTA_AZ.NUMRICHIESTAORIG} )) and ({DO_RICHIESTA_AZ.NUMRICHIESTA} >= ToNumber ({?pNumPubblicazioneDal})) ) 
) and

( ( (not IsNull( {DO_RICHIESTA_AZ.NUMRICHIESTAORIG} )) and ({DO_RICHIESTA_AZ.NUMRICHIESTAORIG} <= ToNumber ({?pNumPubblicazioneAl})) ) 
or ( (IsNull( {DO_RICHIESTA_AZ.NUMRICHIESTAORIG} )) and ({DO_RICHIESTA_AZ.NUMRICHIESTA} <= ToNumber ({?pNumPubblicazioneAl})) ) 
) and

( (ISNULL({?pNumAnno}))  OR ({DO_RICHIESTA_AZ.NUMANNO} = ToNumber({?pNumAnno})) )and

{DO_APP_UTENTE.STRSESSIONE} ={?pSessionId}]]>
  </Field>
  <ReportProperties>
    <Attribute name="page width" value="11904"/>
    <Attribute name="page height" value="16836"/>
    <Attribute name="page orientation" value="0"/>
    <Attribute name="page margin left" value="240"/>
    <Attribute name="page margin right" value="240"/>
    <Attribute name="page margin top" value="283"/>
    <Attribute name="page margin bottom" value="283"/>
    <Attribute name="report title" value=""/>
    <Attribute name="report author" value=""/>
    <Attribute name="report keywords" value=""/>
    <Attribute name="report subject" value=""/>
    <Attribute name="report template" value=""/>
    <Attribute name="report comments" value=""/>
    <Attribute name="report last saved" value="10 Mar 2020 09:12:18 GMT"/>
    <Attribute name="report created" value="11 Mar 2004 09:40:02 GMT"/>
    <Attribute name="mailing label type 1" value=""/>
    <Attribute name="mailing label type 2" value=""/>
    <Attribute name="format with multiple columns" value="false"/>
    <Attribute name="mailing label width" value="0"/>
    <Attribute name="mailing label height" value="0"/>
    <Attribute name="mailing label distance vertical" value="0"/>
    <Attribute name="mailing label distance horizontal" value="0"/>
    <Attribute name="across then down" value="false"/>
    <Attribute name="format groups with multiple columns" value="false"/>
    <Attribute name="distinct" value="false"/>
    <Attribute name="convert date time" value="2"/>
    <Attribute name="suppress if no rows" value="false"/>
    <Attribute name="convert null values to default" value="false"/>
    <Attribute name="hide PageFooter inside ReportHeader" value="false"/>
  </ReportProperties>
  <AreaPair type="PageAreaPair" id="0">
    <Area type="PageHeader" count="1">
      <AreaProperties>
        <Attribute name="hold minimal pagefooter free" value="1"/>
      </AreaProperties>
      <Section type="PageHeader" count="0" width="11424" height="495" id="0">
        <SectionProperties>
          <Attribute name="hold minimal pagefooter free" value="1"/>
        </SectionProperties>
      </Section>
    </Area>
    <Area type="PageFooter" count="1">
      <AreaProperties>
        <Attribute name="print at bottom of page" value="true"/>
        <Attribute name="new page after" value="true"/>
        <Attribute name="hold minimal pagefooter free" value="1"/>
      </AreaProperties>
      <Section type="PageFooter" count="1" width="11424" height="390" id="1">
        <SectionProperties>
          <Attribute name="hold minimal pagefooter free" value="1"/>
        </SectionProperties>
        <Element type="FieldElement" x_position="228" y_position="0" width="11058" height="360">
          <CommonProperties>
            <Attribute name="horizontal align" value="2"/>
            <Attribute name="close border on page break" value="false"/>
          </CommonProperties>
          <FontProperties>
            <Attribute name="font size" value="195"/>
          </FontProperties>
          <StringProperties>
            <Attribute name="line distance" value="0"/>
            <Attribute name="line distance normal" value="1"/>
          </StringProperties>
          <Reference name="field" type="SpecialVarField" id="16"/>
        </Element>
      </Section>
    </Area>
  </AreaPair>

  <AreaPair type="ReportAreaPair" id="0">
    <Area type="ReportHeader" count="1">
      <AreaProperties>
        <Attribute name="new page before" value="true"/>
        <Attribute name="hold minimal pagefooter free" value="1"/>
      </AreaProperties>
      <Section type="ReportHeader" count="3" width="11424" height="341" id="2">
        <SectionProperties>
          <Attribute name="hold minimal pagefooter free" value="1"/>
        </SectionProperties>
        <Element type="FieldElement" x_position="410" y_position="120" width="2554" height="221">
          <CommonProperties>
            <Attribute name="horizontal align" value="1"/>
            <Attribute name="close border on page break" value="false"/>
          </CommonProperties>
          <FontProperties>
            <Attribute name="font name" value="Arial"/>
            <Attribute name="font size" value="195"/>
            <Attribute name="font color" value="16777215"/>
          </FontProperties>
          <StringProperties>
            <Attribute name="line distance" value="0"/>
            <Attribute name="line distance normal" value="1"/>
          </StringProperties>
          <Reference name="field" type="PromptVarField" refname="?pSessionId"/>
        </Element>
        <Element type="FieldElement" x_position="3403" y_position="120" width="2554" height="221">
          <CommonProperties>
            <Attribute name="horizontal align" value="1"/>
            <Attribute name="close border on page break" value="false"/>
          </CommonProperties>
          <FontProperties>
            <Attribute name="font name" value="Arial"/>
            <Attribute name="font size" value="195"/>
            <Attribute name="font color" value="16777215"/>
          </FontProperties>
          <StringProperties>
            <Attribute name="line distance" value="0"/>
            <Attribute name="line distance normal" value="1"/>
          </StringProperties>
          <Reference name="field" type="PromptVarField" refname="?pDatPubblicazioneDal"/>
        </Element>
        <Element type="FieldElement" x_position="6720" y_position="120" width="2554" height="221">
          <CommonProperties>
            <Attribute name="horizontal align" value="1"/>
            <Attribute name="close border on page break" value="false"/>
          </CommonProperties>
          <FontProperties>
            <Attribute name="font name" value="Arial"/>
            <Attribute name="font size" value="195"/>
            <Attribute name="font color" value="16777215"/>
          </FontProperties>
          <StringProperties>
            <Attribute name="line distance" value="0"/>
            <Attribute name="line distance normal" value="1"/>
          </StringProperties>
          <Reference name="field" type="PromptVarField" refname="?pDatPubblicazioneAl"/>
        </Element>
      </Section>
    </Area>
    <Area type="ReportFooter" count="1">
      <AreaProperties>
        <Attribute name="new page after" value="true"/>
        <Attribute name="hold minimal pagefooter free" value="1"/>
      </AreaProperties>
      <Section type="ReportFooter" count="0" width="11424" height="330" id="3">
        <SectionProperties>
          <Attribute name="hold minimal pagefooter free" value="1"/>
        </SectionProperties>
      </Section>
    </Area>
  </AreaPair>

  <AreaPair type="GroupAreaPair" id="1">
    <AreaPairProperties>
      <Reference name="id" type="DatabaseField" refname="DO_RICHIESTA_AZ.CODCPI"/>
      <Reference name="group name" type="GroupNameField" id="0"/>
    </AreaPairProperties>

    <Area type="GroupHeader" count="2">
      <AreaProperties>
        <Attribute name="hold minimal pagefooter free" value="1"/>
      </AreaProperties>
      <Section type="GroupHeader" count="8" width="11424" height="1755" id="4">
        <SectionProperties>
          <Attribute name="hold minimal pagefooter free" value="1"/>
        </SectionProperties>
        <Element type="Line" x2_position="11400" y2_position="12" x_position="0" y_position="12" width="11400" height="0">
          <LineProperties>
            <Attribute name="line width" value="40"/>
            <Attribute name="color" value="8421504"/>
            <Attribute name="id" value="4"/>
          </LineProperties>
        </Element>
        <Element type="FieldElement" x_position="10374" y_position="1183" width="787" height="221">
          <CommonProperties>
            <Attribute name="horizontal align" value="1"/>
            <Attribute name="close border on page break" value="false"/>
          </CommonProperties>
          <FontProperties>
            <Attribute name="font name" value="Arial"/>
            <Attribute name="font size" value="195"/>
            <Attribute name="font color" value="16777215"/>
            <Attribute name="font style" value="1"/>
          </FontProperties>
          <StringProperties>
            <Attribute name="line distance" value="0"/>
            <Attribute name="line distance normal" value="1"/>
          </StringProperties>
          <Reference name="field" type="GroupNameField" id="0"/>
        </Element>
        <Element type="Picture" x_position="10089" y_position="399" width="684" height="600">
          <CommonProperties>
            <Attribute name="close border on page break" value="false"/>
          </CommonProperties>
          <PictureProperties>
            <Attribute name="id" value="1"/>
          </PictureProperties>
        </Element>
        <Element type="Text" count="1" x_position="120" y_position="120" width="9810" height="360">
          <CommonProperties>
            <Attribute name="horizontal align" value="2"/>
            <Attribute name="close border on page break" value="false"/>
          </CommonProperties>
          <Element type="Paragraph" count="1">
            <CommonProperties>
              <Attribute name="horizontal align" value="2"/>
            </CommonProperties>
            <Element type="FieldPart">
              <Reference name="field" type="DatabaseField" refname="DE_PROVINCIA.STRINTESTAZIONESTAMPA"/>
            </Element>
          </Element>
        </Element>
        <Element type="Text" count="1" x_position="120" y_position="405" width="9810" height="360">
          <CommonProperties>
            <Attribute name="horizontal align" value="2"/>
            <Attribute name="close border on page break" value="false"/>
          </CommonProperties>
          <Element type="Paragraph" count="2">
            <CommonProperties>
              <Attribute name="horizontal align" value="2"/>
            </CommonProperties>
            <Element type="TextPart">
              <FontProperties>
                <Attribute name="font name" value="Arial"/>
                <Attribute name="font size" value="280"/>
                <Attribute name="font style" value="1"/>
              </FontProperties>
            <![CDATA[Centro per l'Impiego di ]]>
            </Element>
            <Element type="FieldPart">
              <FontProperties>
                <Attribute name="font name" value="Arial"/>
                <Attribute name="font size" value="280"/>
                <Attribute name="font style" value="1"/>
              </FontProperties>
              <Reference name="field" type="DatabaseField" refname="DE_CPI.STRDESCRIZIONE"/>
            </Element>
          </Element>
        </Element>
        <Element type="FieldElement" x_position="114" y_position="804" width="9804" height="240">
          <CommonProperties>
            <Attribute name="horizontal align" value="2"/>
            <Attribute name="close border on page break" value="false"/>
          </CommonProperties>
          <FontProperties>
            <Attribute name="font name" value="Arial"/>
            <Attribute name="font size" value="195"/>
            <Attribute name="font style" value="1"/>
          </FontProperties>
          <StringProperties>
            <Attribute name="line distance" value="0"/>
            <Attribute name="line distance normal" value="1"/>
          </StringProperties>
          <Reference name="field" type="DatabaseField" refname="DE_CPI.STRINDIRIZZO"/>
        </Element>
        <Element type="FieldElement" x_position="114" y_position="1080" width="9804" height="223">
          <CommonProperties>
            <Attribute name="horizontal align" value="2"/>
            <Attribute name="close border on page break" value="false"/>
            <Attribute name="can grow" value="true"/>
          </CommonProperties>
          <FontProperties>
            <Attribute name="font size" value="195"/>
            <Attribute name="font style" value="1"/>
          </FontProperties>
          <StringProperties>
            <Attribute name="line distance" value="0"/>
            <Attribute name="line distance normal" value="1"/>
          </StringProperties>
          <Reference name="field" type="FormulaField" refname="@tel&#38;fax"/>
        </Element>
        <Element type="FieldElement" x_position="114" y_position="1365" width="9804" height="223">
          <CommonProperties>
            <Attribute name="horizontal align" value="2"/>
            <Attribute name="close border on page break" value="false"/>
            <Attribute name="can grow" value="true"/>
          </CommonProperties>
          <FontProperties>
            <Attribute name="font size" value="195"/>
            <Attribute name="font style" value="1"/>
          </FontProperties>
          <StringProperties>
            <Attribute name="line distance" value="0"/>
            <Attribute name="line distance normal" value="1"/>
          </StringProperties>
          <Reference name="field" type="FormulaField" refname="@email"/>
        </Element>
      </Section>
      <Section type="GroupHeader" count="1" width="11424" height="75" id="5">
        <SectionProperties>
          <Attribute name="hold minimal pagefooter free" value="1"/>
        </SectionProperties>
        <Element type="Line" x2_position="11423" y2_position="75" x_position="0" y_position="75" width="11423" height="0">
          <LineProperties>
            <Attribute name="line width" value="40"/>
            <Attribute name="color" value="8421504"/>
            <Attribute name="id" value="5"/>
          </LineProperties>
        </Element>
      </Section>
    </Area>
    <Area type="GroupFooter" count="1">
      <AreaProperties>
        <Attribute name="hold minimal pagefooter free" value="1"/>
      </AreaProperties>
      <Section type="GroupFooter" count="0" width="11424" height="610" id="6">
        <SectionProperties>
          <Attribute name="hold minimal pagefooter free" value="1"/>
        </SectionProperties>
      </Section>
    </Area>
  </AreaPair>

  <AreaPair type="DetailArea" id="2">
    <Area type="Detail" count="11">
      <AreaProperties>
        <Attribute name="multiple column section" value="false"/>
        <Attribute name="hold minimal pagefooter free" value="1"/>
      </AreaProperties>
      <Section type="Detail" count="1" width="11424" height="450" id="7">
        <SectionProperties>
          <Attribute name="multiple column section" value="false"/>
          <Attribute name="hold minimal pagefooter free" value="1"/>
        </SectionProperties>
        <Element type="FieldElement" x_position="450" y_position="0" width="10965" height="315">
          <CommonProperties>
            <Attribute name="horizontal align" value="1"/>
          </CommonProperties>
          <FontProperties>
            <Attribute name="font size" value="200"/>
            <Attribute name="font style" value="1"/>
          </FontProperties>
          <Reference name="field" type="FormulaField" refname="@intestazione"/>
        </Element>
      </Section>
      <Section type="Detail" count="2" width="11424" height="480" id="8">
        <SectionProperties>
          <Attribute name="multiple column section" value="false"/>
          <Attribute name="hold minimal pagefooter free" value="1"/>
        </SectionProperties>
        <Element type="Text" count="2" x_position="360" y_position="0" width="1890" height="480">
          <CommonProperties>
            <Attribute name="horizontal align" value="1"/>
            <Attribute name="close border on page break" value="false"/>
          </CommonProperties>
          <Element type="Paragraph" count="1">
            <CommonProperties>
              <Attribute name="horizontal align" value="1"/>
            </CommonProperties>
            <Element type="TextPart">
              <FontProperties>
                <Attribute name="font size" value="200"/>
                <Attribute name="font style" value="2"/>
              </FontProperties>
            <![CDATA[Azienda ]]>
            </Element>
          </Element>
          <Element type="Paragraph" count="1">
            <CommonProperties>
              <Attribute name="horizontal align" value="1"/>
            </CommonProperties>
            <Element type="TextPart">
              <FontProperties>
                <Attribute name="font size" value="200"/>
                <Attribute name="font style" value="2"/>
              </FontProperties>
            <![CDATA[Richiedente]]>
            </Element>
          </Element>
        </Element>
        <Element type="FieldElement" x_position="2280" y_position="0" width="9120" height="480">
          <CommonProperties>
            <Attribute name="horizontal align" value="1"/>
            <Attribute name="close border on page break" value="false"/>
            <Attribute name="can grow" value="true"/>
          </CommonProperties>
          <FontProperties>
            <Attribute name="font size" value="195"/>
          </FontProperties>
          <StringProperties>
            <Attribute name="line distance" value="0"/>
            <Attribute name="line distance normal" value="1"/>
          </StringProperties>
          <Reference name="field" type="DatabaseField" refname="DO_RICHIESTA_AZ.STRDATIAZIENDAPUBB"/>
        </Element>
      </Section>
      <Section type="Detail" count="2" width="11424" height="1317" id="9">
        <SectionProperties>
          <Attribute name="multiple column section" value="false"/>
          <Attribute name="hold minimal pagefooter free" value="1"/>
        </SectionProperties>
        <Element type="Text" count="1" x_position="360" y_position="0" width="1889" height="221">
          <CommonProperties>
            <Attribute name="horizontal align" value="1"/>
            <Attribute name="close border on page break" value="false"/>
          </CommonProperties>
          <Element type="Paragraph" count="1">
            <CommonProperties>
              <Attribute name="horizontal align" value="1"/>
            </CommonProperties>
            <Element type="TextPart">
              <FontProperties>
                <Attribute name="font size" value="200"/>
                <Attribute name="font style" value="2"/>
              </FontProperties>
            <![CDATA[Mansione]]>
            </Element>
          </Element>
        </Element>
        <Element type="FieldElement" x_position="2280" y_position="0" width="2554" height="1317">
          <CommonProperties>
            <Attribute name="horizontal align" value="1"/>
            <Attribute name="close border on page break" value="false"/>
            <Attribute name="can grow" value="true"/>
          </CommonProperties>
          <FontProperties>
            <Attribute name="font size" value="195"/>
            <Attribute name="font style" value="1"/>
          </FontProperties>
          <StringProperties>
            <Attribute name="line distance" value="0"/>
            <Attribute name="line distance normal" value="1"/>
          </StringProperties>
          <Reference name="field" type="DatabaseField" refname="DO_RICHIESTA_AZ.STRMANSIONEPUBB"/>
        </Element>
      </Section>
      <Section type="Detail" count="1" width="11424" height="553" id="10">
        <SectionProperties>
          <Attribute name="multiple column section" value="false"/>
          <Attribute name="hold minimal pagefooter free" value="1"/>
        </SectionProperties>
        <Element type="Subreport" x_position="2280" y_position="120" width="8904" height="308">
          <CommonProperties>
            <Attribute name="horizontal align" value="1"/>
            <Attribute name="close border on page break" value="false"/>
          </CommonProperties>
          <BorderProperties>
            <Attribute name="left border" value="0"/>
            <Attribute name="right border" value="0"/>
            <Attribute name="bottom border" value="0"/>
            <Attribute name="top border" value="0"/>
          </BorderProperties>
          <SubreportProperties>
            <Attribute name="report id" value="1"/>
          </SubreportProperties>
          <SubreportLinks count="1">
            <SubreportLink>
              <Reference name="id" type="DatabaseField" refname="DO_RICHIESTA_AZ.PRGRICHIESTAAZ"/>
              <Attribute name="id" value="1"/>
            </SubreportLink>
          </SubreportLinks>
          <FontProperties>
            <Attribute name="font size" value="200"/>
            <Attribute name="font style" value="1"/>
          </FontProperties>
        </Element>
      </Section>
      <Section type="Detail" count="2" width="11424" height="1367" id="11">
        <SectionProperties>
          <Attribute name="multiple column section" value="false"/>
          <Attribute name="hold minimal pagefooter free" value="1"/>
        </SectionProperties>
        <Element type="Text" count="2" x_position="360" y_position="50" width="1920" height="480">
          <CommonProperties>
            <Attribute name="horizontal align" value="1"/>
            <Attribute name="close border on page break" value="false"/>
          </CommonProperties>
          <Element type="Paragraph" count="1">
            <CommonProperties>
              <Attribute name="horizontal align" value="1"/>
            </CommonProperties>
            <Element type="TextPart">
              <FontProperties>
                <Attribute name="font size" value="200"/>
                <Attribute name="font style" value="2"/>
              </FontProperties>
            <![CDATA[Contenuti e ]]>
            </Element>
          </Element>
          <Element type="Paragraph" count="1">
            <CommonProperties>
              <Attribute name="horizontal align" value="1"/>
            </CommonProperties>
            <Element type="TextPart">
              <FontProperties>
                <Attribute name="font size" value="200"/>
                <Attribute name="font style" value="2"/>
              </FontProperties>
            <![CDATA[Contesto del Lavoro]]>
            </Element>
          </Element>
        </Element>
        <Element type="FieldElement" x_position="2280" y_position="50" width="9120" height="1317">
          <CommonProperties>
            <Attribute name="horizontal align" value="1"/>
            <Attribute name="close border on page break" value="false"/>
            <Attribute name="can grow" value="true"/>
          </CommonProperties>
          <FontProperties>
            <Attribute name="font size" value="195"/>
          </FontProperties>
          <StringProperties>
            <Attribute name="line distance" value="0"/>
            <Attribute name="line distance normal" value="1"/>
          </StringProperties>
          <Reference name="field" type="DatabaseField" refname="DO_RICHIESTA_AZ.TXTFIGURAPROFESSIONALE"/>
        </Element>
      </Section>
      <Section type="Detail" count="2" width="11424" height="1367" id="12">
        <SectionProperties>
          <Attribute name="multiple column section" value="false"/>
          <Attribute name="hold minimal pagefooter free" value="1"/>
        </SectionProperties>
        <Element type="Text" count="1" x_position="360" y_position="50" width="1889" height="221">
          <CommonProperties>
            <Attribute name="horizontal align" value="1"/>
            <Attribute name="close border on page break" value="false"/>
          </CommonProperties>
          <Element type="Paragraph" count="1">
            <CommonProperties>
              <Attribute name="horizontal align" value="1"/>
            </CommonProperties>
            <Element type="TextPart">
              <FontProperties>
                <Attribute name="font size" value="200"/>
                <Attribute name="font style" value="2"/>
              </FontProperties>
            <![CDATA[Luogo di lavoro]]>
            </Element>
          </Element>
        </Element>
        <Element type="FieldElement" x_position="2280" y_position="50" width="9120" height="1317">
          <CommonProperties>
            <Attribute name="horizontal align" value="1"/>
            <Attribute name="close border on page break" value="false"/>
            <Attribute name="can grow" value="true"/>
          </CommonProperties>
          <FontProperties>
            <Attribute name="font size" value="195"/>
          </FontProperties>
          <StringProperties>
            <Attribute name="line distance" value="0"/>
            <Attribute name="line distance normal" value="1"/>
          </StringProperties>
          <Reference name="field" type="DatabaseField" refname="DO_RICHIESTA_AZ.STRLUOGOLAVORO"/>
        </Element>
      </Section>
      <Section type="Detail" count="2" width="11424" height="1367" id="13">
        <SectionProperties>
          <Attribute name="multiple column section" value="false"/>
          <Attribute name="hold minimal pagefooter free" value="1"/>
        </SectionProperties>
        <Element type="Text" count="1" x_position="360" y_position="50" width="1889" height="221">
          <CommonProperties>
            <Attribute name="horizontal align" value="1"/>
            <Attribute name="close border on page break" value="false"/>
          </CommonProperties>
          <Element type="Paragraph" count="1">
            <CommonProperties>
              <Attribute name="horizontal align" value="1"/>
            </CommonProperties>
            <Element type="TextPart">
              <FontProperties>
                <Attribute name="font size" value="200"/>
                <Attribute name="font style" value="2"/>
              </FontProperties>
            <![CDATA[Formazione]]>
            </Element>
          </Element>
        </Element>
        <Element type="FieldElement" x_position="2280" y_position="50" width="9120" height="1317">
          <CommonProperties>
            <Attribute name="horizontal align" value="1"/>
            <Attribute name="close border on page break" value="false"/>
            <Attribute name="can grow" value="true"/>
          </CommonProperties>
          <FontProperties>
            <Attribute name="font size" value="195"/>
          </FontProperties>
          <StringProperties>
            <Attribute name="line distance" value="0"/>
            <Attribute name="line distance normal" value="1"/>
          </StringProperties>
          <Reference name="field" type="DatabaseField" refname="DO_RICHIESTA_AZ.STRFORMAZIONEPUBB"/>
        </Element>
      </Section>
      <Section type="Detail" count="2" width="11424" height="1370" id="14">
        <SectionProperties>
          <Attribute name="multiple column section" value="false"/>
          <Attribute name="hold minimal pagefooter free" value="1"/>
        </SectionProperties>
        <Element type="Text" count="1" x_position="360" y_position="50" width="1889" height="480">
          <CommonProperties>
            <Attribute name="horizontal align" value="1"/>
            <Attribute name="close border on page break" value="false"/>
          </CommonProperties>
          <Element type="Paragraph" count="1">
            <CommonProperties>
              <Attribute name="horizontal align" value="1"/>
            </CommonProperties>
            <Element type="TextPart">
              <FontProperties>
                <Attribute name="font size" value="200"/>
                <Attribute name="font style" value="2"/>
              </FontProperties>
            <![CDATA[Caratteristiche candidati]]>
            </Element>
          </Element>
        </Element>
        <Element type="FieldElement" x_position="2280" y_position="50" width="9120" height="1320">
          <CommonProperties>
            <Attribute name="horizontal align" value="1"/>
            <Attribute name="close border on page break" value="false"/>
            <Attribute name="can grow" value="true"/>
          </CommonProperties>
          <FontProperties>
            <Attribute name="font size" value="195"/>
          </FontProperties>
          <StringProperties>
            <Attribute name="line distance" value="0"/>
            <Attribute name="line distance normal" value="1"/>
          </StringProperties>
          <Reference name="field" type="DatabaseField" refname="DO_RICHIESTA_AZ.TXTCARATTERISTFIGPROF"/>
        </Element>
      </Section>
      <Section type="Detail" count="2" width="11424" height="1370" id="15">
        <SectionProperties>
          <Attribute name="multiple column section" value="false"/>
          <Attribute name="hold minimal pagefooter free" value="1"/>
        </SectionProperties>
        <Element type="Text" count="1" x_position="360" y_position="50" width="1889" height="221">
          <CommonProperties>
            <Attribute name="horizontal align" value="1"/>
            <Attribute name="close border on page break" value="false"/>
          </CommonProperties>
          <Element type="Paragraph" count="1">
            <CommonProperties>
              <Attribute name="horizontal align" value="1"/>
            </CommonProperties>
            <Element type="TextPart">
              <FontProperties>
                <Attribute name="font size" value="200"/>
                <Attribute name="font style" value="2"/>
              </FontProperties>
            <![CDATA[Contratto]]>
            </Element>
          </Element>
        </Element>
        <Element type="FieldElement" x_position="2280" y_position="50" width="9120" height="1320">
          <CommonProperties>
            <Attribute name="horizontal align" value="1"/>
            <Attribute name="close border on page break" value="false"/>
            <Attribute name="can grow" value="true"/>
          </CommonProperties>
          <FontProperties>
            <Attribute name="font size" value="195"/>
          </FontProperties>
          <StringProperties>
            <Attribute name="line distance" value="0"/>
            <Attribute name="line distance normal" value="1"/>
          </StringProperties>
          <Reference name="field" type="DatabaseField" refname="DO_RICHIESTA_AZ.TXTCONDCONTRATTUALE"/>
        </Element>
      </Section>
      <Section type="Detail" count="2" width="11424" height="1367" id="16">
        <SectionProperties>
          <Attribute name="multiple column section" value="false"/>
          <Attribute name="hold minimal pagefooter free" value="1"/>
        </SectionProperties>
        <Element type="Text" count="1" x_position="360" y_position="50" width="1889" height="221">
          <CommonProperties>
            <Attribute name="horizontal align" value="1"/>
            <Attribute name="close border on page break" value="false"/>
          </CommonProperties>
          <Element type="Paragraph" count="1">
            <CommonProperties>
              <Attribute name="horizontal align" value="1"/>
            </CommonProperties>
            <Element type="TextPart">
              <FontProperties>
                <Attribute name="font size" value="200"/>
                <Attribute name="font style" value="2"/>
              </FontProperties>
            <![CDATA[Orario]]>
            </Element>
          </Element>
        </Element>
        <Element type="FieldElement" x_position="2280" y_position="50" width="9120" height="1317">
          <CommonProperties>
            <Attribute name="horizontal align" value="1"/>
            <Attribute name="close border on page break" value="false"/>
            <Attribute name="can grow" value="true"/>
          </CommonProperties>
          <FontProperties>
            <Attribute name="font size" value="195"/>
          </FontProperties>
          <StringProperties>
            <Attribute name="line distance" value="0"/>
            <Attribute name="line distance normal" value="1"/>
          </StringProperties>
          <Reference name="field" type="DatabaseField" refname="DO_RICHIESTA_AZ.STRNOTEORARIOPUBB"/>
        </Element>
      </Section>
      <Section type="Detail" count="2" width="11424" height="1317" id="17">
        <SectionProperties>
          <Attribute name="multiple column section" value="false"/>
          <Attribute name="hold minimal pagefooter free" value="1"/>
        </SectionProperties>
        <Element type="Text" count="1" x_position="360" y_position="0" width="1889" height="221">
          <CommonProperties>
            <Attribute name="horizontal align" value="1"/>
            <Attribute name="close border on page break" value="false"/>
          </CommonProperties>
          <Element type="Paragraph" count="1">
            <CommonProperties>
              <Attribute name="horizontal align" value="1"/>
            </CommonProperties>
            <Element type="TextPart">
              <FontProperties>
                <Attribute name="font size" value="200"/>
                <Attribute name="font style" value="2"/>
              </FontProperties>
            <![CDATA[Per candidarsi]]>
            </Element>
          </Element>
        </Element>
        <Element type="FieldElement" x_position="2280" y_position="0" width="9120" height="1317">
          <CommonProperties>
            <Attribute name="horizontal align" value="1"/>
            <Attribute name="close border on page break" value="false"/>
            <Attribute name="can grow" value="true"/>
          </CommonProperties>
          <FontProperties>
            <Attribute name="font size" value="195"/>
          </FontProperties>
          <StringProperties>
            <Attribute name="line distance" value="0"/>
            <Attribute name="line distance normal" value="1"/>
          </StringProperties>
          <Reference name="field" type="DatabaseField" refname="DO_RICHIESTA_AZ.STRRIFCANDIDATURAPUBB"/>
        </Element>
      </Section>
    </Area>
  </AreaPair>

<Image count="1554" name="embedding 3">
<![CDATA[
66 77 18 6 0 0 0 0 0 0 54 4 0 0 40 0 0 0 18 0 0 0 22 0 0 0 1 0 8 0 0 0 0 
0 0 0 0 0 -61 14 0 0 -61 14 0 0 0 0 0 0 0 0 0 0 0 0 0 -1 16 0 16 -1 41 0 41 
-1 49 0 49 -1 57 8 57 -1 66 16 66 -1 74 24 74 -1 74 33 74 -1 82 33 82 -1 82 41 82 -1 90 49 90 
-1 99 66 99 -1 107 66 107 -1 115 74 115 -1 115 82 115 -1 123 90 -124 -1 -124 99 -124 -1 -124 99 -116 -1 -100 -124 -100 
-1 -91 -116 -91 -1 -91 -108 -91 -1 -83 -108 -83 -1 -83 -108 -75 -1 -83 -100 -75 -1 -75 -100 -75 -1 -75 -91 -75 -1 -67 -91 -67 
-1 -67 -83 -67 -1 -67 -75 -58 -1 -58 -75 -58 -1 -58 -67 -58 -1 -58 -67 -50 -1 -50 -67 -50 -1 -42 -50 -42 -1 -34 -50 -34 
-1 -25 -25 -25 -1 -25 -25 -17 -1 -17 -25 -17 -1 -17 -17 -17 -1 -17 -25 -9 -1 -17 -17 -9 -1 -9 -17 -9 -1 -9 -9 -9 
-1 -9 -9 -1 -1 -1 -1 -1 -1 -1 -1 -1 -1 -1 -1 -1 -1 -1 -1 -1 -1 -1 -1 -1 -1 -1 -1 -1 -1 -1 -1 -1 
-1 -1 -1 -1 -1 -1 -1 -1 -1 -1 -1 -1 -1 -1 -1 -1 -1 -1 -1 -1 -1 -1 -1 -1 -1 -1 -1 -1 -1 -1 -1 -1 
-1 -1 -1 -1 -1 -1 -1 -1 -1 -1 -1 -1 -1 -1 -1 -1 -1 -1 -1 -1 -1 -1 -1 -1 -1 -1 -1 -1 -1 -1 -1 -1 
-1 -1 -1 -1 -1 -1 -1 -1 -1 -1 -1 -1 -1 -1 -1 -1 -1 -1 -1 -1 -1 -1 -1 -1 -1 -1 -1 -1 -1 -1 -1 -1 
-1 -1 -1 -1 -1 -1 -1 -1 -1 -1 -1 -1 -1 -1 -1 -1 -1 -1 -1 -1 -1 -1 -1 -1 -1 -1 -1 -1 -1 -1 -1 -1 
-1 -1 -1 -1 -1 -1 -1 -1 -1 -1 -1 -1 -1 -1 -1 -1 -1 -1 -1 -1 -1 -1 -1 -1 -1 -1 -1 -1 -1 -1 -1 -1 
-1 -1 -1 -1 -1 -1 -1 -1 -1 -1 -1 -1 -1 -1 -1 -1 -1 -1 -1 -1 -1 -1 -1 -1 -1 -1 -1 -1 -1 -1 -1 -1 
-1 -1 -1 -1 -1 -1 -1 -1 -1 -1 -1 -1 -1 -1 -1 -1 -1 -1 -1 -1 -1 -1 -1 -1 -1 -1 -1 -1 -1 -1 -1 -1 
-1 -1 -1 -1 -1 -1 -1 -1 -1 -1 -1 -1 -1 -1 -1 -1 -1 -1 -1 -1 -1 -1 -1 -1 -1 -1 -1 -1 -1 -1 -1 -1 
-1 -1 -1 -1 -1 -1 -1 -1 -1 -1 -1 -1 -1 -1 -1 -1 -1 -1 -1 -1 -1 -1 -1 -1 -1 -1 -1 -1 -1 -1 -1 -1 
-1 -1 -1 -1 -1 -1 -1 -1 -1 -1 -1 -1 -1 -1 -1 -1 -1 -1 -1 -1 -1 -1 -1 -1 -1 -1 -1 -1 -1 -1 -1 -1 
-1 -1 -1 -1 -1 -1 -1 -1 -1 -1 -1 -1 -1 -1 -1 -1 -1 -1 -1 -1 -1 -1 -1 -1 -1 -1 -1 -1 -1 -1 -1 -1 
-1 -1 -1 -1 -1 -1 -1 -1 -1 -1 -1 -1 -1 -1 -1 -1 -1 -1 -1 -1 -1 -1 -1 -1 -1 -1 -1 -1 -1 -1 -1 -1 
-1 -1 -1 -1 -1 -1 -1 -1 -1 -1 -1 -1 -1 -1 -1 -1 -1 -1 -1 -1 -1 -1 -1 -1 -1 -1 -1 -1 -1 -1 -1 -1 
-1 -1 -1 -1 -1 -1 -1 -1 -1 -1 -1 -1 -1 -1 -1 -1 -1 -1 -1 -1 -1 -1 -1 -1 -1 -1 -1 -1 -1 -1 -1 -1 
-1 -1 -1 -1 -1 -1 -1 -1 -1 -1 -1 -1 -1 -1 -1 -1 -1 -1 -1 -1 -1 -1 -1 -1 -1 -1 -1 -1 -1 -1 -1 -1 
-1 -1 -1 -1 -1 -1 -1 -1 -1 -1 -1 -1 -1 -1 -1 -1 -1 -1 -1 -1 -1 -1 -1 -1 -1 -1 -1 -1 -1 -1 -1 -1 
-1 -1 -1 -1 -1 -1 -1 -1 -1 -1 -1 -1 -1 -1 -1 -1 -1 -1 -1 -1 -1 -1 -1 -1 -1 -1 -1 -1 -1 -1 -1 -1 
-1 -1 -1 -1 -1 -1 -1 -1 -1 -1 -1 -1 -1 -1 -1 -1 -1 -1 -1 -1 -1 -1 -1 -1 -1 -1 -1 -1 -1 -1 -1 -1 
-1 -1 -1 -1 -1 -1 -1 -1 -1 -1 -1 -1 -1 -1 -1 -1 -1 -1 -1 -1 -1 -1 -1 -1 -1 -1 -1 -1 -1 -1 -1 -1 
-1 -1 -1 -1 -1 -1 -1 -1 -1 -1 -1 -1 -1 -1 -1 -1 -1 -1 -1 -1 -1 -1 -1 -1 -1 -1 -1 -1 -1 -1 -1 -1 
-1 -1 -1 -1 -1 -1 -1 -1 -1 -1 -1 -1 -1 -1 -1 -1 -1 -1 -1 -1 -1 -1 -1 -1 -1 -1 -1 -1 -1 -1 -1 -1 
-1 -1 -1 -1 -1 -1 -1 -1 -1 -1 -1 -1 -1 -1 -1 -1 -1 -1 -1 -1 -1 -1 -1 -1 -1 -1 -1 -1 -1 -1 -1 -1 
-1 -1 -1 -1 -1 -1 -1 -1 -1 -1 -1 -1 -1 -1 -1 -1 -1 -1 -1 -1 -1 -1 -1 -1 -1 -1 -1 -1 -1 -1 -1 -1 
-1 -1 -1 -1 -1 -1 -1 -1 -1 -1 -1 -1 -1 -1 -1 -1 -1 -1 -1 -1 -1 -1 -1 -1 -1 -1 -1 -1 -1 -1 -1 -1 
-1 -1 -1 -1 -1 -1 -1 -1 -1 -1 -1 -1 -1 -1 -1 -1 -1 -1 -1 -1 -1 -1 -1 -1 -1 -1 -1 -1 -1 -1 -1 -1 
-1 -1 -1 -1 -1 -1 -1 -1 -1 -1 -1 -1 -1 -1 -1 -1 -1 -1 -1 -1 -1 44 44 44 44 44 44 44 44 44 44 44 
44 44 44 44 44 44 44 0 0 44 44 29 14 33 44 25 25 25 44 3 12 24 37 25 9 18 35 0 0 44 44 10 
20 18 41 35 26 3 2 5 14 25 35 41 9 24 16 0 0 44 44 44 0 35 44 29 25 14 5 5 10 25 37 42 
9 18 44 0 0 44 44 1 19 13 44 4 44 12 5 4 11 24 38 3 10 44 7 0 0 44 44 44 44 44 44 44 
44 33 26 44 44 44 44 44 44 42 44 0 0 44 44 44 44 44 44 21 15 21 43 16 17 30 44 44 44 44 44 0 
0 44 44 44 44 44 32 35 44 43 43 43 44 21 36 44 44 44 44 0 0 44 44 44 44 29 40 43 43 43 43 43 
43 43 28 43 44 44 44 0 0 44 44 44 44 7 43 43 43 43 43 43 43 43 44 2 44 44 44 0 0 44 44 44 
44 9 43 43 43 43 43 43 43 43 44 4 44 44 44 0 0 44 44 44 44 9 43 43 43 43 43 43 43 43 44 4 
44 44 44 0 0 44 44 44 44 9 43 43 43 43 43 43 43 43 44 4 44 44 44 0 0 44 44 44 44 9 43 43 
43 43 43 43 43 43 44 4 44 44 44 0 0 44 44 44 44 9 43 43 43 43 43 43 43 43 44 4 44 44 44 0 
0 44 44 44 44 9 43 43 43 43 43 43 43 43 44 4 44 44 44 0 0 44 44 44 44 9 43 43 43 43 43 43 
43 43 44 4 44 44 44 0 0 44 44 44 44 9 43 43 43 43 43 43 43 43 44 4 44 44 44 0 0 44 44 44 
44 9 43 43 43 43 43 43 43 43 44 4 44 44 44 0 0 44 44 44 44 9 43 43 43 43 43 43 43 43 44 4 
44 44 44 0 0 44 44 44 44 9 43 43 43 43 43 43 43 43 44 4 44 44 44 0 0 44 44 44 44 9 43 43 
43 43 43 43 43 43 43 4 44 44 44 0 0 0 0 0 0 0 0 0 0 0 0 0 0 0 0 0 0 0 0 0 
0 0 0 0 0 0 0 0 0 0 0 0 0 0 0 0 0 
]]>
</Image>
<Image count="1554" name="embedding 1">
<![CDATA[
66 77 90 -127 0 0 0 0 0 0 54 4 0 0 40 0 0 0 18 0 0 0 22 0 0 0 1 0 8 0 0 0 0 
0 0 0 0 0 -61 14 0 0 -61 14 0 0 0 0 0 0 0 0 0 0 0 0 0 -1 16 0 16 -1 41 0 41 
-1 49 0 49 -1 57 8 57 -1 66 16 66 -1 74 24 74 -1 74 33 74 -1 82 33 82 -1 82 41 82 -1 90 49 90 
-1 99 66 99 -1 107 66 107 -1 115 74 115 -1 115 82 115 -1 123 90 -124 -1 -124 99 -124 -1 -124 99 -116 -1 -100 -124 -100 
-1 -91 -116 -91 -1 -91 -108 -91 -1 -83 -108 -83 -1 -83 -108 -75 -1 -83 -100 -75 -1 -75 -100 -75 -1 -75 -91 -75 -1 -67 -91 -67 
-1 -67 -83 -67 -1 -67 -75 -58 -1 -58 -75 -58 -1 -58 -67 -58 -1 -58 -67 -50 -1 -50 -67 -50 -1 -42 -50 -42 -1 -34 -50 -34 
-1 -25 -25 -25 -1 -25 -25 -17 -1 -17 -25 -17 -1 -17 -17 -17 -1 -17 -25 -9 -1 -17 -17 -9 -1 -9 -17 -9 -1 -9 -9 -9 
-1 -9 -9 -1 -1 -1 -1 -1 -1 -1 -1 -1 -1 -1 -1 -1 -1 -1 -1 -1 -1 -1 -1 -1 -1 -1 -1 -1 -1 -1 -1 -1 
-1 -1 -1 -1 -1 -1 -1 -1 -1 -1 -1 -1 -1 -1 -1 -1 -1 -1 -1 -1 -1 -1 -1 -1 -1 -1 -1 -1 -1 -1 -1 -1 
-1 -1 -1 -1 -1 -1 -1 -1 -1 -1 -1 -1 -1 -1 -1 -1 -1 -1 -1 -1 -1 -1 -1 -1 -1 -1 -1 -1 -1 -1 -1 -1 
-1 -1 -1 -1 -1 -1 -1 -1 -1 -1 -1 -1 -1 -1 -1 -1 -1 -1 -1 -1 -1 -1 -1 -1 -1 -1 -1 -1 -1 -1 -1 -1 
-1 -1 -1 -1 -1 -1 -1 -1 -1 -1 -1 -1 -1 -1 -1 -1 -1 -1 -1 -1 -1 -1 -1 -1 -1 -1 -1 -1 -1 -1 -1 -1 
-1 -1 -1 -1 -1 -1 -1 -1 -1 -1 -1 -1 -1 -1 -1 -1 -1 -1 -1 -1 -1 -1 -1 -1 -1 -1 -1 -1 -1 -1 -1 -1 
-1 -1 -1 -1 -1 -1 -1 -1 -1 -1 -1 -1 -1 -1 -1 -1 -1 -1 -1 -1 -1 -1 -1 -1 -1 -1 -1 -1 -1 -1 -1 -1 
-1 -1 -1 -1 -1 -1 -1 -1 -1 -1 -1 -1 -1 -1 -1 -1 -1 -1 -1 -1 -1 -1 -1 -1 -1 -1 -1 -1 -1 -1 -1 -1 
-1 -1 -1 -1 -1 -1 -1 -1 -1 -1 -1 -1 -1 -1 -1 -1 -1 -1 -1 -1 -1 -1 -1 -1 -1 -1 -1 -1 -1 -1 -1 -1 
-1 -1 -1 -1 -1 -1 -1 -1 -1 -1 -1 -1 -1 -1 -1 -1 -1 -1 -1 -1 -1 -1 -1 -1 -1 -1 -1 -1 -1 -1 -1 -1 
-1 -1 -1 -1 -1 -1 -1 -1 -1 -1 -1 -1 -1 -1 -1 -1 -1 -1 -1 -1 -1 -1 -1 -1 -1 -1 -1 -1 -1 -1 -1 -1 
-1 -1 -1 -1 -1 -1 -1 -1 -1 -1 -1 -1 -1 -1 -1 -1 -1 -1 -1 -1 -1 -1 -1 -1 -1 -1 -1 -1 -1 -1 -1 -1 
-1 -1 -1 -1 -1 -1 -1 -1 -1 -1 -1 -1 -1 -1 -1 -1 -1 -1 -1 -1 -1 -1 -1 -1 -1 -1 -1 -1 -1 -1 -1 -1 
-1 -1 -1 -1 -1 -1 -1 -1 -1 -1 -1 -1 -1 -1 -1 -1 -1 -1 -1 -1 -1 -1 -1 -1 -1 -1 -1 -1 -1 -1 -1 -1 
-1 -1 -1 -1 -1 -1 -1 -1 -1 -1 -1 -1 -1 -1 -1 -1 -1 -1 -1 -1 -1 -1 -1 -1 -1 -1 -1 -1 -1 -1 -1 -1 
-1 -1 -1 -1 -1 -1 -1 -1 -1 -1 -1 -1 -1 -1 -1 -1 -1 -1 -1 -1 -1 -1 -1 -1 -1 -1 -1 -1 -1 -1 -1 -1 
-1 -1 -1 -1 -1 -1 -1 -1 -1 -1 -1 -1 -1 -1 -1 -1 -1 -1 -1 -1 -1 -1 -1 -1 -1 -1 -1 -1 -1 -1 -1 -1 
-1 -1 -1 -1 -1 -1 -1 -1 -1 -1 -1 -1 -1 -1 -1 -1 -1 -1 -1 -1 -1 -1 -1 -1 -1 -1 -1 -1 -1 -1 -1 -1 
-1 -1 -1 -1 -1 -1 -1 -1 -1 -1 -1 -1 -1 -1 -1 -1 -1 -1 -1 -1 -1 -1 -1 -1 -1 -1 -1 -1 -1 -1 -1 -1 
-1 -1 -1 -1 -1 -1 -1 -1 -1 -1 -1 -1 -1 -1 -1 -1 -1 -1 -1 -1 -1 -1 -1 -1 -1 -1 -1 -1 -1 -1 -1 -1 
-1 -1 -1 -1 -1 -1 -1 -1 -1 -1 -1 -1 -1 -1 -1 -1 -1 -1 -1 -1 -1 -1 -1 -1 -1 -1 -1 -1 -1 -1 -1 -1 
-1 -1 -1 -1 -1 -1 -1 -1 -1 -1 -1 -1 -1 -1 -1 -1 -1 -1 -1 -1 -1 -1 -1 -1 -1 -1 -1 -1 -1 -1 -1 -1 
-1 -1 -1 -1 -1 -1 -1 -1 -1 -1 -1 -1 -1 -1 -1 -1 -1 -1 -1 -1 -1 -1 -1 -1 -1 -1 -1 -1 -1 -1 -1 -1 
-1 -1 -1 -1 -1 -1 -1 -1 -1 -1 -1 -1 -1 -1 -1 -1 -1 -1 -1 -1 -1 -1 -1 -1 -1 -1 -1 -1 -1 -1 -1 -1 
-1 -1 -1 -1 -1 -1 -1 -1 -1 -1 -1 -1 -1 -1 -1 -1 -1 -1 -1 -1 -1 -1 -1 -1 -1 -1 -1 -1 -1 -1 -1 -1 
-1 -1 -1 -1 -1 -1 -1 -1 -1 -1 -1 -1 -1 -1 -1 -1 -1 -1 -1 -1 -1 -1 -1 -1 -1 -1 -1 -1 -1 -1 -1 -1 
-1 -1 -1 -1 -1 -1 -1 -1 -1 -1 -1 -1 -1 -1 -1 -1 -1 -1 -1 -1 -1 44 44 44 44 44 44 44 44 44 44 44 
44 44 44 44 44 44 44 0 0 44 44 29 14 33 44 25 25 25 44 3 12 24 37 25 9 18 35 0 0 44 44 10 
20 18 41 35 26 3 2 5 14 25 35 41 9 24 16 0 0 44 44 44 0 35 44 29 25 14 5 5 10 25 37 42 
9 18 44 0 0 44 44 1 19 13 44 4 44 12 5 4 11 24 38 3 10 44 7 0 0 44 44 44 44 44 44 44 
44 33 26 44 44 44 44 44 44 42 44 0 0 44 44 44 44 44 44 21 15 21 43 16 17 30 44 44 44 44 44 0 
0 44 44 44 44 44 32 35 44 43 43 43 44 21 36 44 44 44 44 0 0 44 44 44 44 29 40 43 43 43 43 43 
43 43 28 43 44 44 44 0 0 44 44 44 44 7 43 43 43 43 43 43 43 43 44 2 44 44 44 0 0 44 44 44 
44 9 43 43 43 43 43 43 43 43 44 4 44 44 44 0 0 44 44 44 44 9 43 43 43 43 43 43 43 43 44 4 
44 44 44 0 0 44 44 44 44 9 43 43 43 43 43 43 43 43 44 4 44 44 44 0 0 44 44 44 44 9 43 43 
43 43 43 43 43 43 44 4 44 44 44 0 0 44 44 44 44 9 43 43 43 43 43 43 43 43 44 4 44 44 44 0 
0 44 44 44 44 9 43 43 43 43 43 43 43 43 44 4 44 44 44 0 0 44 44 44 44 9 43 43 43 43 43 43 
43 43 44 4 44 44 44 0 0 44 44 44 44 9 43 43 43 43 43 43 43 43 44 4 44 44 44 0 0 44 44 44 
44 9 43 43 43 43 43 43 43 43 44 4 44 44 44 0 0 44 44 44 44 9 43 43 43 43 43 43 43 43 44 4 
44 44 44 0 0 44 44 44 44 9 43 43 43 43 43 43 43 43 44 4 44 44 44 0 0 44 44 44 44 9 43 43 
43 43 43 43 43 43 43 4 44 44 44 0 0 0 0 0 0 0 0 0 0 0 0 0 0 0 0 0 0 0 0 0 
0 0 0 0 0 0 0 0 0 0 0 0 0 0 0 0 0 
]]>
</Image>
<inet:Report xmlns:inet="http://www.inetsoftware.de" major_version="10" minor_version="0" major_xml_version="6" minor_xml_version="5" count="2" id="1">
    <Datasource dll="pdsora7.dll" host="concordia:1521:orac10" schema="" catalog="" user="modenadev" password="" url="">
      <Tablesource alias="DE_MANSIONE" databaseIdentifier="DE_MANSIONE">
        <Column name="CODMANSIONE" type="11" />
        <Column name="STRDESCRIZIONE" type="11" />
        <Column name="CODPADRE" type="11" />
        <Column name="CDNLIVELLO" type="6" />
        <Column name="FLGFREQUENTE" type="11" />
        <Column name="DATINIZIOVAL" type="15" />
        <Column name="DATFINEVAL" type="15" />
      </Tablesource>
      <Tablesource alias="DO_MANSIONE" databaseIdentifier="DO_MANSIONE">
        <Column name="PRGMANSIONE" type="6" />
        <Column name="PRGRICHIESTAAZ" type="6" />
        <Column name="PRGALTERNATIVA" type="6" />
        <Column name="CODMANSIONE" type="11" />
        <Column name="FLGPUBBLICA" type="11" />
        <Column name="CODQUALIFICA" type="11" />
        <Column name="CDNUTINS" type="6" />
        <Column name="DTMINS" type="15" />
        <Column name="CDNUTMOD" type="6" />
        <Column name="DTMMOD" type="15" />
      </Tablesource>
    </Datasource>
  <Database>

    <Join from="DE_MANSIONE" to="DO_MANSIONE" type="inn">
      <Link from="CODMANSIONE" to="CODMANSIONE" type="eq"/>
    </Join>
    <QueryChanges mask="0" count="2">
      <Attribute name="queryChange" value="null"/>
      <Attribute name="queryChange" value="null"/>
    </QueryChanges>
  </Database>
  <FormulaFields count="0">
  </FormulaFields>

  <PromptFields count="1">
    <Field type="PromptVarField" valueType="6">
      <Attribute name="name" value="Pm-DO_RICHIESTA_AZ.PRGRICHIESTAAZ"/>
      <Attribute name="allow_multiple_values" value="false"/>
      <Attribute name="discrete_or_range" value="0"/>
      <Attribute name="allow editing" value="true"/>
      <Attribute name="prompt_text" value="Pm-DO_RICHIESTA_AZ.PRGRICHIESTAAZ"/>
      <Attribute name="use_range" value="false"/>
      <Attribute name="id" value="1"/>
      <PromptValueDescr count="0">
      </PromptValueDescr>
      <Attribute name="sort_type" value="0"/>
    </Field>
  </PromptFields>

  <SQLFields count="0">
  </SQLFields>

  <SummaryFields count="0">
  </SummaryFields>

  <SortFields count="0">
  </SortFields>

  <GroupNameFields count="0">
  </GroupNameFields>

  <Field type="FormulaField" id="-1" valueType="8">
    <Attribute name="name" value="Record_Selection"/>
    <Attribute name="shortName" value="Record_Selection"/>
    <Attribute name="formula type" value="1"/>
    <Attribute name="basic syntax" value="false"/>
    <![CDATA[{DO_MANSIONE.PRGALTERNATIVA} = 1.00 and

{DO_MANSIONE.PRGRICHIESTAAZ} = {?Pm-DO_RICHIESTA_AZ.PRGRICHIESTAAZ}]]>
  </Field>
  <ReportProperties>
    <Attribute name="page width" value="11904"/>
    <Attribute name="page height" value="16836"/>
    <Attribute name="page orientation" value="0"/>
    <Attribute name="page margin left" value="240"/>
    <Attribute name="page margin right" value="240"/>
    <Attribute name="page margin top" value="283"/>
    <Attribute name="page margin bottom" value="283"/>
    <Attribute name="report title" value="rifMansione"/>
    <Attribute name="report author" value=""/>
    <Attribute name="report keywords" value=""/>
    <Attribute name="report subject" value=""/>
    <Attribute name="report template" value=""/>
    <Attribute name="report comments" value=""/>
    <Attribute name="report last saved" value="10 Mar 2020 09:12:18 GMT"/>
    <Attribute name="mailing label type 1" value=""/>
    <Attribute name="mailing label type 2" value=""/>
    <Attribute name="format with multiple columns" value="false"/>
    <Attribute name="mailing label width" value="0"/>
    <Attribute name="mailing label height" value="0"/>
    <Attribute name="mailing label distance vertical" value="0"/>
    <Attribute name="mailing label distance horizontal" value="0"/>
    <Attribute name="across then down" value="false"/>
    <Attribute name="format groups with multiple columns" value="false"/>
    <Attribute name="distinct" value="false"/>
    <Attribute name="convert date time" value="2"/>
    <Attribute name="suppress if no rows" value="false"/>
    <Attribute name="convert null values to default" value="false"/>
    <Attribute name="hide PageFooter inside ReportHeader" value="false"/>
  </ReportProperties>
  <AreaPair type="ReportAreaPair" id="0">
    <Area type="ReportHeader" count="2">
      <AreaProperties>
        <Attribute name="new page before" value="true"/>
        <Attribute name="hold minimal pagefooter free" value="1"/>
      </AreaProperties>
      <Section type="ReportHeader" count="0" width="8904" height="0" id="0">
        <SectionProperties>
          <Attribute name="suppress" value="true"/>
          <Attribute name="hold minimal pagefooter free" value="1"/>
        </SectionProperties>
      </Section>
      <Section type="ReportHeader" count="0" width="8904" height="0" id="1">
        <SectionProperties>
          <Attribute name="hold minimal pagefooter free" value="1"/>
        </SectionProperties>
      </Section>
    </Area>
    <Area type="ReportFooter" count="2">
      <AreaProperties>
        <Attribute name="new page after" value="true"/>
        <Attribute name="hold minimal pagefooter free" value="1"/>
      </AreaProperties>
      <Section type="ReportFooter" count="0" width="8904" height="0" id="2">
        <SectionProperties>
          <Attribute name="suppress" value="true"/>
          <Attribute name="hold minimal pagefooter free" value="1"/>
        </SectionProperties>
      </Section>
      <Section type="ReportFooter" count="0" width="8904" height="0" id="3">
        <SectionProperties>
          <Attribute name="hold minimal pagefooter free" value="1"/>
        </SectionProperties>
      </Section>
    </Area>
  </AreaPair>

  <AreaPair type="DetailArea" id="1">
    <Area type="Detail" count="1">
      <AreaProperties>
        <Attribute name="multiple column section" value="false"/>
        <Attribute name="hold minimal pagefooter free" value="1"/>
      </AreaProperties>
      <Section type="Detail" count="1" width="8904" height="221" id="4">
        <SectionProperties>
          <Attribute name="multiple column section" value="false"/>
          <Attribute name="hold minimal pagefooter free" value="1"/>
        </SectionProperties>
        <Element type="Text" count="1" x_position="0" y_position="0" width="8580" height="221">
          <CommonProperties>
            <Attribute name="horizontal align" value="1"/>
            <Attribute name="close border on page break" value="false"/>
            <Attribute name="can grow" value="true"/>
          </CommonProperties>
          <Element type="Paragraph" count="3">
            <CommonProperties>
              <Attribute name="horizontal align" value="1"/>
            </CommonProperties>
            <Element type="TextPart">
              <FontProperties>
                <Attribute name="font size" value="160"/>
              </FontProperties>
            <![CDATA[Rif. Qualifica ISTAT  ]]>
            </Element>
            <Element type="FieldPart">
              <FontProperties>
                <Attribute name="font size" value="160"/>
              </FontProperties>
              <Reference name="field" type="DatabaseField" refname="DE_MANSIONE.CODMANSIONE"/>
            </Element>
            <Element type="FieldPart">
              <FontProperties>
                <Attribute name="font size" value="160"/>
              </FontProperties>
              <Reference name="field" type="DatabaseField" refname="DE_MANSIONE.STRDESCRIZIONE"/>
            </Element>
          </Element>
        </Element>
      </Section>
    </Area>
  </AreaPair>

</inet:Report>
</inet:Report>
