<?xml version="1.0" encoding="UTF-8" standalone="yes" ?>

<inet:Report xmlns:inet="http://www.inetsoftware.de" major_version="10" minor_version="0" major_xml_version="1" minor_xml_version="1" count="3" id="0">
  <Database host="sil2" user="sil_tutto" dll="pdsora7.dll" type="0">
    <SqlSource name="DO_RICHIESTA_AZ">
        <Attribute name="alias" value="DO_RICHIESTA_AZ"/>
    </SqlSource>
    <SqlSource name="AN_AZIENDA">
        <Attribute name="alias" value="AN_AZIENDA"/>
    </SqlSource>
    <SqlSource name="AN_UNITA_AZIENDA">
        <Attribute name="alias" value="AN_UNITA_AZIENDA"/>
    </SqlSource>
    <ColumnNames name="DO_RICHIESTA_AZ" count="38">
        <Attribute name="columnName" value="PRGRICHIESTAAZ"/>
        <Attribute name="type" value="6"/>
        <Attribute name="columnName" value="PRGAZIENDA"/>
        <Attribute name="type" value="6"/>
        <Attribute name="columnName" value="PRGUNITA"/>
        <Attribute name="type" value="6"/>
        <Attribute name="columnName" value="CODCPI"/>
        <Attribute name="type" value="11"/>
        <Attribute name="columnName" value="DATRICHIESTA"/>
        <Attribute name="type" value="15"/>
        <Attribute name="columnName" value="PRGRICHIESTAPADRE"/>
        <Attribute name="type" value="6"/>
        <Attribute name="columnName" value="CODTIPORICHIESTA"/>
        <Attribute name="type" value="11"/>
        <Attribute name="columnName" value="FLGART16"/>
        <Attribute name="type" value="11"/>
        <Attribute name="columnName" value="STRSESSO"/>
        <Attribute name="type" value="11"/>
        <Attribute name="columnName" value="FLGPUBBLICATA"/>
        <Attribute name="type" value="11"/>
        <Attribute name="columnName" value="STRMOTIVSESSO"/>
        <Attribute name="type" value="11"/>
        <Attribute name="columnName" value="DATPUBBLICAZIONE"/>
        <Attribute name="type" value="15"/>
        <Attribute name="columnName" value="DATSCADENZAPUBBLICAZIONE"/>
        <Attribute name="type" value="15"/>
        <Attribute name="columnName" value="DATSCADENZA"/>
        <Attribute name="type" value="15"/>
        <Attribute name="columnName" value="NUMPROFRICHIESTI"/>
        <Attribute name="type" value="6"/>
        <Attribute name="columnName" value="STRLOCALITA"/>
        <Attribute name="type" value="11"/>
        <Attribute name="columnName" value="PRGSPI"/>
        <Attribute name="type" value="6"/>
        <Attribute name="columnName" value="STRCOGNOMERIFERIMENTO"/>
        <Attribute name="type" value="11"/>
        <Attribute name="columnName" value="STRNOMERIFERIMENTO"/>
        <Attribute name="type" value="11"/>
        <Attribute name="columnName" value="STRTELRIFERIMENTO"/>
        <Attribute name="type" value="11"/>
        <Attribute name="columnName" value="STRFAXRIFERIMENTO"/>
        <Attribute name="type" value="11"/>
        <Attribute name="columnName" value="STREMAILRIFERIMENTO"/>
        <Attribute name="type" value="11"/>
        <Attribute name="columnName" value="FLGAUTOMUNITO"/>
        <Attribute name="type" value="11"/>
        <Attribute name="columnName" value="FLGMILITE"/>
        <Attribute name="type" value="11"/>
        <Attribute name="columnName" value="FLGMOTOMUNITO"/>
        <Attribute name="type" value="11"/>
        <Attribute name="columnName" value="FLGVITTOALLOGGIO"/>
        <Attribute name="type" value="11"/>
        <Attribute name="columnName" value="CODTRASFERTA"/>
        <Attribute name="type" value="11"/>
        <Attribute name="columnName" value="FLGFUORISEDE"/>
        <Attribute name="type" value="11"/>
        <Attribute name="columnName" value="TXTFIGURAPROFESSIONALE"/>
        <Attribute name="type" value="11"/>
        <Attribute name="columnName" value="TXTCARATTERISTFIGPROF"/>
        <Attribute name="type" value="11"/>
        <Attribute name="columnName" value="TXTCONDCONTRATTUALE"/>
        <Attribute name="type" value="11"/>
        <Attribute name="columnName" value="TXTNOTEOPERATORE"/>
        <Attribute name="type" value="11"/>
        <Attribute name="columnName" value="CODAREA"/>
        <Attribute name="type" value="11"/>
        <Attribute name="columnName" value="CDNUTINS"/>
        <Attribute name="type" value="6"/>
        <Attribute name="columnName" value="DTMINS"/>
        <Attribute name="type" value="15"/>
        <Attribute name="columnName" value="CDNUTMOD"/>
        <Attribute name="type" value="6"/>
        <Attribute name="columnName" value="DTMMOD"/>
        <Attribute name="type" value="15"/>
        <Attribute name="columnName" value="NUMKLORICHIESTAAZ"/>
        <Attribute name="type" value="6"/>
    </ColumnNames>
    <ColumnNames name="AN_AZIENDA" count="23">
        <Attribute name="columnName" value="PRGAZIENDA"/>
        <Attribute name="type" value="6"/>
        <Attribute name="columnName" value="STRCODICEFISCALE"/>
        <Attribute name="type" value="11"/>
        <Attribute name="columnName" value="STRPARTITAIVA"/>
        <Attribute name="type" value="11"/>
        <Attribute name="columnName" value="STRRAGIONESOCIALE"/>
        <Attribute name="type" value="11"/>
        <Attribute name="columnName" value="CODNATGIURIDICA"/>
        <Attribute name="type" value="11"/>
        <Attribute name="columnName" value="CODTIPOAZIENDA"/>
        <Attribute name="type" value="11"/>
        <Attribute name="columnName" value="STRSITOINTERNET"/>
        <Attribute name="type" value="11"/>
        <Attribute name="columnName" value="CODATECO"/>
        <Attribute name="type" value="11"/>
        <Attribute name="columnName" value="STRDESCATTIVITA"/>
        <Attribute name="type" value="11"/>
        <Attribute name="columnName" value="CODCCNL"/>
        <Attribute name="type" value="11"/>
        <Attribute name="columnName" value="NUMSOCI"/>
        <Attribute name="type" value="6"/>
        <Attribute name="columnName" value="NUMDIPENDENTI"/>
        <Attribute name="type" value="6"/>
        <Attribute name="columnName" value="NUMCOLLABORATORI"/>
        <Attribute name="type" value="6"/>
        <Attribute name="columnName" value="NUMALTRAPOSIZIONE"/>
        <Attribute name="type" value="6"/>
        <Attribute name="columnName" value="STRREA"/>
        <Attribute name="type" value="11"/>
        <Attribute name="columnName" value="DATINIZIO"/>
        <Attribute name="type" value="15"/>
        <Attribute name="columnName" value="DATFINE"/>
        <Attribute name="type" value="15"/>
        <Attribute name="columnName" value="STRNOTE"/>
        <Attribute name="type" value="11"/>
        <Attribute name="columnName" value="CDNUTINS"/>
        <Attribute name="type" value="6"/>
        <Attribute name="columnName" value="DTMINS"/>
        <Attribute name="type" value="15"/>
        <Attribute name="columnName" value="CDNUTMOD"/>
        <Attribute name="type" value="6"/>
        <Attribute name="columnName" value="DTMMOD"/>
        <Attribute name="type" value="15"/>
        <Attribute name="columnName" value="NUMKLOAZIENDA"/>
        <Attribute name="type" value="6"/>
    </ColumnNames>
    <ColumnNames name="AN_UNITA_AZIENDA" count="23">
        <Attribute name="columnName" value="PRGAZIENDA"/>
        <Attribute name="type" value="6"/>
        <Attribute name="columnName" value="PRGUNITA"/>
        <Attribute name="type" value="6"/>
        <Attribute name="columnName" value="STRINDIRIZZO"/>
        <Attribute name="type" value="11"/>
        <Attribute name="columnName" value="STRLOCALITA"/>
        <Attribute name="type" value="11"/>
        <Attribute name="columnName" value="CODCOM"/>
        <Attribute name="type" value="11"/>
        <Attribute name="columnName" value="STRCAP"/>
        <Attribute name="type" value="11"/>
        <Attribute name="columnName" value="FLGMEZZIPUB"/>
        <Attribute name="type" value="11"/>
        <Attribute name="columnName" value="FLGSEDE"/>
        <Attribute name="type" value="11"/>
        <Attribute name="columnName" value="CODAZSTATO"/>
        <Attribute name="type" value="11"/>
        <Attribute name="columnName" value="STRRESPONSABILE"/>
        <Attribute name="type" value="11"/>
        <Attribute name="columnName" value="STRREFERENTE"/>
        <Attribute name="type" value="11"/>
        <Attribute name="columnName" value="STRTEL"/>
        <Attribute name="type" value="11"/>
        <Attribute name="columnName" value="STRFAX"/>
        <Attribute name="type" value="11"/>
        <Attribute name="columnName" value="STREMAIL"/>
        <Attribute name="type" value="11"/>
        <Attribute name="columnName" value="CODATECO"/>
        <Attribute name="type" value="11"/>
        <Attribute name="columnName" value="DATINIZIO"/>
        <Attribute name="type" value="15"/>
        <Attribute name="columnName" value="DATFINE"/>
        <Attribute name="type" value="15"/>
        <Attribute name="columnName" value="STRNOTE"/>
        <Attribute name="type" value="11"/>
        <Attribute name="columnName" value="CDNUTINS"/>
        <Attribute name="type" value="6"/>
        <Attribute name="columnName" value="DTMINS"/>
        <Attribute name="type" value="15"/>
        <Attribute name="columnName" value="CDNUTMOD"/>
        <Attribute name="type" value="6"/>
        <Attribute name="columnName" value="DTMMOD"/>
        <Attribute name="type" value="15"/>
        <Attribute name="columnName" value="NUMKLOUNITAAZIENDA"/>
        <Attribute name="type" value="6"/>
    </ColumnNames>
    <SqlJoin>
        <Attribute name="from_table" value="DO_RICHIESTA_AZ"/>
        <Attribute name="to_table" value="AN_UNITA_AZIENDA"/>
      <SqlJoinColumns type="from" count="2">
        <Attribute name="column" value="PRGAZIENDA"/>
        <Attribute name="column" value="PRGUNITA"/>
      </SqlJoinColumns>
      <SqlJoinColumns type="to" count="2">
        <Attribute name="column" value="PRGAZIENDA"/>
        <Attribute name="column" value="PRGUNITA"/>
      </SqlJoinColumns>
        <Attribute name="type" value="3"/>
    </SqlJoin>
    <SqlJoin>
        <Attribute name="from_table" value="AN_UNITA_AZIENDA"/>
        <Attribute name="to_table" value="AN_AZIENDA"/>
      <SqlJoinColumns type="from" count="1">
        <Attribute name="column" value="PRGAZIENDA"/>
      </SqlJoinColumns>
      <SqlJoinColumns type="to" count="1">
        <Attribute name="column" value="PRGAZIENDA"/>
      </SqlJoinColumns>
        <Attribute name="type" value="3"/>
    </SqlJoin>
    <Sprocs count="0">
    </Sprocs>
    <QueryChanges mask="0" count="2">
        <Attribute name="queryChange" value="null"/>
        <Attribute name="queryChange" value="null"/>
    </QueryChanges>
  </Database>

  <DatabaseFields count="6">
    <Field type="DatabaseField" id="0" valueType="6">
      <Attribute name="name" value="DO_RICHIESTA_AZ.PRGRICHIESTAAZ"/>
      <Attribute name="shortName" value="PRGRICHIESTAAZ"/>
      <Attribute name="operation" value="0"/>
      <Attribute name="summary_nth" value="0"/>
    </Field>
    <Field type="DatabaseField" id="1" valueType="11">
      <Attribute name="name" value="DO_RICHIESTA_AZ.FLGPUBBLICATA"/>
      <Attribute name="shortName" value="FLGPUBBLICATA"/>
      <Attribute name="operation" value="0"/>
      <Attribute name="summary_nth" value="0"/>
    </Field>
    <Field type="DatabaseField" id="2" valueType="15">
      <Attribute name="name" value="DO_RICHIESTA_AZ.DATPUBBLICAZIONE"/>
      <Attribute name="shortName" value="DATPUBBLICAZIONE"/>
      <Attribute name="operation" value="0"/>
      <Attribute name="summary_nth" value="0"/>
    </Field>
    <Field type="DatabaseField" id="3" valueType="15">
      <Attribute name="name" value="DO_RICHIESTA_AZ.DATSCADENZAPUBBLICAZIONE"/>
      <Attribute name="shortName" value="DATSCADENZAPUBBLICAZIONE"/>
      <Attribute name="operation" value="0"/>
      <Attribute name="summary_nth" value="0"/>
    </Field>
    <Field type="DatabaseField" id="4" valueType="11">
      <Attribute name="name" value="AN_AZIENDA.STRRAGIONESOCIALE"/>
      <Attribute name="shortName" value="STRRAGIONESOCIALE"/>
      <Attribute name="operation" value="0"/>
      <Attribute name="summary_nth" value="0"/>
    </Field>
    <Field type="DatabaseField" id="5" valueType="11">
      <Attribute name="name" value="AN_UNITA_AZIENDA.STRINDIRIZZO"/>
      <Attribute name="shortName" value="STRINDIRIZZO"/>
      <Attribute name="operation" value="0"/>
      <Attribute name="summary_nth" value="0"/>
    </Field>
  </DatabaseFields>

  <FormulaFields count="0">
  </FormulaFields>

  <PromptFields count="0">
  </PromptFields>

  <SummaryFields count="0">
  </SummaryFields>

  <SortFields count="0">
  </SortFields>

  <SortNFields count="0">
  </SortNFields>

  <GroupNameFields count="0">
  </GroupNameFields>

  <SQLFields count="0">
  </SQLFields>

  <ReportProperties>
    <Attribute name="page width" value="11904"/>
    <Attribute name="page height" value="16836"/>
    <Attribute name="page margin left" value="240"/>
    <Attribute name="page margin right" value="240"/>
    <Attribute name="page margin top" value="283"/>
    <Attribute name="page margin bottom" value="283"/>
    <Attribute name="report title" value=""/>
    <Attribute name="report author" value=""/>
    <Attribute name="report keywords" value=""/>
    <Attribute name="report subject" value=""/>
    <Attribute name="report template" value=""/>
    <Attribute name="report comments" value=""/>
    <Attribute name="report last saved" value="9 Mar 2004 13:31:47 GMT"/>
    <Attribute name="report created" value="9 Mar 2004 13:31:05 GMT"/>
    <Attribute name="mailing label type 1" value=""/>
    <Attribute name="mailing label type 2" value=""/>
    <Attribute name="format with multiple columns" value="false"/>
    <Attribute name="mailing label width" value="0"/>
    <Attribute name="mailing label height" value="0"/>
    <Attribute name="mailing label distance vertical" value="0"/>
    <Attribute name="mailing label distance horizontal" value="0"/>
    <Attribute name="across then down" value="false"/>
    <Attribute name="format groups with multiple columns" value="false"/>
    <Attribute name="distinct" value="false"/>
    <Attribute name="convert date time" value="2"/>
  
  
  </ReportProperties>

  <AreaPair type="PageAreaPair" id="0">
    <Area type="PageHeader" count="1">
      <AreaProperties>
        <Attribute name="drill down" value="false"/>
        <Attribute name="hold minimal pagefooter free" value="1"/>
      </AreaProperties>
      <Section type="PageHeader" count="4" width="11424" height="855" id="0">
        <SectionProperties>
          <Attribute name="drill down" value="false"/>
          <Attribute name="hold minimal pagefooter free" value="1"/>
        </SectionProperties>
        <Element type="FieldElement" count="0" x_position="2880" y_position="120" width="2554" height="221">
          <CommonProperties>
            <Attribute name="horizontal align" value="1"/>
            <Attribute name="close border on page break" value="false"/>
            <Attribute name="quick info text" value=""/>
          </CommonProperties>
          <FontProperties>
            <Attribute name="font name" value="Arial"/>
            <Attribute name="font size" value="195"/>
          </FontProperties>
          <StringProperties>
            <Attribute name="line distance" value="0"/>
            <Attribute name="line distance normal" value="1"/>
          </StringProperties>
          <Reference name="field" type="DatabaseField" id="4"/>
        </Element>
        <Element type="FieldElement" count="0" x_position="7440" y_position="120" width="1800" height="221">
          <CommonProperties>
            <Attribute name="horizontal align" value="1"/>
            <Attribute name="close border on page break" value="false"/>
            <Attribute name="quick info text" value=""/>
          </CommonProperties>
          <FontProperties>
            <Attribute name="font name" value="Arial"/>
            <Attribute name="font size" value="195"/>
          </FontProperties>
          <StringProperties>
            <Attribute name="line distance" value="0"/>
            <Attribute name="line distance normal" value="1"/>
          </StringProperties>
          <Reference name="field" type="DatabaseField" id="5"/>
        </Element>
        <Element type="Text" count="2" x_position="240" y_position="120" width="2280" height="221">
          <CommonProperties>
            <Attribute name="horizontal align" value="1"/>
            <Attribute name="close border on page break" value="false"/>
            <Attribute name="quick info text" value=""/>
          </CommonProperties>
          <FontProperties>
            <Attribute name="font name" value="Arial"/>
            <Attribute name="font size" value="200"/>
            <Attribute name="font style" value="1"/>
          </FontProperties>
          <Element type="Paragraph" count="1" x_position="0" y_position="0" width="0" height="0">
            <CommonProperties>
              <Attribute name="horizontal align" value="1"/>
            </CommonProperties>
            <Element type="TextPart" count="0" x_position="0" y_position="0" width="0" height="0">
              <FontProperties>
                <Attribute name="font name" value="Arial"/>
                <Attribute name="font size" value="200"/>
                <Attribute name="font style" value="1"/>
              </FontProperties>
            <![CDATA[RAGIONE SOCIALE:]]>
            </Element>
          </Element>
          <Element type="Paragraph" count="1" x_position="0" y_position="0" width="0" height="0">
            <CommonProperties>
              <Attribute name="horizontal align" value="1"/>
            </CommonProperties>
            <Element type="TextPart" count="0" x_position="0" y_position="0" width="0" height="0">
              <FontProperties>
                <Attribute name="font name" value="Arial"/>
                <Attribute name="font size" value="200"/>
                <Attribute name="font style" value="1"/>
              </FontProperties>
            <![CDATA[]]>
            </Element>
          </Element>
        </Element>
        <Element type="Text" count="2" x_position="5880" y_position="120" width="1200" height="221">
          <CommonProperties>
            <Attribute name="horizontal align" value="1"/>
            <Attribute name="close border on page break" value="false"/>
            <Attribute name="quick info text" value=""/>
          </CommonProperties>
          <FontProperties>
            <Attribute name="font name" value="Arial"/>
            <Attribute name="font size" value="200"/>
            <Attribute name="font style" value="1"/>
          </FontProperties>
          <Element type="Paragraph" count="1" x_position="0" y_position="0" width="0" height="0">
            <CommonProperties>
              <Attribute name="horizontal align" value="1"/>
            </CommonProperties>
            <Element type="TextPart" count="0" x_position="0" y_position="0" width="0" height="0">
              <FontProperties>
                <Attribute name="font name" value="Arial"/>
                <Attribute name="font size" value="200"/>
                <Attribute name="font style" value="1"/>
              </FontProperties>
            <![CDATA[INDIRIZZO:]]>
            </Element>
          </Element>
          <Element type="Paragraph" count="1" x_position="0" y_position="0" width="0" height="0">
            <CommonProperties>
              <Attribute name="horizontal align" value="1"/>
            </CommonProperties>
            <Element type="TextPart" count="0" x_position="0" y_position="0" width="0" height="0">
              <FontProperties>
                <Attribute name="font name" value="Arial"/>
                <Attribute name="font size" value="200"/>
                <Attribute name="font style" value="1"/>
              </FontProperties>
            <![CDATA[]]>
            </Element>
          </Element>
        </Element>
      </Section>
    </Area>
    <Area type="PageFooter" count="1">
      <AreaProperties>
        <Attribute name="drill down" value="false"/>
        <Attribute name="print at bottom of page" value="true"/>
        <Attribute name="new page after" value="true"/>
        <Attribute name="hold minimal pagefooter free" value="1"/>
      </AreaProperties>
      <Section type="PageFooter" count="0" width="11424" height="600" id="1">
        <SectionProperties>
          <Attribute name="drill down" value="false"/>
          <Attribute name="hold minimal pagefooter free" value="1"/>
        </SectionProperties>
      </Section>
    </Area>
  </AreaPair>

  <AreaPair type="ReportAreaPair" id="0">
    <Area type="ReportHeader" count="1">
      <AreaProperties>
        <Attribute name="drill down" value="false"/>
        <Attribute name="new page before" value="true"/>
        <Attribute name="keep together" value="false"/>
        <Attribute name="hold minimal pagefooter free" value="1"/>
      </AreaProperties>
      <Section type="ReportHeader" count="0" width="11424" height="600" id="2">
        <SectionProperties>
          <Attribute name="drill down" value="false"/>
          <Attribute name="hold minimal pagefooter free" value="1"/>
        </SectionProperties>
      </Section>
    </Area>
    <Area type="ReportFooter" count="1">
      <AreaProperties>
        <Attribute name="drill down" value="false"/>
        <Attribute name="new page after" value="true"/>
        <Attribute name="keep together" value="false"/>
        <Attribute name="hold minimal pagefooter free" value="1"/>
      </AreaProperties>
      <Section type="ReportFooter" count="0" width="11424" height="600" id="3">
        <SectionProperties>
          <Attribute name="drill down" value="false"/>
          <Attribute name="hold minimal pagefooter free" value="1"/>
        </SectionProperties>
      </Section>
    </Area>
  </AreaPair>

  <AreaPair type="DetailArea" id="1">
    <Area type="Detail" count="1">
      <AreaProperties>
        <Attribute name="drill down" value="false"/>
        <Attribute name="keep together" value="false"/>
        <Attribute name="hold minimal pagefooter free" value="1"/>
      </AreaProperties>
      <Section type="Detail" count="6" width="11424" height="3745" id="4">
        <SectionProperties>
          <Attribute name="drill down" value="false"/>
          <Attribute name="hold minimal pagefooter free" value="1"/>
        </SectionProperties>
        <Element type="FieldElement" count="0" x_position="2760" y_position="1440" width="1992" height="221">
          <CommonProperties>
            <Attribute name="horizontal align" value="1"/>
            <Attribute name="close border on page break" value="false"/>
            <Attribute name="quick info text" value=""/>
          </CommonProperties>
          <FontProperties>
            <Attribute name="font name" value="Arial"/>
            <Attribute name="font size" value="195"/>
          </FontProperties>
          <DateProperties>
            <Attribute name="date order" value="1"/>
            <Attribute name="year type" value="1"/>
            <Attribute name="date first seperator" value="/"/>
            <Attribute name="date second seperator" value="/"/>
          </DateProperties>
          <TimeProperties>
            <Attribute name="time base" value="1"/>
            <Attribute name="hour type" value="1"/>
            <Attribute name="hour minute seperator" value="."/>
            <Attribute name="minute second seperator" value="."/>
            <Attribute name="am string" value=""/>
            <Attribute name="pm string" value=""/>
          </TimeProperties>
          <Reference name="field" type="DatabaseField" id="2"/>
        </Element>
        <Element type="FieldElement" count="0" x_position="5160" y_position="1440" width="3074" height="221">
          <CommonProperties>
            <Attribute name="horizontal align" value="1"/>
            <Attribute name="close border on page break" value="false"/>
            <Attribute name="quick info text" value=""/>
          </CommonProperties>
          <FontProperties>
            <Attribute name="font name" value="Arial"/>
            <Attribute name="font size" value="195"/>
          </FontProperties>
          <DateProperties>
            <Attribute name="date order" value="1"/>
            <Attribute name="year type" value="1"/>
            <Attribute name="date first seperator" value="/"/>
            <Attribute name="date second seperator" value="/"/>
          </DateProperties>
          <TimeProperties>
            <Attribute name="time base" value="1"/>
            <Attribute name="hour type" value="1"/>
            <Attribute name="hour minute seperator" value="."/>
            <Attribute name="minute second seperator" value="."/>
            <Attribute name="am string" value=""/>
            <Attribute name="pm string" value=""/>
          </TimeProperties>
          <Reference name="field" type="DatabaseField" id="3"/>
        </Element>
        <Element type="FieldElement" count="0" x_position="2725" y_position="960" width="1750" height="221">
          <CommonProperties>
            <Attribute name="horizontal align" value="3"/>
            <Attribute name="close border on page break" value="false"/>
            <Attribute name="quick info text" value=""/>
          </CommonProperties>
          <FontProperties>
            <Attribute name="font name" value="Arial"/>
            <Attribute name="font size" value="195"/>
          </FontProperties>
          <NumberProperties>
            <Attribute name="currency symbol" value=""/>
          </NumberProperties>
          <Reference name="field" type="DatabaseField" id="0"/>
        </Element>
        <Element type="Text" count="2" x_position="240" y_position="960" width="1889" height="221">
          <CommonProperties>
            <Attribute name="horizontal align" value="1"/>
            <Attribute name="close border on page break" value="false"/>
            <Attribute name="quick info text" value=""/>
          </CommonProperties>
          <FontProperties>
            <Attribute name="font name" value="Arial"/>
            <Attribute name="font size" value="200"/>
          </FontProperties>
          <Element type="Paragraph" count="1" x_position="0" y_position="0" width="0" height="0">
            <CommonProperties>
              <Attribute name="horizontal align" value="1"/>
            </CommonProperties>
            <Element type="TextPart" count="0" x_position="0" y_position="0" width="0" height="0">
              <FontProperties>
                <Attribute name="font name" value="Arial"/>
                <Attribute name="font size" value="200"/>
              </FontProperties>
            <![CDATA[NUM RICHIESTA:]]>
            </Element>
          </Element>
          <Element type="Paragraph" count="1" x_position="0" y_position="0" width="0" height="0">
            <CommonProperties>
              <Attribute name="horizontal align" value="1"/>
            </CommonProperties>
            <Element type="TextPart" count="0" x_position="0" y_position="0" width="0" height="0">
              <FontProperties>
                <Attribute name="font name" value="Arial"/>
                <Attribute name="font size" value="200"/>
              </FontProperties>
            <![CDATA[]]>
            </Element>
          </Element>
        </Element>
        <Element type="FieldElement" count="0" x_position="2497" y_position="2040" width="1627" height="221">
          <CommonProperties>
            <Attribute name="horizontal align" value="1"/>
            <Attribute name="close border on page break" value="false"/>
            <Attribute name="quick info text" value=""/>
          </CommonProperties>
          <FontProperties>
            <Attribute name="font name" value="Arial"/>
            <Attribute name="font size" value="195"/>
          </FontProperties>
          <StringProperties>
            <Attribute name="line distance" value="0"/>
            <Attribute name="line distance normal" value="1"/>
          </StringProperties>
          <Reference name="field" type="DatabaseField" id="1"/>
        </Element>
        <Element type="Text" count="2" x_position="360" y_position="2040" width="1889" height="221">
          <CommonProperties>
            <Attribute name="horizontal align" value="1"/>
            <Attribute name="close border on page break" value="false"/>
            <Attribute name="quick info text" value=""/>
          </CommonProperties>
          <FontProperties>
            <Attribute name="font name" value="Arial"/>
            <Attribute name="font size" value="200"/>
          </FontProperties>
          <Element type="Paragraph" count="1" x_position="0" y_position="0" width="0" height="0">
            <CommonProperties>
              <Attribute name="horizontal align" value="1"/>
            </CommonProperties>
            <Element type="TextPart" count="0" x_position="0" y_position="0" width="0" height="0">
              <FontProperties>
                <Attribute name="font name" value="Arial"/>
                <Attribute name="font size" value="200"/>
              </FontProperties>
            <![CDATA[PUBBLICATA:]]>
            </Element>
          </Element>
          <Element type="Paragraph" count="1" x_position="0" y_position="0" width="0" height="0">
            <CommonProperties>
              <Attribute name="horizontal align" value="1"/>
            </CommonProperties>
            <Element type="TextPart" count="0" x_position="0" y_position="0" width="0" height="0">
              <FontProperties>
                <Attribute name="font name" value="Arial"/>
                <Attribute name="font size" value="200"/>
              </FontProperties>
            <![CDATA[]]>
            </Element>
          </Element>
        </Element>
      </Section>
    </Area>
  </AreaPair>

</inet:Report>
