<?xml version="1.0" encoding="UTF-8" standalone="yes" ?>

<inet:Report xmlns:inet="http://www.inetsoftware.de" major_version="10" minor_version="0" major_xml_version="6" minor_xml_version="5" count="3" id="0">
    <Datasource dll="pdsora7.dll" host="sil_america" schema="" catalog="" user="sil" password="" url="">
      <Tablesource alias="DO_RICHIESTA_AZ" databaseIdentifier="DO_RICHIESTA_AZ">
        <Column name="PRGRICHIESTAAZ" type="6" />
        <Column name="NUMANNO" type="6" />
        <Column name="PRGAZIENDA" type="6" />
        <Column name="NUMRICHIESTA" type="6" />
        <Column name="PRGUNITA" type="6" />
        <Column name="NUMSTORICO" type="6" />
        <Column name="CODCPI" type="11" />
        <Column name="DATRICHIESTA" type="15" />
        <Column name="PRGRICHIESTAPADRE" type="6" />
        <Column name="CODTIPORICHIESTA" type="11" />
        <Column name="FLGART16" type="11" />
        <Column name="STRSESSO" type="11" />
        <Column name="FLGPUBBLICATA" type="11" />
        <Column name="STRMOTIVSESSO" type="11" />
        <Column name="DATPUBBLICAZIONE" type="15" />
        <Column name="DATSCADENZAPUBBLICAZIONE" type="15" />
        <Column name="DATSCADENZA" type="15" />
        <Column name="NUMPROFRICHIESTI" type="6" />
        <Column name="STRLOCALITA" type="11" />
        <Column name="PRGSPI" type="6" />
        <Column name="STRCOGNOMERIFERIMENTO" type="11" />
        <Column name="STRNOMERIFERIMENTO" type="11" />
        <Column name="STRTELRIFERIMENTO" type="11" />
        <Column name="STRFAXRIFERIMENTO" type="11" />
        <Column name="STREMAILRIFERIMENTO" type="11" />
        <Column name="FLGAUTOMUNITO" type="11" />
        <Column name="FLGMILITE" type="11" />
        <Column name="FLGMOTOMUNITO" type="11" />
        <Column name="FLGVITTOALLOGGIO" type="11" />
        <Column name="CODTRASFERTA" type="11" />
        <Column name="FLGFUORISEDE" type="11" />
        <Column name="STRMANSIONEPUBB" type="11" />
        <Column name="TXTFIGURAPROFESSIONALE" type="11" />
        <Column name="TXTCARATTERISTFIGPROF" type="11" />
        <Column name="TXTCONDCONTRATTUALE" type="11" />
        <Column name="TXTNOTEOPERATORE" type="11" />
        <Column name="CODAREA" type="11" />
        <Column name="CDNUTINS" type="6" />
        <Column name="DTMINS" type="15" />
        <Column name="CDNUTMOD" type="6" />
        <Column name="DTMMOD" type="15" />
        <Column name="NUMKLORICHIESTAAZ" type="6" />
        <Column name="NUMRICHIESTAORIG" type="6" />
      </Tablesource>
      <Tablesource alias="DE_CPI" databaseIdentifier="DE_CPI">
        <Column name="CODCPI" type="11" />
        <Column name="STRDESCRIZIONE" type="11" />
        <Column name="STRINDIRIZZO" type="11" />
        <Column name="STRLOCALITA" type="11" />
        <Column name="STRCAP" type="11" />
        <Column name="CODCOM" type="11" />
        <Column name="CODPROVINCIA" type="11" />
        <Column name="STRTEL" type="11" />
        <Column name="STRFAX" type="11" />
        <Column name="STREMAIL" type="11" />
        <Column name="STRORARIO" type="11" />
        <Column name="STRNOTE" type="11" />
        <Column name="DATINIZIOVAL" type="15" />
        <Column name="DATFINEVAL" type="15" />
        <Column name="NUMKLOCPI" type="6" />
      </Tablesource>
      <Tablesource alias="DE_PROVINCIA" databaseIdentifier="DE_PROVINCIA">
        <Column name="CODPROVINCIA" type="11" />
        <Column name="STRDENOMINAZIONE" type="11" />
        <Column name="STRTARGA" type="11" />
        <Column name="STRISTAT" type="11" />
        <Column name="CODREGIONE" type="11" />
        <Column name="DATINIZIOVAL" type="15" />
        <Column name="DATFINEVAL" type="15" />
        <Column name="NUMKLOPROVINCIA" type="6" />
        <Column name="STRDIRCOORDINATORE" type="11" />
        <Column name="STRRESPONSABILEUO" type="11" />
        <Column name="STRINDIRIZZOPOLO" type="11" />
      </Tablesource>
      <Tablesource alias="DO_EVASIONE" databaseIdentifier="DO_EVASIONE">
        <Column name="PRGRICHIESTAAZ" type="6" />
        <Column name="CODEVASIONE" type="11" />
        <Column name="CDNSTATORICH" type="6" />
        <Column name="CODMONOSTATORICH" type="11" />
        <Column name="STRMOTVOCHIUSURA" type="11" />
        <Column name="FLGPUBBBACHECA" type="11" />
        <Column name="FLGPUBBWEB" type="11" />
        <Column name="FLGPUBBGIORNALI" type="11" />
        <Column name="CDNUTINS" type="6" />
        <Column name="DTMINS" type="15" />
        <Column name="CDNUTMOD" type="6" />
        <Column name="DTMMOD" type="15" />
      </Tablesource>
      <Tablesource alias="AN_UNITA_AZIENDA" databaseIdentifier="AN_UNITA_AZIENDA">
        <Column name="PRGAZIENDA" type="6" />
        <Column name="PRGUNITA" type="6" />
        <Column name="STRREA" type="11" />
        <Column name="STRINDIRIZZO" type="11" />
        <Column name="STRLOCALITA" type="11" />
        <Column name="CODCOM" type="11" />
        <Column name="STRCAP" type="11" />
        <Column name="FLGMEZZIPUB" type="11" />
        <Column name="FLGSEDE" type="11" />
        <Column name="CODAZSTATO" type="11" />
        <Column name="STRRESPONSABILE" type="11" />
        <Column name="STRREFERENTE" type="11" />
        <Column name="STRTEL" type="11" />
        <Column name="STRFAX" type="11" />
        <Column name="STREMAIL" type="11" />
        <Column name="CODATECO" type="11" />
        <Column name="DATINIZIO" type="15" />
        <Column name="DATFINE" type="15" />
        <Column name="STRNOTE" type="11" />
        <Column name="CDNUTINS" type="6" />
        <Column name="DTMINS" type="15" />
        <Column name="CDNUTMOD" type="6" />
        <Column name="DTMMOD" type="15" />
        <Column name="NUMKLOUNITAAZIENDA" type="6" />
        <Column name="FLGPROSPETTOL68" type="11" />
        <Column name="STRNUMREGISTROCOMMITT" type="11" />
        <Column name="STRNUMEROINPS" type="11" />
        <Column name="STRREPARTOINPS" type="11" />
        <Column name="STRRIFERIMENTOSARE" type="11" />
        <Column name="DATREGISTROCOMMIT" type="15" />
      </Tablesource>
      <Tablesource alias="DE_COMUNE" databaseIdentifier="DE_COMUNE">
        <Column name="CODCOM" type="11" />
        <Column name="STRDENOMINAZIONE" type="11" />
        <Column name="STRCAP" type="11" />
        <Column name="CODCPI" type="11" />
        <Column name="CODPROVINCIA" type="11" />
        <Column name="NUMMESIMOBEXCASSAMEZZ" type="6" />
        <Column name="DATINIZIOVAL" type="15" />
        <Column name="DATFINEVAL" type="15" />
        <Column name="NUMKLOCOMUNE" type="6" />
      </Tablesource>
    </Datasource>
  <Database>

    <Join from="DO_RICHIESTA_AZ" to="DE_CPI" type="inn">
      <Link from="CODCPI" to="CODCPI" type="eq"/>
    </Join>

    <Join from="DO_RICHIESTA_AZ" to="DO_EVASIONE" type="inn">
      <Link from="PRGRICHIESTAAZ" to="PRGRICHIESTAAZ" type="eq"/>
    </Join>

    <Join from="DO_RICHIESTA_AZ" to="AN_UNITA_AZIENDA" type="inn">
      <Link from="PRGAZIENDA" to="PRGAZIENDA" type="eq"/>
      <Link from="PRGUNITA" to="PRGUNITA" type="eq"/>
    </Join>

    <Join from="DE_CPI" to="DE_PROVINCIA" type="inn">
      <Link from="CODPROVINCIA" to="CODPROVINCIA" type="eq"/>
    </Join>

    <Join from="AN_UNITA_AZIENDA" to="DE_COMUNE" type="inn">
      <Link from="CODCOM" to="CODCOM" type="eq"/>
    </Join>
    <QueryChanges mask="0" count="2">
      <Attribute name="queryChange" value="null"/>
      <Attribute name="queryChange" value="null"/>
    </QueryChanges>
  </Database>
  <FormulaFields count="10">
    <Field type="FormulaField" valueType="11">
      <Attribute name="name" value="luogoLavoro"/>
      <Attribute name="shortName" value="luogoLavoro"/>
      <Attribute name="formula type" value="0"/>
      <Attribute name="basic syntax" value="false"/>
      <![CDATA[if IsNull({DO_RICHIESTA_AZ.STRLOCALITA})

then {DE_COMUNE.STRDENOMINAZIONE}

else

    if Length (Trim({DO_RICHIESTA_AZ.STRLOCALITA}))= 0 

    then 

        {DE_COMUNE.STRDENOMINAZIONE}

    else 

        {DO_RICHIESTA_AZ.STRLOCALITA} ]]>
    </Field>
    <Field type="FormulaField" valueType="11">
      <Attribute name="name" value="cognome_nome_rif"/>
      <Attribute name="shortName" value="cognome_nome_rif"/>
      <Attribute name="formula type" value="0"/>
      <Attribute name="basic syntax" value="false"/>
      <![CDATA[UpperCase ({DO_RICHIESTA_AZ.STRCOGNOMERIFERIMENTO}) + ' ' + UpperCase ({DO_RICHIESTA_AZ.STRNOMERIFERIMENTO})]]>
    </Field>
    <Field type="FormulaField" valueType="11">
      <Attribute name="name" value="codice_offerta"/>
      <Attribute name="shortName" value="codice_offerta"/>
      <Attribute name="formula type" value="0"/>
      <Attribute name="basic syntax" value="false"/>
      <![CDATA[Local StringVar prg:= "";
	
if (isNull({DO_RICHIESTA_AZ.NUMRICHIESTAORIG})) then
  prg:=Cstr({DO_RICHIESTA_AZ.NUMRICHIESTA})
else
  prg:=Cstr({DO_RICHIESTA_AZ.NUMRICHIESTAORIG});

Local StringVar anno:=CStr({DO_RICHIESTA_AZ.NUMANNO});

Local StringVar prg1:=Left(prg,InstrRev(prg,',')-1);

Local StringVar anno1:=Left(anno,InstrRev(anno,',')-1);

Local StringVar anno2:=Replace(anno1,'.','');


prg1 + '/' + anno2]]>
    </Field>
    <Field type="FormulaField" valueType="6">
      <Attribute name="name" value="prova"/>
      <Attribute name="shortName" value="prova"/>
      <Attribute name="formula type" value="0"/>
      <Attribute name="basic syntax" value="false"/>
      <![CDATA[if IsNull({DO_RICHIESTA_AZ.STRLOCALITA})

then "NULLO"

else

    if Length ({DO_RICHIESTA_AZ.STRLOCALITA})= 0 

    then "VERO"

    else "FALSO"]]>
    </Field>
    <Field type="FormulaField" valueType="6">
      <Attribute name="name" value="dummy"/>
      <Attribute name="shortName" value="dummy"/>
      <Attribute name="formula type" value="0"/>
      <Attribute name="basic syntax" value="false"/>
      <![CDATA[]]>
    </Field>
    <Field type="FormulaField" valueType="6">
      <Attribute name="name" value="per_candidarsi_2"/>
      <Attribute name="shortName" value="per_candidarsi_2"/>
      <Attribute name="formula type" value="0"/>
      <Attribute name="basic syntax" value="false"/>
      <![CDATA[if ( not IsNull({DO_EVASIONE.CODEVASIONE}) and ({DO_EVASIONE.CODEVASIONE}="DFA" or {DO_EVASIONE.CODEVASIONE}="DRA"))  then

     if ( not IsNull({DE_CPI.STREMAIL})) then 

         "oppure via posta elettronica a " + {DE_CPI.STREMAIL}

     else

       "Nessun riferimento"

else

      "";

]]>
    </Field>
    <Field type="FormulaField" valueType="6">
      <Attribute name="name" value="per_candidarsi_1"/>
      <Attribute name="shortName" value="per_candidarsi_1"/>
      <Attribute name="formula type" value="0"/>
      <Attribute name="basic syntax" value="false"/>
      <![CDATA[Local StringVar str := "";

if ( not IsNull({DO_EVASIONE.CODEVASIONE}) and ({DO_EVASIONE.CODEVASIONE}="DFA" or {DO_EVASIONE.CODEVASIONE}="DRA")) then

    str := str + "al CPI di " + {DE_CPI.STRDESCRIZIONE} + " via fax al numero " + {DE_CPI.STRFAX}

else ( if (not IsNull({DO_RICHIESTA_AZ.STRFAXRIFERIMENTO})) then 

           str := str + "al fax " + {DO_RICHIESTA_AZ.STRFAXRIFERIMENTO};

       if (not IsNull({DO_RICHIESTA_AZ.STREMAILRIFERIMENTO})) then 

           str := str + " o via e-mail a " + {DO_RICHIESTA_AZ.STREMAILRIFERIMENTO}

     );

str;

]]>
    </Field>
    <Field type="FormulaField" valueType="6">
      <Attribute name="name" value="per_candidarsi"/>
      <Attribute name="shortName" value="per_candidarsi"/>
      <Attribute name="formula type" value="0"/>
      <Attribute name="basic syntax" value="false"/>
      <![CDATA[if IsNull({DO_EVASIONE.CODEVASIONE})

then

    "Contattare " + {DO_RICHIESTA_AZ.STRCOGNOMERIFERIMENTO} + " " + {DO_RICHIESTA_AZ.STRNOMERIFERIMENTO} + "  al "+ {DO_RICHIESTA_AZ.STRTELRIFERIMENTO} + " oppure inviare curriculum"

else if ({DO_EVASIONE.CODEVASIONE}="DFA" or {DO_EVASIONE.CODEVASIONE}="DRA")

    then

        "Inviare curriculum vitae"

    else

        "Contattare " + {DO_RICHIESTA_AZ.STRCOGNOMERIFERIMENTO} + " " + {DO_RICHIESTA_AZ.STRNOMERIFERIMENTO} + "  al "+ {DO_RICHIESTA_AZ.STRTELRIFERIMENTO} + " oppure inviare curriculum"]]>
    </Field>
    <Field type="FormulaField" valueType="11">
      <Attribute name="name" value="contattareCPI"/>
      <Attribute name="shortName" value="contattareCPI"/>
      <Attribute name="formula type" value="0"/>
      <Attribute name="basic syntax" value="false"/>
      <![CDATA[StringVar str := "al CPI di " + {DE_CPI.STRDESCRIZIONE} + " via fax al numero " + {DE_CPI.STRFAX};

if ( not IsNull({DE_CPI.STREMAIL})) then 

         str := str + " oppure via posta elettronica a " + {DE_CPI.STREMAIL};

str;]]>
    </Field>
    <Field type="FormulaField" valueType="11">
      <Attribute name="name" value="fax&#38;mailRIF"/>
      <Attribute name="shortName" value="fax&#38;mailRIF"/>
      <Attribute name="formula type" value="0"/>
      <Attribute name="basic syntax" value="false"/>
      <![CDATA[StringVar str := "";

if (not IsNull({DO_RICHIESTA_AZ.STRFAXRIFERIMENTO})) then

     ( str := "al fax " + {DO_RICHIESTA_AZ.STRFAXRIFERIMENTO};

       if (not IsNull({DO_RICHIESTA_AZ.STREMAILRIFERIMENTO})) then 

           str := str + " o via e-mail a " + {DO_RICHIESTA_AZ.STREMAILRIFERIMENTO}

      )

else if (not IsNull({DO_RICHIESTA_AZ.STREMAILRIFERIMENTO})) then 

           str := "via e-mail a " + {DO_RICHIESTA_AZ.STREMAILRIFERIMENTO};

str;]]>
    </Field>
  </FormulaFields>

  <PromptFields count="4">
    <Field type="PromptVarField" valueType="6">
      <Attribute name="name" value="prgRichiestaAz"/>
      <Attribute name="allow_multiple_values" value="false"/>
      <Attribute name="discrete_or_range" value="0"/>
      <Attribute name="allow editing" value="true"/>
      <Attribute name="prompt_text" value=""/>
      <Attribute name="use_range" value="false"/>
      <Attribute name="id" value="0"/>
      <PromptValueDescr count="0">
      </PromptValueDescr>
      <Attribute name="sort_type" value="0"/>
    </Field>
    <Field type="PromptVarField" valueType="6">
      <Attribute name="name" value="prgRichAz"/>
      <Attribute name="allow_multiple_values" value="false"/>
      <Attribute name="discrete_or_range" value="0"/>
      <Attribute name="allow editing" value="true"/>
      <Attribute name="prompt_text" value=""/>
      <Attribute name="use_range" value="false"/>
      <Attribute name="id" value="0"/>
      <PromptValueDescr count="0">
      </PromptValueDescr>
      <Attribute name="sort_type" value="0"/>
    </Field>
    <Field type="PromptVarField" valueType="6">
      <Attribute name="name" value="prgRichAz"/>
      <Attribute name="allow_multiple_values" value="false"/>
      <Attribute name="discrete_or_range" value="0"/>
      <Attribute name="allow editing" value="true"/>
      <Attribute name="prompt_text" value=""/>
      <Attribute name="use_range" value="false"/>
      <Attribute name="id" value="0"/>
      <PromptValueDescr count="0">
      </PromptValueDescr>
      <Attribute name="sort_type" value="0"/>
    </Field>
    <Field type="PromptVarField" valueType="6">
      <Attribute name="name" value="prgRichAz"/>
      <Attribute name="allow_multiple_values" value="false"/>
      <Attribute name="discrete_or_range" value="0"/>
      <Attribute name="allow editing" value="true"/>
      <Attribute name="prompt_text" value=""/>
      <Attribute name="use_range" value="false"/>
      <Attribute name="id" value="0"/>
      <PromptValueDescr count="0">
      </PromptValueDescr>
      <Attribute name="sort_type" value="0"/>
    </Field>
  </PromptFields>

  <SQLFields count="0">
  </SQLFields>

  <SummaryFields count="0">
  </SummaryFields>

  <SortFields count="0">
  </SortFields>

  <GroupNameFields count="0">
  </GroupNameFields>

  <Field type="FormulaField" id="-1" valueType="8">
    <Attribute name="name" value="Record_Selection"/>
    <Attribute name="shortName" value="Record_Selection"/>
    <Attribute name="formula type" value="1"/>
    <Attribute name="basic syntax" value="false"/>
    <![CDATA[{DO_RICHIESTA_AZ.PRGRICHIESTAAZ} = {?prgRichiestaAz} ]]>
  </Field>
  <ReportProperties>
    <Attribute name="page width" value="11904"/>
    <Attribute name="page height" value="16836"/>
    <Attribute name="page orientation" value="0"/>
    <Attribute name="page margin left" value="240"/>
    <Attribute name="page margin right" value="240"/>
    <Attribute name="page margin top" value="283"/>
    <Attribute name="page margin bottom" value="283"/>
    <Attribute name="report title" value=""/>
    <Attribute name="report author" value=""/>
    <Attribute name="report keywords" value=""/>
    <Attribute name="report subject" value=""/>
    <Attribute name="report template" value=""/>
    <Attribute name="report comments" value=""/>
    <Attribute name="report last saved" value="10 Mar 2020 10:40:27 GMT"/>
    <Attribute name="report created" value="11 Mar 2004 09:40:02 GMT"/>
    <Attribute name="mailing label type 1" value=""/>
    <Attribute name="mailing label type 2" value=""/>
    <Attribute name="format with multiple columns" value="false"/>
    <Attribute name="mailing label width" value="0"/>
    <Attribute name="mailing label height" value="0"/>
    <Attribute name="mailing label distance vertical" value="0"/>
    <Attribute name="mailing label distance horizontal" value="0"/>
    <Attribute name="across then down" value="false"/>
    <Attribute name="format groups with multiple columns" value="false"/>
    <Attribute name="distinct" value="false"/>
    <Attribute name="convert date time" value="2"/>
    <Attribute name="suppress if no rows" value="false"/>
    <Attribute name="convert null values to default" value="false"/>
    <Attribute name="hide PageFooter inside ReportHeader" value="false"/>
  </ReportProperties>
  <AreaPair type="PageAreaPair" id="0">
    <Area type="PageHeader" count="1">
      <AreaProperties>
        <Attribute name="hold minimal pagefooter free" value="1"/>
      </AreaProperties>
      <Section type="PageHeader" count="7" width="11424" height="360" id="0">
        <SectionProperties>
          <Attribute name="hold minimal pagefooter free" value="1"/>
        </SectionProperties>
        <Element type="FieldElement" x_position="0" y_position="120" width="1920" height="221">
          <CommonProperties>
            <Attribute name="suppress" value="true"/>
            <Attribute name="horizontal align" value="1"/>
            <Attribute name="close border on page break" value="false"/>
          </CommonProperties>
          <FontProperties>
            <Attribute name="font name" value="Arial"/>
            <Attribute name="font size" value="195"/>
          </FontProperties>
          <StringProperties>
            <Attribute name="line distance" value="0"/>
            <Attribute name="line distance normal" value="1"/>
          </StringProperties>
          <Reference name="field" type="DatabaseField" refname="DO_RICHIESTA_AZ.STRCOGNOMERIFERIMENTO"/>
        </Element>
        <Element type="FieldElement" x_position="2062" y_position="120" width="1637" height="221">
          <CommonProperties>
            <Attribute name="suppress" value="true"/>
            <Attribute name="horizontal align" value="1"/>
            <Attribute name="close border on page break" value="false"/>
          </CommonProperties>
          <FontProperties>
            <Attribute name="font name" value="Arial"/>
            <Attribute name="font size" value="195"/>
          </FontProperties>
          <StringProperties>
            <Attribute name="line distance" value="0"/>
            <Attribute name="line distance normal" value="1"/>
          </StringProperties>
          <Reference name="field" type="DatabaseField" refname="DO_RICHIESTA_AZ.STRNOMERIFERIMENTO"/>
        </Element>
        <Element type="FieldElement" x_position="3840" y_position="120" width="1075" height="221">
          <CommonProperties>
            <Attribute name="suppress" value="true"/>
            <Attribute name="horizontal align" value="1"/>
            <Attribute name="close border on page break" value="false"/>
          </CommonProperties>
          <FontProperties>
            <Attribute name="font name" value="Arial"/>
            <Attribute name="font size" value="195"/>
          </FontProperties>
          <StringProperties>
            <Attribute name="line distance" value="0"/>
            <Attribute name="line distance normal" value="1"/>
          </StringProperties>
          <Reference name="field" type="DatabaseField" refname="DO_EVASIONE.CODEVASIONE"/>
        </Element>
        <Element type="FieldElement" x_position="5040" y_position="120" width="950" height="221">
          <CommonProperties>
            <Attribute name="suppress" value="true"/>
            <Attribute name="horizontal align" value="3"/>
            <Attribute name="close border on page break" value="false"/>
          </CommonProperties>
          <FontProperties>
            <Attribute name="font name" value="Arial"/>
            <Attribute name="font size" value="195"/>
          </FontProperties>
          <NumberProperties>
            <Attribute name="thousand seperators symbol" value="."/>
            <Attribute name="decimal seperators symbol" value=","/>
            <Attribute name="currency symbol" value=""/>
          </NumberProperties>
          <Reference name="field" type="DatabaseField" refname="DO_RICHIESTA_AZ.NUMANNO"/>
        </Element>
        <Element type="FieldElement" x_position="6005" y_position="120" width="950" height="221">
          <CommonProperties>
            <Attribute name="suppress" value="true"/>
            <Attribute name="horizontal align" value="3"/>
            <Attribute name="close border on page break" value="false"/>
          </CommonProperties>
          <FontProperties>
            <Attribute name="font name" value="Arial"/>
            <Attribute name="font size" value="195"/>
          </FontProperties>
          <NumberProperties>
            <Attribute name="thousand seperators symbol" value="."/>
            <Attribute name="decimal seperators symbol" value=","/>
            <Attribute name="currency symbol" value=""/>
          </NumberProperties>
          <Reference name="field" type="DatabaseField" refname="DO_RICHIESTA_AZ.NUMRICHIESTA"/>
        </Element>
        <Element type="FieldElement" x_position="7080" y_position="120" width="1080" height="221">
          <CommonProperties>
            <Attribute name="suppress" value="true"/>
            <Attribute name="horizontal align" value="1"/>
            <Attribute name="close border on page break" value="false"/>
          </CommonProperties>
          <FontProperties>
            <Attribute name="font name" value="Arial"/>
            <Attribute name="font size" value="195"/>
          </FontProperties>
          <StringProperties>
            <Attribute name="line distance" value="0"/>
            <Attribute name="line distance normal" value="1"/>
          </StringProperties>
          <Reference name="field" type="DatabaseField" refname="DO_RICHIESTA_AZ.STRLOCALITA"/>
        </Element>
        <Element type="FieldElement" x_position="8280" y_position="120" width="1680" height="221">
          <CommonProperties>
            <Attribute name="suppress" value="true"/>
            <Attribute name="horizontal align" value="1"/>
            <Attribute name="close border on page break" value="false"/>
          </CommonProperties>
          <FontProperties>
            <Attribute name="font name" value="Arial"/>
            <Attribute name="font size" value="195"/>
          </FontProperties>
          <StringProperties>
            <Attribute name="line distance" value="0"/>
            <Attribute name="line distance normal" value="1"/>
          </StringProperties>
          <Reference name="field" type="DatabaseField" refname="DE_COMUNE.STRDENOMINAZIONE"/>
        </Element>
      </Section>
    </Area>
    <Area type="PageFooter" count="1">
      <AreaProperties>
        <Attribute name="print at bottom of page" value="true"/>
        <Attribute name="new page after" value="true"/>
        <Attribute name="hold minimal pagefooter free" value="1"/>
      </AreaProperties>
      <Section type="PageFooter" count="1" width="11424" height="390" id="1">
        <SectionProperties>
          <Attribute name="hold minimal pagefooter free" value="1"/>
        </SectionProperties>
        <Element type="FieldElement" x_position="4920" y_position="0" width="1080" height="360">
          <CommonProperties>
            <Attribute name="horizontal align" value="1"/>
            <Attribute name="close border on page break" value="false"/>
          </CommonProperties>
          <FontProperties>
            <Attribute name="font size" value="195"/>
          </FontProperties>
          <StringProperties>
            <Attribute name="line distance" value="0"/>
            <Attribute name="line distance normal" value="1"/>
          </StringProperties>
          <Reference name="field" type="SpecialVarField" id="16"/>
        </Element>
      </Section>
    </Area>
  </AreaPair>

  <AreaPair type="ReportAreaPair" id="0">
    <Area type="ReportHeader" count="1">
      <AreaProperties>
        <Attribute name="new page before" value="true"/>
        <Attribute name="hold minimal pagefooter free" value="1"/>
      </AreaProperties>
      <Section type="ReportHeader" count="0" width="11424" height="341" id="2">
        <SectionProperties>
          <Attribute name="hold minimal pagefooter free" value="1"/>
        </SectionProperties>
      </Section>
    </Area>
    <Area type="ReportFooter" count="1">
      <AreaProperties>
        <Attribute name="new page after" value="true"/>
        <Attribute name="hold minimal pagefooter free" value="1"/>
      </AreaProperties>
      <Section type="ReportFooter" count="0" width="11424" height="330" id="3">
        <SectionProperties>
          <Attribute name="hold minimal pagefooter free" value="1"/>
        </SectionProperties>
      </Section>
    </Area>
  </AreaPair>

  <AreaPair type="DetailArea" id="1">
    <Area type="Detail" count="9">
      <AreaProperties>
        <Attribute name="multiple column section" value="false"/>
        <Attribute name="hold minimal pagefooter free" value="1"/>
      </AreaProperties>
      <Section type="Detail" count="10" width="11424" height="1322" id="4">
        <SectionProperties>
          <Attribute name="multiple column section" value="false"/>
          <Attribute name="hold minimal pagefooter free" value="1"/>
        </SectionProperties>
        <Element type="Line" x2_position="15" y2_position="4" x_position="15" y_position="0" width="0" height="4">
          <LineProperties>
            <Attribute name="id" value="4"/>
          </LineProperties>
        </Element>
        <Element type="Text" count="3" x_position="120" y_position="240" width="480" height="240">
          <CommonProperties>
            <Attribute name="horizontal align" value="1"/>
            <Attribute name="close border on page break" value="false"/>
          </CommonProperties>
          <Element type="Paragraph" count="1">
            <CommonProperties>
              <Attribute name="horizontal align" value="1"/>
            </CommonProperties>
            <Element type="TextPart">
              <FontProperties>
                <Attribute name="font size" value="200"/>
                <Attribute name="font style" value="1"/>
              </FontProperties>
            <![CDATA[Cod.]]>
            </Element>
          </Element>
          <Element type="Paragraph" count="1">
            <CommonProperties>
              <Attribute name="horizontal align" value="1"/>
            </CommonProperties>
            <Element type="TextPart">
              <FontProperties>
                <Attribute name="font size" value="200"/>
                <Attribute name="font style" value="1"/>
              </FontProperties>
            <![CDATA[]]>
            </Element>
          </Element>
          <Element type="Paragraph" count="1">
            <CommonProperties>
              <Attribute name="horizontal align" value="1"/>
            </CommonProperties>
            <Element type="TextPart">
              <FontProperties>
                <Attribute name="font size" value="200"/>
                <Attribute name="font style" value="1"/>
              </FontProperties>
            <![CDATA[]]>
            </Element>
          </Element>
        </Element>
        <Element type="Text" count="1" x_position="1920" y_position="240" width="1320" height="240">
          <CommonProperties>
            <Attribute name="horizontal align" value="1"/>
            <Attribute name="close border on page break" value="false"/>
          </CommonProperties>
          <Element type="Paragraph" count="1">
            <CommonProperties>
              <Attribute name="horizontal align" value="1"/>
            </CommonProperties>
            <Element type="TextPart">
              <FontProperties>
                <Attribute name="font size" value="200"/>
                <Attribute name="font style" value="1"/>
              </FontProperties>
            <![CDATA[ valida fino al]]>
            </Element>
          </Element>
        </Element>
        <Element type="FieldElement" x_position="3360" y_position="240" width="1771" height="233">
          <CommonProperties>
            <Attribute name="horizontal align" value="1"/>
            <Attribute name="close border on page break" value="false"/>
          </CommonProperties>
          <FontProperties>
            <Attribute name="font size" value="195"/>
            <Attribute name="font style" value="1"/>
          </FontProperties>
          <DateProperties>
            <Attribute name="use system default format" value="false"/>
            <Attribute name="date windows default type" value="2"/>
            <Attribute name="date order" value="1"/>
            <Attribute name="year type" value="1"/>
            <Attribute name="date first seperator" value="/"/>
            <Attribute name="date second seperator" value="/"/>
          </DateProperties>
          <TimeProperties>
            <Attribute name="use system default format" value="false"/>
            <Attribute name="time base" value="1"/>
            <Attribute name="hour type" value="1"/>
            <Attribute name="second type" value="2"/>
            <Attribute name="minute second seperator" value=""/>
            <Attribute name="am string" value=" am"/>
            <Attribute name="pm string" value=" pm"/>
          </TimeProperties>
          <DateTimeProperties>
            <Attribute name="date time order" value="2"/>
          </DateTimeProperties>
          <Reference name="field" type="DatabaseField" refname="DO_RICHIESTA_AZ.DATSCADENZA"/>
        </Element>
        <Element type="Subreport" x_position="1767" y_position="912" width="9646" height="308">
          <CommonProperties>
            <Attribute name="horizontal align" value="1"/>
            <Attribute name="close border on page break" value="false"/>
          </CommonProperties>
          <BorderProperties>
            <Attribute name="left border" value="0"/>
            <Attribute name="right border" value="0"/>
            <Attribute name="bottom border" value="0"/>
            <Attribute name="top border" value="0"/>
          </BorderProperties>
          <SubreportProperties>
            <Attribute name="report id" value="1"/>
          </SubreportProperties>
          <SubreportLinks count="1">
            <SubreportLink>
              <Reference name="id" type="DatabaseField" refname="DO_RICHIESTA_AZ.PRGRICHIESTAAZ"/>
              <Attribute name="id" value="1"/>
            </SubreportLink>
          </SubreportLinks>
          <FontProperties>
            <Attribute name="font size" value="200"/>
            <Attribute name="font style" value="1"/>
          </FontProperties>
        </Element>
        <Element type="FieldElement" x_position="600" y_position="240" width="1320" height="221">
          <CommonProperties>
            <Attribute name="horizontal align" value="1"/>
            <Attribute name="close border on page break" value="false"/>
          </CommonProperties>
          <FontProperties>
            <Attribute name="font size" value="195"/>
            <Attribute name="font style" value="1"/>
          </FontProperties>
          <StringProperties>
            <Attribute name="line distance" value="0"/>
            <Attribute name="line distance normal" value="1"/>
          </StringProperties>
          <Reference name="field" type="FormulaField" refname="@codice_offerta"/>
        </Element>
        <Element type="Text" count="1" x_position="114" y_position="561" width="240" height="221">
          <CommonProperties>
            <Attribute name="horizontal align" value="1"/>
            <Attribute name="close border on page break" value="false"/>
          </CommonProperties>
          <Element type="Paragraph" count="1">
            <CommonProperties>
              <Attribute name="horizontal align" value="1"/>
            </CommonProperties>
            <Element type="TextPart">
              <FontProperties>
                <Attribute name="font size" value="200"/>
                <Attribute name="font style" value="1"/>
              </FontProperties>
            <![CDATA[N.]]>
            </Element>
          </Element>
        </Element>
        <Element type="FieldElement" x_position="399" y_position="561" width="225" height="233">
          <CommonProperties>
            <Attribute name="horizontal align" value="3"/>
            <Attribute name="close border on page break" value="false"/>
          </CommonProperties>
          <FontProperties>
            <Attribute name="font size" value="195"/>
            <Attribute name="font style" value="1"/>
          </FontProperties>
          <NumberProperties>
            <Attribute name="use system default format" value="false"/>
            <Attribute name="negative type" value="3"/>
            <Attribute name="use thousand seperators" value="false"/>
            <Attribute name="n decimal places" value="0"/>
            <Attribute name="rounding type" value="11"/>
            <Attribute name="thousand seperators symbol" value=","/>
            <Attribute name="decimal seperators symbol" value="."/>
            <Attribute name="currency symbol" value="$"/>
            <Attribute name="allow field clipping" value="false"/>
          </NumberProperties>
          <Reference name="field" type="DatabaseField" refname="DO_RICHIESTA_AZ.NUMPROFRICHIESTI"/>
        </Element>
        <Element type="FieldElement" x_position="840" y_position="561" width="10545" height="223">
          <CommonProperties>
            <Attribute name="horizontal align" value="1"/>
            <Attribute name="close border on page break" value="false"/>
            <Attribute name="can grow" value="true"/>
          </CommonProperties>
          <FontProperties>
            <Attribute name="font size" value="195"/>
            <Attribute name="font style" value="1"/>
          </FontProperties>
          <StringProperties>
            <Attribute name="line distance" value="0"/>
            <Attribute name="line distance normal" value="1"/>
          </StringProperties>
          <Reference name="field" type="DatabaseField" refname="DO_RICHIESTA_AZ.STRMANSIONEPUBB"/>
        </Element>
        <Element type="Text" count="1" x_position="42" y_position="903" width="1596" height="226">
          <CommonProperties>
            <Attribute name="horizontal align" value="1"/>
            <Attribute name="close border on page break" value="false"/>
          </CommonProperties>
          <Element type="Paragraph" count="1">
            <CommonProperties>
              <Attribute name="horizontal align" value="1"/>
            </CommonProperties>
            <Element type="TextPart">
              <FontProperties>
                <Attribute name="font size" value="200"/>
                <Attribute name="font style" value="1"/>
              </FontProperties>
            <![CDATA[Qualifica ISTAT]]>
            </Element>
          </Element>
        </Element>
      </Section>
      <Section type="Detail" count="2" width="11424" height="401" id="5">
        <SectionProperties>
          <Attribute name="multiple column section" value="false"/>
          <Attribute name="hold minimal pagefooter free" value="1"/>
        </SectionProperties>
        <Element type="Text" count="2" x_position="240" y_position="120" width="2640" height="221">
          <CommonProperties>
            <Attribute name="horizontal align" value="1"/>
            <Attribute name="close border on page break" value="false"/>
          </CommonProperties>
          <Element type="Paragraph" count="1">
            <CommonProperties>
              <Attribute name="horizontal align" value="1"/>
            </CommonProperties>
            <Element type="TextPart">
              <FontProperties>
                <Attribute name="font size" value="200"/>
                <Attribute name="font style" value="2"/>
              </FontProperties>
            <![CDATA[Contenuti e contesto del lavoro]]>
            </Element>
          </Element>
          <Element type="Paragraph" count="1">
            <CommonProperties>
              <Attribute name="horizontal align" value="1"/>
            </CommonProperties>
            <Element type="TextPart">
              <FontProperties>
                <Attribute name="font size" value="200"/>
                <Attribute name="font style" value="2"/>
              </FontProperties>
            <![CDATA[]]>
            </Element>
          </Element>
        </Element>
        <Element type="FieldElement" x_position="2880" y_position="120" width="8533" height="221">
          <CommonProperties>
            <Attribute name="horizontal align" value="1"/>
            <Attribute name="close border on page break" value="false"/>
            <Attribute name="can grow" value="true"/>
          </CommonProperties>
          <FontProperties>
            <Attribute name="font size" value="195"/>
          </FontProperties>
          <StringProperties>
            <Attribute name="line distance" value="0"/>
            <Attribute name="line distance normal" value="1"/>
          </StringProperties>
          <Reference name="field" type="DatabaseField" refname="DO_RICHIESTA_AZ.TXTFIGURAPROFESSIONALE"/>
        </Element>
      </Section>
      <Section type="Detail" count="2" width="11424" height="506" id="6">
        <SectionProperties>
          <Attribute name="multiple column section" value="false"/>
          <Attribute name="hold minimal pagefooter free" value="1"/>
        </SectionProperties>
        <Element type="Text" count="2" x_position="240" y_position="120" width="1440" height="221">
          <CommonProperties>
            <Attribute name="horizontal align" value="1"/>
            <Attribute name="close border on page break" value="false"/>
          </CommonProperties>
          <Element type="Paragraph" count="1">
            <CommonProperties>
              <Attribute name="horizontal align" value="1"/>
            </CommonProperties>
            <Element type="TextPart">
              <FontProperties>
                <Attribute name="font size" value="200"/>
                <Attribute name="font style" value="2"/>
              </FontProperties>
            <![CDATA[Luogo di lavoro]]>
            </Element>
          </Element>
          <Element type="Paragraph" count="1">
            <CommonProperties>
              <Attribute name="horizontal align" value="1"/>
            </CommonProperties>
            <Element type="TextPart">
              <FontProperties>
                <Attribute name="font size" value="200"/>
                <Attribute name="font style" value="2"/>
              </FontProperties>
            <![CDATA[]]>
            </Element>
          </Element>
        </Element>
        <Element type="FieldElement" x_position="2880" y_position="120" width="8533" height="221">
          <CommonProperties>
            <Attribute name="horizontal align" value="1"/>
            <Attribute name="close border on page break" value="false"/>
            <Attribute name="can grow" value="true"/>
          </CommonProperties>
          <FontProperties>
            <Attribute name="font size" value="195"/>
          </FontProperties>
          <StringProperties>
            <Attribute name="line distance" value="0"/>
            <Attribute name="line distance normal" value="1"/>
          </StringProperties>
          <Reference name="field" type="FormulaField" refname="@luogoLavoro"/>
        </Element>
      </Section>
      <Section type="Detail" count="2" width="11424" height="475" id="7">
        <SectionProperties>
          <Attribute name="multiple column section" value="false"/>
          <Attribute name="hold minimal pagefooter free" value="1"/>
        </SectionProperties>
        <Element type="Text" count="3" x_position="240" y_position="120" width="1889" height="221">
          <CommonProperties>
            <Attribute name="horizontal align" value="1"/>
            <Attribute name="close border on page break" value="false"/>
          </CommonProperties>
          <Element type="Paragraph" count="1">
            <CommonProperties>
              <Attribute name="horizontal align" value="1"/>
            </CommonProperties>
            <Element type="TextPart">
              <FontProperties>
                <Attribute name="font size" value="200"/>
                <Attribute name="font style" value="2"/>
              </FontProperties>
            <![CDATA[Formazione]]>
            </Element>
          </Element>
          <Element type="Paragraph" count="1">
            <CommonProperties>
              <Attribute name="horizontal align" value="1"/>
            </CommonProperties>
            <Element type="TextPart">
              <FontProperties>
                <Attribute name="font size" value="200"/>
                <Attribute name="font style" value="2"/>
              </FontProperties>
            <![CDATA[]]>
            </Element>
          </Element>
          <Element type="Paragraph" count="1">
            <CommonProperties>
              <Attribute name="horizontal align" value="1"/>
            </CommonProperties>
            <Element type="TextPart">
              <FontProperties>
                <Attribute name="font size" value="200"/>
                <Attribute name="font style" value="2"/>
              </FontProperties>
            <![CDATA[]]>
            </Element>
          </Element>
        </Element>
        <Element type="Subreport" x_position="2880" y_position="120" width="8533" height="308">
          <CommonProperties>
            <Attribute name="horizontal align" value="1"/>
            <Attribute name="close border on page break" value="false"/>
          </CommonProperties>
          <BorderProperties>
            <Attribute name="left border" value="0"/>
            <Attribute name="right border" value="0"/>
            <Attribute name="bottom border" value="0"/>
            <Attribute name="top border" value="0"/>
          </BorderProperties>
          <SubreportProperties>
            <Attribute name="report id" value="2"/>
          </SubreportProperties>
          <SubreportLinks count="1">
            <SubreportLink>
              <Reference name="id" type="DatabaseField" refname="DO_RICHIESTA_AZ.PRGRICHIESTAAZ"/>
              <Attribute name="id" value="2"/>
            </SubreportLink>
          </SubreportLinks>
          <FontProperties>
            <Attribute name="font size" value="200"/>
            <Attribute name="font style" value="2"/>
          </FontProperties>
        </Element>
      </Section>
      <Section type="Detail" count="2" width="11424" height="460" id="8">
        <SectionProperties>
          <Attribute name="multiple column section" value="false"/>
          <Attribute name="hold minimal pagefooter free" value="1"/>
        </SectionProperties>
        <Element type="Text" count="3" x_position="240" y_position="120" width="2400" height="221">
          <CommonProperties>
            <Attribute name="horizontal align" value="1"/>
            <Attribute name="close border on page break" value="false"/>
          </CommonProperties>
          <Element type="Paragraph" count="1">
            <CommonProperties>
              <Attribute name="horizontal align" value="1"/>
            </CommonProperties>
            <Element type="TextPart">
              <FontProperties>
                <Attribute name="font size" value="200"/>
                <Attribute name="font style" value="2"/>
              </FontProperties>
            <![CDATA[Caratteristiche candidati]]>
            </Element>
          </Element>
          <Element type="Paragraph" count="1">
            <CommonProperties>
              <Attribute name="horizontal align" value="1"/>
            </CommonProperties>
            <Element type="TextPart">
              <FontProperties>
                <Attribute name="font size" value="200"/>
                <Attribute name="font style" value="2"/>
              </FontProperties>
            <![CDATA[]]>
            </Element>
          </Element>
          <Element type="Paragraph" count="1">
            <CommonProperties>
              <Attribute name="horizontal align" value="1"/>
            </CommonProperties>
            <Element type="TextPart">
              <FontProperties>
                <Attribute name="font size" value="200"/>
                <Attribute name="font style" value="2"/>
              </FontProperties>
            <![CDATA[]]>
            </Element>
          </Element>
        </Element>
        <Element type="FieldElement" x_position="2880" y_position="113" width="8533" height="221">
          <CommonProperties>
            <Attribute name="horizontal align" value="1"/>
            <Attribute name="close border on page break" value="false"/>
            <Attribute name="can grow" value="true"/>
          </CommonProperties>
          <FontProperties>
            <Attribute name="font size" value="195"/>
          </FontProperties>
          <StringProperties>
            <Attribute name="line distance" value="0"/>
            <Attribute name="line distance normal" value="1"/>
          </StringProperties>
          <Reference name="field" type="DatabaseField" refname="DO_RICHIESTA_AZ.TXTCARATTERISTFIGPROF"/>
        </Element>
      </Section>
      <Section type="Detail" count="2" width="11424" height="458" id="9">
        <SectionProperties>
          <Attribute name="multiple column section" value="false"/>
          <Attribute name="hold minimal pagefooter free" value="1"/>
        </SectionProperties>
        <Element type="Text" count="3" x_position="240" y_position="120" width="1889" height="221">
          <CommonProperties>
            <Attribute name="horizontal align" value="1"/>
            <Attribute name="close border on page break" value="false"/>
          </CommonProperties>
          <Element type="Paragraph" count="1">
            <CommonProperties>
              <Attribute name="horizontal align" value="1"/>
            </CommonProperties>
            <Element type="TextPart">
              <FontProperties>
                <Attribute name="font size" value="200"/>
                <Attribute name="font style" value="2"/>
              </FontProperties>
            <![CDATA[Contratto]]>
            </Element>
          </Element>
          <Element type="Paragraph" count="1">
            <CommonProperties>
              <Attribute name="horizontal align" value="1"/>
            </CommonProperties>
            <Element type="TextPart">
              <FontProperties>
                <Attribute name="font size" value="200"/>
                <Attribute name="font style" value="2"/>
              </FontProperties>
            <![CDATA[]]>
            </Element>
          </Element>
          <Element type="Paragraph" count="1">
            <CommonProperties>
              <Attribute name="horizontal align" value="1"/>
            </CommonProperties>
            <Element type="TextPart">
              <FontProperties>
                <Attribute name="font size" value="200"/>
                <Attribute name="font style" value="2"/>
              </FontProperties>
            <![CDATA[]]>
            </Element>
          </Element>
        </Element>
        <Element type="FieldElement" x_position="2880" y_position="120" width="8533" height="221">
          <CommonProperties>
            <Attribute name="horizontal align" value="1"/>
            <Attribute name="close border on page break" value="false"/>
            <Attribute name="can grow" value="true"/>
          </CommonProperties>
          <FontProperties>
            <Attribute name="font size" value="195"/>
          </FontProperties>
          <StringProperties>
            <Attribute name="line distance" value="0"/>
            <Attribute name="line distance normal" value="1"/>
          </StringProperties>
          <Reference name="field" type="DatabaseField" refname="DO_RICHIESTA_AZ.TXTCONDCONTRATTUALE"/>
        </Element>
      </Section>
      <Section type="Detail" count="2" width="11424" height="458" id="10">
        <SectionProperties>
          <Attribute name="multiple column section" value="false"/>
          <Attribute name="hold minimal pagefooter free" value="1"/>
        </SectionProperties>
        <Element type="Text" count="3" x_position="240" y_position="120" width="1889" height="221">
          <CommonProperties>
            <Attribute name="horizontal align" value="1"/>
            <Attribute name="close border on page break" value="false"/>
          </CommonProperties>
          <Element type="Paragraph" count="1">
            <CommonProperties>
              <Attribute name="horizontal align" value="1"/>
            </CommonProperties>
            <Element type="TextPart">
              <FontProperties>
                <Attribute name="font size" value="200"/>
                <Attribute name="font style" value="2"/>
              </FontProperties>
            <![CDATA[Turni]]>
            </Element>
          </Element>
          <Element type="Paragraph" count="1">
            <CommonProperties>
              <Attribute name="horizontal align" value="1"/>
            </CommonProperties>
            <Element type="TextPart">
              <FontProperties>
                <Attribute name="font size" value="200"/>
                <Attribute name="font style" value="2"/>
              </FontProperties>
            <![CDATA[]]>
            </Element>
          </Element>
          <Element type="Paragraph" count="1">
            <CommonProperties>
              <Attribute name="horizontal align" value="1"/>
            </CommonProperties>
            <Element type="TextPart">
              <FontProperties>
                <Attribute name="font size" value="200"/>
                <Attribute name="font style" value="2"/>
              </FontProperties>
            <![CDATA[]]>
            </Element>
          </Element>
        </Element>
        <Element type="Subreport" x_position="2880" y_position="120" width="8533" height="308">
          <CommonProperties>
            <Attribute name="horizontal align" value="1"/>
            <Attribute name="close border on page break" value="false"/>
          </CommonProperties>
          <BorderProperties>
            <Attribute name="left border" value="0"/>
            <Attribute name="right border" value="0"/>
            <Attribute name="bottom border" value="0"/>
            <Attribute name="top border" value="0"/>
          </BorderProperties>
          <SubreportProperties>
            <Attribute name="report id" value="3"/>
          </SubreportProperties>
          <SubreportLinks count="1">
            <SubreportLink>
              <Reference name="id" type="DatabaseField" refname="DO_RICHIESTA_AZ.PRGRICHIESTAAZ"/>
              <Attribute name="id" value="3"/>
            </SubreportLink>
          </SubreportLinks>
          <FontProperties>
            <Attribute name="font size" value="200"/>
            <Attribute name="font style" value="2"/>
          </FontProperties>
        </Element>
      </Section>
      <Section type="Detail" count="5" width="11424" height="790" id="11">
        <SectionProperties>
          <Attribute name="suppress" value="true"/>
          <Attribute name="multiple column section" value="false"/>
          <Attribute name="hold minimal pagefooter free" value="1"/>
          <PropertyFormula valueType="8" propertyType="suppress">
            <Attribute name="name" value="suppress"/>
            <Attribute name="shortName" value="Section_Visibility"/>
            <Attribute name="basic syntax" value="false"/>
            <![CDATA[not ( not IsNull({DO_EVASIONE.CODEVASIONE}) and ({DO_EVASIONE.CODEVASIONE}="DFA" or {DO_EVASIONE.CODEVASIONE}="DRA"))]]>
          </PropertyFormula>
        </SectionProperties>
        <Element type="FieldElement" x_position="2880" y_position="513" width="8512" height="236">
          <CommonProperties>
            <Attribute name="horizontal align" value="1"/>
            <Attribute name="close border on page break" value="false"/>
            <Attribute name="can grow" value="true"/>
          </CommonProperties>
          <FontProperties>
            <Attribute name="font size" value="195"/>
          </FontProperties>
          <StringProperties>
            <Attribute name="line distance" value="0"/>
            <Attribute name="line distance normal" value="1"/>
          </StringProperties>
          <Reference name="field" type="FormulaField" refname="@contattareCPI"/>
        </Element>
        <Element type="FieldElement" x_position="7345" y_position="226" width="4047" height="221">
          <CommonProperties>
            <Attribute name="horizontal align" value="1"/>
            <Attribute name="close border on page break" value="false"/>
          </CommonProperties>
          <FontProperties>
            <Attribute name="font size" value="195"/>
            <Attribute name="font style" value="1"/>
          </FontProperties>
          <StringProperties>
            <Attribute name="line distance" value="0"/>
            <Attribute name="line distance normal" value="1"/>
          </StringProperties>
          <Reference name="field" type="FormulaField" refname="@codice_offerta"/>
        </Element>
        <Element type="Text" count="3" x_position="5578" y_position="226" width="1698" height="221">
          <CommonProperties>
            <Attribute name="horizontal align" value="1"/>
            <Attribute name="close border on page break" value="false"/>
          </CommonProperties>
          <Element type="Paragraph" count="1">
            <CommonProperties>
              <Attribute name="horizontal align" value="1"/>
            </CommonProperties>
            <Element type="TextPart">
              <FontProperties>
                <Attribute name="font size" value="200"/>
                <Attribute name="font style" value="1"/>
              </FontProperties>
            <![CDATA[ codice riferimento]]>
            </Element>
          </Element>
          <Element type="Paragraph" count="1">
            <CommonProperties>
              <Attribute name="horizontal align" value="1"/>
            </CommonProperties>
            <Element type="TextPart">
              <FontProperties>
                <Attribute name="font size" value="200"/>
                <Attribute name="font style" value="1"/>
              </FontProperties>
            <![CDATA[]]>
            </Element>
          </Element>
          <Element type="Paragraph" count="1">
            <CommonProperties>
              <Attribute name="horizontal align" value="1"/>
            </CommonProperties>
            <Element type="TextPart">
              <FontProperties>
                <Attribute name="font size" value="200"/>
                <Attribute name="font style" value="1"/>
              </FontProperties>
            <![CDATA[codice riferimento]]>
            </Element>
          </Element>
        </Element>
        <Element type="Text" count="1" x_position="2880" y_position="228" width="2584" height="226">
          <CommonProperties>
            <Attribute name="horizontal align" value="1"/>
            <Attribute name="close border on page break" value="false"/>
          </CommonProperties>
          <Element type="Paragraph" count="1">
            <CommonProperties>
              <Attribute name="horizontal align" value="1"/>
            </CommonProperties>
            <Element type="TextPart">
              <FontProperties>
                <Attribute name="font size" value="200"/>
              </FontProperties>
            <![CDATA[Inviare curriculum vitae con]]>
            </Element>
          </Element>
        </Element>
        <Element type="Text" count="2" x_position="228" y_position="228" width="1920" height="221">
          <CommonProperties>
            <Attribute name="horizontal align" value="1"/>
            <Attribute name="close border on page break" value="false"/>
          </CommonProperties>
          <Element type="Paragraph" count="1">
            <CommonProperties>
              <Attribute name="horizontal align" value="1"/>
            </CommonProperties>
            <Element type="TextPart">
              <FontProperties>
                <Attribute name="font size" value="200"/>
                <Attribute name="font style" value="2"/>
              </FontProperties>
            <![CDATA[Per candidarsi]]>
            </Element>
          </Element>
          <Element type="Paragraph" count="1">
            <CommonProperties>
              <Attribute name="horizontal align" value="1"/>
            </CommonProperties>
            <Element type="TextPart">
              <FontProperties>
                <Attribute name="font size" value="200"/>
                <Attribute name="font style" value="2"/>
              </FontProperties>
            <![CDATA[]]>
            </Element>
          </Element>
        </Element>
      </Section>
      <Section type="Detail" count="7" width="11424" height="1180" id="12">
        <SectionProperties>
          <Attribute name="suppress" value="true"/>
          <Attribute name="multiple column section" value="false"/>
          <Attribute name="hold minimal pagefooter free" value="1"/>
          <PropertyFormula valueType="8" propertyType="suppress">
            <Attribute name="name" value="suppress"/>
            <Attribute name="shortName" value="Section_Visibility"/>
            <Attribute name="basic syntax" value="false"/>
            <![CDATA[( not IsNull({DO_EVASIONE.CODEVASIONE}) and ({DO_EVASIONE.CODEVASIONE}="DFA" or {DO_EVASIONE.CODEVASIONE}="DRA"))]]>
          </PropertyFormula>
        </SectionProperties>
        <Element type="FieldElement" x_position="8050" y_position="447" width="3363" height="221">
          <CommonProperties>
            <Attribute name="horizontal align" value="1"/>
            <Attribute name="close border on page break" value="false"/>
          </CommonProperties>
          <FontProperties>
            <Attribute name="font size" value="195"/>
            <Attribute name="font style" value="1"/>
          </FontProperties>
          <StringProperties>
            <Attribute name="line distance" value="0"/>
            <Attribute name="line distance normal" value="1"/>
          </StringProperties>
          <Reference name="field" type="FormulaField" refname="@codice_offerta"/>
        </Element>
        <Element type="Text" count="3" x_position="6213" y_position="447" width="1698" height="221">
          <CommonProperties>
            <Attribute name="horizontal align" value="1"/>
            <Attribute name="close border on page break" value="false"/>
          </CommonProperties>
          <Element type="Paragraph" count="1">
            <CommonProperties>
              <Attribute name="horizontal align" value="1"/>
            </CommonProperties>
            <Element type="TextPart">
              <FontProperties>
                <Attribute name="font size" value="200"/>
                <Attribute name="font style" value="1"/>
              </FontProperties>
            <![CDATA[ codice riferimento]]>
            </Element>
          </Element>
          <Element type="Paragraph" count="1">
            <CommonProperties>
              <Attribute name="horizontal align" value="1"/>
            </CommonProperties>
            <Element type="TextPart">
              <FontProperties>
                <Attribute name="font size" value="200"/>
                <Attribute name="font style" value="1"/>
              </FontProperties>
            <![CDATA[]]>
            </Element>
          </Element>
          <Element type="Paragraph" count="1">
            <CommonProperties>
              <Attribute name="horizontal align" value="1"/>
            </CommonProperties>
            <Element type="TextPart">
              <FontProperties>
                <Attribute name="font size" value="200"/>
                <Attribute name="font style" value="1"/>
              </FontProperties>
            <![CDATA[codice riferimento]]>
            </Element>
          </Element>
        </Element>
        <Element type="FieldElement" x_position="2880" y_position="798" width="8533" height="236">
          <CommonProperties>
            <Attribute name="horizontal align" value="1"/>
            <Attribute name="close border on page break" value="false"/>
            <Attribute name="can grow" value="true"/>
          </CommonProperties>
          <FontProperties>
            <Attribute name="font size" value="195"/>
          </FontProperties>
          <StringProperties>
            <Attribute name="line distance" value="0"/>
            <Attribute name="line distance normal" value="1"/>
          </StringProperties>
          <Reference name="field" type="FormulaField" refname="@fax&#38;mailRIF"/>
        </Element>
        <Element type="Text" count="1" x_position="2880" y_position="449" width="2934" height="226">
          <CommonProperties>
            <Attribute name="horizontal align" value="1"/>
            <Attribute name="close border on page break" value="false"/>
          </CommonProperties>
          <Element type="Paragraph" count="1">
            <CommonProperties>
              <Attribute name="horizontal align" value="1"/>
            </CommonProperties>
            <Element type="TextPart">
              <FontProperties>
                <Attribute name="font size" value="200"/>
              </FontProperties>
            <![CDATA[oppure inviare curriculum vitae con]]>
            </Element>
          </Element>
        </Element>
        <Element type="FieldElement" x_position="4104" y_position="164" width="7309" height="236">
          <CommonProperties>
            <Attribute name="horizontal align" value="1"/>
            <Attribute name="close border on page break" value="false"/>
            <Attribute name="can grow" value="true"/>
          </CommonProperties>
          <FontProperties>
            <Attribute name="font size" value="195"/>
          </FontProperties>
          <StringProperties>
            <Attribute name="line distance" value="0"/>
            <Attribute name="line distance normal" value="1"/>
          </StringProperties>
          <Reference name="field" type="FormulaField" refname="@cognome_nome_rif"/>
        </Element>
        <Element type="Text" count="2" x_position="228" y_position="171" width="1920" height="221">
          <CommonProperties>
            <Attribute name="horizontal align" value="1"/>
            <Attribute name="close border on page break" value="false"/>
          </CommonProperties>
          <Element type="Paragraph" count="1">
            <CommonProperties>
              <Attribute name="horizontal align" value="1"/>
            </CommonProperties>
            <Element type="TextPart">
              <FontProperties>
                <Attribute name="font size" value="200"/>
                <Attribute name="font style" value="2"/>
              </FontProperties>
            <![CDATA[Per candidarsi]]>
            </Element>
          </Element>
          <Element type="Paragraph" count="1">
            <CommonProperties>
              <Attribute name="horizontal align" value="1"/>
            </CommonProperties>
            <Element type="TextPart">
              <FontProperties>
                <Attribute name="font size" value="200"/>
                <Attribute name="font style" value="2"/>
              </FontProperties>
            <![CDATA[]]>
            </Element>
          </Element>
        </Element>
        <Element type="Text" count="1" x_position="2880" y_position="164" width="1053" height="226">
          <CommonProperties>
            <Attribute name="horizontal align" value="1"/>
            <Attribute name="close border on page break" value="false"/>
          </CommonProperties>
          <Element type="Paragraph" count="1">
            <CommonProperties>
              <Attribute name="horizontal align" value="1"/>
            </CommonProperties>
            <Element type="TextPart">
              <FontProperties>
                <Attribute name="font size" value="200"/>
              </FontProperties>
            <![CDATA[Contattare]]>
            </Element>
          </Element>
        </Element>
      </Section>
    </Area>
  </AreaPair>

<inet:Report xmlns:inet="http://www.inetsoftware.de" major_version="10" minor_version="0" major_xml_version="6" minor_xml_version="5" count="2" id="1">
    <Datasource dll="pdsora7.dll" host="sil_america" schema="" catalog="" user="sil" password="" url="">
      <Tablesource alias="DE_MANSIONE" databaseIdentifier="DE_MANSIONE">
        <Column name="CODMANSIONE" type="11" />
        <Column name="STRDESCRIZIONE" type="11" />
        <Column name="CODPADRE" type="11" />
        <Column name="CDNLIVELLO" type="6" />
        <Column name="FLGFREQUENTE" type="11" />
        <Column name="DATINIZIOVAL" type="15" />
        <Column name="DATFINEVAL" type="15" />
      </Tablesource>
      <Tablesource alias="DO_MANSIONE" databaseIdentifier="DO_MANSIONE">
        <Column name="PRGMANSIONE" type="6" />
        <Column name="PRGRICHIESTAAZ" type="6" />
        <Column name="PRGALTERNATIVA" type="6" />
        <Column name="CODMANSIONE" type="11" />
        <Column name="FLGPUBBLICA" type="11" />
        <Column name="CODQUALIFICA" type="11" />
        <Column name="CDNUTINS" type="6" />
        <Column name="DTMINS" type="15" />
        <Column name="CDNUTMOD" type="6" />
        <Column name="DTMMOD" type="15" />
      </Tablesource>
      <Tablesource alias="DO_RICHIESTA_AZ" databaseIdentifier="DO_RICHIESTA_AZ">
        <Column name="PRGRICHIESTAAZ" type="6" />
        <Column name="NUMANNO" type="6" />
        <Column name="PRGAZIENDA" type="6" />
        <Column name="NUMRICHIESTA" type="6" />
        <Column name="PRGUNITA" type="6" />
        <Column name="NUMSTORICO" type="6" />
        <Column name="CODCPI" type="11" />
        <Column name="DATRICHIESTA" type="15" />
        <Column name="PRGRICHIESTAPADRE" type="6" />
        <Column name="CODTIPORICHIESTA" type="11" />
        <Column name="FLGART16" type="11" />
        <Column name="STRSESSO" type="11" />
        <Column name="FLGPUBBLICATA" type="11" />
        <Column name="STRMOTIVSESSO" type="11" />
        <Column name="DATPUBBLICAZIONE" type="15" />
        <Column name="DATSCADENZAPUBBLICAZIONE" type="15" />
        <Column name="DATSCADENZA" type="15" />
        <Column name="NUMPROFRICHIESTI" type="6" />
        <Column name="STRLOCALITA" type="11" />
        <Column name="PRGSPI" type="6" />
        <Column name="STRCOGNOMERIFERIMENTO" type="11" />
        <Column name="STRNOMERIFERIMENTO" type="11" />
        <Column name="STRTELRIFERIMENTO" type="11" />
        <Column name="STRFAXRIFERIMENTO" type="11" />
        <Column name="STREMAILRIFERIMENTO" type="11" />
        <Column name="FLGAUTOMUNITO" type="11" />
        <Column name="FLGMILITE" type="11" />
        <Column name="FLGMOTOMUNITO" type="11" />
        <Column name="FLGVITTOALLOGGIO" type="11" />
        <Column name="CODTRASFERTA" type="11" />
        <Column name="FLGFUORISEDE" type="11" />
        <Column name="STRMANSIONEPUBB" type="11" />
        <Column name="TXTFIGURAPROFESSIONALE" type="11" />
        <Column name="TXTCARATTERISTFIGPROF" type="11" />
        <Column name="TXTCONDCONTRATTUALE" type="11" />
        <Column name="TXTNOTEOPERATORE" type="11" />
        <Column name="CODAREA" type="11" />
        <Column name="CDNUTINS" type="6" />
        <Column name="DTMINS" type="15" />
        <Column name="CDNUTMOD" type="6" />
        <Column name="DTMMOD" type="15" />
        <Column name="NUMKLORICHIESTAAZ" type="6" />
        <Column name="NUMRICHIESTAORIG" type="6" />
      </Tablesource>
      <Tablesource alias="DO_ALTERNATIVA" databaseIdentifier="DO_ALTERNATIVA">
        <Column name="PRGRICHIESTAAZ" type="6" />
        <Column name="PRGALTERNATIVA" type="6" />
        <Column name="STRNOTE" type="11" />
        <Column name="FLGESPERIENZA" type="11" />
        <Column name="NUMANNIESPERIENZA" type="6" />
        <Column name="FLGFORMAZIONEPROF" type="11" />
        <Column name="NUMDA" type="6" />
        <Column name="NUMA" type="6" />
        <Column name="STRMOTIVETA" type="11" />
        <Column name="CDNUTINS" type="6" />
        <Column name="DTMINS" type="15" />
        <Column name="CDNUTMOD" type="6" />
        <Column name="DTMMOD" type="15" />
      </Tablesource>
    </Datasource>
  <Database>

    <Join from="DE_MANSIONE" to="DO_MANSIONE" type="inn">
      <Link from="CODMANSIONE" to="CODMANSIONE" type="eq"/>
    </Join>

    <Join from="DO_MANSIONE" to="DO_RICHIESTA_AZ" type="inn">
      <Link from="PRGRICHIESTAAZ" to="PRGRICHIESTAAZ" type="eq"/>
    </Join>

    <Join from="DO_MANSIONE" to="DO_ALTERNATIVA" type="inn">
      <Link from="PRGRICHIESTAAZ" to="PRGRICHIESTAAZ" type="eq"/>
      <Link from="PRGALTERNATIVA" to="PRGALTERNATIVA" type="eq"/>
    </Join>
    <QueryChanges mask="0" count="2">
      <Attribute name="queryChange" value="null"/>
      <Attribute name="queryChange" value="null"/>
    </QueryChanges>
  </Database>
  <FormulaFields count="1">
    <Field type="FormulaField" valueType="11">
      <Attribute name="name" value="qualifica"/>
      <Attribute name="shortName" value="qualifica"/>
      <Attribute name="formula type" value="0"/>
      <Attribute name="basic syntax" value="false"/>
      <![CDATA[StringVar qualifica := {DE_MANSIONE.STRDESCRIZIONE};

if ( (not IsNull({DO_ALTERNATIVA.FLGESPERIENZA})) and ({DO_ALTERNATIVA.FLGESPERIENZA}='S')) then qualifica := qualifica + " - Richiesta esperienza"]]>
    </Field>
  </FormulaFields>

  <PromptFields count="1">
    <Field type="PromptVarField" valueType="6">
      <Attribute name="name" value="prgRichAz"/>
      <Attribute name="allow_multiple_values" value="false"/>
      <Attribute name="discrete_or_range" value="0"/>
      <Attribute name="allow editing" value="true"/>
      <Attribute name="prompt_text" value=""/>
      <Attribute name="use_range" value="false"/>
      <Attribute name="id" value="1"/>
      <PromptValueDescr count="0">
      </PromptValueDescr>
      <Attribute name="sort_type" value="0"/>
    </Field>
  </PromptFields>

  <SQLFields count="0">
  </SQLFields>

  <SummaryFields count="0">
  </SummaryFields>

  <SortFields count="0">
  </SortFields>

  <GroupNameFields count="0">
  </GroupNameFields>

  <Field type="FormulaField" id="-1" valueType="8">
    <Attribute name="name" value="Record_Selection"/>
    <Attribute name="shortName" value="Record_Selection"/>
    <Attribute name="formula type" value="1"/>
    <Attribute name="basic syntax" value="false"/>
    <![CDATA[{DO_MANSIONE.FLGPUBBLICA} = "S" and

{DO_MANSIONE.PRGRICHIESTAAZ} = {?prgRichAz}]]>
  </Field>
  <ReportProperties>
    <Attribute name="page width" value="11904"/>
    <Attribute name="page height" value="16836"/>
    <Attribute name="page orientation" value="0"/>
    <Attribute name="page margin left" value="240"/>
    <Attribute name="page margin right" value="240"/>
    <Attribute name="page margin top" value="283"/>
    <Attribute name="page margin bottom" value="283"/>
    <Attribute name="report title" value="sub_mansione"/>
    <Attribute name="report author" value=""/>
    <Attribute name="report keywords" value=""/>
    <Attribute name="report subject" value=""/>
    <Attribute name="report template" value=""/>
    <Attribute name="report comments" value=""/>
    <Attribute name="report last saved" value="10 Mar 2020 10:40:27 GMT"/>
    <Attribute name="mailing label type 1" value=""/>
    <Attribute name="mailing label type 2" value=""/>
    <Attribute name="format with multiple columns" value="false"/>
    <Attribute name="mailing label width" value="0"/>
    <Attribute name="mailing label height" value="0"/>
    <Attribute name="mailing label distance vertical" value="0"/>
    <Attribute name="mailing label distance horizontal" value="0"/>
    <Attribute name="across then down" value="false"/>
    <Attribute name="format groups with multiple columns" value="false"/>
    <Attribute name="distinct" value="true"/>
    <Attribute name="convert date time" value="2"/>
    <Attribute name="suppress if no rows" value="false"/>
    <Attribute name="convert null values to default" value="false"/>
    <Attribute name="hide PageFooter inside ReportHeader" value="false"/>
  </ReportProperties>
  <AreaPair type="ReportAreaPair" id="0">
    <Area type="ReportHeader" count="2">
      <AreaProperties>
        <Attribute name="new page before" value="true"/>
        <Attribute name="hold minimal pagefooter free" value="1"/>
      </AreaProperties>
      <Section type="ReportHeader" count="0" width="9646" height="100" id="0">
        <SectionProperties>
          <Attribute name="suppress" value="true"/>
          <Attribute name="hold minimal pagefooter free" value="1"/>
        </SectionProperties>
      </Section>
      <Section type="ReportHeader" count="0" width="9646" height="0" id="1">
        <SectionProperties>
          <Attribute name="hold minimal pagefooter free" value="1"/>
        </SectionProperties>
      </Section>
    </Area>
    <Area type="ReportFooter" count="2">
      <AreaProperties>
        <Attribute name="new page after" value="true"/>
        <Attribute name="hold minimal pagefooter free" value="1"/>
      </AreaProperties>
      <Section type="ReportFooter" count="0" width="9646" height="0" id="2">
        <SectionProperties>
          <Attribute name="suppress" value="true"/>
          <Attribute name="hold minimal pagefooter free" value="1"/>
        </SectionProperties>
      </Section>
      <Section type="ReportFooter" count="0" width="9646" height="65" id="3">
        <SectionProperties>
          <Attribute name="hold minimal pagefooter free" value="1"/>
        </SectionProperties>
      </Section>
    </Area>
  </AreaPair>

  <AreaPair type="DetailArea" id="1">
    <Area type="Detail" count="1">
      <AreaProperties>
        <Attribute name="multiple column section" value="false"/>
        <Attribute name="hold minimal pagefooter free" value="1"/>
      </AreaProperties>
      <Section type="Detail" count="1" width="9646" height="266" id="4">
        <SectionProperties>
          <Attribute name="multiple column section" value="false"/>
          <Attribute name="hold minimal pagefooter free" value="1"/>
        </SectionProperties>
        <Element type="FieldElement" x_position="60" y_position="0" width="9573" height="223">
          <CommonProperties>
            <Attribute name="close border on page break" value="false"/>
            <Attribute name="can grow" value="true"/>
          </CommonProperties>
          <FontProperties>
            <Attribute name="font size" value="200"/>
            <Attribute name="font style" value="1"/>
          </FontProperties>
          <StringProperties>
            <Attribute name="line distance" value="0"/>
            <Attribute name="line distance normal" value="1"/>
          </StringProperties>
          <Reference name="field" type="FormulaField" refname="@qualifica"/>
        </Element>
      </Section>
    </Area>
  </AreaPair>

</inet:Report>
<inet:Report xmlns:inet="http://www.inetsoftware.de" major_version="10" minor_version="0" major_xml_version="6" minor_xml_version="5" count="2" id="2">
    <Datasource dll="pdsora7.dll" host="sil_america" schema="" catalog="" user="sil" password="" url="">
      <Tablesource alias="DO_STUDIO" databaseIdentifier="DO_STUDIO">
        <Column name="PRGSTUDIO" type="6" />
        <Column name="PRGRICHIESTAAZ" type="6" />
        <Column name="PRGALTERNATIVA" type="6" />
        <Column name="CODTITOLO" type="11" />
        <Column name="STRSPECIFICA" type="11" />
        <Column name="FLGCONSEGUITO" type="11" />
        <Column name="FLGINDISPENSABILE" type="11" />
        <Column name="CDNUTINS" type="6" />
        <Column name="DTMINS" type="15" />
        <Column name="CDNUTMOD" type="6" />
        <Column name="DTMMOD" type="15" />
      </Tablesource>
      <Tablesource alias="DE_TITOLO" databaseIdentifier="DE_TITOLO">
        <Column name="CODTITOLO" type="11" />
        <Column name="STRDESCRIZIONE" type="11" />
        <Column name="FLGLAUREA" type="11" />
        <Column name="CODPADRE" type="11" />
        <Column name="CDNLIVELLO" type="6" />
        <Column name="DATINIZIOVAL" type="15" />
        <Column name="DATFINEVAL" type="15" />
      </Tablesource>
    </Datasource>
  <Database>

    <Join from="DE_TITOLO" to="DO_STUDIO" type="inn">
      <Link from="CODTITOLO" to="CODTITOLO" type="eq"/>
    </Join>
    <QueryChanges mask="0" count="2">
      <Attribute name="queryChange" value="null"/>
      <Attribute name="queryChange" value="null"/>
    </QueryChanges>
  </Database>
  <FormulaFields count="0">
  </FormulaFields>

  <PromptFields count="1">
    <Field type="PromptVarField" valueType="6">
      <Attribute name="name" value="prgRichAz"/>
      <Attribute name="allow_multiple_values" value="false"/>
      <Attribute name="discrete_or_range" value="0"/>
      <Attribute name="allow editing" value="true"/>
      <Attribute name="prompt_text" value=""/>
      <Attribute name="use_range" value="false"/>
      <Attribute name="id" value="2"/>
      <PromptValueDescr count="0">
      </PromptValueDescr>
      <Attribute name="sort_type" value="0"/>
    </Field>
  </PromptFields>

  <SQLFields count="0">
  </SQLFields>

  <SummaryFields count="0">
  </SummaryFields>

  <SortFields count="0">
  </SortFields>

  <GroupNameFields count="0">
  </GroupNameFields>

  <Field type="FormulaField" id="-1" valueType="8">
    <Attribute name="name" value="Record_Selection"/>
    <Attribute name="shortName" value="Record_Selection"/>
    <Attribute name="formula type" value="1"/>
    <Attribute name="basic syntax" value="false"/>
    <![CDATA[{DO_STUDIO.PRGRICHIESTAAZ} = {?prgRichAz}]]>
  </Field>
  <ReportProperties>
    <Attribute name="page width" value="11904"/>
    <Attribute name="page height" value="16836"/>
    <Attribute name="page orientation" value="0"/>
    <Attribute name="page margin left" value="240"/>
    <Attribute name="page margin right" value="240"/>
    <Attribute name="page margin top" value="283"/>
    <Attribute name="page margin bottom" value="283"/>
    <Attribute name="report title" value="sub_studio"/>
    <Attribute name="report author" value=""/>
    <Attribute name="report keywords" value=""/>
    <Attribute name="report subject" value=""/>
    <Attribute name="report template" value=""/>
    <Attribute name="report comments" value=""/>
    <Attribute name="report last saved" value="10 Mar 2020 10:40:27 GMT"/>
    <Attribute name="mailing label type 1" value=""/>
    <Attribute name="mailing label type 2" value=""/>
    <Attribute name="format with multiple columns" value="false"/>
    <Attribute name="mailing label width" value="0"/>
    <Attribute name="mailing label height" value="0"/>
    <Attribute name="mailing label distance vertical" value="0"/>
    <Attribute name="mailing label distance horizontal" value="0"/>
    <Attribute name="across then down" value="false"/>
    <Attribute name="format groups with multiple columns" value="false"/>
    <Attribute name="distinct" value="true"/>
    <Attribute name="convert date time" value="2"/>
    <Attribute name="suppress if no rows" value="false"/>
    <Attribute name="convert null values to default" value="false"/>
    <Attribute name="hide PageFooter inside ReportHeader" value="false"/>
  </ReportProperties>
  <AreaPair type="ReportAreaPair" id="0">
    <Area type="ReportHeader" count="2">
      <AreaProperties>
        <Attribute name="new page before" value="true"/>
        <Attribute name="hold minimal pagefooter free" value="1"/>
      </AreaProperties>
      <Section type="ReportHeader" count="0" width="8533" height="0" id="0">
        <SectionProperties>
          <Attribute name="suppress" value="true"/>
          <Attribute name="hold minimal pagefooter free" value="1"/>
        </SectionProperties>
      </Section>
      <Section type="ReportHeader" count="0" width="8533" height="0" id="1">
        <SectionProperties>
          <Attribute name="hold minimal pagefooter free" value="1"/>
        </SectionProperties>
      </Section>
    </Area>
    <Area type="ReportFooter" count="2">
      <AreaProperties>
        <Attribute name="new page after" value="true"/>
        <Attribute name="hold minimal pagefooter free" value="1"/>
      </AreaProperties>
      <Section type="ReportFooter" count="0" width="8533" height="0" id="2">
        <SectionProperties>
          <Attribute name="suppress" value="true"/>
          <Attribute name="hold minimal pagefooter free" value="1"/>
        </SectionProperties>
      </Section>
      <Section type="ReportFooter" count="0" width="8533" height="0" id="3">
        <SectionProperties>
          <Attribute name="hold minimal pagefooter free" value="1"/>
        </SectionProperties>
      </Section>
    </Area>
  </AreaPair>

  <AreaPair type="DetailArea" id="1">
    <Area type="Detail" count="1">
      <AreaProperties>
        <Attribute name="multiple column section" value="false"/>
        <Attribute name="hold minimal pagefooter free" value="1"/>
      </AreaProperties>
      <Section type="Detail" count="1" width="8533" height="221" id="4">
        <SectionProperties>
          <Attribute name="multiple column section" value="false"/>
          <Attribute name="hold minimal pagefooter free" value="1"/>
        </SectionProperties>
        <Element type="FieldElement" x_position="0" y_position="0" width="8460" height="221">
          <CommonProperties>
            <Attribute name="close border on page break" value="false"/>
          </CommonProperties>
          <FontProperties>
            <Attribute name="font size" value="200"/>
          </FontProperties>
          <StringProperties>
            <Attribute name="line distance" value="0"/>
            <Attribute name="line distance normal" value="1"/>
          </StringProperties>
          <Reference name="field" type="DatabaseField" refname="DE_TITOLO.STRDESCRIZIONE"/>
        </Element>
      </Section>
    </Area>
  </AreaPair>

</inet:Report>
<inet:Report xmlns:inet="http://www.inetsoftware.de" major_version="10" minor_version="0" major_xml_version="6" minor_xml_version="5" count="2" id="3">
    <Datasource dll="pdsora7.dll" host="sil_america" schema="" catalog="" user="sil" password="" url="">
      <Tablesource alias="DO_TURNO" databaseIdentifier="DO_TURNO">
        <Column name="PRGTURNO" type="6" />
        <Column name="CODTURNO" type="11" />
        <Column name="PRGRICHIESTAAZ" type="6" />
        <Column name="CDNUTINS" type="6" />
        <Column name="DTMINS" type="15" />
        <Column name="CDNUTMOD" type="6" />
        <Column name="DTMMOD" type="15" />
      </Tablesource>
      <Tablesource alias="DE_TURNO" databaseIdentifier="DE_TURNO">
        <Column name="CODTURNO" type="11" />
        <Column name="STRDESCRIZIONE" type="11" />
        <Column name="DATINIZIOVAL" type="15" />
        <Column name="DATFINEVAL" type="15" />
      </Tablesource>
    </Datasource>
  <Database>

    <Join from="DE_TURNO" to="DO_TURNO" type="inn">
      <Link from="CODTURNO" to="CODTURNO" type="eq"/>
    </Join>
    <QueryChanges mask="0" count="2">
      <Attribute name="queryChange" value="null"/>
      <Attribute name="queryChange" value="null"/>
    </QueryChanges>
  </Database>
  <FormulaFields count="0">
  </FormulaFields>

  <PromptFields count="1">
    <Field type="PromptVarField" valueType="6">
      <Attribute name="name" value="prgRichAz"/>
      <Attribute name="allow_multiple_values" value="false"/>
      <Attribute name="discrete_or_range" value="0"/>
      <Attribute name="allow editing" value="true"/>
      <Attribute name="prompt_text" value=""/>
      <Attribute name="use_range" value="false"/>
      <Attribute name="id" value="3"/>
      <PromptValueDescr count="0">
      </PromptValueDescr>
      <Attribute name="sort_type" value="0"/>
    </Field>
  </PromptFields>

  <SQLFields count="0">
  </SQLFields>

  <SummaryFields count="0">
  </SummaryFields>

  <SortFields count="0">
  </SortFields>

  <GroupNameFields count="0">
  </GroupNameFields>

  <Field type="FormulaField" id="-1" valueType="8">
    <Attribute name="name" value="Record_Selection"/>
    <Attribute name="shortName" value="Record_Selection"/>
    <Attribute name="formula type" value="1"/>
    <Attribute name="basic syntax" value="false"/>
    <![CDATA[{DO_TURNO.PRGRICHIESTAAZ} = {?prgRichAz}]]>
  </Field>
  <ReportProperties>
    <Attribute name="page width" value="11904"/>
    <Attribute name="page height" value="16836"/>
    <Attribute name="page orientation" value="0"/>
    <Attribute name="page margin left" value="240"/>
    <Attribute name="page margin right" value="240"/>
    <Attribute name="page margin top" value="283"/>
    <Attribute name="page margin bottom" value="283"/>
    <Attribute name="report title" value="sub_turni"/>
    <Attribute name="report author" value=""/>
    <Attribute name="report keywords" value=""/>
    <Attribute name="report subject" value=""/>
    <Attribute name="report template" value=""/>
    <Attribute name="report comments" value=""/>
    <Attribute name="report last saved" value="10 Mar 2020 10:40:27 GMT"/>
    <Attribute name="mailing label type 1" value=""/>
    <Attribute name="mailing label type 2" value=""/>
    <Attribute name="format with multiple columns" value="false"/>
    <Attribute name="mailing label width" value="0"/>
    <Attribute name="mailing label height" value="0"/>
    <Attribute name="mailing label distance vertical" value="0"/>
    <Attribute name="mailing label distance horizontal" value="0"/>
    <Attribute name="across then down" value="false"/>
    <Attribute name="format groups with multiple columns" value="false"/>
    <Attribute name="distinct" value="false"/>
    <Attribute name="convert date time" value="2"/>
    <Attribute name="suppress if no rows" value="false"/>
    <Attribute name="convert null values to default" value="false"/>
    <Attribute name="hide PageFooter inside ReportHeader" value="false"/>
  </ReportProperties>
  <AreaPair type="ReportAreaPair" id="0">
    <Area type="ReportHeader" count="2">
      <AreaProperties>
        <Attribute name="new page before" value="true"/>
        <Attribute name="hold minimal pagefooter free" value="1"/>
      </AreaProperties>
      <Section type="ReportHeader" count="0" width="8533" height="0" id="0">
        <SectionProperties>
          <Attribute name="suppress" value="true"/>
          <Attribute name="hold minimal pagefooter free" value="1"/>
        </SectionProperties>
      </Section>
      <Section type="ReportHeader" count="0" width="8533" height="0" id="1">
        <SectionProperties>
          <Attribute name="hold minimal pagefooter free" value="1"/>
        </SectionProperties>
      </Section>
    </Area>
    <Area type="ReportFooter" count="2">
      <AreaProperties>
        <Attribute name="new page after" value="true"/>
        <Attribute name="hold minimal pagefooter free" value="1"/>
      </AreaProperties>
      <Section type="ReportFooter" count="0" width="8533" height="0" id="2">
        <SectionProperties>
          <Attribute name="suppress" value="true"/>
          <Attribute name="hold minimal pagefooter free" value="1"/>
        </SectionProperties>
      </Section>
      <Section type="ReportFooter" count="0" width="8533" height="0" id="3">
        <SectionProperties>
          <Attribute name="hold minimal pagefooter free" value="1"/>
        </SectionProperties>
      </Section>
    </Area>
  </AreaPair>

  <AreaPair type="DetailArea" id="1">
    <Area type="Detail" count="1">
      <AreaProperties>
        <Attribute name="multiple column section" value="false"/>
        <Attribute name="hold minimal pagefooter free" value="1"/>
      </AreaProperties>
      <Section type="Detail" count="1" width="8533" height="221" id="4">
        <SectionProperties>
          <Attribute name="multiple column section" value="false"/>
          <Attribute name="hold minimal pagefooter free" value="1"/>
        </SectionProperties>
        <Element type="FieldElement" x_position="0" y_position="0" width="2554" height="221">
          <CommonProperties>
            <Attribute name="close border on page break" value="false"/>
          </CommonProperties>
          <FontProperties>
            <Attribute name="font size" value="200"/>
          </FontProperties>
          <StringProperties>
            <Attribute name="line distance" value="0"/>
            <Attribute name="line distance normal" value="1"/>
          </StringProperties>
          <Reference name="field" type="DatabaseField" refname="DE_TURNO.STRDESCRIZIONE"/>
        </Element>
      </Section>
    </Area>
  </AreaPair>

</inet:Report>
</inet:Report>
