<?xml version="1.0" encoding="UTF-8" standalone="yes" ?>

<inet:Report xmlns:inet="http://www.inetsoftware.de" major_version="10" minor_version="0" major_xml_version="1" minor_xml_version="1" count="3" id="0">
  <Database host="SIL_hmb" user="SILBO09" dll="pdsora7.dll" type="0">
    <SqlSource name="AN_LAVORATORE">
        <Attribute name="alias" value="AN_LAVORATORE"/>
    </SqlSource>
    <SqlSource name="DE_CITTADINANZA">
        <Attribute name="alias" value="DE_CITTADINANZA"/>
    </SqlSource>
    <SqlSource name="DE_COMUNE">
        <Attribute name="alias" value="DE_COMUNE"/>
    </SqlSource>
    <SqlSource name="DE_PROVINCIA">
        <Attribute name="alias" value="DE_PROVINCIA"/>
    </SqlSource>
    <SqlSource name="PR_NOTA_LAV">
        <Attribute name="alias" value="PR_NOTA_LAV"/>
    </SqlSource>
    <SqlSource name="DE_COMUNE">
        <Attribute name="alias" value="DE_COMUNE_1"/>
    </SqlSource>
    <SqlSource name="DE_COMUNE">
        <Attribute name="alias" value="DE_COMUNE_2"/>
    </SqlSource>
    <SqlSource name="DE_PROVINCIA">
        <Attribute name="alias" value="DE_PROVINCIA_1"/>
    </SqlSource>
    <SqlSource name="DE_PROVINCIA">
        <Attribute name="alias" value="DE_PROVINCIA_2"/>
    </SqlSource>
    <ColumnNames name="AN_LAVORATORE" count="37">
        <Attribute name="columnName" value="CDNLAVORATORE"/>
        <Attribute name="type" value="6"/>
        <Attribute name="columnName" value="STRCODICEFISCALE"/>
        <Attribute name="type" value="11"/>
        <Attribute name="columnName" value="STRCOGNOME"/>
        <Attribute name="type" value="11"/>
        <Attribute name="columnName" value="STRNOME"/>
        <Attribute name="type" value="11"/>
        <Attribute name="columnName" value="STRSESSO"/>
        <Attribute name="type" value="11"/>
        <Attribute name="columnName" value="DATNASC"/>
        <Attribute name="type" value="15"/>
        <Attribute name="columnName" value="CODCOMNAS"/>
        <Attribute name="type" value="11"/>
        <Attribute name="columnName" value="CODCITTADINANZA"/>
        <Attribute name="type" value="11"/>
        <Attribute name="columnName" value="CODCITTADINANZA2"/>
        <Attribute name="type" value="11"/>
        <Attribute name="columnName" value="CODSTATOCIVILE"/>
        <Attribute name="type" value="11"/>
        <Attribute name="columnName" value="FLGMILITE"/>
        <Attribute name="type" value="11"/>
        <Attribute name="columnName" value="CODCOMRES"/>
        <Attribute name="type" value="11"/>
        <Attribute name="columnName" value="NUMFIGLI"/>
        <Attribute name="type" value="6"/>
        <Attribute name="columnName" value="STRINDIRIZZORES"/>
        <Attribute name="type" value="11"/>
        <Attribute name="columnName" value="STRLOCALITARES"/>
        <Attribute name="type" value="11"/>
        <Attribute name="columnName" value="STRCAPRES"/>
        <Attribute name="type" value="11"/>
        <Attribute name="columnName" value="CODCOMDOM"/>
        <Attribute name="type" value="11"/>
        <Attribute name="columnName" value="STRINDIRIZZODOM"/>
        <Attribute name="type" value="11"/>
        <Attribute name="columnName" value="STRLOCALITADOM"/>
        <Attribute name="type" value="11"/>
        <Attribute name="columnName" value="STRCAPDOM"/>
        <Attribute name="type" value="11"/>
        <Attribute name="columnName" value="CODCOMREC"/>
        <Attribute name="type" value="11"/>
        <Attribute name="columnName" value="STRINDIRIZZOREC"/>
        <Attribute name="type" value="11"/>
        <Attribute name="columnName" value="STRLOCALITAREC"/>
        <Attribute name="type" value="11"/>
        <Attribute name="columnName" value="STRCAPREC"/>
        <Attribute name="type" value="11"/>
        <Attribute name="columnName" value="STRTELRES"/>
        <Attribute name="type" value="11"/>
        <Attribute name="columnName" value="STRTELDOM"/>
        <Attribute name="type" value="11"/>
        <Attribute name="columnName" value="STRTELALTRO"/>
        <Attribute name="type" value="11"/>
        <Attribute name="columnName" value="STRCELL"/>
        <Attribute name="type" value="11"/>
        <Attribute name="columnName" value="STREMAIL"/>
        <Attribute name="type" value="11"/>
        <Attribute name="columnName" value="STRFAX"/>
        <Attribute name="type" value="11"/>
        <Attribute name="columnName" value="STRNOTE"/>
        <Attribute name="type" value="11"/>
        <Attribute name="columnName" value="FLGCFOK"/>
        <Attribute name="type" value="11"/>
        <Attribute name="columnName" value="CDNUTINS"/>
        <Attribute name="type" value="6"/>
        <Attribute name="columnName" value="DTMINS"/>
        <Attribute name="type" value="15"/>
        <Attribute name="columnName" value="CDNUTMOD"/>
        <Attribute name="type" value="6"/>
        <Attribute name="columnName" value="DTMMOD"/>
        <Attribute name="type" value="15"/>
        <Attribute name="columnName" value="NUMKLOLAVORATORE"/>
        <Attribute name="type" value="6"/>
    </ColumnNames>
    <ColumnNames name="DE_CITTADINANZA" count="8">
        <Attribute name="columnName" value="CODCITTADINANZA"/>
        <Attribute name="type" value="11"/>
        <Attribute name="columnName" value="STRDESCRIZIONE"/>
        <Attribute name="type" value="11"/>
        <Attribute name="columnName" value="STRNAZIONE"/>
        <Attribute name="type" value="11"/>
        <Attribute name="columnName" value="CDNISTAT"/>
        <Attribute name="type" value="6"/>
        <Attribute name="columnName" value="CODEDS"/>
        <Attribute name="type" value="11"/>
        <Attribute name="columnName" value="FLGCEE"/>
        <Attribute name="type" value="11"/>
        <Attribute name="columnName" value="DATINIZIOVAL"/>
        <Attribute name="type" value="15"/>
        <Attribute name="columnName" value="DATFINEVAL"/>
        <Attribute name="type" value="15"/>
    </ColumnNames>
    <ColumnNames name="DE_COMUNE" count="9">
        <Attribute name="columnName" value="CODCOM"/>
        <Attribute name="type" value="11"/>
        <Attribute name="columnName" value="STRDENOMINAZIONE"/>
        <Attribute name="type" value="11"/>
        <Attribute name="columnName" value="STRCAP"/>
        <Attribute name="type" value="11"/>
        <Attribute name="columnName" value="CODCPI"/>
        <Attribute name="type" value="11"/>
        <Attribute name="columnName" value="CODPROVINCIA"/>
        <Attribute name="type" value="11"/>
        <Attribute name="columnName" value="NUMMESIMOBEXCASSAMEZZ"/>
        <Attribute name="type" value="6"/>
        <Attribute name="columnName" value="DATINIZIOVAL"/>
        <Attribute name="type" value="15"/>
        <Attribute name="columnName" value="DATFINEVAL"/>
        <Attribute name="type" value="15"/>
        <Attribute name="columnName" value="NUMKLOCOMUNE"/>
        <Attribute name="type" value="6"/>
    </ColumnNames>
    <ColumnNames name="DE_PROVINCIA" count="11">
        <Attribute name="columnName" value="CODPROVINCIA"/>
        <Attribute name="type" value="11"/>
        <Attribute name="columnName" value="STRDENOMINAZIONE"/>
        <Attribute name="type" value="11"/>
        <Attribute name="columnName" value="STRTARGA"/>
        <Attribute name="type" value="11"/>
        <Attribute name="columnName" value="STRISTAT"/>
        <Attribute name="type" value="11"/>
        <Attribute name="columnName" value="CODREGIONE"/>
        <Attribute name="type" value="11"/>
        <Attribute name="columnName" value="DATINIZIOVAL"/>
        <Attribute name="type" value="15"/>
        <Attribute name="columnName" value="DATFINEVAL"/>
        <Attribute name="type" value="15"/>
        <Attribute name="columnName" value="NUMKLOPROVINCIA"/>
        <Attribute name="type" value="6"/>
        <Attribute name="columnName" value="STRDIRCOORDINATORE"/>
        <Attribute name="type" value="11"/>
        <Attribute name="columnName" value="STRRESPONSABILEUO"/>
        <Attribute name="type" value="11"/>
        <Attribute name="columnName" value="STRINDIRIZZOPOLO"/>
        <Attribute name="type" value="11"/>
    </ColumnNames>
    <ColumnNames name="PR_NOTA_LAV" count="11">
        <Attribute name="columnName" value="CDNLAVORATORE"/>
        <Attribute name="type" value="6"/>
        <Attribute name="columnName" value="FLGAUTOMUNITO"/>
        <Attribute name="type" value="11"/>
        <Attribute name="columnName" value="FLGMOTOMUNITO"/>
        <Attribute name="type" value="11"/>
        <Attribute name="columnName" value="FLGDISPFORMAZIONE"/>
        <Attribute name="type" value="11"/>
        <Attribute name="columnName" value="TXTNOTECURRICULUM"/>
        <Attribute name="type" value="11"/>
        <Attribute name="columnName" value="TXTNOTECPI"/>
        <Attribute name="type" value="11"/>
        <Attribute name="columnName" value="FLGEXART16"/>
        <Attribute name="type" value="11"/>
        <Attribute name="columnName" value="CDNUTINS"/>
        <Attribute name="type" value="6"/>
        <Attribute name="columnName" value="DTMINS"/>
        <Attribute name="type" value="15"/>
        <Attribute name="columnName" value="CDNUTMOD"/>
        <Attribute name="type" value="6"/>
        <Attribute name="columnName" value="DTMMOD"/>
        <Attribute name="type" value="15"/>
    </ColumnNames>
    <ColumnNames name="DE_COMUNE_1" count="9">
        <Attribute name="columnName" value="CODCOM"/>
        <Attribute name="type" value="11"/>
        <Attribute name="columnName" value="STRDENOMINAZIONE"/>
        <Attribute name="type" value="11"/>
        <Attribute name="columnName" value="STRCAP"/>
        <Attribute name="type" value="11"/>
        <Attribute name="columnName" value="CODCPI"/>
        <Attribute name="type" value="11"/>
        <Attribute name="columnName" value="CODPROVINCIA"/>
        <Attribute name="type" value="11"/>
        <Attribute name="columnName" value="NUMMESIMOBEXCASSAMEZZ"/>
        <Attribute name="type" value="6"/>
        <Attribute name="columnName" value="DATINIZIOVAL"/>
        <Attribute name="type" value="15"/>
        <Attribute name="columnName" value="DATFINEVAL"/>
        <Attribute name="type" value="15"/>
        <Attribute name="columnName" value="NUMKLOCOMUNE"/>
        <Attribute name="type" value="6"/>
    </ColumnNames>
    <ColumnNames name="DE_COMUNE_2" count="9">
        <Attribute name="columnName" value="CODCOM"/>
        <Attribute name="type" value="11"/>
        <Attribute name="columnName" value="STRDENOMINAZIONE"/>
        <Attribute name="type" value="11"/>
        <Attribute name="columnName" value="STRCAP"/>
        <Attribute name="type" value="11"/>
        <Attribute name="columnName" value="CODCPI"/>
        <Attribute name="type" value="11"/>
        <Attribute name="columnName" value="CODPROVINCIA"/>
        <Attribute name="type" value="11"/>
        <Attribute name="columnName" value="NUMMESIMOBEXCASSAMEZZ"/>
        <Attribute name="type" value="6"/>
        <Attribute name="columnName" value="DATINIZIOVAL"/>
        <Attribute name="type" value="15"/>
        <Attribute name="columnName" value="DATFINEVAL"/>
        <Attribute name="type" value="15"/>
        <Attribute name="columnName" value="NUMKLOCOMUNE"/>
        <Attribute name="type" value="6"/>
    </ColumnNames>
    <ColumnNames name="DE_PROVINCIA_1" count="11">
        <Attribute name="columnName" value="CODPROVINCIA"/>
        <Attribute name="type" value="11"/>
        <Attribute name="columnName" value="STRDENOMINAZIONE"/>
        <Attribute name="type" value="11"/>
        <Attribute name="columnName" value="STRTARGA"/>
        <Attribute name="type" value="11"/>
        <Attribute name="columnName" value="STRISTAT"/>
        <Attribute name="type" value="11"/>
        <Attribute name="columnName" value="CODREGIONE"/>
        <Attribute name="type" value="11"/>
        <Attribute name="columnName" value="DATINIZIOVAL"/>
        <Attribute name="type" value="15"/>
        <Attribute name="columnName" value="DATFINEVAL"/>
        <Attribute name="type" value="15"/>
        <Attribute name="columnName" value="NUMKLOPROVINCIA"/>
        <Attribute name="type" value="6"/>
        <Attribute name="columnName" value="STRDIRCOORDINATORE"/>
        <Attribute name="type" value="11"/>
        <Attribute name="columnName" value="STRRESPONSABILEUO"/>
        <Attribute name="type" value="11"/>
        <Attribute name="columnName" value="STRINDIRIZZOPOLO"/>
        <Attribute name="type" value="11"/>
    </ColumnNames>
    <ColumnNames name="DE_PROVINCIA_2" count="11">
        <Attribute name="columnName" value="CODPROVINCIA"/>
        <Attribute name="type" value="11"/>
        <Attribute name="columnName" value="STRDENOMINAZIONE"/>
        <Attribute name="type" value="11"/>
        <Attribute name="columnName" value="STRTARGA"/>
        <Attribute name="type" value="11"/>
        <Attribute name="columnName" value="STRISTAT"/>
        <Attribute name="type" value="11"/>
        <Attribute name="columnName" value="CODREGIONE"/>
        <Attribute name="type" value="11"/>
        <Attribute name="columnName" value="DATINIZIOVAL"/>
        <Attribute name="type" value="15"/>
        <Attribute name="columnName" value="DATFINEVAL"/>
        <Attribute name="type" value="15"/>
        <Attribute name="columnName" value="NUMKLOPROVINCIA"/>
        <Attribute name="type" value="6"/>
        <Attribute name="columnName" value="STRDIRCOORDINATORE"/>
        <Attribute name="type" value="11"/>
        <Attribute name="columnName" value="STRRESPONSABILEUO"/>
        <Attribute name="type" value="11"/>
        <Attribute name="columnName" value="STRINDIRIZZOPOLO"/>
        <Attribute name="type" value="11"/>
    </ColumnNames>
    <SqlJoin>
        <Attribute name="from_table" value="AN_LAVORATORE"/>
        <Attribute name="to_table" value="DE_CITTADINANZA"/>
      <SqlJoinColumns type="from" count="1">
        <Attribute name="column" value="CODCITTADINANZA"/>
      </SqlJoinColumns>
      <SqlJoinColumns type="to" count="1">
        <Attribute name="column" value="CODCITTADINANZA"/>
      </SqlJoinColumns>
        <Attribute name="type" value="3"/>
    </SqlJoin>
    <SqlJoin>
        <Attribute name="from_table" value="AN_LAVORATORE"/>
        <Attribute name="to_table" value="DE_COMUNE"/>
      <SqlJoinColumns type="from" count="1">
        <Attribute name="column" value="CODCOMNAS"/>
      </SqlJoinColumns>
      <SqlJoinColumns type="to" count="1">
        <Attribute name="column" value="CODCOM"/>
      </SqlJoinColumns>
        <Attribute name="type" value="3"/>
    </SqlJoin>
    <SqlJoin>
        <Attribute name="from_table" value="AN_LAVORATORE"/>
        <Attribute name="to_table" value="PR_NOTA_LAV"/>
      <SqlJoinColumns type="from" count="1">
        <Attribute name="column" value="CDNLAVORATORE"/>
      </SqlJoinColumns>
      <SqlJoinColumns type="to" count="1">
        <Attribute name="column" value="CDNLAVORATORE"/>
      </SqlJoinColumns>
        <Attribute name="type" value="4"/>
    </SqlJoin>
    <SqlJoin>
        <Attribute name="from_table" value="AN_LAVORATORE"/>
        <Attribute name="to_table" value="DE_COMUNE_2"/>
      <SqlJoinColumns type="from" count="1">
        <Attribute name="column" value="CODCOMRES"/>
      </SqlJoinColumns>
      <SqlJoinColumns type="to" count="1">
        <Attribute name="column" value="CODCOM"/>
      </SqlJoinColumns>
        <Attribute name="type" value="4"/>
    </SqlJoin>
    <SqlJoin>
        <Attribute name="from_table" value="AN_LAVORATORE"/>
        <Attribute name="to_table" value="DE_COMUNE_1"/>
      <SqlJoinColumns type="from" count="1">
        <Attribute name="column" value="CODCOMDOM"/>
      </SqlJoinColumns>
      <SqlJoinColumns type="to" count="1">
        <Attribute name="column" value="CODCOM"/>
      </SqlJoinColumns>
        <Attribute name="type" value="3"/>
    </SqlJoin>
    <SqlJoin>
        <Attribute name="from_table" value="DE_COMUNE_2"/>
        <Attribute name="to_table" value="DE_PROVINCIA_2"/>
      <SqlJoinColumns type="from" count="1">
        <Attribute name="column" value="CODPROVINCIA"/>
      </SqlJoinColumns>
      <SqlJoinColumns type="to" count="1">
        <Attribute name="column" value="CODPROVINCIA"/>
      </SqlJoinColumns>
        <Attribute name="type" value="4"/>
    </SqlJoin>
    <SqlJoin>
        <Attribute name="from_table" value="DE_COMUNE_1"/>
        <Attribute name="to_table" value="DE_PROVINCIA_1"/>
      <SqlJoinColumns type="from" count="1">
        <Attribute name="column" value="CODPROVINCIA"/>
      </SqlJoinColumns>
      <SqlJoinColumns type="to" count="1">
        <Attribute name="column" value="CODPROVINCIA"/>
      </SqlJoinColumns>
        <Attribute name="type" value="3"/>
    </SqlJoin>
    <SqlJoin>
        <Attribute name="from_table" value="DE_COMUNE"/>
        <Attribute name="to_table" value="DE_PROVINCIA"/>
      <SqlJoinColumns type="from" count="1">
        <Attribute name="column" value="CODPROVINCIA"/>
      </SqlJoinColumns>
      <SqlJoinColumns type="to" count="1">
        <Attribute name="column" value="CODPROVINCIA"/>
      </SqlJoinColumns>
        <Attribute name="type" value="3"/>
    </SqlJoin>
    <Sprocs count="0">
    </Sprocs>
    <QueryChanges mask="0" count="2">
        <Attribute name="queryChange" value="null"/>
        <Attribute name="queryChange" value="null"/>
    </QueryChanges>
  </Database>

  <DatabaseFields count="21">
    <Field type="DatabaseField" id="0" valueType="6">
      <Attribute name="name" value="AN_LAVORATORE.CDNLAVORATORE"/>
      <Attribute name="shortName" value="CDNLAVORATORE"/>
      <Attribute name="operation" value="0"/>
      <Attribute name="summary_nth" value="0"/>
    </Field>
    <Field type="DatabaseField" id="1" valueType="11">
      <Attribute name="name" value="AN_LAVORATORE.STRCODICEFISCALE"/>
      <Attribute name="shortName" value="STRCODICEFISCALE"/>
      <Attribute name="operation" value="0"/>
      <Attribute name="summary_nth" value="0"/>
    </Field>
    <Field type="DatabaseField" id="2" valueType="11">
      <Attribute name="name" value="AN_LAVORATORE.STRSESSO"/>
      <Attribute name="shortName" value="STRSESSO"/>
      <Attribute name="operation" value="0"/>
      <Attribute name="summary_nth" value="0"/>
    </Field>
    <Field type="DatabaseField" id="3" valueType="11">
      <Attribute name="name" value="AN_LAVORATORE.STRINDIRIZZORES"/>
      <Attribute name="shortName" value="STRINDIRIZZORES"/>
      <Attribute name="operation" value="0"/>
      <Attribute name="summary_nth" value="0"/>
    </Field>
    <Field type="DatabaseField" id="4" valueType="11">
      <Attribute name="name" value="AN_LAVORATORE.STRINDIRIZZODOM"/>
      <Attribute name="shortName" value="STRINDIRIZZODOM"/>
      <Attribute name="operation" value="0"/>
      <Attribute name="summary_nth" value="0"/>
    </Field>
    <Field type="DatabaseField" id="5" valueType="11">
      <Attribute name="name" value="AN_LAVORATORE.STRTELDOM"/>
      <Attribute name="shortName" value="STRTELDOM"/>
      <Attribute name="operation" value="0"/>
      <Attribute name="summary_nth" value="0"/>
    </Field>
    <Field type="DatabaseField" id="6" valueType="11">
      <Attribute name="name" value="AN_LAVORATORE.STRTELALTRO"/>
      <Attribute name="shortName" value="STRTELALTRO"/>
      <Attribute name="operation" value="0"/>
      <Attribute name="summary_nth" value="0"/>
    </Field>
    <Field type="DatabaseField" id="7" valueType="11">
      <Attribute name="name" value="AN_LAVORATORE.STREMAIL"/>
      <Attribute name="shortName" value="STREMAIL"/>
      <Attribute name="operation" value="0"/>
      <Attribute name="summary_nth" value="0"/>
    </Field>
    <Field type="DatabaseField" id="8" valueType="11">
      <Attribute name="name" value="DE_CITTADINANZA.STRDESCRIZIONE"/>
      <Attribute name="shortName" value="STRDESCRIZIONE"/>
      <Attribute name="operation" value="0"/>
      <Attribute name="summary_nth" value="0"/>
    </Field>
    <Field type="DatabaseField" id="9" valueType="11">
      <Attribute name="name" value="PR_NOTA_LAV.TXTNOTECPI"/>
      <Attribute name="shortName" value="TXTNOTECPI"/>
      <Attribute name="operation" value="0"/>
      <Attribute name="summary_nth" value="0"/>
    </Field>
    <Field type="DatabaseField" id="10" valueType="11">
      <Attribute name="name" value="AN_LAVORATORE.STRNOME"/>
      <Attribute name="shortName" value="STRNOME"/>
      <Attribute name="operation" value="0"/>
      <Attribute name="summary_nth" value="0"/>
    </Field>
    <Field type="DatabaseField" id="11" valueType="11">
      <Attribute name="name" value="AN_LAVORATORE.STRCOGNOME"/>
      <Attribute name="shortName" value="STRCOGNOME"/>
      <Attribute name="operation" value="0"/>
      <Attribute name="summary_nth" value="0"/>
    </Field>
    <Field type="DatabaseField" id="12" valueType="11">
      <Attribute name="name" value="DE_COMUNE.STRDENOMINAZIONE"/>
      <Attribute name="shortName" value="STRDENOMINAZIONE"/>
      <Attribute name="operation" value="0"/>
      <Attribute name="summary_nth" value="0"/>
    </Field>
    <Field type="DatabaseField" id="13" valueType="11">
      <Attribute name="name" value="DE_PROVINCIA.STRTARGA"/>
      <Attribute name="shortName" value="STRTARGA"/>
      <Attribute name="operation" value="0"/>
      <Attribute name="summary_nth" value="0"/>
    </Field>
    <Field type="DatabaseField" id="14" valueType="15">
      <Attribute name="name" value="AN_LAVORATORE.DATNASC"/>
      <Attribute name="shortName" value="DATNASC"/>
      <Attribute name="operation" value="0"/>
      <Attribute name="summary_nth" value="0"/>
    </Field>
    <Field type="DatabaseField" id="15" valueType="11">
      <Attribute name="name" value="DE_COMUNE_1.STRCAP"/>
      <Attribute name="shortName" value="STRCAP"/>
      <Attribute name="operation" value="0"/>
      <Attribute name="summary_nth" value="0"/>
    </Field>
    <Field type="DatabaseField" id="16" valueType="11">
      <Attribute name="name" value="DE_COMUNE_1.STRDENOMINAZIONE"/>
      <Attribute name="shortName" value="STRDENOMINAZIONE"/>
      <Attribute name="operation" value="0"/>
      <Attribute name="summary_nth" value="0"/>
    </Field>
    <Field type="DatabaseField" id="17" valueType="11">
      <Attribute name="name" value="DE_PROVINCIA_1.STRTARGA"/>
      <Attribute name="shortName" value="STRTARGA"/>
      <Attribute name="operation" value="0"/>
      <Attribute name="summary_nth" value="0"/>
    </Field>
    <Field type="DatabaseField" id="18" valueType="11">
      <Attribute name="name" value="DE_COMUNE_2.STRDENOMINAZIONE"/>
      <Attribute name="shortName" value="STRDENOMINAZIONE"/>
      <Attribute name="operation" value="0"/>
      <Attribute name="summary_nth" value="0"/>
    </Field>
    <Field type="DatabaseField" id="19" valueType="11">
      <Attribute name="name" value="DE_PROVINCIA_2.STRTARGA"/>
      <Attribute name="shortName" value="STRTARGA"/>
      <Attribute name="operation" value="0"/>
      <Attribute name="summary_nth" value="0"/>
    </Field>
    <Field type="DatabaseField" id="20" valueType="11">
      <Attribute name="name" value="DE_COMUNE_2.STRCAP"/>
      <Attribute name="shortName" value="STRCAP"/>
      <Attribute name="operation" value="0"/>
      <Attribute name="summary_nth" value="0"/>
    </Field>
  </DatabaseFields>

  <FormulaFields count="17">
    <Field type="FormulaField" id="0" valueType="0">
      <Attribute name="name" value="tipoPatente"/>
      <Attribute name="shortName" value="tipoPatente"/>
      <Attribute name="operation" value="0"/>
      <Attribute name="summary_nth" value="0"/>
      <Attribute name="formula type" value="0"/>
      <Attribute name="basic syntax" value="false"/>
    <![CDATA[]]>
    </Field>
    <Field type="FormulaField" id="1" valueType="12">
      <Attribute name="name" value="nomeCognome"/>
      <Attribute name="shortName" value="nomeCognome"/>
      <Attribute name="operation" value="0"/>
      <Attribute name="summary_nth" value="0"/>
      <Attribute name="formula type" value="0"/>
      <Attribute name="basic syntax" value="false"/>
    <![CDATA[{AN_LAVORATORE.STRNOME} + '  ' + {AN_LAVORATORE.STRCOGNOME} ]]>
    </Field>
    <Field type="FormulaField" id="2" valueType="12">
      <Attribute name="name" value="luogoDataNascita"/>
      <Attribute name="shortName" value="luogoDataNascita"/>
      <Attribute name="operation" value="0"/>
      <Attribute name="summary_nth" value="0"/>
      <Attribute name="formula type" value="0"/>
      <Attribute name="basic syntax" value="false"/>
    <![CDATA[{DE_COMUNE.STRDENOMINAZIONE}+ ' ('+{DE_PROVINCIA.STRTARGA}+')   ' + toText({AN_LAVORATORE.DATNASC}, "dd/MM/yyyy")]]>
    </Field>
    <Field type="FormulaField" id="3" valueType="0">
      <Attribute name="name" value="pag_N_di_M"/>
      <Attribute name="shortName" value="pag_N_di_M"/>
      <Attribute name="operation" value="0"/>
      <Attribute name="summary_nth" value="0"/>
      <Attribute name="formula type" value="0"/>
      <Attribute name="basic syntax" value="false"/>
    <![CDATA['Pagina ' + toText(PageNumber,0) + ' di ' + toText(TotalPageCount,0)]]>
    </Field>
    <Field type="FormulaField" id="4" valueType="12">
      <Attribute name="name" value="variabili_globali"/>
      <Attribute name="shortName" value="variabili_globali"/>
      <Attribute name="operation" value="0"/>
      <Attribute name="summary_nth" value="0"/>
      <Attribute name="formula type" value="0"/>
      <Attribute name="basic syntax" value="true"/>
    <![CDATA[Shared prgPrec As Number

Shared codPrec As String

Shared prgPrecMans As Number

Shared ordinePrec as Number



Shared primoComune    As Boolean 

       primoComune    = true

Shared primaProvincia As Boolean

       primaProvincia = true

Shared primaRegione   As Boolean

       primaRegione   = true

Shared primoStato     As Boolean

       primoStato     = true

Shared primoContratto As Boolean

       primoContratto = true

Shared primoOrario    As Boolean

       primoOrario    = true

Shared primoTurno     As Boolean

       primoTurno     = true



Shared comuni    As String

Shared provincie As String

Shared regioni   As String

Shared stato     As String

Shared contratti As String

Shared orari     As String

Shared turni     As String



formula = ""+toText(primoComune)]]>
    </Field>
    <Field type="FormulaField" id="5" valueType="0">
      <Attribute name="name" value="provincia"/>
      <Attribute name="shortName" value="provincia"/>
      <Attribute name="operation" value="0"/>
      <Attribute name="summary_nth" value="0"/>
      <Attribute name="formula type" value="0"/>
      <Attribute name="basic syntax" value="false"/>
    <![CDATA[]]>
    </Field>
    <Field type="FormulaField" id="6" valueType="0">
      <Attribute name="name" value="CPI"/>
      <Attribute name="shortName" value="CPI"/>
      <Attribute name="operation" value="0"/>
      <Attribute name="summary_nth" value="0"/>
      <Attribute name="formula type" value="0"/>
      <Attribute name="basic syntax" value="false"/>
    <![CDATA[]]>
    </Field>
    <Field type="FormulaField" id="7" valueType="12">
      <Attribute name="name" value="STRCOMUNECAPPROV"/>
      <Attribute name="shortName" value="STRCOMUNECAPPROV"/>
      <Attribute name="operation" value="0"/>
      <Attribute name="summary_nth" value="0"/>
      <Attribute name="formula type" value="0"/>
      <Attribute name="basic syntax" value="false"/>
    <![CDATA[{DE_COMUNE_1.STRCAP} + " " + {DE_COMUNE_1.STRDENOMINAZIONE} + " (" + {DE_PROVINCIA_1.STRTARGA} + ")"]]>
    </Field>
    <Field type="FormulaField" id="8" valueType="12">
      <Attribute name="name" value="STRCOMUNECAPPROVINCIA RESIDENZA"/>
      <Attribute name="shortName" value="STRCOMUNECAPPROVINCIA RESIDENZA"/>
      <Attribute name="operation" value="0"/>
      <Attribute name="summary_nth" value="0"/>
      <Attribute name="formula type" value="0"/>
      <Attribute name="basic syntax" value="false"/>
    <![CDATA[Local StringVar indirizzoRES := {DE_COMUNE_2.STRDENOMINAZIONE} + " (" + {DE_PROVINCIA_2.STRTARGA} + ")";

if(not isNull({DE_COMUNE_2.STRCAP})) then 

  indirizzoRES := {DE_COMUNE_2.STRCAP} + " " + indirizzoRES;



indirizzoRES;]]>
    </Field>
    <Field type="FormulaField" id="9" valueType="8">
      <Attribute name="name" value="suppress"/>
      <Attribute name="shortName" value="Section_Visibility"/>
      <Attribute name="operation" value="0"/>
      <Attribute name="summary_nth" value="0"/>
      <Attribute name="formula type" value="3"/>
      <Attribute name="basic syntax" value="false"/>
    <![CDATA[{?pMostraPerLavoratore} = true;]]>
    </Field>
    <Field type="FormulaField" id="10" valueType="8">
      <Attribute name="name" value="suppress"/>
      <Attribute name="shortName" value="Section_Visibility"/>
      <Attribute name="operation" value="0"/>
      <Attribute name="summary_nth" value="0"/>
      <Attribute name="formula type" value="3"/>
      <Attribute name="basic syntax" value="false"/>
    <![CDATA[{?pMostraPerLavoratore} = false;]]>
    </Field>
    <Field type="FormulaField" id="11" valueType="8">
      <Attribute name="name" value="suppress"/>
      <Attribute name="shortName" value="Section_Visibility"/>
      <Attribute name="operation" value="0"/>
      <Attribute name="summary_nth" value="0"/>
      <Attribute name="formula type" value="3"/>
      <Attribute name="basic syntax" value="false"/>
    <![CDATA[IsNull ({AN_LAVORATORE.STRINDIRIZZORES})]]>
    </Field>
    <Field type="FormulaField" id="12" valueType="8">
      <Attribute name="name" value="suppress"/>
      <Attribute name="shortName" value="Section_Visibility"/>
      <Attribute name="operation" value="0"/>
      <Attribute name="summary_nth" value="0"/>
      <Attribute name="formula type" value="3"/>
      <Attribute name="basic syntax" value="false"/>
    <![CDATA[IsNull ({AN_LAVORATORE.STRTELDOM})]]>
    </Field>
    <Field type="FormulaField" id="13" valueType="8">
      <Attribute name="name" value="suppress"/>
      <Attribute name="shortName" value="Section_Visibility"/>
      <Attribute name="operation" value="0"/>
      <Attribute name="summary_nth" value="0"/>
      <Attribute name="formula type" value="3"/>
      <Attribute name="basic syntax" value="false"/>
    <![CDATA[IsNull ({AN_LAVORATORE.STRTELALTRO})]]>
    </Field>
    <Field type="FormulaField" id="14" valueType="8">
      <Attribute name="name" value="suppress"/>
      <Attribute name="shortName" value="Section_Visibility"/>
      <Attribute name="operation" value="0"/>
      <Attribute name="summary_nth" value="0"/>
      <Attribute name="formula type" value="3"/>
      <Attribute name="basic syntax" value="false"/>
    <![CDATA[IsNull ({AN_LAVORATORE.STREMAIL})]]>
    </Field>
    <Field type="FormulaField" id="15" valueType="8">
      <Attribute name="name" value="suppress"/>
      <Attribute name="shortName" value="Section_Visibility"/>
      <Attribute name="operation" value="0"/>
      <Attribute name="summary_nth" value="0"/>
      <Attribute name="formula type" value="3"/>
      <Attribute name="basic syntax" value="false"/>
    <![CDATA[{?pMostraPerLavoratore} = false;]]>
    </Field>
    <Field type="FormulaField" id="16" valueType="8">
      <Attribute name="name" value="suppress"/>
      <Attribute name="shortName" value="Section_Visibility"/>
      <Attribute name="operation" value="0"/>
      <Attribute name="summary_nth" value="0"/>
      <Attribute name="formula type" value="3"/>
      <Attribute name="basic syntax" value="false"/>
    <![CDATA[{?pMostraPerLavoratore} = false;]]>
    </Field>
  </FormulaFields>

  <PromptFields count="15">
    <Field type="PromptVarField" id="0" valueType="6">
      <Attribute name="name" value="pCdnLavoratore"/>
      <Attribute name="operation" value="0"/>
      <Attribute name="summary_nth" value="0"/>
      <Attribute name="allow_multiple_values" value="false"/>
      <Attribute name="discrete_or_range" value="0"/>
      <Attribute name="allow editing" value="true"/>
      <Attribute name="prompt_text" value="Inserisci il codice lavoratore"/>
      <Attribute name="use_range" value="false"/>
      <Attribute name="id" value="0"/>
      <PromptValueDescr count="0">
      </PromptValueDescr>
    
    </Field>
    <Field type="PromptVarField" id="1" valueType="8">
      <Attribute name="name" value="pMostraPerLavoratore"/>
      <Attribute name="operation" value="0"/>
      <Attribute name="summary_nth" value="0"/>
      <Attribute name="allow_multiple_values" value="false"/>
      <Attribute name="discrete_or_range" value="0"/>
      <Attribute name="allow editing" value="true"/>
      <Attribute name="prompt_text" value="Specifica se il CV è destinato al lavoratore oppure NO"/>
      <Attribute name="use_range" value="false"/>
      <Attribute name="id" value="0"/>
      <DefaultPromptValues count="2">
        <![CDATA[[false,true]]]>
      </DefaultPromptValues>
      <PromptValueDescr count="2">
         <Attribute name="prompt value description" value=""/>
         <Attribute name="prompt value description" value=""/>
      </PromptValueDescr>
    
    </Field>
    <Field type="PromptVarField" id="2" valueType="11">
      <Attribute name="name" value="numProt"/>
      <Attribute name="operation" value="0"/>
      <Attribute name="summary_nth" value="0"/>
      <Attribute name="allow_multiple_values" value="false"/>
      <Attribute name="discrete_or_range" value="0"/>
      <Attribute name="allow editing" value="true"/>
      <Attribute name="prompt_text" value=""/>
      <Attribute name="use_range" value="false"/>
      <Attribute name="id" value="0"/>
      <PromptValueDescr count="0">
      </PromptValueDescr>
    
    </Field>
    <Field type="PromptVarField" id="3" valueType="6">
      <Attribute name="name" value="numAnnoProt"/>
      <Attribute name="operation" value="0"/>
      <Attribute name="summary_nth" value="0"/>
      <Attribute name="allow_multiple_values" value="false"/>
      <Attribute name="discrete_or_range" value="0"/>
      <Attribute name="allow editing" value="true"/>
      <Attribute name="prompt_text" value=""/>
      <Attribute name="use_range" value="false"/>
      <Attribute name="id" value="0"/>
      <PromptValueDescr count="0">
      </PromptValueDescr>
    
    </Field>
    <Field type="PromptVarField" id="4" valueType="6">
      <Attribute name="name" value="pCdnLavoratore"/>
      <Attribute name="operation" value="0"/>
      <Attribute name="summary_nth" value="0"/>
      <Attribute name="allow_multiple_values" value="false"/>
      <Attribute name="discrete_or_range" value="0"/>
      <Attribute name="allow editing" value="true"/>
      <Attribute name="prompt_text" value=""/>
      <Attribute name="use_range" value="false"/>
      <Attribute name="id" value="0"/>
      <PromptValueDescr count="0">
      </PromptValueDescr>
    
    </Field>
    <Field type="PromptVarField" id="5" valueType="6">
      <Attribute name="name" value="pCdnLavoratore"/>
      <Attribute name="operation" value="0"/>
      <Attribute name="summary_nth" value="0"/>
      <Attribute name="allow_multiple_values" value="false"/>
      <Attribute name="discrete_or_range" value="0"/>
      <Attribute name="allow editing" value="true"/>
      <Attribute name="prompt_text" value=""/>
      <Attribute name="use_range" value="false"/>
      <Attribute name="id" value="0"/>
      <PromptValueDescr count="0">
      </PromptValueDescr>
    
    </Field>
    <Field type="PromptVarField" id="6" valueType="6">
      <Attribute name="name" value="pCdnLavoratore"/>
      <Attribute name="operation" value="0"/>
      <Attribute name="summary_nth" value="0"/>
      <Attribute name="allow_multiple_values" value="false"/>
      <Attribute name="discrete_or_range" value="0"/>
      <Attribute name="allow editing" value="true"/>
      <Attribute name="prompt_text" value=""/>
      <Attribute name="use_range" value="false"/>
      <Attribute name="id" value="0"/>
      <PromptValueDescr count="0">
      </PromptValueDescr>
    
    </Field>
    <Field type="PromptVarField" id="7" valueType="6">
      <Attribute name="name" value="pCdnLavoratore"/>
      <Attribute name="operation" value="0"/>
      <Attribute name="summary_nth" value="0"/>
      <Attribute name="allow_multiple_values" value="false"/>
      <Attribute name="discrete_or_range" value="0"/>
      <Attribute name="allow editing" value="true"/>
      <Attribute name="prompt_text" value=""/>
      <Attribute name="use_range" value="false"/>
      <Attribute name="id" value="0"/>
      <PromptValueDescr count="0">
      </PromptValueDescr>
    
    </Field>
    <Field type="PromptVarField" id="8" valueType="6">
      <Attribute name="name" value="pCdnLavoratore"/>
      <Attribute name="operation" value="0"/>
      <Attribute name="summary_nth" value="0"/>
      <Attribute name="allow_multiple_values" value="false"/>
      <Attribute name="discrete_or_range" value="0"/>
      <Attribute name="allow editing" value="true"/>
      <Attribute name="prompt_text" value=""/>
      <Attribute name="use_range" value="false"/>
      <Attribute name="id" value="0"/>
      <PromptValueDescr count="0">
      </PromptValueDescr>
    
    </Field>
    <Field type="PromptVarField" id="9" valueType="6">
      <Attribute name="name" value="pCdnLavoratore"/>
      <Attribute name="operation" value="0"/>
      <Attribute name="summary_nth" value="0"/>
      <Attribute name="allow_multiple_values" value="false"/>
      <Attribute name="discrete_or_range" value="0"/>
      <Attribute name="allow editing" value="true"/>
      <Attribute name="prompt_text" value=""/>
      <Attribute name="use_range" value="false"/>
      <Attribute name="id" value="0"/>
      <PromptValueDescr count="0">
      </PromptValueDescr>
    
    </Field>
    <Field type="PromptVarField" id="10" valueType="6">
      <Attribute name="name" value="pCdnLavoratore"/>
      <Attribute name="operation" value="0"/>
      <Attribute name="summary_nth" value="0"/>
      <Attribute name="allow_multiple_values" value="false"/>
      <Attribute name="discrete_or_range" value="0"/>
      <Attribute name="allow editing" value="true"/>
      <Attribute name="prompt_text" value=""/>
      <Attribute name="use_range" value="false"/>
      <Attribute name="id" value="0"/>
      <PromptValueDescr count="0">
      </PromptValueDescr>
    
    </Field>
    <Field type="PromptVarField" id="11" valueType="6">
      <Attribute name="name" value="pCdnLavoratore"/>
      <Attribute name="operation" value="0"/>
      <Attribute name="summary_nth" value="0"/>
      <Attribute name="allow_multiple_values" value="false"/>
      <Attribute name="discrete_or_range" value="0"/>
      <Attribute name="allow editing" value="true"/>
      <Attribute name="prompt_text" value=""/>
      <Attribute name="use_range" value="false"/>
      <Attribute name="id" value="0"/>
      <PromptValueDescr count="0">
      </PromptValueDescr>
    
    </Field>
    <Field type="PromptVarField" id="12" valueType="6">
      <Attribute name="name" value="pCdnLavoratore"/>
      <Attribute name="operation" value="0"/>
      <Attribute name="summary_nth" value="0"/>
      <Attribute name="allow_multiple_values" value="false"/>
      <Attribute name="discrete_or_range" value="0"/>
      <Attribute name="allow editing" value="true"/>
      <Attribute name="prompt_text" value=""/>
      <Attribute name="use_range" value="false"/>
      <Attribute name="id" value="0"/>
      <PromptValueDescr count="0">
      </PromptValueDescr>
    
    </Field>
    <Field type="PromptVarField" id="13" valueType="6">
      <Attribute name="name" value="pCdnLavoratore"/>
      <Attribute name="operation" value="0"/>
      <Attribute name="summary_nth" value="0"/>
      <Attribute name="allow_multiple_values" value="false"/>
      <Attribute name="discrete_or_range" value="0"/>
      <Attribute name="allow editing" value="true"/>
      <Attribute name="prompt_text" value=""/>
      <Attribute name="use_range" value="false"/>
      <Attribute name="id" value="0"/>
      <PromptValueDescr count="0">
      </PromptValueDescr>
    
    </Field>
    <Field type="PromptVarField" id="14" valueType="6">
      <Attribute name="name" value="pCdnLavoratore"/>
      <Attribute name="operation" value="0"/>
      <Attribute name="summary_nth" value="0"/>
      <Attribute name="allow_multiple_values" value="false"/>
      <Attribute name="discrete_or_range" value="0"/>
      <Attribute name="allow editing" value="true"/>
      <Attribute name="prompt_text" value=""/>
      <Attribute name="use_range" value="false"/>
      <Attribute name="id" value="0"/>
      <PromptValueDescr count="0">
      </PromptValueDescr>
    
    </Field>
  </PromptFields>

  <SummaryFields count="0">
  </SummaryFields>

  <SortFields count="0">
  </SortFields>

  <SortNFields count="0">
  </SortNFields>

  <GroupNameFields count="0">
  </GroupNameFields>

  <SQLFields count="0">
  </SQLFields>

  <Field type="FormulaField" id="-1" valueType="8">
    <Attribute name="name" value="Record_Selection"/>
    <Attribute name="shortName" value="Record_Selection"/>
    <Attribute name="operation" value="0"/>
    <Attribute name="summary_nth" value="0"/>
    <Attribute name="formula type" value="1"/>
    <Attribute name="basic syntax" value="false"/>
  <![CDATA[{AN_LAVORATORE.CDNLAVORATORE} = {?pCdnLavoratore}]]>
  </Field>
  <ReportProperties>
    <Attribute name="page width" value="11907"/>
    <Attribute name="page height" value="16839"/>
    <Attribute name="page margin left" value="240"/>
    <Attribute name="page margin right" value="240"/>
    <Attribute name="page margin top" value="283"/>
    <Attribute name="page margin bottom" value="283"/>
    <Attribute name="report title" value=""/>
    <Attribute name="report author" value="D
