<?xml version="1.0" encoding="UTF-8" standalone="yes" ?>

<inet:Report xmlns:inet="http://www.inetsoftware.de" major_version="10" minor_version="0" major_xml_version="6" minor_xml_version="5" count="3" id="0">
    <Datasource dll="pdsora7.dll" host="SRVHMD:1521:orahmb" schema="" catalog="" user="modenaavvio" password="" url="">
      <Tablesource alias="TS_GENERALE" databaseIdentifier="TS_GENERALE">
        <Column name="PRGGENERALE" type="6" />
        <Column name="CODPROVINCIASIL" type="11" />
        <Column name="CODTIPOFILEESTREPORT" type="11" />
        <Column name="NUMKMDISTANZA" type="6" />
        <Column name="FLGPROTOCOLLOAUT" type="11" />
        <Column name="NUMGGCOLLOQUIOOR" type="6" />
        <Column name="NUMGGSTIPULAPATTO" type="6" />
        <Column name="NUMGGSCADPATTO" type="6" />
        <Column name="DATPORTING" type="9" />
        <Column name="FLGBATCHANZPREC297" type="11" />
        <Column name="NUMGGPRIMARITARDOMOV" type="6" />
        <Column name="DATINIZIOVAL" type="9" />
        <Column name="DATFINEVAL" type="9" />
        <Column name="NUMGGVALIDITAPWD" type="6" />
        <Column name="STRCONTESTOMIGRAZIONI" type="11" />
        <Column name="DTMULTIMAMIGRAZIONE" type="9" />
        <Column name="FLGCANCELLADAROSA" type="11" />
        <Column name="STRSMTPSERVER" type="11" />
        <Column name="NUMMINUTIMIGRAZIONI" type="6" />
        <Column name="NUMMINMESIAVVISOTD" type="6" />
        <Column name="NUMMINMESIBLOCCOTD" type="6" />
        <Column name="FLGSCATTANOIMPATTI" type="11" />
        <Column name="FLGCOMMITBATCH" type="11" />
        <Column name="FLGWARNINGMOVDURATA" type="11" />
        <Column name="FLGWARNINGMOVREDDITO" type="11" />
        <Column name="FLGCONTATTOAUTOMROSA" type="11" />
        <Column name="STRCONTESTOVALIDAZIONE" type="11" />
        <Column name="FLGIMPATTITRAANNI" type="11" />
        <Column name="FLGNONSCATTIMPATTICONMOVORFANI" type="11" />
        <Column name="FLGSCATTANOIMPATTITIRINMOBSOSP" type="11" />
        <Column name="FLGSCATTANOIMPATTITIRINMOBEFF" type="11" />
        <Column name="FLGBATCHIMPATTITRAANNISOLODIS" type="11" />
        <Column name="FLGBLOCCASESOMANUALE" type="11" />
        <Column name="FLGCOPIAPATTOEAZIONI" type="11" />
        <Column name="NUMGGELASTICITACESSAZIONI" type="6" />
        <Column name="NUMMAXISCMOBDAVALIDARE" type="6" />
        <Column name="STRPATHMODULISTICAPUBB" type="11" />
        <Column name="FLGMIGRATIROCINI" type="11" />
        <Column name="NUMMAXISCMOBDAVALSEPROTMOV" type="6" />
        <Column name="STRNOTAAVVPUBBLICO" type="11" />
        <Column name="DATETL" type="9" />
      </Tablesource>
      <Tablesource alias="DE_PROVINCIA" databaseIdentifier="DE_PROVINCIA">
        <Column name="CODPROVINCIA" type="11" />
        <Column name="STRDENOMINAZIONE" type="11" />
        <Column name="STRTARGA" type="11" />
        <Column name="STRISTAT" type="11" />
        <Column name="CODREGIONE" type="11" />
        <Column name="DATINIZIOVAL" type="9" />
        <Column name="DATFINEVAL" type="9" />
        <Column name="NUMKLOPROVINCIA" type="6" />
        <Column name="STRDIRCOORDINATORE" type="11" />
        <Column name="STRRESPONSABILEUO" type="11" />
        <Column name="STRINDIRIZZOPOLO" type="11" />
        <Column name="CODCPICAPOLUOGO" type="11" />
      </Tablesource>
    </Datasource>
  <Database>

    <Join from="TS_GENERALE" to="DE_PROVINCIA" type="inn">
      <Link from="CODPROVINCIASIL" to="CODPROVINCIA" type="eq"/>
    </Join>
    <QueryChanges mask="0" count="2">
      <Attribute name="queryChange" value="null"/>
      <Attribute name="queryChange" value="null"/>
    </QueryChanges>
  </Database>
  <FormulaFields count="1">
    <Field type="FormulaField" valueType="11">
      <Attribute name="name" value="dataStipula"/>
      <Attribute name="shortName" value="dataStipula"/>
      <Attribute name="formula type" value="0"/>
      <Attribute name="basic syntax" value="false"/>
      <![CDATA[{?cpi}  + ', li ' +  {?dataStipula}]]>
    </Field>
  </FormulaFields>

  <PromptFields count="3">
    <Field type="PromptVarField" valueType="11">
      <Attribute name="name" value="cpi"/>
      <Attribute name="allow_multiple_values" value="false"/>
      <Attribute name="discrete_or_range" value="0"/>
      <Attribute name="allow editing" value="true"/>
      <Attribute name="prompt_text" value=""/>
      <Attribute name="use_range" value="false"/>
      <Attribute name="id" value="0"/>
      <PromptValueDescr count="0">
      </PromptValueDescr>
      <Attribute name="sort_type" value="0"/>
    </Field>
    <Field type="PromptVarField" valueType="11">
      <Attribute name="name" value="dataStipula"/>
      <Attribute name="allow_multiple_values" value="false"/>
      <Attribute name="discrete_or_range" value="0"/>
      <Attribute name="allow editing" value="true"/>
      <Attribute name="prompt_text" value=""/>
      <Attribute name="use_range" value="false"/>
      <Attribute name="id" value="0"/>
      <PromptValueDescr count="0">
      </PromptValueDescr>
      <Attribute name="sort_type" value="0"/>
    </Field>
    <Field type="PromptVarField" valueType="11">
      <Attribute name="name" value="dataScadenza"/>
      <Attribute name="allow_multiple_values" value="false"/>
      <Attribute name="discrete_or_range" value="0"/>
      <Attribute name="allow editing" value="true"/>
      <Attribute name="prompt_text" value=""/>
      <Attribute name="use_range" value="false"/>
      <Attribute name="id" value="0"/>
      <PromptValueDescr count="0">
      </PromptValueDescr>
      <Attribute name="sort_type" value="0"/>
    </Field>
  </PromptFields>

  <SQLFields count="0">
  </SQLFields>

  <SummaryFields count="0">
  </SummaryFields>

  <SortFields count="0">
  </SortFields>

  <GroupNameFields count="0">
  </GroupNameFields>

  <ReportProperties>
    <Attribute name="page width" value="11904"/>
    <Attribute name="page height" value="16836"/>
    <Attribute name="page orientation" value="0"/>
    <Attribute name="page margin left" value="240"/>
    <Attribute name="page margin right" value="240"/>
    <Attribute name="page margin top" value="283"/>
    <Attribute name="page margin bottom" value="283"/>
    <Attribute name="report title" value=""/>
    <Attribute name="report author" value=""/>
    <Attribute name="report keywords" value=""/>
    <Attribute name="report subject" value=""/>
    <Attribute name="report template" value=""/>
    <Attribute name="report comments" value=""/>
    <Attribute name="report last saved" value="9 Feb 2016 09:54:10 GMT"/>
    <Attribute name="report created" value="3 Feb 2004 12:07:17 GMT"/>
    <Attribute name="mailing label type 1" value=""/>
    <Attribute name="mailing label type 2" value=""/>
    <Attribute name="format with multiple columns" value="false"/>
    <Attribute name="mailing label width" value="0"/>
    <Attribute name="mailing label height" value="0"/>
    <Attribute name="mailing label distance vertical" value="0"/>
    <Attribute name="mailing label distance horizontal" value="0"/>
    <Attribute name="across then down" value="false"/>
    <Attribute name="format groups with multiple columns" value="false"/>
    <Attribute name="distinct" value="false"/>
    <Attribute name="convert date time" value="2"/>
    <Attribute name="suppress if no rows" value="false"/>
    <Attribute name="convert null values to default" value="false"/>
    <Attribute name="hide PageFooter inside ReportHeader" value="false"/>
  </ReportProperties>
  <AreaPair type="PageAreaPair" id="0">
    <Area type="PageHeader" count="1">
      <AreaProperties>
        <Attribute name="hold minimal pagefooter free" value="1"/>
      </AreaProperties>
      <Section type="PageHeader" count="3" width="11424" height="1245" id="0">
        <SectionProperties>
          <Attribute name="suppress" value="true"/>
          <Attribute name="hold minimal pagefooter free" value="1"/>
        </SectionProperties>
        <Element type="FieldElement" x_position="600" y_position="240" width="1200" height="240">
          <CommonProperties>
            <Attribute name="horizontal align" value="1"/>
          </CommonProperties>
          <Reference name="field" type="PromptVarField" refname="?cpi"/>
        </Element>
        <Element type="FieldElement" x_position="3210" y_position="345" width="1200" height="240">
          <CommonProperties>
            <Attribute name="horizontal align" value="1"/>
          </CommonProperties>
          <Reference name="field" type="PromptVarField" refname="?dataScadenza"/>
        </Element>
        <Element type="FieldElement" x_position="6450" y_position="360" width="1200" height="240">
          <CommonProperties>
            <Attribute name="horizontal align" value="1"/>
          </CommonProperties>
          <Reference name="field" type="PromptVarField" refname="?dataStipula"/>
        </Element>
      </Section>
    </Area>
    <Area type="PageFooter" count="1">
      <AreaProperties>
        <Attribute name="print at bottom of page" value="true"/>
        <Attribute name="hold minimal pagefooter free" value="1"/>
      </AreaProperties>
      <Section type="PageFooter" count="0" width="11424" height="300" id="1">
        <SectionProperties>
          <Attribute name="suppress" value="true"/>
          <Attribute name="hold minimal pagefooter free" value="1"/>
        </SectionProperties>
      </Section>
    </Area>
  </AreaPair>

  <AreaPair type="ReportAreaPair" id="0">
    <Area type="ReportHeader" count="1">
      <AreaProperties>
        <Attribute name="hold minimal pagefooter free" value="1"/>
      </AreaProperties>
      <Section type="ReportHeader" count="0" width="11424" height="0" id="2">
        <SectionProperties>
          <Attribute name="suppress" value="true"/>
          <Attribute name="hold minimal pagefooter free" value="1"/>
        </SectionProperties>
      </Section>
    </Area>
    <Area type="ReportFooter" count="1">
      <AreaProperties>
        <Attribute name="suppress" value="true"/>
        <Attribute name="hold minimal pagefooter free" value="1"/>
      </AreaProperties>
      <Section type="ReportFooter" count="0" width="11424" height="0" id="3">
        <SectionProperties>
          <Attribute name="suppress" value="true"/>
          <Attribute name="suppress empty section" value="true"/>
          <Attribute name="hold minimal pagefooter free" value="1"/>
        </SectionProperties>
      </Section>
    </Area>
  </AreaPair>

  <AreaPair type="DetailArea" id="1">
    <Area type="Detail" count="5">
      <AreaProperties>
        <Attribute name="multiple column section" value="false"/>
        <Attribute name="hold minimal pagefooter free" value="1"/>
      </AreaProperties>
      <Section type="Detail" count="1" width="11424" height="600" id="4">
        <SectionProperties>
          <Attribute name="multiple column section" value="false"/>
        </SectionProperties>
        <Element type="Text" count="1" x_position="330" y_position="120" width="8445" height="435">
          <CommonProperties>
            <Attribute name="suppress" value="true"/>
          </CommonProperties>
          <Element type="Paragraph" count="1">
            <CommonProperties>
              <Attribute name="horizontal align" value="2"/>
            </CommonProperties>
            <Element type="TextPart">
              <FontProperties>
                <Attribute name="font size" value="240"/>
                <Attribute name="font style" value="1"/>
              </FontProperties>
            <![CDATA[UTILIZZATO NEL REPORT CON API DEL PATTO]]>
            </Element>
          </Element>
        </Element>
      </Section>
      <Section type="Detail" count="9" width="11424" height="3465" id="5">
        <SectionProperties>
          <Attribute name="multiple column section" value="false"/>
          <Attribute name="hold minimal pagefooter free" value="1"/>
        </SectionProperties>
        <Element type="Text" count="1" x_position="750" y_position="0" width="3120" height="240">
          <CommonProperties>
            <Attribute name="horizontal align" value="1"/>
            <Attribute name="close border on page break" value="false"/>
          </CommonProperties>
          <Element type="Paragraph" count="1">
            <CommonProperties>
              <Attribute name="horizontal align" value="1"/>
            </CommonProperties>
            <Element type="TextPart">
              <FontProperties>
                <Attribute name="font name" value="Times New Roman"/>
                <Attribute name="font size" value="255"/>
                <Attribute name="font style" value="1"/>
              </FontProperties>
            <![CDATA[Informazioni per l'utente:]]>
            </Element>
          </Element>
        </Element>
        <Element type="Text" count="1" x_position="1200" y_position="450" width="9060" height="375">
          <CommonProperties>
            <Attribute name="horizontal align" value="1"/>
            <Attribute name="close border on page break" value="false"/>
          </CommonProperties>
          <Element type="Paragraph" count="1">
            <CommonProperties>
              <Attribute name="horizontal align" value="1"/>
            </CommonProperties>
            <Element type="TextPart">
              <FontProperties>
                <Attribute name="font name" value="Times New Roman"/>
                <Attribute name="font size" value="220"/>
              </FontProperties>
            <![CDATA[Il patto impegna ugualmente il Servizio e l'utente a perseguire coerentemente quanto in esso affermato;]]>
            </Element>
          </Element>
        </Element>
        <Element type="Text" count="1" x_position="750" y_position="450" width="240" height="300">
          <CommonProperties>
            <Attribute name="horizontal align" value="1"/>
            <Attribute name="close border on page break" value="false"/>
          </CommonProperties>
          <Element type="Paragraph" count="1">
            <CommonProperties>
              <Attribute name="horizontal align" value="1"/>
            </CommonProperties>
            <Element type="TextPart">
              <FontProperties>
                <Attribute name="font name" value="Times New Roman"/>
                <Attribute name="font size" value="240"/>
              </FontProperties>
            <![CDATA[1.]]>
            </Element>
          </Element>
        </Element>
        <Element type="Text" count="1" x_position="1200" y_position="2400" width="9240" height="1065">
          <CommonProperties>
            <Attribute name="horizontal align" value="1"/>
            <Attribute name="close border on page break" value="false"/>
          </CommonProperties>
          <Element type="Paragraph" count="1">
            <CommonProperties>
              <Attribute name="horizontal align" value="1"/>
            </CommonProperties>
            <Element type="TextPart">
              <FontProperties>
                <Attribute name="font name" value="Times New Roman"/>
                <Attribute name="font size" value="220"/>
              </FontProperties>
            <![CDATA[Le indisponibilità dell'utente a determinate offerte di lavoro (in base a tipologia di attività e mansioni, vincoli di orario, capacità effettiva di svolgere o meno determinate attività), o a determinate azioni tese a migliorarne l'occupabilità, devono comunque assicurare un'opportunità ragionevole di trovare lavoro, preferibilmente nel contesto del mercato del lavoro di riferimento.]]>
            </Element>
          </Element>
        </Element>
        <Element type="Text" count="1" x_position="1200" y_position="1500" width="8520" height="765">
          <CommonProperties>
            <Attribute name="horizontal align" value="1"/>
            <Attribute name="close border on page break" value="false"/>
          </CommonProperties>
          <Element type="Paragraph" count="1">
            <CommonProperties>
              <Attribute name="horizontal align" value="1"/>
            </CommonProperties>
            <Element type="TextPart">
              <FontProperties>
                <Attribute name="font name" value="Times New Roman"/>
                <Attribute name="font size" value="220"/>
              </FontProperties>
            <![CDATA[Il patto può essere modificato, su richiesta dell'utente e del Centro per l'Impiego, di comune accordo, anche tenendo conto delle eventuali mutate condizioni e situazioni della persona in cerca di lavoro.]]>
            </Element>
          </Element>
        </Element>
        <Element type="Text" count="1" x_position="1200" y_position="900" width="8400" height="690">
          <CommonProperties>
            <Attribute name="horizontal align" value="1"/>
            <Attribute name="close border on page break" value="false"/>
          </CommonProperties>
          <Element type="Paragraph" count="1">
            <CommonProperties>
              <Attribute name="horizontal align" value="1"/>
            </CommonProperties>
            <Element type="TextPart">
              <FontProperties>
                <Attribute name="font name" value="Times New Roman"/>
                <Attribute name="font size" value="220"/>
              </FontProperties>
            <![CDATA[La violazione degli impegni assunti dall'utente nel patto darà luogo alla cancellazione dello stato di disoccupazione.]]>
            </Element>
          </Element>
        </Element>
        <Element type="Text" count="1" x_position="750" y_position="900" width="240" height="345">
          <CommonProperties>
            <Attribute name="horizontal align" value="1"/>
            <Attribute name="close border on page break" value="false"/>
          </CommonProperties>
          <Element type="Paragraph" count="1">
            <CommonProperties>
              <Attribute name="horizontal align" value="1"/>
            </CommonProperties>
            <Element type="TextPart">
              <FontProperties>
                <Attribute name="font name" value="Times New Roman"/>
                <Attribute name="font size" value="240"/>
              </FontProperties>
            <![CDATA[2.]]>
            </Element>
          </Element>
        </Element>
        <Element type="Text" count="1" x_position="750" y_position="1500" width="195" height="315">
          <CommonProperties>
            <Attribute name="horizontal align" value="1"/>
            <Attribute name="close border on page break" value="false"/>
          </CommonProperties>
          <Element type="Paragraph" count="1">
            <CommonProperties>
              <Attribute name="horizontal align" value="1"/>
            </CommonProperties>
            <Element type="TextPart">
              <FontProperties>
                <Attribute name="font name" value="Times New Roman"/>
                <Attribute name="font size" value="240"/>
              </FontProperties>
            <![CDATA[3.]]>
            </Element>
          </Element>
        </Element>
        <Element type="Text" count="1" x_position="750" y_position="2400" width="300" height="450">
          <CommonProperties>
            <Attribute name="horizontal align" value="1"/>
            <Attribute name="close border on page break" value="false"/>
          </CommonProperties>
          <Element type="Paragraph" count="1">
            <CommonProperties>
              <Attribute name="horizontal align" value="1"/>
            </CommonProperties>
            <Element type="TextPart">
              <FontProperties>
                <Attribute name="font name" value="Times New Roman"/>
                <Attribute name="font size" value="240"/>
              </FontProperties>
            <![CDATA[4.]]>
            </Element>
          </Element>
        </Element>
      </Section>
      <Section type="Detail" count="2" width="11424" height="1200" id="6">
        <SectionProperties>
          <Attribute name="multiple column section" value="false"/>
        </SectionProperties>
        <Element type="Text" count="1" x_position="1200" y_position="150" width="9255" height="915">
          <CommonProperties>
            <Attribute name="can grow" value="true"/>
          </CommonProperties>
          <Element type="Paragraph" count="1">
            <CommonProperties>
              <Attribute name="horizontal align" value="1"/>
            </CommonProperties>
            <Element type="TextPart">
              <FontProperties>
                <Attribute name="font name" value="Times New Roman"/>
                <Attribute name="font size" value="220"/>
              </FontProperties>
            <![CDATA[Qualora il disoccupato venga meno agli impegni presi il Centro per l'Impiego disporrà la perdita dello stato di disoccupazione. Il disoccupato non potrà rilasciare dichiarazione di immediata disponibilità e riacquisire lo stato di disoccupazione per tre mesi dalla data di cancellazione ai sensi della delibera regionale 1498/13.]]>
            </Element>
          </Element>
        </Element>
        <Element type="Text" count="1" x_position="750" y_position="150" width="300" height="300">
          <CommonProperties>
            <Attribute name="horizontal align" value="1"/>
            <Attribute name="can grow" value="true"/>
          </CommonProperties>
          <Element type="Paragraph" count="1">
            <CommonProperties>
              <Attribute name="horizontal align" value="1"/>
            </CommonProperties>
            <Element type="TextPart">
              <FontProperties>
                <Attribute name="font name" value="Times New Roman"/>
                <Attribute name="font size" value="240"/>
              </FontProperties>
            <![CDATA[5.]]>
            </Element>
          </Element>
        </Element>
      </Section>
      <Section type="Detail" count="2" width="11424" height="1065" id="7">
        <SectionProperties>
          <Attribute name="multiple column section" value="false"/>
        </SectionProperties>
        <Element type="Text" count="1" x_position="750" y_position="150" width="300" height="300">
          <CommonProperties>
            <Attribute name="horizontal align" value="1"/>
            <Attribute name="close border on page break" value="false"/>
          </CommonProperties>
          <Element type="Paragraph" count="1">
            <CommonProperties>
              <Attribute name="horizontal align" value="1"/>
            </CommonProperties>
            <Element type="TextPart">
              <FontProperties>
                <Attribute name="font name" value="Times New Roman"/>
                <Attribute name="font size" value="240"/>
              </FontProperties>
            <![CDATA[6.]]>
            </Element>
          </Element>
        </Element>
        <Element type="Text" count="1" x_position="1200" y_position="150" width="9210" height="915">
          <Element type="Paragraph" count="1">
            <CommonProperties>
              <Attribute name="horizontal align" value="1"/>
            </CommonProperties>
            <Element type="TextPart">
              <FontProperties>
                <Attribute name="font name" value="Times New Roman"/>
                <Attribute name="font size" value="220"/>
              </FontProperties>
            <![CDATA[Qualora l'impegno del disoccupato consista nel presentarsi al Centro per l'Impiego entro la data concordata, il mancato rispetto dell'impegno comporterà la perdita dello stato di disoccupazione e l'impossibilità di riacquisirlo per il periodo di tre mesi.]]>
            </Element>
          </Element>
        </Element>
      </Section>
      <Section type="Detail" count="2" width="11424" height="780" id="8">
        <SectionProperties>
          <Attribute name="multiple column section" value="false"/>
        </SectionProperties>
        <Element type="Text" count="1" x_position="750" y_position="150" width="300" height="300">
          <CommonProperties>
            <Attribute name="horizontal align" value="1"/>
            <Attribute name="close border on page break" value="false"/>
          </CommonProperties>
          <Element type="Paragraph" count="1">
            <CommonProperties>
              <Attribute name="horizontal align" value="1"/>
            </CommonProperties>
            <Element type="TextPart">
              <FontProperties>
                <Attribute name="font name" value="Times New Roman"/>
                <Attribute name="font size" value="240"/>
              </FontProperties>
            <![CDATA[7.]]>
            </Element>
          </Element>
        </Element>
        <Element type="Text" count="1" x_position="1200" y_position="150" width="8700" height="630">
          <Element type="Paragraph" count="1">
            <CommonProperties>
              <Attribute name="horizontal align" value="1"/>
            </CommonProperties>
            <Element type="TextPart">
              <FontProperties>
                <Attribute name="font name" value="Times New Roman"/>
                <Attribute name="font size" value="220"/>
              </FontProperties>
            <![CDATA[Il CPI garantisce la tutela della riservatezza dei dati sulla base delle norme sulla privacy ed equità di trattamento a tutti gli utenti.]]>
            </Element>
          </Element>
        </Element>
      </Section>
    </Area>
  </AreaPair>

</inet:Report>
