<?xml version="1.0" encoding="UTF-8" standalone="yes" ?>

<inet:Report xmlns:inet="http://www.inetsoftware.de" major_version="8" minor_version="0" major_xml_version="1" minor_xml_version="1" count="3" id="0">
  <Database type="0">
    <Sprocs count="0">
    </Sprocs>
    <QueryChanges mask="0" count="2">
        <Attribute name="queryChange" value="null"/>
        <Attribute name="queryChange" value="null"/>
    </QueryChanges>
  </Database>

  <SortFields count="0">
  </SortFields>

  <SQLFields count="0">
  </SQLFields>

  <ReportProperties>
    <Attribute name="page width" value="12240"/>
    <Attribute name="page height" value="15840"/>
    <Attribute name="page margin left" value="360"/>
    <Attribute name="page margin right" value="360"/>
    <Attribute name="page margin top" value="360"/>
    <Attribute name="page margin bottom" value="360"/>
    <Attribute name="report title" value="Report1"/>
    <Attribute name="report last saved" value="3 Feb 2004 13:28:38 GMT"/>
    <Attribute name="report created" value="3 Feb 2004 13:14:42 GMT"/>
    <Attribute name="mailing label type 1" value=""/>
    <Attribute name="mailing label type 2" value=""/>
    <Attribute name="format with multiple columns" value="false"/>
    <Attribute name="mailing label width" value="0"/>
    <Attribute name="mailing label height" value="0"/>
    <Attribute name="mailing label distance vertical" value="0"/>
    <Attribute name="mailing label distance horizontal" value="0"/>
    <Attribute name="across then down" value="false"/>
    <Attribute name="format groups with multiple columns" value="false"/>
    <Attribute name="distinct" value="false"/>
    <Attribute name="convert date time" value="0"/>
  
  
  </ReportProperties>

  <AreaPair type="PageAreaPair" id="0">
    <Area type="PageHeader" count="1">
      <Section type="PageHeader" count="0" width="11520" height="0" id="0">
      </Section>
    </Area>
    <Area type="PageFooter" count="1">
      <AreaProperties>
        <Attribute name="drill down" value="false"/>
      </AreaProperties>
      <Section type="PageFooter" count="0" width="11520" height="0" id="1">
        <SectionProperties>
          <Attribute name="drill down" value="false"/>
          <Attribute name="suppress" value="true"/>
        </SectionProperties>
      </Section>
    </Area>
  </AreaPair>

  <AreaPair type="ReportAreaPair" id="0">
    <Area type="ReportHeader" count="1">
      <Section type="ReportHeader" count="0" width="11520" height="0" id="2">
      </Section>
    </Area>
    <Area type="ReportFooter" count="1">
      <Section type="ReportFooter" count="0" width="11520" height="0" id="3">
      </Section>
    </Area>
  </AreaPair>

  <AreaPair type="DetailArea" id="1">
    <Area type="Detail" count="1">
      <AreaProperties>
        <Attribute name="drill down" value="false"/>
      </AreaProperties>
      <Section type="Detail" count="9" width="11520" height="4500" id="4">
        <SectionProperties>
          <Attribute name="drill down" value="false"/>
        </SectionProperties>
        <Element type="Text" count="1" x_position="1200" y_position="1050" width="300" height="300">
          <Element type="Paragraph" count="2" x_position="0" y_position="0" width="0" height="0">
            <CommonProperties>
              <Attribute name="horizontal align" value="1"/>
            </CommonProperties>
            <Element type="TextPart" count="0" x_position="0" y_position="0" width="0" height="0">
              <FontProperties>
                <Attribute name="font size" value="405"/>
                <Attribute name="font style" value="1"/>
              </FontProperties>
            <![CDATA[*]]>
            </Element>
            <Element type="TextPart" count="0" x_position="0" y_position="0" width="0" height="0">
            <![CDATA[]]>
            </Element>
          </Element>
        </Element>
        <Element type="Text" count="1" x_position="1200" y_position="2250" width="300" height="300">
          <Element type="Paragraph" count="2" x_position="0" y_position="0" width="0" height="0">
            <CommonProperties>
              <Attribute name="horizontal align" value="1"/>
            </CommonProperties>
            <Element type="TextPart" count="0" x_position="0" y_position="0" width="0" height="0">
              <FontProperties>
                <Attribute name="font size" value="405"/>
                <Attribute name="font style" value="1"/>
              </FontProperties>
            <![CDATA[*]]>
            </Element>
            <Element type="TextPart" count="0" x_position="0" y_position="0" width="0" height="0">
            <![CDATA[]]>
            </Element>
          </Element>
        </Element>
        <Element type="Text" count="1" x_position="1650" y_position="1200" width="750" height="300">
          <Element type="Paragraph" count="2" x_position="0" y_position="0" width="0" height="0">
            <CommonProperties>
              <Attribute name="horizontal align" value="1"/>
            </CommonProperties>
            <Element type="TextPart" count="0" x_position="0" y_position="0" width="0" height="0">
              <FontProperties>
                <Attribute name="font name" value="Arial"/>
              </FontProperties>
            <![CDATA[L'utente]]>
            </Element>
            <Element type="TextPart" count="0" x_position="0" y_position="0" width="0" height="0">
            <![CDATA[]]>
            </Element>
          </Element>
        </Element>
        <Element type="Line" count="0" x2_position="6000" y2_position="1500" x_position="2400" y_position="1500" width="0" height="0">
        </Element>
        <Element type="Text" count="2" x_position="1650" y_position="2400" width="7950" height="750">
          <Element type="Paragraph" count="2" x_position="0" y_position="0" width="0" height="0">
            <CommonProperties>
              <Attribute name="horizontal align" value="1"/>
            </CommonProperties>
            <Element type="TextPart" count="0" x_position="0" y_position="0" width="0" height="0">
              <FontProperties>
                <Attribute name="font name" value="Arial"/>
              </FontProperties>
            <![CDATA[Per i minori deve essere apposta la firma da chi esercita la potestà genitoriale, come previsto]]>
            </Element>
            <Element type="TextPart" count="0" x_position="0" y_position="0" width="0" height="0">
              <FontProperties>
                <Attribute name="font name" value="Arial"/>
              </FontProperties>
            <![CDATA[]]>
            </Element>
          </Element>
          <Element type="Paragraph" count="2" x_position="0" y_position="0" width="0" height="0">
            <CommonProperties>
              <Attribute name="horizontal align" value="1"/>
            </CommonProperties>
            <Element type="TextPart" count="0" x_position="0" y_position="0" width="0" height="0">
              <FontProperties>
                <Attribute name="font name" value="Arial"/>
              </FontProperties>
            <![CDATA[dal DPR n. 445 del 2000]]>
            </Element>
            <Element type="TextPart" count="0" x_position="0" y_position="0" width="0" height="0">
            <![CDATA[]]>
            </Element>
          </Element>
        </Element>
        <Element type="Text" count="1" x_position="3600" y_position="1650" width="4200" height="450">
          <Element type="Paragraph" count="2" x_position="0" y_position="0" width="0" height="0">
            <CommonProperties>
              <Attribute name="horizontal align" value="1"/>
            </CommonProperties>
            <Element type="TextPart" count="0" x_position="0" y_position="0" width="0" height="0">
              <FontProperties>
                <Attribute name="font name" value="Arial"/>
                <Attribute name="font size" value="210"/>
              </FontProperties>
            <![CDATA[(.......................................................)]]>
            </Element>
            <Element type="TextPart" count="0" x_position="0" y_position="0" width="0" height="0">
            <![CDATA[]]>
            </Element>
          </Element>
        </Element>
        <Element type="Text" count="1" x_position="1350" y_position="3300" width="3300" height="300">
          <Element type="Paragraph" count="2" x_position="0" y_position="0" width="0" height="0">
            <CommonProperties>
              <Attribute name="horizontal align" value="1"/>
            </CommonProperties>
            <Element type="TextPart" count="0" x_position="0" y_position="0" width="0" height="0">
              <FontProperties>
                <Attribute name="font name" value="Arial"/>
              </FontProperties>
            <![CDATA[L' operatore del Centro per l'Impiego ]]>
            </Element>
            <Element type="TextPart" count="0" x_position="0" y_position="0" width="0" height="0">
            <![CDATA[]]>
            </Element>
          </Element>
        </Element>
        <Element type="Line" count="0" x2_position="8850" y2_position="3600" x_position="4500" y_position="3600" width="4350" height="0">
        </Element>
        <Element type="Text" count="1" x_position="4650" y_position="3900" width="4200" height="450">
          <Element type="Paragraph" count="2" x_position="0" y_position="0" width="0" height="0">
            <CommonProperties>
              <Attribute name="horizontal align" value="1"/>
            </CommonProperties>
            <Element type="TextPart" count="0" x_position="0" y_position="0" width="0" height="0">
              <FontProperties>
                <Attribute name="font name" value="Arial"/>
                <Attribute name="font size" value="210"/>
              </FontProperties>
            <![CDATA[(.......................................................)]]>
            </Element>
            <Element type="TextPart" count="0" x_position="0" y_position="0" width="0" height="0">
            <![CDATA[]]>
            </Element>
          </Element>
        </Element>
      </Section>
    </Area>
  </AreaPair>

</inet:Report>
