<?xml version="1.0" encoding="UTF-8" standalone="yes" ?>

<inet:Report xmlns:inet="http://www.inetsoftware.de" major_version="10" minor_version="0" major_xml_version="6" minor_xml_version="5" count="3" id="0">
    <Datasource dll="pdsora7.dll" host="giunone:1521:orag10" schema="" catalog="" user="trentoavviotest" password="" url="">
      <Tablesource alias="AN_LAVORATORE" databaseIdentifier="AN_LAVORATORE">
        <Column name="CDNLAVORATORE" type="6" />
        <Column name="STRCODICEFISCALE" type="11" />
        <Column name="STRCOGNOME" type="11" />
        <Column name="STRNOME" type="11" />
        <Column name="STRSESSO" type="11" />
        <Column name="DATNASC" type="9" />
        <Column name="CODCOMNAS" type="11" />
        <Column name="CODCITTADINANZA" type="11" />
        <Column name="CODCITTADINANZA2" type="11" />
        <Column name="CODSTATOCIVILE" type="11" />
        <Column name="FLGMILITE" type="11" />
        <Column name="CODCOMRES" type="11" />
        <Column name="NUMFIGLI" type="6" />
        <Column name="STRINDIRIZZORES" type="11" />
        <Column name="STRLOCALITARES" type="11" />
        <Column name="STRCAPRES" type="11" />
        <Column name="CODCOMDOM" type="11" />
        <Column name="STRINDIRIZZODOM" type="11" />
        <Column name="STRLOCALITADOM" type="11" />
        <Column name="STRCAPDOM" type="11" />
        <Column name="CODCOMREC" type="11" />
        <Column name="STRINDIRIZZOREC" type="11" />
        <Column name="STRLOCALITAREC" type="11" />
        <Column name="STRCAPREC" type="11" />
        <Column name="STRTELRES" type="11" />
        <Column name="STRTELDOM" type="11" />
        <Column name="STRTELALTRO" type="11" />
        <Column name="STRCELL" type="11" />
        <Column name="STREMAIL" type="11" />
        <Column name="STRFAX" type="11" />
        <Column name="STRNOTE" type="11" />
        <Column name="FLGCFOK" type="11" />
        <Column name="CDNUTINS" type="6" />
        <Column name="DTMINS" type="9" />
        <Column name="CDNUTMOD" type="6" />
        <Column name="DTMMOD" type="9" />
        <Column name="NUMKLOLAVORATORE" type="6" />
        <Column name="FLGINVIOSMS" type="11" />
        <Column name="DATINVIOSMS" type="9" />
      </Tablesource>
      <Tablesource alias="DE_COMUNE" databaseIdentifier="DE_COMUNE">
        <Column name="CODCOM" type="11" />
        <Column name="STRDENOMINAZIONE" type="11" />
        <Column name="STRCAP" type="11" />
        <Column name="CODCPI" type="11" />
        <Column name="CODPROVINCIA" type="11" />
        <Column name="NUMMESIMOBEXCASSAMEZZ" type="6" />
        <Column name="DATINIZIOVAL" type="9" />
        <Column name="DATFINEVAL" type="9" />
        <Column name="NUMKLOCOMUNE" type="6" />
        <Column name="CODISTAT" type="11" />
      </Tablesource>
      <Tablesource alias="DE_COMUNE_2" databaseIdentifier="DE_COMUNE">
        <Column name="CODCOM" type="11" />
        <Column name="STRDENOMINAZIONE" type="11" />
        <Column name="STRCAP" type="11" />
        <Column name="CODCPI" type="11" />
        <Column name="CODPROVINCIA" type="11" />
        <Column name="NUMMESIMOBEXCASSAMEZZ" type="6" />
        <Column name="DATINIZIOVAL" type="9" />
        <Column name="DATFINEVAL" type="9" />
        <Column name="NUMKLOCOMUNE" type="6" />
        <Column name="CODISTAT" type="11" />
      </Tablesource>
      <Tablesource alias="DE_COMUNE_3" databaseIdentifier="DE_COMUNE">
        <Column name="CODCOM" type="11" />
        <Column name="STRDENOMINAZIONE" type="11" />
        <Column name="STRCAP" type="11" />
        <Column name="CODCPI" type="11" />
        <Column name="CODPROVINCIA" type="11" />
        <Column name="NUMMESIMOBEXCASSAMEZZ" type="6" />
        <Column name="DATINIZIOVAL" type="9" />
        <Column name="DATFINEVAL" type="9" />
        <Column name="NUMKLOCOMUNE" type="6" />
        <Column name="CODISTAT" type="11" />
      </Tablesource>
      <Tablesource alias="DE_CITTADINANZA" databaseIdentifier="DE_CITTADINANZA">
        <Column name="CODCITTADINANZA" type="11" />
        <Column name="STRDESCRIZIONE" type="11" />
        <Column name="STRNAZIONE" type="11" />
        <Column name="CDNISTAT" type="6" />
        <Column name="CODEDS" type="11" />
        <Column name="FLGCEE" type="11" />
        <Column name="DATINIZIOVAL" type="9" />
        <Column name="DATFINEVAL" type="9" />
      </Tablesource>
    </Datasource>
  <Database>

    <Join from="AN_LAVORATORE" to="DE_COMUNE" type="inn">
      <Link from="CODCOMNAS" to="CODCOM" type="eq"/>
    </Join>

    <Join from="AN_LAVORATORE" to="DE_COMUNE_2" type="inn">
      <Link from="CODCOMRES" to="CODCOM" type="eq"/>
    </Join>

    <Join from="AN_LAVORATORE" to="DE_COMUNE_3" type="inn">
      <Link from="CODCOMDOM" to="CODCOM" type="eq"/>
    </Join>

    <Join from="AN_LAVORATORE" to="DE_CITTADINANZA" type="inn">
      <Link from="CODCITTADINANZA" to="CODCITTADINANZA" type="eq"/>
    </Join>
    <QueryChanges mask="0" count="2">
      <Attribute name="queryChange" value="null"/>
      <Attribute name="queryChange" value="null"/>
    </QueryChanges>
  </Database>
  <FormulaFields count="15">
    <Field type="FormulaField" valueType="11">
      <Attribute name="name" value="totaliPagine"/>
      <Attribute name="shortName" value="totaliPagine"/>
      <Attribute name="formula type" value="0"/>
      <Attribute name="basic syntax" value="false"/>
      <![CDATA['Pagina ' + 'di']]>
    </Field>
    <Field type="FormulaField" valueType="11">
      <Attribute name="name" value="namestring"/>
      <Attribute name="shortName" value="namestring"/>
      <Attribute name="formula type" value="0"/>
      <Attribute name="basic syntax" value="false"/>
      <![CDATA['Il/La sottoscritto/a, '+{AN_LAVORATORE.STRCOGNOME} +'  '+ {AN_LAVORATORE.STRNOME} +',  consapevole delle sanzioni penali, nel caso di dichiarazioni non veritiere, di formazione o uso di atti falsi, richiamate dall’art. 76 del D.P.R. 445 del 28 dicembre 2000, ']]>
    </Field>
    <Field type="FormulaField" valueType="11">
      <Attribute name="name" value="nascfields"/>
      <Attribute name="shortName" value="nascfields"/>
      <Attribute name="formula type" value="0"/>
      <Attribute name="basic syntax" value="false"/>
      <![CDATA["nato/a a "+   {DE_COMUNE.STRDENOMINAZIONE}+" (Comune o Stato estero di nascita)"]]>
    </Field>
    <Field type="FormulaField" valueType="11">
      <Attribute name="name" value="strlocalita"/>
      <Attribute name="shortName" value="strlocalita"/>
      <Attribute name="formula type" value="0"/>
      <Attribute name="basic syntax" value="false"/>
      <![CDATA[if(length({AN_LAVORATORE.STRLOCALITARES})=1) then
""  + " , indirizzo "
else
", frazione " + {AN_LAVORATORE.STRLOCALITARES} + " , indirizzo "]]>
    </Field>
    <Field type="FormulaField" valueType="11">
      <Attribute name="name" value="datanascita"/>
      <Attribute name="shortName" value="datanascita"/>
      <Attribute name="formula type" value="0"/>
      <Attribute name="basic syntax" value="false"/>
      <![CDATA['di essere nato/a a '+{DE_COMUNE.STRDENOMINAZIONE} +', il '+ ToText ({AN_LAVORATORE.DATNASC},'dd/MM/yyyy' )  +',']]>
    </Field>
    <Field type="FormulaField" valueType="11">
      <Attribute name="name" value="comuneDom"/>
      <Attribute name="shortName" value="comuneDom"/>
      <Attribute name="formula type" value="0"/>
      <Attribute name="basic syntax" value="false"/>
      <![CDATA['di essere domiciliato/a a '+{DE_COMUNE_3.STRDENOMINAZIONE}+ ' ,']]>
    </Field>
    <Field type="FormulaField" valueType="11">
      <Attribute name="name" value="comuneReside"/>
      <Attribute name="shortName" value="comuneReside"/>
      <Attribute name="formula type" value="0"/>
      <Attribute name="basic syntax" value="false"/>
      <![CDATA['di essere residente a '+ {DE_COMUNE_2.STRDENOMINAZIONE} +', ']]>
    </Field>
    <Field type="FormulaField" valueType="11">
      <Attribute name="name" value="IndiriRes"/>
      <Attribute name="shortName" value="IndiriRes"/>
      <Attribute name="formula type" value="0"/>
      <Attribute name="basic syntax" value="false"/>
      <![CDATA[stringVar indirizzoResidenza := '';
if ( {@viaRes} <> ' ') then
	indirizzoResidenza := indirizzoResidenza + 'in  '+  {@viaRes}  + ', ';
if  ({@locRes} <>  ' ') then 
	indirizzoResidenza := indirizzoResidenza  + {@locRes}  + ', ';
indirizzoResidenza;]]>
    </Field>
    <Field type="FormulaField" valueType="11">
      <Attribute name="name" value="Telefono"/>
      <Attribute name="shortName" value="Telefono"/>
      <Attribute name="formula type" value="0"/>
      <Attribute name="basic syntax" value="false"/>
      <![CDATA[stringVar strTelefonoRes :='';
stringVar strTelefonoDom :='';
if (not isNull({AN_LAVORATORE.STRTELRES})) then 
	strTelefonoRes := {AN_LAVORATORE.STRTELRES};
if (not isNull({AN_LAVORATORE.STRTELDOM})) then 
	strTelefonoDom := {AN_LAVORATORE.STRTELDOM};
'telefono residenza '+strTelefonoRes+', telefono domicilio '+ strTelefonoDom+', ']]>
    </Field>
    <Field type="FormulaField" valueType="11">
      <Attribute name="name" value="Cittadinanza"/>
      <Attribute name="shortName" value="Cittadinanza"/>
      <Attribute name="formula type" value="0"/>
      <Attribute name="basic syntax" value="false"/>
      <![CDATA['di possedere cittadinanza '+  {DE_CITTADINANZA.STRDESCRIZIONE}+' , codice fiscale ' + {AN_LAVORATORE.STRCODICEFISCALE} +', ']]>
    </Field>
    <Field type="FormulaField" valueType="11">
      <Attribute name="name" value="viaDom"/>
      <Attribute name="shortName" value="viaDom"/>
      <Attribute name="formula type" value="0"/>
      <Attribute name="basic syntax" value="false"/>
      <![CDATA[stringVar strViaDom :=' ';
if (not isNull( {AN_LAVORATORE.STRINDIRIZZODOM} )) then 
	strViaDom :=  {AN_LAVORATORE.STRINDIRIZZODOM};
strViaDom;]]>
    </Field>
    <Field type="FormulaField" valueType="11">
      <Attribute name="name" value="locDom"/>
      <Attribute name="shortName" value="locDom"/>
      <Attribute name="formula type" value="0"/>
      <Attribute name="basic syntax" value="false"/>
      <![CDATA[stringVar strLocDom :=' ';
if (not isNull(  {AN_LAVORATORE.STRLOCALITADOM}  )) then 
	strLocDom :=  {AN_LAVORATORE.STRLOCALITADOM};
strLocDom;]]>
    </Field>
    <Field type="FormulaField" valueType="11">
      <Attribute name="name" value="viaRes"/>
      <Attribute name="shortName" value="viaRes"/>
      <Attribute name="formula type" value="0"/>
      <Attribute name="basic syntax" value="false"/>
      <![CDATA[stringVar strViaRes :=' ';
if (not isNull( {AN_LAVORATORE.STRINDIRIZZORES} )) then 
	strViaRes := {AN_LAVORATORE.STRINDIRIZZORES};
strViaRes;]]>
    </Field>
    <Field type="FormulaField" valueType="11">
      <Attribute name="name" value="locRes"/>
      <Attribute name="shortName" value="locRes"/>
      <Attribute name="formula type" value="0"/>
      <Attribute name="basic syntax" value="false"/>
      <![CDATA[stringVar strLocRes :=' ';
if (not isNull( {AN_LAVORATORE.STRLOCALITARES} )) then 
	strLocRes :=  {AN_LAVORATORE.STRLOCALITARES};
strLocRes;]]>
    </Field>
    <Field type="FormulaField" valueType="11">
      <Attribute name="name" value="IndirizzoDom"/>
      <Attribute name="shortName" value="IndirizzoDom"/>
      <Attribute name="formula type" value="0"/>
      <Attribute name="basic syntax" value="false"/>
      <![CDATA[stringVar indirizzoDomicilio := '';
if ( {@viaDom} <> ' ') then
	indirizzoDomicilio := indirizzoDomicilio + 'in  '+  {@viaDom}  + ', ';
if  ({@locDom} <>  ' ') then 
	indirizzoDomicilio := indirizzoDomicilio  + {@locDom}  + ', ';
indirizzoDomicilio;]]>
    </Field>
  </FormulaFields>

  <PromptFields count="6">
    <Field type="PromptVarField" valueType="6">
      <Attribute name="name" value="cdnLavoratore"/>
      <Attribute name="allow_multiple_values" value="false"/>
      <Attribute name="discrete_or_range" value="0"/>
      <Attribute name="allow editing" value="true"/>
      <Attribute name="prompt_text" value=""/>
      <Attribute name="use_range" value="false"/>
      <PromptValueDescr count="0">
      </PromptValueDescr>
      <Attribute name="sort_type" value="0"/>
    </Field>
    <Field type="PromptVarField" valueType="11">
      <Attribute name="name" value="codCPI"/>
      <Attribute name="allow_multiple_values" value="false"/>
      <Attribute name="discrete_or_range" value="0"/>
      <Attribute name="allow editing" value="true"/>
      <Attribute name="prompt_text" value=""/>
      <Attribute name="use_range" value="false"/>
      <DefaultPromptValues count="1">
      <![CDATA[[null]]]>
      </DefaultPromptValues>
      <PromptValueDescr count="0">
      </PromptValueDescr>
      <Attribute name="sort_type" value="0"/>
    </Field>
    <Field type="PromptVarField" valueType="11">
      <Attribute name="name" value="numProt"/>
      <Attribute name="allow_multiple_values" value="false"/>
      <Attribute name="discrete_or_range" value="0"/>
      <Attribute name="allow editing" value="true"/>
      <Attribute name="prompt_text" value=""/>
      <Attribute name="use_range" value="false"/>
      <DefaultPromptValues count="1">
      <![CDATA[[null]]]>
      </DefaultPromptValues>
      <PromptValueDescr count="0">
      </PromptValueDescr>
      <Attribute name="sort_type" value="0"/>
    </Field>
    <Field type="PromptVarField" valueType="11">
      <Attribute name="name" value="numAnnoProt"/>
      <Attribute name="allow_multiple_values" value="false"/>
      <Attribute name="discrete_or_range" value="0"/>
      <Attribute name="allow editing" value="true"/>
      <Attribute name="prompt_text" value=""/>
      <Attribute name="use_range" value="false"/>
      <DefaultPromptValues count="1">
      <![CDATA[[null]]]>
      </DefaultPromptValues>
      <PromptValueDescr count="0">
      </PromptValueDescr>
      <Attribute name="sort_type" value="0"/>
    </Field>
    <Field type="PromptVarField" valueType="11">
      <Attribute name="name" value="dataProt"/>
      <Attribute name="allow_multiple_values" value="false"/>
      <Attribute name="discrete_or_range" value="0"/>
      <Attribute name="allow editing" value="true"/>
      <Attribute name="prompt_text" value=""/>
      <Attribute name="use_range" value="false"/>
      <DefaultPromptValues count="1">
      <![CDATA[[null]]]>
      </DefaultPromptValues>
      <PromptValueDescr count="0">
      </PromptValueDescr>
      <Attribute name="sort_type" value="0"/>
    </Field>
    <Field type="PromptVarField" valueType="11">
      <Attribute name="name" value="dataDichAnnuale"/>
      <Attribute name="allow_multiple_values" value="false"/>
      <Attribute name="discrete_or_range" value="0"/>
      <Attribute name="allow editing" value="true"/>
      <Attribute name="prompt_text" value=""/>
      <Attribute name="use_range" value="false"/>
      <DefaultPromptValues count="1">
      <![CDATA[[null]]]>
      </DefaultPromptValues>
      <PromptValueDescr count="0">
      </PromptValueDescr>
      <Attribute name="sort_type" value="0"/>
    </Field>
  </PromptFields>

  <SQLFields count="0">
  </SQLFields>

  <SummaryFields count="0">
  </SummaryFields>

  <SortFields count="0">
  </SortFields>

  <GroupNameFields count="0">
  </GroupNameFields>

  <Field type="FormulaField" id="-1" valueType="8">
    <Attribute name="name" value="Record_Selection"/>
    <Attribute name="shortName" value="Record_Selection"/>
    <Attribute name="formula type" value="1"/>
    <Attribute name="basic syntax" value="false"/>
    <![CDATA[{AN_LAVORATORE.CDNLAVORATORE} = {?cdnLavoratore}]]>
  </Field>
  <ReportProperties>
    <Attribute name="page width" value="11907"/>
    <Attribute name="page height" value="16839"/>
    <Attribute name="page orientation" value="1"/>
    <Attribute name="page margin left" value="240"/>
    <Attribute name="page margin right" value="240"/>
    <Attribute name="page margin top" value="283"/>
    <Attribute name="page margin bottom" value="283"/>
    <Attribute name="report title" value=""/>
    <Attribute name="report author" value=""/>
    <Attribute name="report keywords" value=""/>
    <Attribute name="report subject" value=""/>
    <Attribute name="report template" value=""/>
    <Attribute name="report comments" value=""/>
    <Attribute name="report last saved" value="6 Jul 2016 14:38:54 GMT"/>
    <Attribute name="report created" value="26 Jan 2005 14:49:18 GMT"/>
    <Attribute name="mailing label type 1" value=""/>
    <Attribute name="mailing label type 2" value=""/>
    <Attribute name="format with multiple columns" value="false"/>
    <Attribute name="mailing label width" value="0"/>
    <Attribute name="mailing label height" value="0"/>
    <Attribute name="mailing label distance vertical" value="0"/>
    <Attribute name="mailing label distance horizontal" value="0"/>
    <Attribute name="across then down" value="false"/>
    <Attribute name="format groups with multiple columns" value="false"/>
    <Attribute name="distinct" value="false"/>
    <Attribute name="convert date time" value="2"/>
    <Attribute name="suppress if no rows" value="false"/>
    <Attribute name="convert null values to default" value="false"/>
    <Attribute name="hide PageFooter inside ReportHeader" value="false"/>
  </ReportProperties>
  <AreaPair type="PageAreaPair" id="0">
    <Area type="PageHeader" count="1">
      <AreaProperties>
        <Attribute name="hold minimal pagefooter free" value="1"/>
      </AreaProperties>
      <Section type="PageHeader" count="0" width="11424" height="0" id="0">
        <SectionProperties>
          <Attribute name="suppress" value="true"/>
          <Attribute name="hold minimal pagefooter free" value="1"/>
        </SectionProperties>
      </Section>
    </Area>
    <Area type="PageFooter" count="1">
      <AreaProperties>
        <Attribute name="print at bottom of page" value="true"/>
        <Attribute name="new page after" value="true"/>
        <Attribute name="hold minimal pagefooter free" value="1"/>
      </AreaProperties>
      <Section type="PageFooter" count="1" width="11424" height="615" id="1">
        <SectionProperties>
          <Attribute name="hold minimal pagefooter free" value="1"/>
        </SectionProperties>
        <Element type="Text" count="2" x_position="150" y_position="0" width="11115" height="615">
          <Element type="Paragraph" count="2">
            <CommonProperties>
              <Attribute name="horizontal align" value="2"/>
            </CommonProperties>
            <Element type="TextPart">
              <FontProperties>
                <Attribute name="font size" value="210"/>
              </FontProperties>
            <![CDATA[Sede Centrale: Trento, Via Guardini,75 - numero verde ]]>
            </Element>
            <Element type="TextPart">
              <FontProperties>
                <Attribute name="font size" value="210"/>
                <Attribute name="font color" value="65280"/>
              </FontProperties>
            <![CDATA[800-264760]]>
            </Element>
          </Element>
          <Element type="Paragraph" count="1">
            <CommonProperties>
              <Attribute name="horizontal align" value="2"/>
            </CommonProperties>
            <Element type="TextPart">
              <FontProperties>
                <Attribute name="font size" value="210"/>
              </FontProperties>
            <![CDATA[http://www.agenzialavoro.tn.it/]]>
            </Element>
          </Element>
        </Element>
      </Section>
    </Area>
  </AreaPair>

  <AreaPair type="ReportAreaPair" id="0">
    <Area type="ReportHeader" count="3">
      <AreaProperties>
        <Attribute name="new page before" value="true"/>
        <Attribute name="hold minimal pagefooter free" value="1"/>
      </AreaProperties>
      <Section type="ReportHeader" count="1" width="11424" height="1950" id="2">
        <SectionProperties>
          <Attribute name="hold minimal pagefooter free" value="1"/>
        </SectionProperties>
        <Element type="Subreport" x_position="210" y_position="75" width="10605" height="1815">
          <CommonProperties>
            <Attribute name="horizontal align" value="1"/>
            <Attribute name="close border on page break" value="false"/>
          </CommonProperties>
          <BorderProperties>
            <Attribute name="left border" value="0"/>
            <Attribute name="right border" value="0"/>
            <Attribute name="bottom border" value="0"/>
            <Attribute name="top border" value="0"/>
          </BorderProperties>
          <SubreportProperties>
            <Attribute name="report id" value="1"/>
          </SubreportProperties>
          <SubreportLinks count="1">
            <SubreportLink>
              <Reference name="id" type="PromptVarField" refname="?codCPI"/>
              <Attribute name="id" value="1"/>
            </SubreportLink>
          </SubreportLinks>
          <FontProperties>
            <Attribute name="font name" value="Arial"/>
            <Attribute name="font size" value="200"/>
          </FontProperties>
        </Element>
      </Section>
      <Section type="ReportHeader" count="1" width="11424" height="765" id="3">
        <SectionProperties>
          <Attribute name="hold minimal pagefooter free" value="1"/>
        </SectionProperties>
        <Element type="FieldElement" x_position="450" y_position="150" width="10515" height="615">
          <CommonProperties>
            <Attribute name="horizontal align" value="1"/>
          </CommonProperties>
          <FontProperties>
            <Attribute name="font size" value="210"/>
          </FontProperties>
          <Reference name="field" type="FormulaField" refname="@namestring"/>
        </Element>
      </Section>
      <Section type="ReportHeader" count="11" width="11424" height="4650" id="4">
        <SectionProperties>
          <Attribute name="hold minimal pagefooter free" value="1"/>
        </SectionProperties>
        <Element type="Text" count="2" x_position="3600" y_position="0" width="4065" height="615">
          <CommonProperties>
            <Attribute name="horizontal align" value="2"/>
          </CommonProperties>
          <Element type="Paragraph" count="1">
            <CommonProperties>
              <Attribute name="horizontal align" value="2"/>
            </CommonProperties>
            <Element type="TextPart">
              <FontProperties>
                <Attribute name="font size" value="195"/>
                <Attribute name="font style" value="1"/>
              </FontProperties>
            <![CDATA[DICHIARA]]>
            </Element>
          </Element>
          <Element type="Paragraph" count="1">
            <CommonProperties>
              <Attribute name="horizontal align" value="2"/>
            </CommonProperties>
            <Element type="TextPart">
              <FontProperties>
                <Attribute name="font size" value="195"/>
                <Attribute name="font style" value="1"/>
              </FontProperties>
            <![CDATA[ai sensi degli artt. 46 e 47 del D.P.R. 445/2000]]>
            </Element>
          </Element>
        </Element>
        <Element type="Text" count="1" x_position="450" y_position="4050" width="7065" height="315">
          <Element type="Paragraph" count="2">
            <CommonProperties>
              <Attribute name="horizontal align" value="1"/>
            </CommonProperties>
            <Element type="TextPart">
              <FontProperties>
                <Attribute name="font size" value="210"/>
              </FontProperties>
            <![CDATA[di aver presentato ]]>
            </Element>
            <Element type="TextPart">
              <FontProperties>
                <Attribute name="font size" value="210"/>
                <Attribute name="font style" value="1"/>
              </FontProperties>
            <![CDATA[la dichiarazione di immediata disponibilita' annuale]]>
            </Element>
          </Element>
        </Element>
        <Element type="Text" count="1" x_position="7650" y_position="4050" width="165" height="315">
          <Element type="Paragraph" count="1">
            <CommonProperties>
              <Attribute name="horizontal align" value="1"/>
            </CommonProperties>
            <Element type="TextPart">
              <FontProperties>
                <Attribute name="font size" value="210"/>
              </FontProperties>
            <![CDATA[il]]>
            </Element>
          </Element>
        </Element>
        <Element type="FieldElement" x_position="450" y_position="900" width="8715" height="240">
          <CommonProperties>
            <Attribute name="horizontal align" value="1"/>
          </CommonProperties>
          <FontProperties>
            <Attribute name="font size" value="210"/>
          </FontProperties>
          <Reference name="field" type="FormulaField" refname="@datanascita"/>
        </Element>
        <Element type="FieldElement" x_position="450" y_position="1350" width="8715" height="240">
          <CommonProperties>
            <Attribute name="horizontal align" value="1"/>
          </CommonProperties>
          <FontProperties>
            <Attribute name="font size" value="210"/>
          </FontProperties>
          <Reference name="field" type="FormulaField" refname="@comuneDom"/>
        </Element>
        <Element type="FieldElement" x_position="450" y_position="2250" width="8715" height="240">
          <CommonProperties>
            <Attribute name="horizontal align" value="1"/>
          </CommonProperties>
          <FontProperties>
            <Attribute name="font size" value="210"/>
          </FontProperties>
          <Reference name="field" type="FormulaField" refname="@comuneReside"/>
        </Element>
        <Element type="FieldElement" x_position="450" y_position="2700" width="8715" height="240">
          <CommonProperties>
            <Attribute name="horizontal align" value="1"/>
          </CommonProperties>
          <FontProperties>
            <Attribute name="font size" value="210"/>
          </FontProperties>
          <Reference name="field" type="FormulaField" refname="@IndiriRes"/>
        </Element>
        <Element type="FieldElement" x_position="450" y_position="3150" width="8715" height="315">
          <CommonProperties>
            <Attribute name="horizontal align" value="1"/>
          </CommonProperties>
          <FontProperties>
            <Attribute name="font size" value="210"/>
          </FontProperties>
          <Reference name="field" type="FormulaField" refname="@Telefono"/>
        </Element>
        <Element type="FieldElement" x_position="450" y_position="3600" width="8715" height="240">
          <CommonProperties>
            <Attribute name="horizontal align" value="1"/>
          </CommonProperties>
          <FontProperties>
            <Attribute name="font size" value="210"/>
          </FontProperties>
          <Reference name="field" type="FormulaField" refname="@Cittadinanza"/>
        </Element>
        <Element type="FieldElement" x_position="7950" y_position="4050" width="1200" height="240">
          <CommonProperties>
            <Attribute name="horizontal align" value="1"/>
          </CommonProperties>
          <FontProperties>
            <Attribute name="font style" value="1"/>
          </FontProperties>
          <Reference name="field" type="PromptVarField" refname="?dataDichAnnuale"/>
        </Element>
        <Element type="FieldElement" x_position="450" y_position="1800" width="8715" height="240">
          <CommonProperties>
            <Attribute name="horizontal align" value="1"/>
          </CommonProperties>
          <FontProperties>
            <Attribute name="font size" value="210"/>
          </FontProperties>
          <Reference name="field" type="FormulaField" refname="@IndirizzoDom"/>
        </Element>
      </Section>
    </Area>
    <Area type="ReportFooter" count="1">
      <AreaProperties>
        <Attribute name="new page after" value="true"/>
        <Attribute name="hold minimal pagefooter free" value="1"/>
      </AreaProperties>
      <Section type="ReportFooter" count="3" width="11424" height="2565" id="5">
        <SectionProperties>
          <Attribute name="hold minimal pagefooter free" value="1"/>
        </SectionProperties>
        <Element type="Text" count="1" x_position="150" y_position="1050" width="11070" height="330">
          <Element type="Paragraph" count="2">
            <CommonProperties>
              <Attribute name="horizontal align" value="1"/>
            </CommonProperties>
            <Element type="TextPart">
              <FontProperties>
                <Attribute name="font style" value="4"/>
                <Attribute name="underline" value="true"/>
              </FontProperties>
            <![CDATA[Informativa ai sensi del Decreto legislativo 196/2003, articolo 13]]>
            </Element>
            <Element type="TextPart">
            <![CDATA[ :]]>
            </Element>
          </Element>
        </Element>
        <Element type="Text" count="2" x_position="150" y_position="1500" width="11085" height="1065">
          <Element type="Paragraph" count="1">
            <CommonProperties>
              <Attribute name="horizontal align" value="1"/>
            </CommonProperties>
            <Element type="TextPart">
              <FontProperties>
                <Attribute name="font size" value="165"/>
              </FontProperties>
            <![CDATA[Ai sensi dell'articolo dell'articolo 13 del D.lgs. 196/2003 Le forniamo le seguenti indicazioni: 1. I dati da Lei forniti verranno trattati esclusivamente con riferimento al procedimento per il quale ha presentato la documentazione; 2. il trattamento sarà effettuato con supporto cartaceo e/o informatico; 3. il conferimento dei dati è obbligatorio per dar corso alla procedura di Suo interesse;     4. titolare del trattamento è la Provincia Autonoma di Trento; ]]>
            </Element>
          </Element>
          <Element type="Paragraph" count="1">
            <CommonProperties>
              <Attribute name="horizontal align" value="1"/>
            </CommonProperties>
            <Element type="TextPart">
              <FontProperties>
                <Attribute name="font size" value="165"/>
              </FontProperties>
            <![CDATA[5. responsabile del trattamento è il Dirigente dell'Agenzia del Lavoro;   6. in ogni momento Lei potrà esercitare i suoi diritti nei confronti del titolare del trattamento, ai sensi dell'art.7 del Decreto Legislativo 196/2003]]>
            </Element>
          </Element>
        </Element>
        <Element type="Text" count="1" x_position="150" y_position="300" width="10815" height="615">
          <Element type="Paragraph" count="1">
            <CommonProperties>
              <Attribute name="horizontal align" value="1"/>
            </CommonProperties>
            <Element type="TextPart">
              <FontProperties>
                <Attribute name="font size" value="210"/>
              </FontProperties>
            <![CDATA[Ai sensi dell'art.38, D.P.R. 445 del 28 dicembre 2000, la dichiarazione è stata sottoscritta dall'interessato in presenza del dipendente addetto, il quale ha accertato l'identità dello stesso.]]>
            </Element>
          </Element>
        </Element>
      </Section>
    </Area>
  </AreaPair>

  <AreaPair type="DetailArea" id="1">
    <Area type="Detail" count="2">
      <AreaProperties>
        <Attribute name="multiple column section" value="false"/>
        <Attribute name="hold minimal pagefooter free" value="1"/>
      </AreaProperties>
      <Section type="Detail" count="6" width="11424" height="3000" id="6">
        <SectionProperties>
          <Attribute name="multiple column section" value="false"/>
          <Attribute name="hold minimal pagefooter free" value="1"/>
        </SectionProperties>
        <Element type="Text" count="1" x_position="300" y_position="150" width="10965" height="315">
          <Element type="Paragraph" count="1">
            <CommonProperties>
              <Attribute name="horizontal align" value="2"/>
            </CommonProperties>
            <Element type="TextPart">
              <FontProperties>
                <Attribute name="font size" value="210"/>
                <Attribute name="font style" value="1"/>
              </FontProperties>
            <![CDATA[di essere privo di lavoro o di svolgere un'attività lavorativa compatibile con l'attribuzione dello stato di]]>
            </Element>
          </Element>
        </Element>
        <Element type="Text" count="1" x_position="150" y_position="1200" width="10965" height="315">
          <Element type="Paragraph" count="2">
            <CommonProperties>
              <Attribute name="horizontal align" value="2"/>
            </CommonProperties>
            <Element type="TextPart">
              <FontProperties>
                <Attribute name="font size" value="240"/>
                <Attribute name="font style" value="1"/>
              </FontProperties>
            <![CDATA[e ]]>
            </Element>
            <Element type="TextPart">
              <FontProperties>
                <Attribute name="font size" value="240"/>
              </FontProperties>
            <![CDATA[CONFERMA]]>
            </Element>
          </Element>
        </Element>
        <Element type="Text" count="1" x_position="4650" y_position="600" width="1815" height="465">
          <Element type="Paragraph" count="1">
            <CommonProperties>
              <Attribute name="horizontal align" value="2"/>
            </CommonProperties>
            <Element type="TextPart">
              <FontProperties>
                <Attribute name="font size" value="210"/>
                <Attribute name="font style" value="1"/>
              </FontProperties>
            <![CDATA[disoccupazione]]>
            </Element>
          </Element>
        </Element>
        <Element type="Text" count="1" x_position="150" y_position="1650" width="10965" height="315">
          <Element type="Paragraph" count="1">
            <CommonProperties>
              <Attribute name="horizontal align" value="2"/>
            </CommonProperties>
            <Element type="TextPart">
              <FontProperties>
                <Attribute name="font size" value="210"/>
                <Attribute name="font style" value="1"/>
              </FontProperties>
            <![CDATA[di essere immediatamente disponibile allo svolgimento di attività lavorativa]]>
            </Element>
          </Element>
        </Element>
        <Element type="Text" count="1" x_position="150" y_position="2100" width="10965" height="315">
          <Element type="Paragraph" count="1">
            <CommonProperties>
              <Attribute name="horizontal align" value="2"/>
            </CommonProperties>
            <Element type="TextPart">
              <FontProperties>
                <Attribute name="font size" value="210"/>
                <Attribute name="font style" value="1"/>
              </FontProperties>
            <![CDATA[(D.Lgs. 181/2000 e ss.mm.)]]>
            </Element>
          </Element>
        </Element>
        <Element type="Text" count="1" x_position="150" y_position="2550" width="10965" height="315">
          <Element type="Paragraph" count="1">
            <CommonProperties>
              <Attribute name="horizontal align" value="2"/>
            </CommonProperties>
            <Element type="TextPart">
              <FontProperties>
                <Attribute name="font size" value="210"/>
                <Attribute name="font style" value="1"/>
              </FontProperties>
            <![CDATA[conferma altresì l'aggiornamento dei propri dati anagrafici come sopra dichiarati.]]>
            </Element>
          </Element>
        </Element>
      </Section>
      <Section type="Detail" count="10" width="11424" height="1080" id="7">
        <SectionProperties>
          <Attribute name="multiple column section" value="false"/>
        </SectionProperties>
        <Element type="Text" count="1" x_position="6750" y_position="600" width="3390" height="450">
          <Element type="Paragraph" count="1">
            <CommonProperties>
              <Attribute name="horizontal align" value="1"/>
            </CommonProperties>
            <Element type="TextPart">
              <FontProperties>
                <Attribute name="font size" value="240"/>
              </FontProperties>
            <![CDATA[________________________]]>
            </Element>
          </Element>
        </Element>
        <Element type="Text" count="1" x_position="150" y_position="150" width="615" height="450">
          <Element type="Paragraph" count="1">
            <CommonProperties>
              <Attribute name="horizontal align" value="1"/>
            </CommonProperties>
            <Element type="TextPart">
              <FontProperties>
                <Attribute name="font size" value="210"/>
                <Attribute name="font style" value="1"/>
              </FontProperties>
            <![CDATA[Data, ]]>
            </Element>
          </Element>
        </Element>
        <Element type="Text" count="1" x_position="7350" y_position="150" width="1965" height="390">
          <Element type="Paragraph" count="1">
            <CommonProperties>
              <Attribute name="horizontal align" value="2"/>
            </CommonProperties>
            <Element type="TextPart">
              <FontProperties>
                <Attribute name="font style" value="1"/>
              </FontProperties>
            <![CDATA[L'operatore]]>
            </Element>
          </Element>
        </Element>
        <Element type="Text" count="1" x_position="3150" y_position="150" width="1965" height="390">
          <Element type="Paragraph" count="1">
            <CommonProperties>
              <Attribute name="horizontal align" value="1"/>
            </CommonProperties>
            <Element type="TextPart">
              <FontProperties>
                <Attribute name="font style" value="1"/>
              </FontProperties>
            <![CDATA[Il/la lavoratore/trice]]>
            </Element>
          </Element>
        </Element>
        <Element type="Text" count="1" x_position="2400" y_position="600" width="3465" height="450">
          <Element type="Paragraph" count="1">
            <CommonProperties>
              <Attribute name="horizontal align" value="1"/>
            </CommonProperties>
            <Element type="TextPart">
              <FontProperties>
                <Attribute name="font size" value="240"/>
              </FontProperties>
            <![CDATA[_________________________]]>
            </Element>
          </Element>
        </Element>
        <Element type="FieldElement" x_position="750" y_position="150" width="1200" height="240">
          <CommonProperties>
            <Attribute name="horizontal align" value="1"/>
          </CommonProperties>
          <FontProperties>
            <Attribute name="font size" value="210"/>
            <Attribute name="font style" value="1"/>
          </FontProperties>
          <Reference name="field" type="SpecialVarField" id="4"/>
        </Element>
        <Element type="Text" count="1" x_position="2400" y_position="900" width="315" height="165">
          <Element type="Paragraph" count="1">
            <CommonProperties>
              <Attribute name="horizontal align" value="1"/>
            </CommonProperties>
            <Element type="TextPart">
              <FontProperties>
                <Attribute name="font size" value="60"/>
                <Attribute name="font color" value="12632256"/>
              </FontProperties>
            <![CDATA[DD_1]]>
            </Element>
          </Element>
        </Element>
        <Element type="Text" count="1" x_position="5550" y_position="600" width="315" height="165">
          <Element type="Paragraph" count="1">
            <CommonProperties>
              <Attribute name="horizontal align" value="1"/>
            </CommonProperties>
            <Element type="TextPart">
              <FontProperties>
                <Attribute name="font size" value="60"/>
                <Attribute name="font color" value="12632256"/>
              </FontProperties>
            <![CDATA[DD_2]]>
            </Element>
          </Element>
        </Element>
        <Element type="Text" count="1" x_position="6750" y_position="900" width="315" height="165">
          <CommonProperties>
            <Attribute name="suppress" value="true"/>
            <PropertyFormula valueType="-1" propertyType="suppress">
              <Attribute name="name" value="suppress"/>
              <Attribute name="basic syntax" value="false"/>
              <![CDATA[{TS_GENERALE.CODPROVINCIASIL} <>'22']]>
            </PropertyFormula>
          </CommonProperties>
          <Element type="Paragraph" count="1">
            <CommonProperties>
              <Attribute name="horizontal align" value="1"/>
            </CommonProperties>
            <Element type="TextPart">
              <FontProperties>
                <Attribute name="font size" value="60"/>
                <Attribute name="font color" value="12632256"/>
              </FontProperties>
            <![CDATA[DI_1]]>
            </Element>
          </Element>
        </Element>
        <Element type="Text" count="1" x_position="9750" y_position="600" width="315" height="165">
          <CommonProperties>
            <Attribute name="suppress" value="true"/>
            <PropertyFormula valueType="-1" propertyType="suppress">
              <Attribute name="name" value="suppress"/>
              <Attribute name="basic syntax" value="false"/>
              <![CDATA[{TS_GENERALE.CODPROVINCIASIL} = '22']]>
            </PropertyFormula>
          </CommonProperties>
          <Element type="Paragraph" count="1">
            <CommonProperties>
              <Attribute name="horizontal align" value="1"/>
            </CommonProperties>
            <Element type="TextPart">
              <FontProperties>
                <Attribute name="font size" value="60"/>
                <Attribute name="font color" value="12632256"/>
              </FontProperties>
            <![CDATA[DI_2]]>
            </Element>
          </Element>
        </Element>
      </Section>
    </Area>
  </AreaPair>

<inet:Report xmlns:inet="http://www.inetsoftware.de" major_version="10" minor_version="0" major_xml_version="6" minor_xml_version="5" count="2" id="1">
    <Datasource dll="pdsora7.dll" host="giunone:1521:orag10" schema="" catalog="" user="trentoavviotest" password="" url="">
      <Tablesource alias="DE_CPI" databaseIdentifier="DE_CPI">
        <Column name="CODCPI" type="11" />
        <Column name="STRDESCRIZIONE" type="11" />
        <Column name="STRINDIRIZZO" type="11" />
        <Column name="STRLOCALITA" type="11" />
        <Column name="STRCAP" type="11" />
        <Column name="CODCOM" type="11" />
        <Column name="CODPROVINCIA" type="11" />
        <Column name="STRTEL" type="11" />
        <Column name="STRFAX" type="11" />
        <Column name="STREMAIL" type="11" />
        <Column name="STRORARIO" type="11" />
        <Column name="STRNOTE" type="11" />
        <Column name="DATINIZIOVAL" type="9" />
        <Column name="DATFINEVAL" type="9" />
        <Column name="NUMKLOCPI" type="6" />
        <Column name="STRRESPONSABILE" type="11" />
        <Column name="CODMONOTIPOFILE" type="11" />
        <Column name="STREMAILMIGRAZIONE" type="11" />
        <Column name="STRINDIRIZZOSTAMPA" type="11" />
        <Column name="FLGMOVORIGMIGR" type="11" />
        <Column name="STRRIFSMS" type="11" />
      </Tablesource>
    </Datasource>
  <Database>
    <QueryChanges mask="0" count="2">
      <Attribute name="queryChange" value="null"/>
      <Attribute name="queryChange" value="null"/>
    </QueryChanges>
  </Database>
  <FormulaFields count="3">
    <Field type="FormulaField" valueType="11">
      <Attribute name="name" value="descCPI"/>
      <Attribute name="shortName" value="descCPI"/>
      <Attribute name="formula type" value="0"/>
      <Attribute name="basic syntax" value="false"/>
      <![CDATA['Centro per l''impiego di '+{DE_CPI.STRDESCRIZIONE}]]>
    </Field>
    <Field type="FormulaField" valueType="11">
      <Attribute name="name" value="infoCPI"/>
      <Attribute name="shortName" value="infoCPI"/>
      <Attribute name="formula type" value="0"/>
      <Attribute name="basic syntax" value="false"/>
      <![CDATA[stringVar strIndirizzo :='';
if (not isNull( {DE_CPI.STRINDIRIZZO} )) then 
	strIndirizzo := {DE_CPI.STRINDIRIZZO} + ' - ';
stringVar strdesc :='';
if (not isNull( {DE_CPI.STRDESCRIZIONE})) then 
	strdesc := {DE_CPI.STRDESCRIZIONE};
stringVar strTel :='';
if (not isNull(  {DE_CPI.STRTEL} )) then 
	strTel := ' - Tel ' + {DE_CPI.STRTEL};

stringVar strFax :='';
if (not isNull( {DE_CPI.STRFAX} )) then 
	strFax := ' Fax '+ {DE_CPI.STRFAX};

strIndirizzo + strdesc + strTel + strFax]]>
    </Field>
    <Field type="FormulaField" valueType="11">
      <Attribute name="name" value="ufficio-data"/>
      <Attribute name="shortName" value="ufficio-data"/>
      <Attribute name="formula type" value="0"/>
      <Attribute name="basic syntax" value="false"/>
      <![CDATA[{DE_CPI.STRDESCRIZIONE}+' lì,']]>
    </Field>
  </FormulaFields>

  <PromptFields count="1">
    <Field type="PromptVarField" valueType="11">
      <Attribute name="name" value="Pm-codCPI"/>
      <Attribute name="allow_multiple_values" value="false"/>
      <Attribute name="discrete_or_range" value="0"/>
      <Attribute name="allow editing" value="true"/>
      <Attribute name="prompt_text" value="Pm-codCPI"/>
      <Attribute name="use_range" value="false"/>
      <Attribute name="id" value="1"/>
      <DefaultPromptValues count="1">
      <![CDATA[[null]]]>
      </DefaultPromptValues>
      <PromptValueDescr count="0">
      </PromptValueDescr>
      <Attribute name="sort_type" value="0"/>
    </Field>
  </PromptFields>

  <SQLFields count="0">
  </SQLFields>

  <SummaryFields count="0">
  </SummaryFields>

  <SortFields count="0">
  </SortFields>

  <GroupNameFields count="0">
  </GroupNameFields>

  <Field type="FormulaField" id="-1" valueType="8">
    <Attribute name="name" value="Record_Selection"/>
    <Attribute name="shortName" value="Record_Selection"/>
    <Attribute name="formula type" value="1"/>
    <Attribute name="basic syntax" value="false"/>
    <![CDATA[{DE_CPI.CODCPI} =  {?Pm-codCPI}]]>
  </Field>
  <ReportProperties>
    <Attribute name="page width" value="11907"/>
    <Attribute name="page height" value="16839"/>
    <Attribute name="page orientation" value="0"/>
    <Attribute name="page margin left" value="240"/>
    <Attribute name="page margin right" value="240"/>
    <Attribute name="page margin top" value="283"/>
    <Attribute name="page margin bottom" value="283"/>
    <Attribute name="report title" value="_intastazioneCpi.rpt"/>
    <Attribute name="report author" value=""/>
    <Attribute name="report keywords" value=""/>
    <Attribute name="report subject" value=""/>
    <Attribute name="report template" value=""/>
    <Attribute name="report comments" value=""/>
    <Attribute name="report last saved" value="6 Jul 2016 14:38:54 GMT"/>
    <Attribute name="mailing label type 1" value=""/>
    <Attribute name="mailing label type 2" value=""/>
    <Attribute name="format with multiple columns" value="false"/>
    <Attribute name="mailing label width" value="0"/>
    <Attribute name="mailing label height" value="0"/>
    <Attribute name="mailing label distance vertical" value="0"/>
    <Attribute name="mailing label distance horizontal" value="0"/>
    <Attribute name="across then down" value="false"/>
    <Attribute name="format groups with multiple columns" value="false"/>
    <Attribute name="distinct" value="false"/>
    <Attribute name="convert date time" value="2"/>
    <Attribute name="suppress if no rows" value="false"/>
    <Attribute name="convert null values to default" value="false"/>
    <Attribute name="hide PageFooter inside ReportHeader" value="false"/>
  </ReportProperties>
  <AreaPair type="ReportAreaPair" id="0">
    <Area type="ReportHeader" count="1">
      <AreaProperties>
        <Attribute name="new page before" value="true"/>
        <Attribute name="hold minimal pagefooter free" value="1"/>
      </AreaProperties>
      <Section type="ReportHeader" count="2" width="10605" height="1245" id="0">
        <SectionProperties>
          <Attribute name="hold minimal pagefooter free" value="1"/>
        </SectionProperties>
        <Element type="Picture" x_position="8520" y_position="90" width="1875" height="1125">
          <CommonProperties>
            <Attribute name="suppress" value="true"/>
          </CommonProperties>
          <PictureProperties>
            <Attribute name="id" value="1"/>
          </PictureProperties>
        </Element>
        <Element type="Picture" x_position="300" y_position="90" width="3330" height="1080">
          <CommonProperties>
            <Attribute name="suppress" value="true"/>
          </CommonProperties>
          <PictureProperties>
            <Attribute name="id" value="2"/>
          </PictureProperties>
        </Element>
      </Section>
    </Area>
    <Area type="ReportFooter" count="1">
      <AreaProperties>
        <Attribute name="new page after" value="true"/>
        <Attribute name="hold minimal pagefooter free" value="1"/>
      </AreaProperties>
      <Section type="ReportFooter" count="0" width="10605" height="0" id="1">
        <SectionProperties>
          <Attribute name="suppress" value="true"/>
          <Attribute name="hold minimal pagefooter free" value="1"/>
        </SectionProperties>
      </Section>
    </Area>
  </AreaPair>

  <AreaPair type="DetailArea" id="1">
    <Area type="Detail" count="1">
      <AreaProperties>
        <Attribute name="multiple column section" value="false"/>
        <Attribute name="hold minimal pagefooter free" value="1"/>
      </AreaProperties>
      <Section type="Detail" count="6" width="10605" height="1815" id="2">
        <SectionProperties>
          <Attribute name="multiple column section" value="false"/>
          <Attribute name="hold minimal pagefooter free" value="1"/>
        </SectionProperties>
        <Element type="FieldElement" x_position="150" y_position="150" width="10365" height="240">
          <CommonProperties>
            <Attribute name="horizontal align" value="2"/>
          </CommonProperties>
          <FontProperties>
            <Attribute name="font style" value="1"/>
          </FontProperties>
          <Reference name="field" type="FormulaField" refname="@descCPI"/>
        </Element>
        <Element type="FieldElement" x_position="150" y_position="495" width="10365" height="240">
          <CommonProperties>
            <Attribute name="horizontal align" value="2"/>
          </CommonProperties>
          <Reference name="field" type="FormulaField" refname="@infoCPI"/>
        </Element>
        <Element type="Text" count="1" x_position="6150" y_position="900" width="4065" height="765">
          <Element type="Paragraph" count="2">
            <CommonProperties>
              <Attribute name="horizontal align" value="2"/>
            </CommonProperties>
            <Element type="TextPart">
              <FontProperties>
                <Attribute name="font size" value="240"/>
                <Attribute name="font style" value="1"/>
              </FontProperties>
            <![CDATA[DICHIARAZIONE DI IMMEDIATA DISPONIBILITA' ANNUALE]]>
            </Element>
            <Element type="TextPart">
              <FontProperties>
                <Attribute name="font size" value="240"/>
                <Attribute name="font style" value="1"/>
              </FontProperties>
            <![CDATA[]]>
            </Element>
          </Element>
        </Element>
        <Element type="FieldElement" x_position="150" y_position="1050" width="1065" height="240">
          <CommonProperties>
            <Attribute name="horizontal align" value="1"/>
          </CommonProperties>
          <Reference name="field" type="FormulaField" refname="@ufficio-data"/>
        </Element>
        <Element type="FieldElement" x_position="1200" y_position="1050" width="1200" height="240">
          <CommonProperties>
            <Attribute name="horizontal align" value="1"/>
          </CommonProperties>
          <DateProperties>
            <Attribute name="use system default format" value="false"/>
            <Attribute name="date windows default type" value="2"/>
            <Attribute name="date order" value="1"/>
            <Attribute name="year type" value="1"/>
            <Attribute name="date first seperator" value="/"/>
            <Attribute name="date second seperator" value="/"/>
          </DateProperties>
          <Reference name="field" type="SpecialVarField" id="4"/>
        </Element>
        <Element type="Text" count="1" x_position="150" y_position="1350" width="1515" height="315">
          <Element type="Paragraph" count="2">
            <CommonProperties>
              <Attribute name="horizontal align" value="1"/>
            </CommonProperties>
            <Element type="TextPart">
            <![CDATA[prot. n.________]]>
            </Element>
            <Element type="TextPart">
            <![CDATA[]]>
            </Element>
          </Element>
        </Element>
      </Section>
    </Area>
  </AreaPair>

<Image count="4551" name="embedding 2">
<![CDATA[
71 73 70 56 57 97 -34 0 72 0 -9 0 0 12 2 4 -84 -122 60 84 66 28 -60 -114 -92 -100 70 108 -124 -78 68 -116 18 
12 108 98 44 -44 -54 -84 -60 -126 124 60 38 20 -100 -78 124 -60 70 44 -60 102 108 -116 38 28 -84 -98 68 -28 -82 -92 -28 
-42 -36 -92 38 52 76 10 4 -76 102 52 -76 78 76 -100 -82 100 -76 -90 124 -84 102 -116 108 -46 -100 -20 38 28 -36 -78 -60 
116 34 20 -76 -98 92 -60 102 76 -84 86 108 -68 -126 -108 -12 -18 -28 108 90 36 -36 -34 -84 -108 50 28 92 30 36 -36 -122 
92 -92 86 52 -60 -98 -92 -116 -70 -108 -68 86 76 28 22 12 -68 -78 68 -28 126 108 -92 38 36 -52 -94 68 -44 -58 -92 -100 
58 60 92 26 4 -60 -78 92 -36 122 -124 -84 90 124 -84 -110 60 -100 66 68 -44 -54 -60 68 54 28 -60 70 60 -20 -26 -36 
-36 126 44 -100 102 84 -44 -122 116 -52 -66 124 -60 114 100 -28 -82 -76 -44 70 76 -52 -54 124 -20 -58 -52 108 54 36 -68 110 
76 -36 -106 -108 -52 -98 -76 -60 -70 68 116 66 28 -4 2 4 116 110 52 84 34 36 -60 -74 124 -92 -86 68 -76 -86 92 -52 
86 100 -68 -126 -100 -4 -2 -4 -100 62 76 -68 -78 108 -52 -46 -100 52 6 4 -84 78 124 52 42 20 -92 34 12 76 18 20 
-28 106 44 -28 -98 -116 -76 110 -116 -20 62 36 -36 -78 -44 108 46 20 -4 -10 -12 -108 94 68 -28 -34 -60 52 30 12 -68 -82 
84 -84 46 36 -68 54 60 84 30 20 -68 118 -108 -44 -110 60 -20 -50 -44 -44 78 60 -12 -26 -20 -36 -110 124 -44 110 116 -36 
82 76 -76 -82 -116 -44 -118 68 -60 -106 -84 -92 78 116 -36 -46 -68 -20 70 44 -68 -94 76 -20 -74 -84 -20 -34 -28 -92 50 60 
108 14 12 -108 -70 100 -20 46 36 -36 -70 -60 -60 98 92 -36 26 28 -28 94 52 -84 -106 92 -52 -66 -108 -92 -110 116 -100 86 
52 -68 58 44 -116 78 44 -100 102 52 -44 122 60 124 22 28 -20 -98 -84 -28 126 -108 -36 -122 -116 -36 94 76 -12 -46 -60 -36 
-90 -76 -76 46 20 -100 -74 84 -20 -62 -76 -44 -94 84 -36 98 60 92 78 36 -20 -70 -76 -108 58 44 -84 94 -116 -36 110 76 
-116 66 44 -36 -118 -100 -76 90 68 -44 122 124 -44 -66 84 -28 -102 -92 -76 -66 108 -124 118 44 -108 30 12 -108 78 68 -124 34 
36 -52 -54 -116 -76 106 -100 -52 74 92 -68 -90 108 -76 -86 -116 116 26 20 -44 -106 76 -116 46 36 -76 -122 76 -52 -114 84 -84 
-110 76 -28 -42 -108 -36 -46 -76 -60 -70 100 76 62 36 -20 -26 -52 -36 102 100 76 18 12 -12 -10 -20 -68 94 84 -68 62 60 
-68 126 -100 -12 26 20 -20 -90 -92 52 18 12 -36 110 100 -44 -74 108 44 34 28 -60 106 60 20 10 4 -44 -86 68 116 62 
36 -44 94 100 44 14 4 -36 -90 -116 -28 78 44 -44 118 76 -36 102 76 -84 98 124 -68 -86 68 -60 78 84 -28 -122 124 -36 
-54 -124 124 46 28 -68 46 44 -92 86 116 84 30 12 -68 -74 100 -12 -26 -28 44 26 20 -44 -86 -68 -100 42 28 -68 -94 68 
-60 -78 -124 52 46 28 -52 -78 84 -60 -78 -116 -20 50 44 -36 -118 -108 -92 70 116 -84 -98 100 -68 70 68 -28 -58 -44 -28 -70 
-52 -20 -46 -52 -116 118 52 -12 -18 -20 108 90 44 -52 -78 68 -28 -34 -52 -36 -110 -124 -52 -66 -100 -44 122 68 -20 -70 -68 -68 
62 68 -20 -38 -36 -100 42 52 -52 74 76 -36 82 60 -84 90 116 -28 -78 -92 -20 -22 -36 -76 114 -116 -36 114 100 -68 -86 92 
-124 22 28 0 103 113 19 105 72 0 102 0 33 -7 4 0 0 0 0 0 44 0 0 0 0 -34 0 72 0 71 8 -1 
0 -89 8 28 72 -80 -96 -63 -125 8 19 42 92 -56 -80 -95 -61 -121 16 35 74 -100 72 -79 -30 64 124 110 66 32 20 51 
112 7 -98 23 -37 108 -40 40 -106 -28 27 -57 -123 39 45 -86 92 -55 -78 -91 -53 -105 11 -35 16 -22 -128 -25 -63 3 103 44 
-42 37 -15 -106 100 -35 -74 109 47 -126 6 -51 -7 -126 5 -117 23 15 -96 -72 -69 -32 78 35 -52 -89 80 -93 74 -99 -118 48 
87 -120 29 59 -20 -40 -63 65 9 6 37 28 118 -56 -20 8 65 -42 -31 -126 66 104 -47 -78 -103 -126 99 80 -38 66 56 10 
-54 97 82 -85 71 -36 41 114 -36 22 -118 48 37 2 -38 63 56 -46 -30 8 92 40 -35 -64 -76 3 113 -12 -88 -59 68 -114 
27 -62 112 9 -54 89 -85 112 -14 64 57 105 -41 18 -58 -111 23 -83 -34 66 3 87 -47 -75 43 -112 48 -27 41 -120 5 -54 
89 76 -70 52 -38 -69 -105 -47 74 62 93 -47 13 -86 13 83 -50 -23 66 -74 34 71 22 0 18 54 -100 -45 -89 -62 -56 43 
10 -82 50 65 59 125 78 -59 -118 50 -62 -120 77 -88 64 100 -54 -122 26 -122 9 22 2 0 91 -32 -10 -72 -62 0 -16 -1 
117 3 96 5 65 28 0 64 123 7 80 75 -114 118 0 -18 -59 68 -18 -69 2 0 0 -127 -11 -7 -54 5 32 -91 116 15 
-127 -23 -108 103 -112 98 2 -111 103 30 106 -36 29 -122 2 65 -75 -36 7 -96 -128 -119 -91 -121 -38 93 17 -44 -25 32 -124 -91 
73 56 -31 20 61 -40 -57 87 -125 -91 49 49 -112 125 22 -23 -47 76 57 110 60 35 67 22 76 -116 34 64 24 21 -36 115 
78 30 21 88 104 31 0 124 -24 -96 7 27 -111 124 64 -126 0 -93 -40 112 73 19 -6 92 -61 -122 61 122 16 -124 66 125 
-35 -44 -46 -32 10 -27 8 -12 71 -125 -75 -64 86 75 -109 -10 57 -55 93 -125 88 2 -80 -42 2 76 94 89 -53 20 127 -4 
-90 30 106 43 20 34 102 -106 32 -30 5 0 19 -123 8 35 76 119 84 -43 73 21 18 -88 112 -108 -57 33 -56 -24 80 4 
50 -72 24 -64 -54 21 0 76 64 -24 21 19 0 -16 -117 22 28 32 -125 -52 13 -13 76 -32 73 -110 -14 96 -112 -51 65 -33 
21 40 -52 -104 -21 -71 103 80 -101 -21 -59 -75 -99 122 -103 -94 -26 29 108 7 -112 56 16 -88 83 52 -88 31 -126 116 -38 -1 
41 107 84 17 -28 -125 -126 15 66 -76 112 -116 54 -121 64 16 66 36 49 16 3 0 46 -6 -56 35 70 11 -127 28 -45 78 
42 -87 -96 -96 -122 26 41 -51 42 -19 -76 -44 78 -27 -122 26 -7 80 38 -122 27 17 -100 36 -58 31 -102 -4 17 109 -75 -28 
-106 107 -18 75 98 32 16 -115 40 -94 -64 96 75 46 -25 -58 43 -17 -68 3 14 -14 0 55 78 77 -127 -64 42 -16 -118 -111 
-117 27 -8 -52 98 -51 15 59 -28 -110 -53 73 -20 20 -62 -50 64 100 -20 19 -117 -62 83 -124 48 46 -67 20 87 -36 82 46 
-33 -40 -16 -64 11 -50 0 5 -44 11 -59 -68 80 9 -57 33 123 -4 19 30 -83 44 19 -85 -59 44 -73 60 81 4 31 120 
-63 -117 20 51 -85 -127 10 42 24 -36 -100 51 6 24 124 96 -113 61 31 4 29 52 -48 62 127 80 -57 -47 117 16 64 -64 
-85 -121 37 -56 -60 -127 -103 110 -105 36 122 -1 13 36 6 0 -35 8 -44 -115 -105 125 29 -48 -12 93 112 53 88 -11 -104 84 
31 -124 -34 -126 3 9 -125 2 0 85 31 -92 54 -37 95 39 118 102 -85 14 -78 5 55 65 0 100 49 97 -86 99 -37 -1 
-35 -74 64 16 22 66 7 -124 108 -48 85 -9 20 0 -84 45 -94 69 -14 120 -63 -50 57 18 16 10 0 50 12 64 80 -35 
64 -99 100 114 35 0 87 76 -77 -61 20 110 -104 -13 -55 30 -56 -40 -121 76 5 127 92 -125 69 -108 46 -73 -18 -6 70 40 
-28 35 -49 27 36 112 -64 7 49 50 -108 110 -33 10 -35 -108 1 -128 -80 -65 119 -13 27 -16 -65 19 67 10 50 -100 64 -32 
-122 23 -105 22 84 -86 -35 -100 62 -49 -32 -31 -33 -31 -48 94 -45 -85 -32 -32 -11 -87 -24 1 0 47 -89 2 -127 -118 -34 -36 
-120 31 -2 -70 -71 59 124 16 9 17 -16 -56 -45 -50 22 69 40 -78 -58 28 -106 -60 97 15 -95 14 28 19 -121 37 107 -104 
-32 -119 2 -103 -40 64 36 28 1 -127 78 -88 33 73 -25 75 -96 2 15 -14 -121 15 108 -64 13 -16 8 5 28 92 33 -125 
10 -54 -128 15 19 -32 67 42 26 -47 5 34 92 -125 14 94 64 -32 2 71 72 66 -123 -104 -93 25 -88 -32 5 42 -78 49 
-79 18 -70 -16 -123 48 -116 -95 12 29 -126 15 90 28 -123 5 -34 56 5 -68 102 -56 -61 120 -27 -30 20 -63 -32 70 7 -1 
46 -128 -128 29 78 97 4 102 -128 -127 -43 8 -79 13 60 -104 -127 5 120 -128 -62 44 6 18 -126 33 4 3 31 3 -55 5 
62 8 49 -120 42 56 -63 14 61 12 -93 84 -56 -16 0 39 -32 3 31 35 -104 -123 19 -110 -112 4 66 88 1 20 120 56 
69 81 -16 -16 3 66 -104 65 21 35 112 2 30 94 -63 14 50 -52 66 12 86 48 67 7 -50 33 -58 66 82 37 23 -18 
-64 -61 19 38 1 5 22 20 -96 0 73 16 69 6 88 -32 12 -7 -79 96 1 85 -64 -55 19 -100 81 12 -102 108 3 10 
11 51 -92 40 -89 -110 11 43 84 -126 1 26 -24 -59 18 86 -55 -54 86 -70 50 16 126 -8 -62 48 96 17 -54 81 -38 -46 
-123 -103 98 66 -126 50 37 7 13 117 -24 52 13 18 -107 -122 56 -28 -87 81 -83 39 113 -85 90 15 -38 -90 -112 14 -48 24 
115 32 107 59 16 66 -94 57 61 -40 -96 0 52 -100 106 -109 51 19 36 -112 84 9 19 -103 -31 11 -43 64 -68 121 -52 87 
-11 -14 112 107 51 -33 68 -60 -128 2 94 -64 11 -126 -48 32 -57 49 28 65 4 -114 -124 32 25 93 -56 -125 60 -78 83 -1 
16 55 68 -94 5 -64 104 -121 57 78 34 5 104 57 47 113 56 72 -55 119 -62 67 -103 63 12 19 112 89 -101 2 27 -80 
54 -123 110 -16 -77 84 -111 -39 -50 10 -46 65 -74 -121 70 8 54 -92 33 -89 65 66 -54 -51 96 -54 109 122 17 34 -97 -128 
50 90 30 -114 -38 77 -91 -26 -111 15 14 20 -41 42 -70 13 -60 46 98 -48 -27 50 39 114 -115 19 -27 -94 1 91 0 -64 
-90 -70 65 12 109 -28 97 10 -14 8 5 57 42 96 8 108 -84 -32 23 -82 8 5 71 -2 112 3 98 100 -31 0 -31 41 
-63 39 -40 32 15 2 -80 -82 52 102 -86 37 27 82 85 8 120 -123 -57 61 -23 -24 -58 10 -28 16 -104 21 -48 -87 73 4 
-119 -128 46 -103 -64 -122 8 28 -96 7 -81 2 -107 46 107 -127 22 56 21 -18 77 108 -64 -127 48 60 -11 -41 3 -100 70 -80 
-98 -110 43 0 14 16 1 55 48 -23 0 43 88 92 105 -62 35 5 111 109 -115 -83 -37 113 -113 93 -23 -70 42 7 -119 -31 
-78 -127 -127 -113 64 -20 90 8 55 84 -44 61 56 -40 -102 20 112 -80 -42 -47 -22 -46 -80 20 -71 -122 23 -40 64 4 33 -1 
36 66 4 43 32 -122 43 32 -80 67 121 56 98 17 -60 35 6 43 28 -31 -83 60 56 -128 24 -60 -56 1 34 -104 -63 -122 
116 -44 -31 -85 -73 -116 110 67 -106 7 1 49 -124 35 13 -62 34 -58 10 106 -95 14 17 20 -95 9 -72 -40 -100 125 -32 -41 
-124 48 -120 64 4 2 -56 2 114 1 80 -126 46 -120 1 -124 -29 122 94 -121 72 -59 77 -127 -96 -83 77 -72 -55 -44 -8 -60 
41 81 -17 108 13 124 99 -70 -81 -125 112 35 12 105 -70 -23 111 -46 -99 8 27 -68 0 15 71 84 -96 1 -69 32 -122 1 
-62 -53 57 -15 110 -114 120 0 -40 -126 12 -82 -96 11 64 -72 0 24 -99 -64 0 63 -29 -106 -95 -86 73 -81 -77 -17 9 -19 
-103 50 -75 -52 -56 56 22 62 -32 -77 105 -119 11 -62 -98 4 -85 -60 54 116 104 7 9 112 -127 -122 35 -72 -30 23 81 104 
-124 7 12 -31 0 114 52 -118 19 -69 32 65 15 -30 16 -118 24 96 -93 20 -73 96 -123 1 -38 0 1 58 12 96 98 17 
112 -110 -109 14 -32 41 -5 106 -71 -53 2 89 -116 -109 -30 -126 2 45 -117 -86 46 89 -42 -78 -109 -90 80 -26 -21 73 73 -1 
24 55 53 115 98 82 -59 59 48 -37 -40 34 -25 -56 7 60 34 97 100 92 -60 -127 25 109 -128 6 17 -12 -32 -120 45 92 
33 6 -16 32 66 40 54 -79 9 102 20 1 23 -103 104 -64 14 -78 -111 15 17 -34 -7 -46 13 73 7 13 -92 -112 14 120 
-20 98 2 -84 -48 6 7 40 -4 59 100 -16 65 27 46 64 6 43 62 -111 -117 5 55 15 -45 -80 -122 -120 27 -92 -128 -118 
-58 -122 -30 19 58 32 -123 1 -8 64 10 52 -48 35 10 -27 16 -61 6 -44 -16 -121 88 27 -69 34 -14 24 -128 26 54 -112 
-110 8 12 -64 11 -48 61 -74 -76 45 34 -122 17 79 -5 -38 -40 -50 118 -68 -4 101 68 109 123 -69 33 53 100 65 49 -100 
-31 -116 104 116 -5 -37 -24 46 8 33 124 -30 12 51 -120 98 8 -74 72 -73 -79 -55 112 -118 42 16 98 7 -47 -78 -123 44 
106 25 2 40 108 -61 25 27 35 55 55 82 98 11 59 -116 43 4 90 33 67 11 -27 -19 66 4 -112 33 4 -85 -80 -63 
32 102 -79 -61 45 34 -128 32 -74 -88 -62 12 -86 -96 10 -91 -104 86 32 -71 32 4 33 118 40 -122 89 -88 98 -120 118 -1 
-56 30 -61 -59 -104 -117 113 60 96 6 -97 -109 24 2 -96 0 3 49 -56 -29 20 63 40 -91 51 102 64 6 122 95 28 31 
85 120 -123 60 6 50 11 103 -40 96 21 11 95 -71 12 115 81 -123 85 -80 99 22 51 -128 2 30 112 -46 -18 117 -80 32 
9 70 97 -29 58 94 -128 -121 -113 20 -61 6 26 55 -61 53 -20 48 -114 -111 43 -35 -106 59 112 -126 81 88 112 -109 39 60 
-127 5 -109 -24 -61 81 2 -80 -122 7 116 -64 2 28 123 65 43 -58 13 -16 23 16 34 -23 103 -17 97 4 18 -16 0 11 
88 -64 -111 -102 -100 4 37 -127 -30 -116 125 124 -92 21 79 120 1 20 82 48 -125 87 -4 61 -16 -47 -51 -59 15 30 -80 6 
30 -16 -128 11 92 80 -58 29 -66 48 -6 47 -104 -2 11 -54 0 61 23 20 49 -121 57 4 96 16 -41 -80 -120 -60 48 -1 
58 127 -111 -31 30 -19 48 -63 45 -38 -64 0 112 -8 65 3 -64 -17 5 -16 53 -32 7 63 -24 64 7 -101 104 65 50 16 
96 109 -38 59 -65 52 13 66 75 121 -72 -91 75 -23 -41 -9 74 40 -64 -127 46 -35 83 -114 -6 -88 -57 13 -117 -87 -21 -1 
92 -71 -6 -38 -60 8 3 55 83 -88 -2 31 80 -48 13 38 40 -106 -77 3 89 1 -126 13 34 -1 -60 108 77 61 -123 51 
44 95 11 -31 -3 66 -24 45 -3 106 -93 24 18 -94 88 -37 -61 22 -25 39 16 76 -96 54 27 -16 76 118 69 81 3 17 
32 -32 -124 31 -110 69 109 127 48 0 116 -128 4 40 -128 4 72 64 7 16 -112 13 16 0 6 32 8 -126 -27 48 -126 36 
88 14 -20 -64 14 17 -112 -126 100 0 47 -16 -110 47 7 37 76 48 104 55 32 0 56 49 70 83 17 -32 -128 83 -80 2 
39 -79 29 104 83 8 -70 36 12 31 -57 41 121 35 23 83 32 5 15 101 56 43 -125 -128 38 21 62 -11 21 24 41 -63 
42 56 -56 102 111 -126 26 29 -78 81 -31 -124 56 17 101 95 -117 -27 29 100 -75 42 -65 65 16 -122 -77 83 20 -79 1 -88 
16 123 83 -32 47 68 32 15 -77 39 16 98 -48 -122 7 -31 -122 -1 -94 -122 26 -31 47 24 64 7 6 -79 29 -94 -47 90 
8 -126 25 -35 112 23 -5 -123 55 14 98 76 114 -48 101 24 -75 1 55 -104 32 29 69 62 25 2 27 -127 97 32 8 -1 
65 32 24 -14 60 -127 -127 82 25 -94 82 -9 1 23 122 96 31 -59 -106 -120 52 22 -120 -38 -121 76 118 33 62 -1 -127 33 
20 33 6 32 96 -121 110 16 4 70 -26 40 -46 -16 9 59 32 15 -48 -16 8 30 32 8 -73 -64 8 -25 -48 109 98 0 
1 49 -64 7 -84 -64 1 13 16 9 28 -127 2 -51 96 109 39 -10 29 -85 48 -123 118 -61 4 41 65 30 -32 -77 53 -38 
-109 98 -89 -62 -124 -117 1 61 102 83 95 -37 85 11 -31 49 127 57 40 0 -40 120 55 34 -59 22 115 35 62 91 -120 55 
99 50 31 98 -45 81 49 -122 56 -47 19 23 -11 -127 25 50 54 5 -101 -46 -115 19 40 17 110 -96 9 96 32 6 -95 96 
10 -60 80 6 -24 -96 14 0 -64 1 16 -96 7 -31 64 15 -15 48 12 -119 -96 0 -43 -32 0 -64 48 116 98 0 15 84 
64 12 -105 -128 14 -65 -31 10 71 32 6 56 -128 5 76 3 43 47 -24 38 -117 -93 75 -80 -15 52 113 101 31 -47 -14 76 
-13 -127 32 -127 56 -114 -17 -95 30 61 -80 76 -87 34 -122 43 57 78 -56 -76 29 109 83 37 -108 -120 -128 17 -88 75 -47 -1 
120 76 54 -71 76 56 25 -115 55 -72 61 -38 -60 -110 17 40 17 -41 -128 1 17 -80 3 -113 -96 59 -5 -56 1 52 96 24 
109 -40 9 -90 16 30 -10 -63 7 81 -16 78 -19 -64 1 -38 37 44 -72 -96 11 -5 -76 58 -110 -111 22 -24 7 -114 104 -63 
23 -127 -31 41 110 -128 2 116 -79 23 3 18 -106 98 9 23 -124 17 -106 17 -16 55 -118 -63 24 -88 37 24 -85 32 27 109 
89 108 -86 -127 -105 -112 81 108 -14 81 11 7 32 -122 -41 52 -106 74 -110 -106 -6 65 24 122 -39 23 127 -125 -106 124 -11 42 
-124 65 -106 28 -127 25 104 33 -103 -82 -15 23 20 33 15 -7 -64 14 -26 -128 6 50 80 31 -60 -64 0 -112 64 16 108 16 
15 -31 5 60 -72 64 15 -4 -60 6 -28 -16 11 -65 -109 6 -70 112 14 110 80 3 -47 -10 124 11 100 34 17 32 15 66 
96 8 1 -128 91 -72 -48 0 -43 -111 11 65 -64 39 -30 -107 6 -97 -64 17 98 112 14 -64 80 6 43 112 9 54 64 1 
-73 -128 21 24 121 30 -125 49 -99 76 19 88 -125 -31 -104 56 64 25 -23 48 24 -42 57 -99 -119 -79 1 -45 57 24 83 -1 
-80 3 -30 -103 24 -31 -87 -99 -27 121 -122 51 -107 -124 -33 -26 6 24 -64 108 112 16 94 -37 117 0 34 -96 4 -120 0 4 
-114 -64 0 -64 3 60 6 112 12 52 -96 2 49 80 4 34 48 10 34 -96 94 50 -32 3 110 -16 7 117 48 46 30 89 
26 -11 -15 113 -49 116 -123 109 -14 31 81 -29 75 -36 100 98 30 -110 76 -39 20 -120 82 104 -106 -31 -111 -111 -33 102 -118 72 
32 6 52 48 106 -92 -74 2 89 32 2 7 -96 94 -30 -75 2 2 32 2 -22 -96 86 55 -126 11 -60 -112 9 -116 -112 14 
32 -64 11 -15 -43 -124 -29 120 98 76 8 -115 -67 4 54 9 2 27 -126 115 86 87 -8 -93 -93 -123 -116 73 -102 -114 -24 102 
14 -88 -128 3 -28 -64 10 49 -112 9 -46 -95 59 22 118 -91 -90 -125 11 -56 16 3 28 -64 1 -73 16 4 53 64 27 -4 
69 -115 26 -7 41 -44 3 31 66 -11 30 112 -110 -123 -111 81 126 49 38 -114 -106 -88 116 -71 -96 6 -39 64 91 121 -128 6 
87 112 6 37 48 57 -56 96 40 87 58 1 -65 -16 11 -62 82 4 -84 48 1 -128 64 9 -66 64 4 82 64 7 19 -1 
-13 60 24 85 95 53 9 43 47 -74 67 -59 120 23 -23 4 103 40 -106 -92 89 -24 55 103 7 51 -41 0 9 64 -48 -91 
-73 64 2 -56 -32 2 104 -32 10 -40 -128 12 -117 -64 -102 82 70 12 -40 48 13 42 -80 -86 99 64 14 101 -48 43 -8 96 
14 -7 0 -94 8 2 26 -20 -41 13 10 -27 81 90 3 0 23 -123 76 -114 -75 2 107 -47 32 108 101 61 -34 -47 101 16 
72 16 91 -61 79 -84 -43 13 -90 -59 90 -38 -104 110 72 80 3 -19 -48 6 -110 16 7 62 -64 1 97 -96 8 -101 -16 14 
-106 64 3 -114 -64 1 87 48 15 71 112 12 38 -16 8 -48 48 6 101 16 3 -95 -80 11 6 -80 11 71 -80 66 -128 71 
-101 10 -60 78 32 -128 15 -65 66 15 -43 112 2 -118 0 -82 45 -32 3 52 48 1 -60 64 2 -48 0 12 -73 -48 10 -17 
48 12 -58 -32 0 52 48 80 -104 -7 106 -8 42 67 -17 53 0 -116 -80 99 -82 0 13 81 -48 6 -116 -80 45 -70 112 5 
-70 -27 11 33 -96 7 -57 112 7 52 -96 11 -43 -64 10 -87 112 29 108 89 -79 22 27 9 -102 80 87 121 16 3 -72 -92 
-80 11 -19 -16 6 42 -112 40 -65 -29 0 -70 -48 5 -49 -64 7 28 -48 14 92 -107 13 53 -96 -85 48 27 67 17 32 14 
27 -96 7 45 112 6 -92 32 13 -92 48 1 101 -64 27 101 -128 11 66 -117 11 14 112 8 65 -96 7 106 -64 11 -106 -106 
-76 61 36 6 72 -32 5 113 113 13 112 80 2 14 -64 7 -72 -112 65 -92 -128 11 -13 0 15 -23 32 108 24 16 108 98 
59 74 94 -117 10 110 -80 -73 -108 0 7 -87 -16 12 -97 -32 11 -112 96 44 68 -64 60 -9 122 -73 51 -28 -75 -48 54 46 
122 -128 2 -49 -123 -72 119 -106 14 -41 -127 4 110 32 6 -27 -16 -75 72 11 -71 -47 -91 7 3 48 0 -35 -94 -71 -96 27 
-70 84 17 16 0 59 
]]>
</Image>
<Image count="2925" name="embedding 1">
<![CDATA[
71 73 70 56 57 97 125 0 75 0 -9 0 0 -68 30 44 -108 -110 -108 -52 -54 -52 92 90 92 -28 -26 -28 -84 -82 -84 116 118 
116 68 66 68 -36 -38 -36 -12 -10 -12 -36 -110 -100 -68 -66 -68 -52 90 100 -44 118 124 -60 62 76 -60 46 60 -20 -54 -52 -20 
-18 -20 -28 -82 -76 -28 -94 -92 -44 106 116 -20 -46 -44 -60 38 52 -124 -122 -124 76 78 76 -36 -122 -116 -52 78 92 -28 -74 -68 
-92 -94 -92 -4 -2 -4 108 106 108 -12 -26 -28 -28 -30 -28 -4 -10 -4 -44 98 108 -60 54 68 -68 30 52 -36 -102 -92 -20 -66 
-60 -36 126 -124 -52 70 84 -4 -18 -12 -100 -102 -100 124 126 124 -12 -38 -36 -20 -50 -44 -20 -78 -68 -28 -86 -76 -20 -42 -36 84 
86 92 -44 -46 -44 100 98 100 -76 -74 -76 76 74 76 -12 -6 -12 -52 90 108 -28 -78 -76 -28 -86 -84 -44 114 124 -116 -114 -116 
84 86 84 -20 -70 -60 -12 -26 -20 -60 58 76 -68 34 52 -108 -106 -100 -20 -22 -20 116 118 124 68 70 76 -36 -106 -100 -60 -58 
-60 -44 122 -124 -52 66 84 -60 50 68 -12 -50 -52 -4 -18 -20 -28 -94 -84 -44 110 124 -12 -42 -44 -60 42 60 -124 -122 -116 76 
78 84 -36 -114 -108 -52 86 100 -20 -70 -68 -84 -86 -84 116 114 116 -12 -6 -4 -44 102 116 -28 -98 -92 -20 -58 -52 -36 126 -116 
-52 74 92 -12 -14 -12 -12 -34 -28 -12 -22 -20 -60 30 44 -108 -106 -108 -52 -50 -52 92 94 92 -20 -26 -28 -76 -78 -76 68 70 
68 -36 -34 -36 -4 -10 -12 -60 -62 -60 -44 90 100 -52 66 76 -60 50 60 -12 -54 -52 -12 -18 -20 -20 -82 -76 -44 110 116 -12 
-46 -44 -60 42 52 -36 -118 -108 -52 82 92 -20 -74 -68 -92 -90 -92 108 110 108 -12 -30 -28 -44 102 108 -60 58 68 -60 30 52 
-28 -102 -92 -20 -62 -60 -52 74 84 -100 -98 -100 -124 -126 -124 -68 -70 -68 -44 94 108 124 122 124 -116 -118 -116 84 82 84 -12 -34 
-36 -44 -42 -44 100 102 100 -28 -90 -84 -36 -126 -116 -12 -50 -44 -12 -42 -36 -4 -6 -12 -20 -78 -76 -52 58 76 -60 34 52 -28 
-106 -100 -36 122 -124 -4 -6 -4 -4 -14 -12 -4 -22 -20 22 0 107 0 0 121 22 1 -1 0 88 -1 0 20 -1 -64 0 -1 
8 40 -64 96 90 -23 19 20 18 0 0 0 0 -72 -80 0 -24 -31 0 18 108 0 0 121 126 -91 96 0 20 -65 0 108 
19 -64 121 0 0 0 1 0 0 0 0 0 0 0 0 0 -1 0 0 -1 0 0 -1 0 0 -1 0 0 -1 8 0 -1 
96 0 -1 19 0 -1 0 0 0 -31 0 0 27 0 0 107 0 0 121 0 0 -32 0 0 20 0 0 108 0 0 121 0 
0 -40 1 0 -24 0 19 18 0 0 0 0 107 -32 1 0 27 0 0 107 0 0 121 0 0 0 -112 53 0 -23 108 0 
18 121 0 0 8 121 96 96 -22 -65 19 18 19 0 0 0 -95 12 104 52 -95 -4 108 79 18 121 0 0 22 100 96 0 
0 33 0 0 112 -64 0 121 1 -36 -88 -24 -23 33 18 18 107 0 0 121 0 57 -1 1 20 -1 0 108 -1 0 121 -1 
68 112 20 -25 -67 -22 18 79 18 0 0 0 104 -100 -120 -4 -56 -127 18 79 66 0 0 0 104 -32 96 -4 27 -65 18 107 
19 0 121 0 100 -40 0 126 -24 0 73 18 0 120 0 0 120 0 121 22 0 -22 70 0 18 120 0 0 -1 -32 16 -1 
2 20 -1 81 108 -1 0 121 -124 0 1 -24 0 0 18 48 0 0 0 0 -99 29 16 27 2 20 108 0 108 121 0 121 
0 46 106 0 103 113 19 105 72 0 102 0 33 -7 4 0 0 0 0 0 44 0 0 0 0 125 0 75 0 71 8 -1 
0 65 8 28 72 -80 -96 -63 -125 8 19 42 92 -56 -80 -95 -61 -121 16 35 74 -100 72 -79 -94 -59 -117 24 51 106 -60 72 
-96 -93 -57 -113 32 67 -118 28 57 18 4 1 -109 40 65 -102 20 -80 3 81 -95 1 48 7 21 72 73 -13 -92 -51 -102 56 
111 -22 -52 -55 83 103 -126 16 9 126 10 13 74 52 40 -48 -94 71 -121 38 53 74 -12 104 -46 -91 65 3 13 -126 -102 96 
-127 -107 0 66 -118 -2 4 -63 35 43 -43 -81 72 -121 106 125 -54 116 -87 -39 4 -109 -46 78 -94 81 -29 2 -126 8 32 -86 
12 16 -61 54 -64 -103 46 50 -84 96 56 -76 -32 0 34 25 17 22 20 10 99 99 -110 24 12 103 -82 76 42 108 67 -122 
-103 26 118 -124 8 -87 82 -93 -118 -128 26 59 -50 68 48 50 -58 3 -38 73 38 -128 -100 64 -15 -28 67 -38 14 89 -110 120 
49 -108 -124 2 -102 -44 31 -102 0 -128 99 -70 15 -101 57 106 39 49 104 48 -87 -47 36 52 71 -40 72 -96 116 -59 9 105 
60 56 -98 36 74 -128 38 7 -92 13 -109 36 9 111 -124 -122 -54 8 56 -118 59 104 -33 -50 -67 -69 -9 -17 -32 -61 -117 -1 
31 79 -66 67 19 44 -27 -57 83 -30 66 -121 -59 -92 14 -116 -24 -84 9 -111 -66 -66 -3 -5 -8 -13 -21 -33 -49 -65 -65 -1 
-1 0 6 40 -32 -128 4 -114 -73 -47 -127 8 38 -88 -32 -126 12 54 -24 -32 -125 16 94 -44 69 4 19 86 72 -31 -123 93 
88 56 33 -122 28 106 -40 -31 -121 30 70 32 -60 32 59 68 0 34 -123 19 -126 48 0 13 39 122 -24 98 -117 48 102 -120 
98 4 41 84 -120 22 26 87 -32 24 66 35 66 -123 -128 -29 -113 57 -26 56 9 90 68 2 117 5 90 98 -44 -112 24 -112 
69 -38 16 66 -112 33 -40 16 -28 -113 62 40 2 0 36 18 -40 -112 -64 22 0 60 -112 69 23 87 -20 72 -92 -109 100 -118 
57 100 -108 104 126 -127 -59 9 55 -26 72 -28 -112 65 22 -7 -26 79 78 2 -7 36 26 29 -68 23 -62 12 67 116 -63 29 
2 93 32 114 0 32 103 -68 71 0 34 2 -12 -11 -98 118 105 68 33 68 7 4 28 16 -120 118 -109 -56 64 -128 12 53 
-128 64 105 -98 -109 0 -126 -120 27 -37 45 80 -125 24 -38 -11 1 -64 22 40 60 -16 69 -98 29 48 -31 -57 36 -108 -8 -1 
-95 64 7 113 60 -32 3 28 123 -12 -95 29 26 34 -48 65 95 -98 12 72 -62 -22 18 14 64 -94 0 37 -38 -43 33 -121 
23 29 -96 -15 -58 22 88 -24 49 2 21 -108 -96 -128 5 -78 -51 54 -16 67 10 5 118 -21 -19 -73 -32 -122 43 -18 -72 -28 
-106 -69 95 -124 -24 -90 -85 -18 -70 -20 -74 -21 -18 -69 -16 -58 43 -17 -68 -12 -42 107 -81 69 -110 -27 -85 -17 -66 -4 -10 -21 
-17 -65 0 11 113 8 34 -125 -120 -31 -17 2 99 -20 16 -16 -62 12 55 -68 111 23 9 64 44 113 -60 20 79 108 113 -59 
24 95 -84 113 -60 25 118 -36 -15 29 -127 104 44 -79 -57 25 90 81 6 -57 36 -89 -84 -14 -54 36 103 -100 113 -54 9 28 
-87 37 -103 74 105 57 36 -103 56 38 -64 -29 -111 66 57 73 -108 -52 98 -14 -4 100 2 56 95 -79 64 26 78 38 -62 6 
5 48 116 81 -61 1 7 84 -111 -128 9 12 36 -47 -126 -106 42 100 117 115 -108 68 115 -51 -75 -49 20 6 29 20 -48 52 
31 9 -108 -106 60 -101 -67 -13 -104 105 57 121 69 4 98 24 97 4 1 79 22 38 -124 0 70 -56 0 -26 36 112 119 -1 
33 70 26 -121 -60 -100 -128 0 118 -104 81 70 26 70 32 -48 -56 -37 98 -124 64 -128 17 105 -128 80 -40 21 -115 68 32 0 
-32 56 -6 -42 -59 13 0 100 -127 5 0 -118 -20 120 5 11 -119 76 -64 4 30 16 20 -79 1 -114 16 -12 -127 71 14 69 
-104 -48 -59 98 41 20 33 -123 20 87 -9 22 -62 111 45 100 17 123 23 -116 -123 -96 4 31 -73 75 -95 -64 23 60 66 -112 
69 9 90 116 -79 -8 123 -17 33 -80 -41 -90 -17 -99 65 -124 24 93 -108 49 64 33 42 68 -48 65 95 -115 80 -38 104 4 
-122 41 -55 -22 123 -104 34 112 126 7 17 -16 64 -61 105 105 121 16 70 -98 125 -120 -106 -86 15 -84 50 -127 2 -84 -78 78 
82 43 30 77 80 3 -85 58 -96 5 48 124 -128 83 83 -112 4 -12 54 -16 -124 37 -80 64 18 22 -48 0 21 -62 -105 -120 
7 -104 -64 55 125 120 66 14 32 0 4 67 44 106 18 31 120 0 21 22 -75 29 16 -84 -96 16 7 -64 0 34 2 -15 
-98 67 -24 -59 12 60 -128 -62 -93 4 -128 1 18 -118 -127 7 -36 -22 64 2 2 80 8 51 -60 -128 3 -109 56 68 12 -1 
8 -16 29 4 24 0 3 62 84 -63 -81 58 -48 7 72 40 66 3 15 -88 -60 118 92 32 -120 14 -124 64 4 -119 -24 0 
11 -4 80 -119 0 42 2 9 35 -104 -126 -82 -72 -93 -125 31 -124 -15 87 113 -56 -61 35 -12 -64 -123 68 -96 -63 11 112 32 
97 7 -100 -16 0 45 116 96 17 34 24 -63 15 -44 96 71 115 -107 -53 4 46 88 31 -12 4 73 -56 65 54 11 7 -118 
80 -124 35 -106 88 72 63 58 -14 -111 -112 -116 -92 36 39 73 -55 74 90 -14 -110 -104 -52 -92 38 55 105 -97 123 121 -14 -109 
-96 12 -91 40 71 73 -54 82 -102 -14 -108 -88 76 -91 42 87 -55 -54 86 -70 -14 -107 -80 -116 -91 44 23 114 6 -127 -44 -14 
12 50 -56 37 2 64 80 75 80 -110 -28 -105 -64 12 -90 48 125 -128 -128 11 20 2 16 52 -40 37 8 14 81 0 43 -52 
-96 12 -62 -116 -90 52 -93 105 -94 106 90 -13 -102 -40 -52 -90 54 -73 -55 77 4 -116 -95 123 -38 -108 12 2 60 -96 48 110 
-102 -13 -100 -24 -52 38 -53 -42 -55 -50 118 118 -52 101 93 8 4 34 -124 0 -77 12 97 12 97 -12 -36 -104 62 -31 9 -1 
-49 118 -70 76 43 77 1 40 83 4 26 22 -126 10 52 41 -34 36 -64 79 32 22 2 -120 25 -108 6 86 24 11 64 -87 
114 -48 -127 26 -12 -94 65 65 -125 88 -108 50 80 -89 48 69 -93 30 -27 104 71 51 -22 -47 63 -124 33 40 93 -64 3 -60 
-124 -128 1 -88 73 45 98 31 96 78 2 6 112 -122 -128 -118 37 -92 27 5 41 115 -50 50 80 -99 -38 -76 44 28 -115 83 
72 61 10 20 -81 49 7 1 51 32 0 26 60 -70 84 45 -7 20 40 75 13 74 31 -110 0 0 54 -28 -128 6 30 32 
4 25 -26 0 4 0 -96 -64 16 34 45 106 -51 -60 -6 5 63 -120 -128 -95 116 18 107 84 -113 -46 8 -79 122 77 75 80 
-3 -55 -42 108 -128 -93 73 80 -114 114 67 -54 43 -103 -14 26 36 -33 -24 -50 6 -105 41 -108 -32 122 115 -41 -83 -23 12 40 
118 93 -36 -113 20 0 -122 17 120 -95 126 22 48 65 -112 -36 -42 -42 73 -96 -87 -83 97 42 12 -100 52 -37 -123 -88 30 41 
-79 66 -6 81 -108 -82 32 -92 27 89 -74 76 -118 85 -116 102 27 -111 -122 25 -44 0 3 -81 -35 65 23 66 64 3 30 -1 
96 0 -74 30 16 -61 36 -46 -32 -105 -41 -42 0 16 93 112 67 12 90 122 -37 66 4 32 45 -104 -70 -64 109 99 75 -66 
5 12 23 -74 67 32 64 98 19 1 -128 -47 0 32 14 -117 -103 -60 4 72 -16 -128 7 -116 -32 9 35 -112 -125 34 -48 -48 
4 51 62 -32 7 114 104 -126 27 38 97 8 58 -96 64 14 71 -80 107 7 108 -32 6 29 -128 -41 1 79 -48 -128 22 40 
-73 5 57 -104 17 18 64 88 67 -45 -20 -85 71 11 96 -31 11 -67 81 75 2 98 64 8 52 -88 -27 10 110 72 0 15 
118 -96 -104 8 -40 -127 7 -123 -112 1 111 15 -95 22 14 -32 -16 10 73 2 65 110 12 99 -122 63 -20 46 45 8 16 -126 
1 34 -86 -106 67 -44 96 1 105 49 1 0 -114 -112 42 4 -89 101 2 -5 75 64 -1 42 80 26 56 60 32 5 106 -111 
-62 15 -106 112 26 53 -60 55 45 44 -80 -128 4 -46 82 1 10 60 -127 14 95 -40 -126 31 -82 -112 39 52 104 32 3 120 
72 66 22 56 53 9 9 60 -63 61 -84 58 -61 -88 -32 -9 30 33 28 32 8 -120 -64 -116 -120 99 -58 91 -59 -68 39 -1 
13 24 32 31 -90 68 124 62 25 96 0 1 -125 -100 68 23 6 80 -123 60 -49 64 5 105 105 -30 104 84 5 61 28 119 
32 86 10 -104 4 35 30 16 -101 87 113 -86 7 22 -80 113 7 110 -96 -64 60 21 -16 8 15 112 -64 11 40 1 43 88 
9 -30 9 83 -104 -126 5 4 -47 -123 56 88 -96 5 -100 -126 -49 19 -58 -72 29 76 121 32 16 8 48 -62 5 70 117 25 
43 -92 -31 12 52 -104 -63 12 124 -48 -26 -19 -116 47 79 -128 40 68 25 16 -16 -121 26 -48 -64 -50 -123 -22 14 8 -94 112 
-121 52 32 -64 14 -57 92 84 31 -10 48 26 54 72 81 59 -6 107 22 23 102 -59 -120 -46 52 -95 -79 -111 120 -127 8 -98 
96 2 -18 -88 65 13 -114 -80 35 104 30 48 -123 68 -68 65 17 79 -96 -64 105 -74 -29 3 17 -4 -128 18 25 -100 66 14 
94 32 8 11 -44 1 60 124 3 -127 15 24 57 9 31 -128 -32 81 -108 -62 -33 118 10 -34 29 33 -128 32 -121 12 7 -72 
-63 -67 -57 -99 16 36 -62 11 -117 -88 3 9 97 -91 29 78 107 -121 91 77 16 -63 -95 43 33 -57 -114 87 98 9 57 74 
-36 78 10 42 -15 -85 54 0 -128 89 -37 89 -60 19 -108 64 -87 20 16 -103 -109 0 106 66 30 -2 19 7 36 60 -128 14 
116 72 -126 3 24 -127 -13 -94 -53 -79 -28 69 79 -70 -46 -105 -50 -12 -90 59 -3 -23 80 -113 -70 -44 -89 78 -11 -86 91 -3 
-22 88 -49 -70 -42 -73 94 -98 -128 0 0 59 
]]>
</Image>
</inet:Report>
</inet:Report>
