<?xml version="1.0" encoding="UTF-8" standalone="yes" ?>

<inet:Report xmlns:inet="http://www.inetsoftware.de" major_version="10" minor_version="0" major_xml_version="6" minor_xml_version="5" count="3" id="0">
    <Datasource dll="pdsora7.dll" host="SRVHMD:1521:orahmb" schema="" catalog="" user="modenadev" password="" url="">
      <Tablesource alias="TS_GENERALE" databaseIdentifier="TS_GENERALE">
        <Column name="PRGGENERALE" type="6" />
        <Column name="CODPROVINCIASIL" type="11" />
        <Column name="CODTIPOFILEESTREPORT" type="11" />
        <Column name="NUMKMDISTANZA" type="6" />
        <Column name="FLGPROTOCOLLOAUT" type="11" />
        <Column name="NUMGGCOLLOQUIOOR" type="6" />
        <Column name="NUMGGSTIPULAPATTO" type="6" />
        <Column name="NUMGGSCADPATTO" type="6" />
        <Column name="DATPORTING" type="9" />
        <Column name="FLGBATCHANZPREC297" type="11" />
        <Column name="NUMGGPRIMARITARDOMOV" type="6" />
        <Column name="DATINIZIOVAL" type="9" />
        <Column name="DATFINEVAL" type="9" />
        <Column name="NUMGGVALIDITAPWD" type="6" />
        <Column name="STRCONTESTOMIGRAZIONI" type="11" />
        <Column name="DTMULTIMAMIGRAZIONE" type="9" />
        <Column name="FLGCANCELLADAROSA" type="11" />
        <Column name="STRSMTPSERVER" type="11" />
        <Column name="NUMMINUTIMIGRAZIONI" type="6" />
        <Column name="NUMMINMESIAVVISOTD" type="6" />
        <Column name="NUMMINMESIBLOCCOTD" type="6" />
        <Column name="FLGSCATTANOIMPATTI" type="11" />
        <Column name="FLGCOMMITBATCH" type="11" />
        <Column name="FLGWARNINGMOVDURATA" type="11" />
        <Column name="FLGWARNINGMOVREDDITO" type="11" />
        <Column name="FLGCONTATTOAUTOMROSA" type="11" />
        <Column name="STRCONTESTOVALIDAZIONE" type="11" />
        <Column name="FLGIMPATTITRAANNI" type="11" />
        <Column name="FLGNONSCATTIMPATTICONMOVORFANI" type="11" />
        <Column name="FLGSCATTANOIMPATTITIRINMOBSOSP" type="11" />
        <Column name="FLGSCATTANOIMPATTITIRINMOBEFF" type="11" />
        <Column name="FLGBATCHIMPATTITRAANNISOLODIS" type="11" />
        <Column name="FLGBLOCCASESOMANUALE" type="11" />
        <Column name="FLGCOPIAPATTOEAZIONI" type="11" />
        <Column name="NUMGGELASTICITACESSAZIONI" type="6" />
        <Column name="NUMMAXISCMOBDAVALIDARE" type="6" />
        <Column name="STRPATHMODULISTICAPUBB" type="11" />
        <Column name="FLGMIGRATIROCINI" type="11" />
        <Column name="NUMMAXISCMOBDAVALSEPROTMOV" type="6" />
        <Column name="STRNOTAAVVPUBBLICO" type="11" />
        <Column name="DATETL" type="9" />
      </Tablesource>
      <Tablesource alias="DE_PROVINCIA" databaseIdentifier="DE_PROVINCIA">
        <Column name="CODPROVINCIA" type="11" />
        <Column name="STRDENOMINAZIONE" type="11" />
        <Column name="STRTARGA" type="11" />
        <Column name="STRISTAT" type="11" />
        <Column name="CODREGIONE" type="11" />
        <Column name="DATINIZIOVAL" type="9" />
        <Column name="DATFINEVAL" type="9" />
        <Column name="NUMKLOPROVINCIA" type="6" />
        <Column name="STRDIRCOORDINATORE" type="11" />
        <Column name="STRRESPONSABILEUO" type="11" />
        <Column name="STRINDIRIZZOPOLO" type="11" />
        <Column name="CODCPICAPOLUOGO" type="11" />
      </Tablesource>
    </Datasource>
  <Database>

    <Join from="TS_GENERALE" to="DE_PROVINCIA" type="inn">
      <Link from="CODPROVINCIASIL" to="CODPROVINCIA" type="eq"/>
    </Join>
    <QueryChanges mask="0" count="2">
      <Attribute name="queryChange" value="null"/>
      <Attribute name="queryChange" value="null"/>
    </QueryChanges>
  </Database>
  <FormulaFields count="1">
    <Field type="FormulaField" valueType="11">
      <Attribute name="name" value="dataStipula"/>
      <Attribute name="shortName" value="dataStipula"/>
      <Attribute name="formula type" value="0"/>
      <Attribute name="basic syntax" value="false"/>
      <![CDATA[{?cpi}  + ', lì ' +  {?dataStipula}]]>
    </Field>
  </FormulaFields>

  <PromptFields count="3">
    <Field type="PromptVarField" valueType="11">
      <Attribute name="name" value="cpi"/>
      <Attribute name="allow_multiple_values" value="false"/>
      <Attribute name="discrete_or_range" value="0"/>
      <Attribute name="allow editing" value="true"/>
      <Attribute name="prompt_text" value=""/>
      <Attribute name="use_range" value="false"/>
      <Attribute name="id" value="0"/>
      <PromptValueDescr count="0">
      </PromptValueDescr>
      <Attribute name="sort_type" value="0"/>
    </Field>
    <Field type="PromptVarField" valueType="11">
      <Attribute name="name" value="dataStipula"/>
      <Attribute name="allow_multiple_values" value="false"/>
      <Attribute name="discrete_or_range" value="0"/>
      <Attribute name="allow editing" value="true"/>
      <Attribute name="prompt_text" value=""/>
      <Attribute name="use_range" value="false"/>
      <Attribute name="id" value="0"/>
      <PromptValueDescr count="0">
      </PromptValueDescr>
      <Attribute name="sort_type" value="0"/>
    </Field>
    <Field type="PromptVarField" valueType="11">
      <Attribute name="name" value="dataScadenza"/>
      <Attribute name="allow_multiple_values" value="false"/>
      <Attribute name="discrete_or_range" value="0"/>
      <Attribute name="allow editing" value="true"/>
      <Attribute name="prompt_text" value=""/>
      <Attribute name="use_range" value="false"/>
      <Attribute name="id" value="0"/>
      <PromptValueDescr count="0">
      </PromptValueDescr>
      <Attribute name="sort_type" value="0"/>
    </Field>
  </PromptFields>

  <SQLFields count="0">
  </SQLFields>

  <SummaryFields count="0">
  </SummaryFields>

  <SortFields count="0">
  </SortFields>

  <GroupNameFields count="0">
  </GroupNameFields>

  <Field type="FormulaField" id="-1" valueType="11">
    <Attribute name="name" value="Record_Selection"/>
    <Attribute name="formula type" value="1"/>
    <Attribute name="basic syntax" value="false"/>
    <![CDATA[]]>
  </Field>
  <ReportProperties>
    <Attribute name="page width" value="11904"/>
    <Attribute name="page height" value="16836"/>
    <Attribute name="page orientation" value="0"/>
    <Attribute name="page margin left" value="240"/>
    <Attribute name="page margin right" value="240"/>
    <Attribute name="page margin top" value="283"/>
    <Attribute name="page margin bottom" value="283"/>
    <Attribute name="report title" value=""/>
    <Attribute name="report author" value=""/>
    <Attribute name="report keywords" value=""/>
    <Attribute name="report subject" value=""/>
    <Attribute name="report template" value=""/>
    <Attribute name="report comments" value=""/>
    <Attribute name="report last saved" value="25 Feb 2014 08:37:10 GMT"/>
    <Attribute name="report created" value="3 Feb 2004 12:07:17 GMT"/>
    <Attribute name="mailing label type 1" value=""/>
    <Attribute name="mailing label type 2" value=""/>
    <Attribute name="format with multiple columns" value="false"/>
    <Attribute name="mailing label width" value="0"/>
    <Attribute name="mailing label height" value="0"/>
    <Attribute name="mailing label distance vertical" value="0"/>
    <Attribute name="mailing label distance horizontal" value="0"/>
    <Attribute name="across then down" value="false"/>
    <Attribute name="format groups with multiple columns" value="false"/>
    <Attribute name="distinct" value="false"/>
    <Attribute name="convert date time" value="2"/>
    <Attribute name="suppress if no rows" value="false"/>
    <Attribute name="convert null values to default" value="false"/>
    <Attribute name="hide PageFooter inside ReportHeader" value="false"/>
  </ReportProperties>
  <AreaPair type="PageAreaPair" id="0">
    <Area type="PageHeader" count="1">
      <AreaProperties>
        <Attribute name="hold minimal pagefooter free" value="1"/>
      </AreaProperties>
      <Section type="PageHeader" count="3" width="11424" height="1820" id="0">
        <SectionProperties>
          <Attribute name="suppress" value="true"/>
          <Attribute name="hold minimal pagefooter free" value="1"/>
        </SectionProperties>
        <Element type="FieldElement" x_position="600" y_position="240" width="1200" height="240">
          <CommonProperties>
            <Attribute name="horizontal align" value="1"/>
          </CommonProperties>
          <Reference name="field" type="PromptVarField" refname="?cpi"/>
        </Element>
        <Element type="FieldElement" x_position="3210" y_position="345" width="1200" height="240">
          <CommonProperties>
            <Attribute name="horizontal align" value="1"/>
          </CommonProperties>
          <Reference name="field" type="PromptVarField" refname="?dataScadenza"/>
        </Element>
        <Element type="FieldElement" x_position="6450" y_position="360" width="1200" height="240">
          <CommonProperties>
            <Attribute name="horizontal align" value="1"/>
          </CommonProperties>
          <Reference name="field" type="PromptVarField" refname="?dataStipula"/>
        </Element>
      </Section>
    </Area>
    <Area type="PageFooter" count="1">
      <AreaProperties>
        <Attribute name="print at bottom of page" value="true"/>
        <Attribute name="new page after" value="true"/>
        <Attribute name="hold minimal pagefooter free" value="1"/>
      </AreaProperties>
      <Section type="PageFooter" count="0" width="11424" height="600" id="1">
        <SectionProperties>
          <Attribute name="suppress" value="true"/>
          <Attribute name="hold minimal pagefooter free" value="1"/>
        </SectionProperties>
      </Section>
    </Area>
  </AreaPair>

  <AreaPair type="ReportAreaPair" id="0">
    <Area type="ReportHeader" count="1">
      <AreaProperties>
        <Attribute name="hold minimal pagefooter free" value="1"/>
      </AreaProperties>
      <Section type="ReportHeader" count="0" width="11424" height="0" id="2">
        <SectionProperties>
          <Attribute name="suppress" value="true"/>
          <Attribute name="hold minimal pagefooter free" value="1"/>
        </SectionProperties>
      </Section>
    </Area>
    <Area type="ReportFooter" count="1">
      <AreaProperties>
        <Attribute name="suppress" value="true"/>
        <Attribute name="hold minimal pagefooter free" value="1"/>
      </AreaProperties>
      <Section type="ReportFooter" count="0" width="11424" height="0" id="3">
        <SectionProperties>
          <Attribute name="suppress" value="true"/>
          <Attribute name="hold minimal pagefooter free" value="1"/>
        </SectionProperties>
      </Section>
    </Area>
  </AreaPair>

  <AreaPair type="DetailArea" id="1">
    <Area type="Detail" count="7">
      <AreaProperties>
        <Attribute name="multiple column section" value="false"/>
        <Attribute name="hold minimal pagefooter free" value="1"/>
      </AreaProperties>
      <Section type="Detail" count="1" width="11424" height="600" id="4">
        <SectionProperties>
          <Attribute name="suppress" value="true"/>
          <Attribute name="multiple column section" value="false"/>
        </SectionProperties>
        <Element type="Text" count="1" x_position="330" y_position="120" width="8445" height="435">
          <CommonProperties>
            <Attribute name="suppress" value="true"/>
          </CommonProperties>
          <Element type="Paragraph" count="1">
            <CommonProperties>
              <Attribute name="horizontal align" value="2"/>
            </CommonProperties>
            <Element type="TextPart">
              <FontProperties>
                <Attribute name="font size" value="240"/>
                <Attribute name="font style" value="1"/>
              </FontProperties>
            <![CDATA[UTILIZZATO NEL REPORT CON API DEL PATTO]]>
            </Element>
          </Element>
        </Element>
      </Section>
      <Section type="Detail" count="8" width="11424" height="2100" id="5">
        <SectionProperties>
          <Attribute name="suppress" value="true"/>
          <Attribute name="multiple column section" value="false"/>
        </SectionProperties>
        <Element type="Box" x2_position="525" y2_position="330" x_position="360" y_position="165" width="0" height="0">
          <BoxProperties>
            <Attribute name="close border on page break" value="true"/>
          </BoxProperties>
        </Element>
        <Element type="Text" count="1" x_position="675" y_position="105" width="9885" height="315">
          <Element type="Paragraph" count="1">
            <CommonProperties>
              <Attribute name="horizontal align" value="1"/>
            </CommonProperties>
            <Element type="TextPart">
              <FontProperties>
                <Attribute name="font name" value="Times New Roman"/>
                <Attribute name="font size" value="225"/>
              </FontProperties>
            <![CDATA[Adesione al servizio incontro domanda/offerta]]>
            </Element>
          </Element>
        </Element>
        <Element type="Text" count="1" x_position="450" y_position="660" width="6165" height="255">
          <CommonProperties>
            <Attribute name="can grow" value="true"/>
          </CommonProperties>
          <Element type="Paragraph" count="1">
            <CommonProperties>
              <Attribute name="horizontal align" value="1"/>
            </CommonProperties>
            <Element type="TextPart">
              <FontProperties>
                <Attribute name="font name" value="Times New Roman"/>
                <Attribute name="font size" value="225"/>
              </FontProperties>
            <![CDATA[Il colloquio, presso questo Centro per l'impiego, è fissato il giorno]]>
            </Element>
          </Element>
        </Element>
        <Element type="Text" count="1" x_position="9150" y_position="660" width="885" height="255">
          <Element type="Paragraph" count="1">
            <CommonProperties>
              <Attribute name="horizontal align" value="1"/>
            </CommonProperties>
            <Element type="TextPart">
              <FontProperties>
                <Attribute name="font name" value="Times New Roman"/>
                <Attribute name="font size" value="225"/>
              </FontProperties>
            <![CDATA[alle ore]]>
            </Element>
          </Element>
        </Element>
        <Element type="Line" x2_position="9105" y2_position="885" x_position="6600" y_position="885" width="0" height="0">
          <LineProperties>
            <Attribute name="style" value="4"/>
          </LineProperties>
        </Element>
        <Element type="Line" x2_position="10650" y2_position="885" x_position="9900" y_position="885" width="0" height="0">
          <LineProperties>
            <Attribute name="style" value="4"/>
          </LineProperties>
        </Element>
        <Element type="Text" count="1" x_position="3180" y_position="1485" width="840" height="255">
          <Element type="Paragraph" count="1">
            <CommonProperties>
              <Attribute name="horizontal align" value="1"/>
            </CommonProperties>
            <Element type="TextPart">
              <FontProperties>
                <Attribute name="font name" value="Arial"/>
                <Attribute name="font size" value="225"/>
                <Attribute name="font style" value="1"/>
              </FontProperties>
            <![CDATA[FIRMA]]>
            </Element>
          </Element>
        </Element>
        <Element type="Line" x2_position="9915" y2_position="1725" x_position="4065" y_position="1725" width="0" height="0">
        </Element>
      </Section>
      <Section type="Detail" count="4" width="11424" height="1380" id="6">
        <SectionProperties>
          <Attribute name="suppress" value="true"/>
          <Attribute name="multiple column section" value="false"/>
        </SectionProperties>
        <Element type="Box" x2_position="525" y2_position="255" x_position="360" y_position="90" width="0" height="0">
          <BoxProperties>
            <Attribute name="close border on page break" value="true"/>
          </BoxProperties>
        </Element>
        <Element type="Text" count="1" x_position="672" y_position="21" width="9884" height="644">
          <Element type="Paragraph" count="1">
            <CommonProperties>
              <Attribute name="horizontal align" value="1"/>
            </CommonProperties>
            <Element type="TextPart">
              <FontProperties>
                <Attribute name="font name" value="Times New Roman"/>
                <Attribute name="font size" value="225"/>
              </FontProperties>
            <![CDATA[Partecipazione ad attività di orientamento, tirocinio, formazione offerte dai servizi per il lavoro o promossi dalla Regione Valle d'Aosta]]>
            </Element>
          </Element>
        </Element>
        <Element type="Box" x2_position="525" y2_position="960" x_position="360" y_position="795" width="0" height="0">
          <BoxProperties>
            <Attribute name="close border on page break" value="true"/>
          </BoxProperties>
        </Element>
        <Element type="Text" count="1" x_position="672" y_position="721" width="9884" height="252">
          <Element type="Paragraph" count="1">
            <CommonProperties>
              <Attribute name="horizontal align" value="1"/>
            </CommonProperties>
            <Element type="TextPart">
              <FontProperties>
                <Attribute name="font name" value="Times New Roman"/>
                <Attribute name="font size" value="225"/>
              </FontProperties>
            <![CDATA[Adesione ai Lavori di Utilità Sociale]]>
            </Element>
          </Element>
        </Element>
      </Section>
      <Section type="Detail" count="1" width="11424" height="630" id="7">
        <SectionProperties>
          <Attribute name="suppress" value="true"/>
          <Attribute name="multiple column section" value="false"/>
        </SectionProperties>
        <Element type="Text" count="1" x_position="405" y_position="120" width="10185" height="435">
          <Element type="Paragraph" count="1">
            <CommonProperties>
              <Attribute name="horizontal align" value="2"/>
            </CommonProperties>
            <Element type="TextPart">
              <FontProperties>
                <Attribute name="font name" value="Times New Roman"/>
                <Attribute name="font size" value="225"/>
              </FontProperties>
            <![CDATA[IN RISPETTO DEL PRESENTE PATTO]]>
            </Element>
          </Element>
        </Element>
      </Section>
      <Section type="Detail" count="7" width="11424" height="2370" id="8">
        <SectionProperties>
          <Attribute name="suppress" value="true"/>
          <Attribute name="multiple column section" value="false"/>
        </SectionProperties>
        <Element type="Text" count="1" x_position="210" y_position="180" width="2790" height="315">
          <Element type="Paragraph" count="1">
            <CommonProperties>
              <Attribute name="horizontal align" value="1"/>
            </CommonProperties>
            <Element type="TextPart">
              <FontProperties>
                <Attribute name="font name" value="Times New Roman"/>
                <Attribute name="font size" value="225"/>
              </FontProperties>
            <![CDATA[Il disoccupato si impegna a:]]>
            </Element>
          </Element>
        </Element>
        <Element type="Box" x2_position="525" y2_position="915" x_position="360" y_position="750" width="0" height="0">
          <BoxProperties>
            <Attribute name="close border on page break" value="true"/>
          </BoxProperties>
        </Element>
        <Element type="Text" count="1" x_position="675" y_position="645" width="9885" height="255">
          <CommonProperties>
            <Attribute name="can grow" value="true"/>
          </CommonProperties>
          <Element type="Paragraph" count="1">
            <CommonProperties>
              <Attribute name="horizontal align" value="1"/>
            </CommonProperties>
            <Element type="TextPart">
              <FontProperties>
                <Attribute name="font name" value="Times New Roman"/>
                <Attribute name="font size" value="225"/>
              </FontProperties>
            <![CDATA[presentarsi al servizio specialistico concordato;]]>
            </Element>
          </Element>
        </Element>
        <Element type="Text" count="1" x_position="675" y_position="1095" width="9885" height="255">
          <CommonProperties>
            <Attribute name="can grow" value="true"/>
          </CommonProperties>
          <Element type="Paragraph" count="1">
            <CommonProperties>
              <Attribute name="horizontal align" value="1"/>
            </CommonProperties>
            <Element type="TextPart">
              <FontProperties>
                <Attribute name="font name" value="Times New Roman"/>
                <Attribute name="font size" value="225"/>
              </FontProperties>
            <![CDATA[partecipare alle iniziative nei termini previsti]]>
            </Element>
          </Element>
        </Element>
        <Element type="Box" x2_position="525" y2_position="1365" x_position="360" y_position="1200" width="0" height="0">
          <BoxProperties>
            <Attribute name="close border on page break" value="true"/>
          </BoxProperties>
        </Element>
        <Element type="Box" x2_position="525" y2_position="1815" x_position="360" y_position="1650" width="0" height="0">
          <BoxProperties>
            <Attribute name="close border on page break" value="true"/>
          </BoxProperties>
        </Element>
        <Element type="Text" count="1" x_position="675" y_position="1560" width="9885" height="660">
          <CommonProperties>
            <Attribute name="can grow" value="true"/>
          </CommonProperties>
          <Element type="Paragraph" count="1">
            <CommonProperties>
              <Attribute name="horizontal align" value="1"/>
            </CommonProperties>
            <Element type="TextPart">
              <FontProperties>
                <Attribute name="font name" value="Times New Roman"/>
                <Attribute name="font size" value="225"/>
              </FontProperties>
            <![CDATA[comunicare al Centro per l'Impiego qualsiasi variazione che possa modificare la propria situazione (anagrafica, professionale o economica)]]>
            </Element>
          </Element>
        </Element>
      </Section>
      <Section type="Detail" count="7" width="11424" height="2145" id="9">
        <SectionProperties>
          <Attribute name="suppress" value="true"/>
          <Attribute name="multiple column section" value="false"/>
        </SectionProperties>
        <Element type="Text" count="1" x_position="210" y_position="210" width="3585" height="315">
          <Element type="Paragraph" count="1">
            <CommonProperties>
              <Attribute name="horizontal align" value="1"/>
            </CommonProperties>
            <Element type="TextPart">
              <FontProperties>
                <Attribute name="font name" value="Times New Roman"/>
                <Attribute name="font size" value="225"/>
              </FontProperties>
            <![CDATA[Il Centro per l'Impiego si impegna a:]]>
            </Element>
          </Element>
        </Element>
        <Element type="Text" count="1" x_position="675" y_position="660" width="9885" height="300">
          <CommonProperties>
            <Attribute name="can grow" value="true"/>
          </CommonProperties>
          <Element type="Paragraph" count="1">
            <CommonProperties>
              <Attribute name="horizontal align" value="1"/>
            </CommonProperties>
            <Element type="TextPart">
              <FontProperties>
                <Attribute name="font name" value="Times New Roman"/>
                <Attribute name="font size" value="225"/>
              </FontProperties>
            <![CDATA[garantire l'accesso e l'erogazione dei servizi nei tempi e nei modi concordati]]>
            </Element>
          </Element>
        </Element>
        <Element type="Box" x2_position="525" y2_position="930" x_position="360" y_position="765" width="0" height="0">
          <BoxProperties>
            <Attribute name="close border on page break" value="true"/>
          </BoxProperties>
        </Element>
        <Element type="Text" count="1" x_position="675" y_position="1125" width="9885" height="255">
          <CommonProperties>
            <Attribute name="can grow" value="true"/>
          </CommonProperties>
          <Element type="Paragraph" count="1">
            <CommonProperties>
              <Attribute name="horizontal align" value="1"/>
            </CommonProperties>
            <Element type="TextPart">
              <FontProperties>
                <Attribute name="font name" value="Times New Roman"/>
                <Attribute name="font size" value="225"/>
              </FontProperties>
            <![CDATA[fornire, in caso di rinvio ad altri servizi, le informazioni necessarie]]>
            </Element>
          </Element>
        </Element>
        <Element type="Box" x2_position="525" y2_position="1365" x_position="360" y_position="1200" width="0" height="0">
          <BoxProperties>
            <Attribute name="close border on page break" value="true"/>
          </BoxProperties>
        </Element>
        <Element type="Text" count="1" x_position="675" y_position="1560" width="9885" height="255">
          <CommonProperties>
            <Attribute name="can grow" value="true"/>
          </CommonProperties>
          <Element type="Paragraph" count="1">
            <CommonProperties>
              <Attribute name="horizontal align" value="1"/>
            </CommonProperties>
            <Element type="TextPart">
              <FontProperties>
                <Attribute name="font name" value="Times New Roman"/>
                <Attribute name="font size" value="225"/>
              </FontProperties>
            <![CDATA[informare l'utente rispetto a nuove iniziative promosse dal Centro]]>
            </Element>
          </Element>
        </Element>
        <Element type="Box" x2_position="525" y2_position="1815" x_position="360" y_position="1650" width="0" height="0">
          <BoxProperties>
            <Attribute name="close border on page break" value="true"/>
          </BoxProperties>
        </Element>
      </Section>
      <Section type="Detail" count="10" width="11424" height="7065" id="10">
        <SectionProperties>
          <Attribute name="multiple column section" value="false"/>
          <Attribute name="hold minimal pagefooter free" value="1"/>
        </SectionProperties>
        <Element type="Text" count="1" x_position="675" y_position="420" width="10140" height="240">
          <CommonProperties>
            <Attribute name="horizontal align" value="1"/>
            <Attribute name="close border on page break" value="false"/>
            <Attribute name="can grow" value="true"/>
          </CommonProperties>
          <Element type="Paragraph" count="1">
            <CommonProperties>
              <Attribute name="horizontal align" value="1"/>
            </CommonProperties>
            <Element type="TextPart">
              <FontProperties>
                <Attribute name="font name" value="Times New Roman"/>
                <Attribute name="font size" value="225"/>
              </FontProperties>
            <![CDATA[Informazioni per l'utente:]]>
            </Element>
          </Element>
        </Element>
        <Element type="Text" count="1" x_position="1050" y_position="735" width="9765" height="525">
          <CommonProperties>
            <Attribute name="horizontal align" value="1"/>
            <Attribute name="close border on page break" value="false"/>
            <Attribute name="can grow" value="true"/>
          </CommonProperties>
          <Element type="Paragraph" count="1">
            <CommonProperties>
              <Attribute name="horizontal align" value="1"/>
            </CommonProperties>
            <Element type="TextPart">
              <FontProperties>
                <Attribute name="font name" value="Times New Roman"/>
                <Attribute name="font size" value="225"/>
              </FontProperties>
            <![CDATA[Il patto di servizio impegna il Centro Per l’Impiego e l’utente a perseguire coerentemente quanto in esso stabilito;]]>
            </Element>
          </Element>
        </Element>
        <Element type="Text" count="5" x_position="1050" y_position="2070" width="9765" height="2295">
          <CommonProperties>
            <Attribute name="horizontal align" value="1"/>
            <Attribute name="close border on page break" value="false"/>
            <Attribute name="can grow" value="true"/>
          </CommonProperties>
          <Element type="Paragraph" count="1">
            <CommonProperties>
              <Attribute name="horizontal align" value="1"/>
            </CommonProperties>
            <Element type="TextPart">
              <FontProperties>
                <Attribute name="font name" value="Times New Roman"/>
                <Attribute name="font size" value="225"/>
              </FontProperties>
            <![CDATA[L’utente perde lo stato di disoccupazione se:]]>
            </Element>
          </Element>
          <Element type="Paragraph" count="1">
            <CommonProperties>
              <Attribute name="horizontal align" value="1"/>
            </CommonProperties>
            <Element type="TextPart">
              <FontProperties>
                <Attribute name="font name" value="Times New Roman"/>
                <Attribute name="font size" value="225"/>
              </FontProperties>
            <![CDATA[- non rispetta gli obblighi assunti con il patto di servizio;]]>
            </Element>
          </Element>
          <Element type="Paragraph" count="1">
            <CommonProperties>
              <Attribute name="horizontal align" value="1"/>
            </CommonProperties>
            <Element type="TextPart">
              <FontProperties>
                <Attribute name="font name" value="Times New Roman"/>
                <Attribute name="font size" value="225"/>
              </FontProperties>
            <![CDATA[- non rinnova il patto di servizio entro il termine di scadenza annuale ; ]]>
            </Element>
          </Element>
          <Element type="Paragraph" count="1">
            <CommonProperties>
              <Attribute name="horizontal align" value="1"/>
            </CommonProperties>
            <Element type="TextPart">
              <FontProperties>
                <Attribute name="font name" value="Times New Roman"/>
                <Attribute name="font size" value="225"/>
              </FontProperties>
            <![CDATA[- in assenza di giustificato motivo rifiuta una congrua offerta di lavoro a tempo pieno ed indeterminato o determinato con durata superiore a 6 mesi, e per una sede di lavoro raggiungibile con mezzi pubblici e posta ad una distanza non superiore a cinquanta km dal domicilio del lavoratore.]]>
            </Element>
          </Element>
          <Element type="Paragraph" count="1">
            <CommonProperties>
              <Attribute name="horizontal align" value="1"/>
            </CommonProperties>
            <Element type="TextPart">
              <FontProperties>
                <Attribute name="font name" value="Times New Roman"/>
                <Attribute name="font size" value="225"/>
              </FontProperties>
            <![CDATA[- in assenza di giustificato motivo, non si presenta ad una convocazione del Centro Per l’Impiego nell’ambito delle iniziative di promozione dell’occupazione concordate con il presente patto.]]>
            </Element>
          </Element>
        </Element>
        <Element type="Text" count="1" x_position="1050" y_position="1410" width="9765" height="615">
          <CommonProperties>
            <Attribute name="horizontal align" value="1"/>
            <Attribute name="close border on page break" value="false"/>
            <Attribute name="can grow" value="true"/>
          </CommonProperties>
          <Element type="Paragraph" count="1">
            <CommonProperties>
              <Attribute name="horizontal align" value="1"/>
            </CommonProperties>
            <Element type="TextPart">
              <FontProperties>
                <Attribute name="font name" value="Times New Roman"/>
                <Attribute name="font size" value="225"/>
              </FontProperties>
            <![CDATA[Il patto di servizio può essere modificato, su richiesta dell’utente e del Centro Per l’Impiego, di comune accordo, anche tenendo conto delle eventuali mutate condizioni e situazioni della persona in cerca di lavoro;]]>
            </Element>
          </Element>
        </Element>
        <Element type="Text" count="4" x_position="1050" y_position="4500" width="9765" height="2565">
          <CommonProperties>
            <Attribute name="can grow" value="true"/>
          </CommonProperties>
          <Element type="Paragraph" count="1">
            <CommonProperties>
              <Attribute name="horizontal align" value="1"/>
            </CommonProperties>
            <Element type="TextPart">
              <FontProperties>
                <Attribute name="font name" value="Times New Roman"/>
                <Attribute name="font size" value="225"/>
              </FontProperties>
            <![CDATA[ Ai sensi dell’art. 13 del d.lgs. 196/2003, si informa che la raccolta ed il trattamento dei dati personali richiesti sono effettuati per le finalità previste dal presente Patto.]]>
            </Element>
          </Element>
          <Element type="Paragraph" count="1">
            <CommonProperties>
              <Attribute name="horizontal align" value="1"/>
            </CommonProperties>
            <Element type="TextPart">
              <FontProperties>
                <Attribute name="font name" value="Times New Roman"/>
                <Attribute name="font size" value="225"/>
              </FontProperties>
            <![CDATA[Il conferimento dei dati è obbligatorio per ottenere l’accesso ai servizi previsti.]]>
            </Element>
          </Element>
          <Element type="Paragraph" count="1">
            <CommonProperties>
              <Attribute name="horizontal align" value="1"/>
            </CommonProperties>
            <Element type="TextPart">
              <FontProperties>
                <Attribute name="font name" value="Times New Roman"/>
                <Attribute name="font size" value="225"/>
              </FontProperties>
            <![CDATA[Il trattamento dei dati avviene manualmente e con l’ausilio dei mezzi elettronici idonei a garantirne la sicurezza e la riservatezza.]]>
            </Element>
          </Element>
          <Element type="Paragraph" count="1">
            <CommonProperties>
              <Attribute name="horizontal align" value="1"/>
            </CommonProperties>
            <Element type="TextPart">
              <FontProperties>
                <Attribute name="font name" value="Times New Roman"/>
                <Attribute name="font size" value="225"/>
              </FontProperties>
            <![CDATA[I dati vengono conservati presso il Centro Per l’Impiego e potranno essere comunicati a soggetti terzi  esclusivamente nei casi e per le informazioni previsti da norme di legge o di regolamento. Il titolare del trattamento dei dati è la Regione Autonoma Valle d’Aosta, con sede in Piazza Deffeyes, 1 – Aosta. Il responsabile del trattamento è il Dirigente del Servizio per l’Impiego.]]>
            </Element>
          </Element>
        </Element>
        <Element type="Text" count="1" x_position="5145" y_position="90" width="5415" height="465">
          <CommonProperties>
            <Attribute name="suppress" value="true"/>
          </CommonProperties>
          <Element type="Paragraph" count="1">
            <CommonProperties>
              <Attribute name="horizontal align" value="1"/>
            </CommonProperties>
            <Element type="TextPart">
              <FontProperties>
                <Attribute name="font name" value="Times New Roman"/>
                <Attribute name="font size" value="225"/>
                <Attribute name="font style" value="1"/>
              </FontProperties>
            <![CDATA[Mod 3/STATO DS - d.lgs. 181/00]]>
            </Element>
          </Element>
        </Element>
        <Element type="Text" count="1" x_position="675" y_position="780" width="270" height="390">
          <CommonProperties>
            <Attribute name="horizontal align" value="1"/>
            <Attribute name="close border on page break" value="false"/>
            <Attribute name="can grow" value="true"/>
          </CommonProperties>
          <Element type="Paragraph" count="1">
            <CommonProperties>
              <Attribute name="horizontal align" value="1"/>
            </CommonProperties>
            <Element type="TextPart">
              <FontProperties>
                <Attribute name="font name" value="Times New Roman"/>
                <Attribute name="font size" value="225"/>
              </FontProperties>
            <![CDATA[1.]]>
            </Element>
          </Element>
        </Element>
        <Element type="Text" count="1" x_position="675" y_position="1425" width="270" height="390">
          <CommonProperties>
            <Attribute name="horizontal align" value="1"/>
            <Attribute name="close border on page break" value="false"/>
            <Attribute name="can grow" value="true"/>
          </CommonProperties>
          <Element type="Paragraph" count="1">
            <CommonProperties>
              <Attribute name="horizontal align" value="1"/>
            </CommonProperties>
            <Element type="TextPart">
              <FontProperties>
                <Attribute name="font name" value="Times New Roman"/>
                <Attribute name="font size" value="225"/>
              </FontProperties>
            <![CDATA[2.]]>
            </Element>
          </Element>
        </Element>
        <Element type="Text" count="1" x_position="675" y_position="2100" width="270" height="390">
          <CommonProperties>
            <Attribute name="horizontal align" value="1"/>
            <Attribute name="close border on page break" value="false"/>
            <Attribute name="can grow" value="true"/>
          </CommonProperties>
          <Element type="Paragraph" count="1">
            <CommonProperties>
              <Attribute name="horizontal align" value="1"/>
            </CommonProperties>
            <Element type="TextPart">
              <FontProperties>
                <Attribute name="font name" value="Times New Roman"/>
                <Attribute name="font size" value="225"/>
              </FontProperties>
            <![CDATA[3.]]>
            </Element>
          </Element>
        </Element>
        <Element type="Text" count="1" x_position="675" y_position="4500" width="270" height="390">
          <CommonProperties>
            <Attribute name="horizontal align" value="1"/>
            <Attribute name="close border on page break" value="false"/>
            <Attribute name="can grow" value="true"/>
          </CommonProperties>
          <Element type="Paragraph" count="1">
            <CommonProperties>
              <Attribute name="horizontal align" value="1"/>
            </CommonProperties>
            <Element type="TextPart">
              <FontProperties>
                <Attribute name="font name" value="Times New Roman"/>
                <Attribute name="font size" value="225"/>
              </FontProperties>
            <![CDATA[4.]]>
            </Element>
          </Element>
        </Element>
      </Section>
    </Area>
  </AreaPair>

</inet:Report>
