<?xml version="1.0" encoding="UTF-8" standalone="yes" ?>

<inet:Report xmlns:inet="http://www.inetsoftware.de" major_version="8" minor_version="0" major_xml_version="6" minor_xml_version="5" count="3" id="0">
    <Datasource dll="pdsora7.dll" host="concordia:1521:ORAC10" schema="" catalog="" user="calabriatest" password="" url="">
      <Tablesource alias="CM_GRADUATORIA" databaseIdentifier="CM_GRADUATORIA">
        <Column name="PRGGRADUATORIA" type="6" />
        <Column name="PRGGRADUATORIAPREC" type="6" />
        <Column name="NUMANNO" type="6" />
        <Column name="CODSTATOGRAD" type="11" />
        <Column name="DTMINS" type="15" />
        <Column name="CDNUTINS" type="6" />
        <Column name="NUMKLOGRADUATORIA" type="6" />
        <Column name="STRNOTA" type="11" />
        <Column name="CODMONOTIPOGRAD" type="11" />
        <Column name="DATRIFERIMENTO" type="15" />
        <Column name="NUMANNOREDDITO" type="6" />
        <Column name="CDNUTMOD" type="6" />
        <Column name="DTMMOD" type="15" />
        <Column name="CODPROVINCIA" type="11" />
      </Tablesource>
      <Tablesource alias="CM_GRAD_NOMINATIVO" databaseIdentifier="CM_GRAD_NOMINATIVO">
        <Column name="PRGGRADNOMINATIVO" type="6" />
        <Column name="PRGGRADUATORIA" type="6" />
        <Column name="CDNLAVORATORE" type="6" />
        <Column name="NUMORDINE" type="6" />
        <Column name="DTMINS" type="15" />
        <Column name="CODCPITIT" type="11" />
        <Column name="CDNUTINS" type="6" />
        <Column name="DATDICHIARAZIONE" type="15" />
        <Column name="NUMKLOGRADNOMINATIVO" type="6" />
        <Column name="NUMPUNTEGGIO" type="6" />
        <Column name="NUMCARICOFAM" type="6" />
        <Column name="STRNOTA" type="11" />
        <Column name="NUMREDDITO" type="6" />
        <Column name="NUMPERSONE" type="6" />
        <Column name="DATDICHCARICO" type="15" />
        <Column name="CODCMTIPOISCR" type="11" />
        <Column name="NUMPERCINVALIDITA" type="6" />
        <Column name="DATANZIANITA68" type="15" />
        <Column name="NUMMESIANZ" type="6" />
        <Column name="FLGPATENTE" type="11" />
        <Column name="CODGRADOCAPACITALOC" type="11" />
      </Tablesource>
      <Tablesource alias="AN_LAVORATORE" databaseIdentifier="AN_LAVORATORE">
        <Column name="CDNLAVORATORE" type="6" />
        <Column name="STRCODICEFISCALE" type="11" />
        <Column name="STRCOGNOME" type="11" />
        <Column name="STRNOME" type="11" />
        <Column name="STRSESSO" type="11" />
        <Column name="DATNASC" type="15" />
        <Column name="CODCOMNAS" type="11" />
        <Column name="CODCITTADINANZA" type="11" />
        <Column name="CODCITTADINANZA2" type="11" />
        <Column name="CODSTATOCIVILE" type="11" />
        <Column name="FLGMILITE" type="11" />
        <Column name="CODCOMRES" type="11" />
        <Column name="NUMFIGLI" type="6" />
        <Column name="STRINDIRIZZORES" type="11" />
        <Column name="STRLOCALITARES" type="11" />
        <Column name="STRCAPRES" type="11" />
        <Column name="CODCOMDOM" type="11" />
        <Column name="STRINDIRIZZODOM" type="11" />
        <Column name="STRLOCALITADOM" type="11" />
        <Column name="STRCAPDOM" type="11" />
        <Column name="CODCOMREC" type="11" />
        <Column name="STRINDIRIZZOREC" type="11" />
        <Column name="STRLOCALITAREC" type="11" />
        <Column name="STRCAPREC" type="11" />
        <Column name="STRTELRES" type="11" />
        <Column name="STRTELDOM" type="11" />
        <Column name="STRTELALTRO" type="11" />
        <Column name="STRCELL" type="11" />
        <Column name="STREMAIL" type="11" />
        <Column name="STRFAX" type="11" />
        <Column name="STRNOTE" type="11" />
        <Column name="FLGCFOK" type="11" />
        <Column name="CDNUTINS" type="6" />
        <Column name="DTMINS" type="15" />
        <Column name="CDNUTMOD" type="6" />
        <Column name="DTMMOD" type="15" />
        <Column name="NUMKLOLAVORATORE" type="6" />
        <Column name="FLGINVIOSMS" type="11" />
        <Column name="DATINVIOSMS" type="15" />
      </Tablesource>
      <Tablesource alias="DE_COMUNE" databaseIdentifier="DE_COMUNE">
        <Column name="CODCOM" type="11" />
        <Column name="STRDENOMINAZIONE" type="11" />
        <Column name="STRCAP" type="11" />
        <Column name="CODCPI" type="11" />
        <Column name="CODPROVINCIA" type="11" />
        <Column name="NUMMESIMOBEXCASSAMEZZ" type="6" />
        <Column name="DATINIZIOVAL" type="15" />
        <Column name="DATFINEVAL" type="15" />
        <Column name="NUMKLOCOMUNE" type="6" />
        <Column name="CODISTAT" type="11" />
        <Column name="CODCOMMONTANA" type="11" />
      </Tablesource>
      <Tablesource alias="DE_PROVINCIA" databaseIdentifier="DE_PROVINCIA">
        <Column name="CODPROVINCIA" type="11" />
        <Column name="STRDENOMINAZIONE" type="11" />
        <Column name="STRTARGA" type="11" />
        <Column name="STRISTAT" type="11" />
        <Column name="CODREGIONE" type="11" />
        <Column name="DATINIZIOVAL" type="15" />
        <Column name="DATFINEVAL" type="15" />
        <Column name="NUMKLOPROVINCIA" type="6" />
        <Column name="STRDIRCOORDINATORE" type="11" />
        <Column name="STRRESPONSABILEUO" type="11" />
        <Column name="STRINDIRIZZOPOLO" type="11" />
        <Column name="CODCPICAPOLUOGO" type="11" />
        <Column name="CODMIN" type="11" />
        <Column name="STRINTESTAZIONESTAMPA" type="11" />
      </Tablesource>
      <Tablesource alias="DE_CM_STATO_GRAD" databaseIdentifier="DE_CM_STATO_GRAD">
        <Column name="CODSTATOGRAD" type="11" />
        <Column name="STRDESCRIZIONE" type="11" />
        <Column name="DATINIZIOVAL" type="15" />
        <Column name="DATFINEVAL" type="15" />
      </Tablesource>
      <Tablesource alias="DE_PROVINCIA_2" databaseIdentifier="DE_PROVINCIA">
        <Column name="CODPROVINCIA" type="11" />
        <Column name="STRDENOMINAZIONE" type="11" />
        <Column name="STRTARGA" type="11" />
        <Column name="STRISTAT" type="11" />
        <Column name="CODREGIONE" type="11" />
        <Column name="DATINIZIOVAL" type="15" />
        <Column name="DATFINEVAL" type="15" />
        <Column name="NUMKLOPROVINCIA" type="6" />
        <Column name="STRDIRCOORDINATORE" type="11" />
        <Column name="STRRESPONSABILEUO" type="11" />
        <Column name="STRINDIRIZZOPOLO" type="11" />
        <Column name="CODCPICAPOLUOGO" type="11" />
        <Column name="CODMIN" type="11" />
        <Column name="STRINTESTAZIONESTAMPA" type="11" />
      </Tablesource>
    </Datasource>
  <Database>

    <Join from="CM_GRADUATORIA" to="CM_GRAD_NOMINATIVO" type="inn">
      <Link from="PRGGRADUATORIA" to="PRGGRADUATORIA" type="eq"/>
    </Join>

    <Join from="CM_GRAD_NOMINATIVO" to="AN_LAVORATORE" type="inn">
      <Link from="CDNLAVORATORE" to="CDNLAVORATORE" type="eq"/>
    </Join>

    <Join from="AN_LAVORATORE" to="DE_COMUNE" type="inn">
      <Link from="CODCOMNAS" to="CODCOM" type="eq"/>
    </Join>

    <Join from="DE_COMUNE" to="DE_PROVINCIA" type="inn">
      <Link from="CODPROVINCIA" to="CODPROVINCIA" type="eq"/>
    </Join>

    <Join from="CM_GRADUATORIA" to="DE_CM_STATO_GRAD" type="loj">
      <Link from="CODSTATOGRAD" to="CODSTATOGRAD" type="eq"/>
    </Join>

    <Join from="DE_PROVINCIA_2" to="CM_GRADUATORIA" type="inn">
      <Link from="CODPROVINCIA" to="CODPROVINCIA" type="eq"/>
    </Join>
    <QueryChanges mask="0" count="2">
      <Attribute name="queryChange" value="null"/>
      <Attribute name="queryChange" value="null"/>
    </QueryChanges>
  </Database>
  <FormulaFields count="4">
    <Field type="FormulaField" valueType="11">
      <Attribute name="name" value="tipoGraduatoria"/>
      <Attribute name="shortName" value="tipoGraduatoria"/>
      <Attribute name="formula type" value="0"/>
      <Attribute name="basic syntax" value="false"/>
      <![CDATA[if({CM_GRADUATORIA.CODMONOTIPOGRAD} = "D") Then
	"Avviamento numerico art.8"
else if({CM_GRADUATORIA.CODMONOTIPOGRAD} = "A") Then
		"Avviamento numerico art.18"
     else ""]]>
    </Field>
    <Field type="FormulaField" valueType="11">
      <Attribute name="name" value="cognomeNome"/>
      <Attribute name="shortName" value="cognomeNome"/>
      <Attribute name="formula type" value="0"/>
      <Attribute name="basic syntax" value="false"/>
      <![CDATA[{AN_LAVORATORE.STRCOGNOME} + " " + {AN_LAVORATORE.STRNOME}]]>
    </Field>
    <Field type="FormulaField" valueType="11">
      <Attribute name="name" value="f_dataProt"/>
      <Attribute name="shortName" value="f_dataProt"/>
      <Attribute name="formula type" value="0"/>
      <Attribute name="basic syntax" value="false"/>
      <![CDATA[Left ({?dataProt}, 10)]]>
    </Field>
    <Field type="FormulaField" valueType="11">
      <Attribute name="name" value="luogonascita"/>
      <Attribute name="shortName" value="luogonascita"/>
      <Attribute name="formula type" value="0"/>
      <Attribute name="basic syntax" value="false"/>
      <![CDATA[{DE_COMUNE.STRDENOMINAZIONE} +' ('+ {DE_PROVINCIA.STRTARGA} +')']]>
    </Field>
  </FormulaFields>

  <PromptFields count="4">
    <Field type="PromptVarField" valueType="6">
      <Attribute name="name" value="prgGraduatoria"/>
      <Attribute name="allow_multiple_values" value="false"/>
      <Attribute name="discrete_or_range" value="0"/>
      <Attribute name="allow editing" value="true"/>
      <Attribute name="prompt_text" value=""/>
      <Attribute name="use_range" value="false"/>
      <DefaultPromptValues count="1">
      <![CDATA[[null]]]>
      </DefaultPromptValues>
      <PromptValueDescr count="0">
      </PromptValueDescr>
      <Attribute name="sort_type" value="0"/>
    </Field>
    <Field type="PromptVarField" valueType="11">
      <Attribute name="name" value="dataProt"/>
      <Attribute name="allow_multiple_values" value="false"/>
      <Attribute name="discrete_or_range" value="0"/>
      <Attribute name="allow editing" value="true"/>
      <Attribute name="prompt_text" value=""/>
      <Attribute name="use_range" value="false"/>
      <DefaultPromptValues count="1">
      <![CDATA[[null]]]>
      </DefaultPromptValues>
      <PromptValueDescr count="0">
      </PromptValueDescr>
      <Attribute name="sort_type" value="0"/>
    </Field>
    <Field type="PromptVarField" valueType="11">
      <Attribute name="name" value="numAnnoProt"/>
      <Attribute name="allow_multiple_values" value="false"/>
      <Attribute name="discrete_or_range" value="0"/>
      <Attribute name="allow editing" value="true"/>
      <Attribute name="prompt_text" value=""/>
      <Attribute name="use_range" value="false"/>
      <DefaultPromptValues count="1">
      <![CDATA[[null]]]>
      </DefaultPromptValues>
      <PromptValueDescr count="0">
      </PromptValueDescr>
      <Attribute name="sort_type" value="0"/>
    </Field>
    <Field type="PromptVarField" valueType="11">
      <Attribute name="name" value="numProt"/>
      <Attribute name="allow_multiple_values" value="false"/>
      <Attribute name="discrete_or_range" value="0"/>
      <Attribute name="allow editing" value="true"/>
      <Attribute name="prompt_text" value=""/>
      <Attribute name="use_range" value="false"/>
      <DefaultPromptValues count="1">
      <![CDATA[[null]]]>
      </DefaultPromptValues>
      <PromptValueDescr count="0">
      </PromptValueDescr>
      <Attribute name="sort_type" value="0"/>
    </Field>
  </PromptFields>

  <SQLFields count="0">
  </SQLFields>

  <SummaryFields count="0">
  </SummaryFields>

  <SortFields count="1">
    <Field type="SortField" valueType="6">
      <Attribute name="name" value="CM_GRAD_NOMINATIVO.NUMORDINE"/>
      <Attribute name="shortName" value="NUMORDINE"/>
      <Reference name="id" type="DatabaseField" refname="CM_GRAD_NOMINATIVO.NUMORDINE"/>
      <Attribute name="operation" value="0"/>
    </Field>
  </SortFields>

  <GroupNameFields count="0">
  </GroupNameFields>

  <Field type="FormulaField" id="-1" valueType="8">
    <Attribute name="name" value="Record_Selection"/>
    <Attribute name="formula type" value="1"/>
    <Attribute name="basic syntax" value="false"/>
    <![CDATA[{CM_GRADUATORIA.PRGGRADUATORIA} =  {?prgGraduatoria}]]>
  </Field>
  <ReportProperties>
    <Attribute name="page width" value="12240"/>
    <Attribute name="page height" value="15840"/>
    <Attribute name="page orientation" value="1"/>
    <Attribute name="page margin left" value="360"/>
    <Attribute name="page margin right" value="360"/>
    <Attribute name="page margin top" value="360"/>
    <Attribute name="page margin bottom" value="360"/>
    <Attribute name="report title" value="Report4"/>
    <Attribute name="report last saved" value="15 Nov 2017 15:59:06 GMT"/>
    <Attribute name="report created" value="17 Jul 2008 09:44:30 GMT"/>
    <Attribute name="mailing label type 1" value=""/>
    <Attribute name="mailing label type 2" value=""/>
    <Attribute name="format with multiple columns" value="false"/>
    <Attribute name="mailing label width" value="0"/>
    <Attribute name="mailing label height" value="0"/>
    <Attribute name="mailing label distance vertical" value="0"/>
    <Attribute name="mailing label distance horizontal" value="0"/>
    <Attribute name="across then down" value="false"/>
    <Attribute name="format groups with multiple columns" value="false"/>
    <Attribute name="distinct" value="false"/>
    <Attribute name="convert date time" value="0"/>
    <Attribute name="suppress if no rows" value="false"/>
    <Attribute name="convert null values to default" value="false"/>
    <Attribute name="hide PageFooter inside ReportHeader" value="false"/>
  </ReportProperties>
  <AreaPair type="PageAreaPair" id="0">
    <Area type="PageHeader" count="1">
      <Section type="PageHeader" count="6" width="11520" height="450" id="0">
        <Element type="Text" count="1" x_position="1395" y_position="0" width="1860" height="210">
          <Element type="Paragraph" count="1">
            <CommonProperties>
              <Attribute name="horizontal align" value="1"/>
            </CommonProperties>
            <Element type="TextPart">
            <![CDATA[Cognome e Nome]]>
            </Element>
          </Element>
        </Element>
        <Element type="Text" count="1" x_position="4950" y_position="0" width="1365" height="210">
          <Element type="Paragraph" count="1">
            <CommonProperties>
              <Attribute name="horizontal align" value="1"/>
            </CommonProperties>
            <Element type="TextPart">
            <![CDATA[Data di nascita]]>
            </Element>
          </Element>
        </Element>
        <Element type="Text" count="1" x_position="9600" y_position="0" width="1635" height="210">
          <Element type="Paragraph" count="1">
            <CommonProperties>
              <Attribute name="horizontal align" value="1"/>
            </CommonProperties>
            <Element type="TextPart">
            <![CDATA[Punteggio]]>
            </Element>
          </Element>
        </Element>
        <Element type="Text" count="1" x_position="180" y_position="0" width="900" height="210">
          <Element type="Paragraph" count="1">
            <CommonProperties>
              <Attribute name="horizontal align" value="1"/>
            </CommonProperties>
            <Element type="TextPart">
            <![CDATA[Posizione]]>
            </Element>
          </Element>
        </Element>
        <Element type="Line" x2_position="11265" y2_position="225" x_position="0" y_position="225" width="0" height="0">
        </Element>
        <Element type="Text" count="1" x_position="6450" y_position="0" width="3015" height="210">
          <Element type="Paragraph" count="1">
            <CommonProperties>
              <Attribute name="horizontal align" value="1"/>
            </CommonProperties>
            <Element type="TextPart">
            <![CDATA[Comune di nascita]]>
            </Element>
          </Element>
        </Element>
      </Section>
    </Area>
    <Area type="PageFooter" count="1">
      <Section type="PageFooter" count="0" width="11520" height="15" id="1">
      </Section>
    </Area>
  </AreaPair>

  <AreaPair type="ReportAreaPair" id="0">
    <Area type="ReportHeader" count="2">
      <Section type="ReportHeader" count="7" width="11520" height="510" id="2">
        <Element type="Text" count="1" x_position="1950" y_position="0" width="945" height="240">
          <Element type="Paragraph" count="1">
            <CommonProperties>
              <Attribute name="horizontal align" value="1"/>
            </CommonProperties>
            <Element type="TextPart">
            <![CDATA[Anno]]>
            </Element>
          </Element>
        </Element>
        <Element type="Text" count="1" x_position="3900" y_position="0" width="1020" height="240">
          <Element type="Paragraph" count="1">
            <CommonProperties>
              <Attribute name="horizontal align" value="1"/>
            </CommonProperties>
            <Element type="TextPart">
            <![CDATA[Num]]>
            </Element>
          </Element>
        </Element>
        <Element type="Text" count="1" x_position="5700" y_position="0" width="1365" height="240">
          <Element type="Paragraph" count="1">
            <CommonProperties>
              <Attribute name="horizontal align" value="1"/>
            </CommonProperties>
            <Element type="TextPart">
            <![CDATA[Data di prot]]>
            </Element>
          </Element>
        </Element>
        <Element type="Line" x2_position="11265" y2_position="300" x_position="15" y_position="300" width="0" height="0">
          <LineProperties>
            <Attribute name="line width" value="40"/>
          </LineProperties>
        </Element>
        <Element type="FieldElement" x_position="2550" y_position="0" width="1200" height="240">
          <CommonProperties>
            <Attribute name="horizontal align" value="1"/>
          </CommonProperties>
          <FontProperties>
            <Attribute name="font style" value="1"/>
          </FontProperties>
          <Reference name="field" type="PromptVarField" refname="?numAnnoProt"/>
        </Element>
        <Element type="FieldElement" x_position="4350" y_position="0" width="1200" height="240">
          <CommonProperties>
            <Attribute name="horizontal align" value="1"/>
          </CommonProperties>
          <FontProperties>
            <Attribute name="font style" value="1"/>
          </FontProperties>
          <Reference name="field" type="PromptVarField" refname="?numProt"/>
        </Element>
        <Element type="FieldElement" x_position="6900" y_position="0" width="1200" height="240">
          <CommonProperties>
            <Attribute name="horizontal align" value="1"/>
          </CommonProperties>
          <FontProperties>
            <Attribute name="font style" value="1"/>
          </FontProperties>
          <Reference name="field" type="FormulaField" refname="@f_dataProt"/>
        </Element>
      </Section>
      <Section type="ReportHeader" count="10" width="11520" height="600" id="3">
        <Element type="Text" count="1" x_position="195" y_position="300" width="1425" height="240">
          <Element type="Paragraph" count="1">
            <CommonProperties>
              <Attribute name="horizontal align" value="1"/>
            </CommonProperties>
            <Element type="TextPart">
            <![CDATA[Graduatoria :]]>
            </Element>
          </Element>
        </Element>
        <Element type="FieldElement" x_position="1350" y_position="300" width="2580" height="240">
          <CommonProperties>
            <Attribute name="horizontal align" value="1"/>
          </CommonProperties>
          <FontProperties>
            <Attribute name="font style" value="1"/>
          </FontProperties>
          <Reference name="field" type="FormulaField" refname="@tipoGraduatoria"/>
        </Element>
        <Element type="FieldElement" x_position="7500" y_position="300" width="750" height="240">
          <CommonProperties>
            <Attribute name="horizontal align" value="1"/>
          </CommonProperties>
          <FontProperties>
            <Attribute name="font style" value="1"/>
          </FontProperties>
          <NumberProperties>
            <Attribute name="use system default format" value="false"/>
            <Attribute name="use thousand seperators" value="false"/>
            <Attribute name="n decimal places" value="0"/>
            <Attribute name="rounding type" value="11"/>
            <Attribute name="thousand seperators symbol" value="."/>
            <Attribute name="decimal seperators symbol" value=","/>
            <Attribute name="currency symbol" value="€"/>
          </NumberProperties>
          <Reference name="field" type="DatabaseField" refname="CM_GRADUATORIA.NUMANNO"/>
        </Element>
        <Element type="Text" count="1" x_position="6870" y_position="300" width="630" height="240">
          <Element type="Paragraph" count="1">
            <CommonProperties>
              <Attribute name="horizontal align" value="1"/>
            </CommonProperties>
            <Element type="TextPart">
            <![CDATA[anno : ]]>
            </Element>
          </Element>
        </Element>
        <Element type="Text" count="1" x_position="8295" y_position="300" width="1515" height="240">
          <Element type="Paragraph" count="1">
            <CommonProperties>
              <Attribute name="horizontal align" value="1"/>
            </CommonProperties>
            <Element type="TextPart">
            <![CDATA[Data riferimento :]]>
            </Element>
          </Element>
        </Element>
        <Element type="FieldElement" x_position="9840" y_position="300" width="1395" height="240">
          <CommonProperties>
            <Attribute name="horizontal align" value="1"/>
          </CommonProperties>
          <FontProperties>
            <Attribute name="font style" value="1"/>
          </FontProperties>
          <DateProperties>
            <Attribute name="use system default format" value="false"/>
            <Attribute name="date windows default type" value="2"/>
            <Attribute name="date order" value="1"/>
            <Attribute name="year type" value="1"/>
            <Attribute name="date first seperator" value="/"/>
            <Attribute name="date second seperator" value="/"/>
          </DateProperties>
          <TimeProperties>
            <Attribute name="use system default format" value="false"/>
            <Attribute name="am string" value=" AM"/>
            <Attribute name="pm string" value=" PM"/>
          </TimeProperties>
          <Reference name="field" type="DatabaseField" refname="CM_GRADUATORIA.DATRIFERIMENTO"/>
        </Element>
        <Element type="Text" count="1" x_position="3975" y_position="300" width="495" height="240">
          <Element type="Paragraph" count="1">
            <CommonProperties>
              <Attribute name="horizontal align" value="1"/>
            </CommonProperties>
            <Element type="TextPart">
            <![CDATA[Stato]]>
            </Element>
          </Element>
        </Element>
        <Element type="FieldElement" x_position="4485" y_position="300" width="2370" height="240">
          <CommonProperties>
            <Attribute name="horizontal align" value="1"/>
          </CommonProperties>
          <FontProperties>
            <Attribute name="font style" value="1"/>
          </FontProperties>
          <Reference name="field" type="DatabaseField" refname="DE_CM_STATO_GRAD.STRDESCRIZIONE"/>
        </Element>
        <Element type="Text" count="1" x_position="150" y_position="0" width="1665" height="240">
          <CommonProperties>
            <Attribute name="can grow" value="true"/>
          </CommonProperties>
          <Element type="Paragraph" count="1">
            <CommonProperties>
              <Attribute name="horizontal align" value="1"/>
            </CommonProperties>
            <Element type="TextPart">
            <![CDATA[Ambito territoriale]]>
            </Element>
          </Element>
        </Element>
        <Element type="FieldElement" x_position="1950" y_position="0" width="4965" height="240">
          <CommonProperties>
            <Attribute name="horizontal align" value="1"/>
            <Attribute name="can grow" value="true"/>
          </CommonProperties>
          <FontProperties>
            <Attribute name="font style" value="1"/>
          </FontProperties>
          <Reference name="field" type="DatabaseField" refname="DE_PROVINCIA_2.STRDENOMINAZIONE"/>
        </Element>
      </Section>
    </Area>
    <Area type="ReportFooter" count="1">
      <Section type="ReportFooter" count="0" width="11520" height="15" id="4">
      </Section>
    </Area>
  </AreaPair>

  <AreaPair type="DetailArea" id="1">
    <Area type="Detail" count="1">
      <AreaProperties>
        <Attribute name="multiple column section" value="false"/>
      </AreaProperties>
      <Section type="Detail" count="5" width="11520" height="390" id="5">
        <SectionProperties>
          <Attribute name="multiple column section" value="false"/>
        </SectionProperties>
        <Element type="FieldElement" x_position="5100" y_position="0" width="1215" height="240">
          <CommonProperties>
            <Attribute name="horizontal align" value="1"/>
          </CommonProperties>
          <FontProperties>
            <Attribute name="font style" value="1"/>
          </FontProperties>
          <DateProperties>
            <Attribute name="use system default format" value="false"/>
            <Attribute name="date windows default type" value="2"/>
            <Attribute name="date order" value="1"/>
            <Attribute name="year type" value="1"/>
            <Attribute name="date first seperator" value="/"/>
            <Attribute name="date second seperator" value="/"/>
          </DateProperties>
          <TimeProperties>
            <Attribute name="use system default format" value="false"/>
            <Attribute name="am string" value=" AM"/>
            <Attribute name="pm string" value=" PM"/>
          </TimeProperties>
          <Reference name="field" type="DatabaseField" refname="AN_LAVORATORE.DATNASC"/>
        </Element>
        <Element type="FieldElement" x_position="180" y_position="0" width="870" height="240">
          <CommonProperties>
            <Attribute name="horizontal align" value="1"/>
          </CommonProperties>
          <FontProperties>
            <Attribute name="font style" value="1"/>
          </FontProperties>
          <NumberProperties>
            <Attribute name="use system default format" value="false"/>
            <Attribute name="use thousand seperators" value="false"/>
            <Attribute name="n decimal places" value="0"/>
            <Attribute name="rounding type" value="11"/>
            <Attribute name="thousand seperators symbol" value="."/>
            <Attribute name="decimal seperators symbol" value=","/>
            <Attribute name="currency symbol" value="€"/>
          </NumberProperties>
          <Reference name="field" type="DatabaseField" refname="CM_GRAD_NOMINATIVO.NUMORDINE"/>
        </Element>
        <Element type="FieldElement" x_position="9750" y_position="0" width="1215" height="240">
          <CommonProperties>
            <Attribute name="horizontal align" value="1"/>
          </CommonProperties>
          <FontProperties>
            <Attribute name="font style" value="1"/>
          </FontProperties>
          <NumberProperties>
            <Attribute name="use system default format" value="false"/>
            <Attribute name="suppress if zero" value="true"/>
            <Attribute name="use thousand seperators" value="false"/>
            <Attribute name="n decimal places" value="1"/>
            <Attribute name="rounding type" value="10"/>
            <Attribute name="thousand seperators symbol" value="."/>
            <Attribute name="decimal seperators symbol" value="."/>
            <Attribute name="currency symbol" value="€"/>
          </NumberProperties>
          <Reference name="field" type="DatabaseField" refname="CM_GRAD_NOMINATIVO.NUMPUNTEGGIO"/>
        </Element>
        <Element type="FieldElement" x_position="1395" y_position="0" width="3570" height="240">
          <CommonProperties>
            <Attribute name="horizontal align" value="1"/>
          </CommonProperties>
          <FontProperties>
            <Attribute name="font style" value="1"/>
          </FontProperties>
          <Reference name="field" type="FormulaField" refname="@cognomeNome"/>
        </Element>
        <Element type="FieldElement" x_position="6450" y_position="0" width="3165" height="240">
          <CommonProperties>
            <Attribute name="horizontal align" value="1"/>
          </CommonProperties>
          <FontProperties>
            <Attribute name="font style" value="1"/>
          </FontProperties>
          <Reference name="field" type="FormulaField" refname="@luogonascita"/>
        </Element>
      </Section>
    </Area>
  </AreaPair>

</inet:Report>
