<?xml version="1.0" encoding="UTF-8" standalone="yes" ?>

<inet:Report xmlns:inet="http://www.inetsoftware.de" major_version="10" minor_version="0" major_xml_version="6" minor_xml_version="5" count="3" id="0">
    <Datasource dll="pdsora7.dll" host="concordia:1521:orac10" schema="" catalog="" user="modenadev" password="0095A345F698C6FC40637983AC9586EA0596A021F78B0F93B22BFE80D43BC285A9" url="">
      <Tablesource alias="AN_LAVORATORE" databaseIdentifier="AN_LAVORATORE">
        <Column name="CDNLAVORATORE" type="6" />
        <Column name="STRCODICEFISCALE" type="11" />
        <Column name="STRCOGNOME" type="11" />
        <Column name="STRNOME" type="11" />
        <Column name="STRSESSO" type="11" />
        <Column name="DATNASC" type="15" />
        <Column name="CODCOMNAS" type="11" />
        <Column name="CODCITTADINANZA" type="11" />
        <Column name="CODCITTADINANZA2" type="11" />
        <Column name="CODSTATOCIVILE" type="11" />
        <Column name="FLGMILITE" type="11" />
        <Column name="CODCOMRES" type="11" />
        <Column name="NUMFIGLI" type="6" />
        <Column name="STRINDIRIZZORES" type="11" />
        <Column name="STRLOCALITARES" type="11" />
        <Column name="STRCAPRES" type="11" />
        <Column name="CODCOMDOM" type="11" />
        <Column name="STRINDIRIZZODOM" type="11" />
        <Column name="STRLOCALITADOM" type="11" />
        <Column name="STRCAPDOM" type="11" />
        <Column name="CODCOMREC" type="11" />
        <Column name="STRINDIRIZZOREC" type="11" />
        <Column name="STRLOCALITAREC" type="11" />
        <Column name="STRCAPREC" type="11" />
        <Column name="STRTELRES" type="11" />
        <Column name="STRTELDOM" type="11" />
        <Column name="STRTELALTRO" type="11" />
        <Column name="STRCELL" type="11" />
        <Column name="STREMAIL" type="11" />
        <Column name="STRFAX" type="11" />
        <Column name="STRNOTE" type="11" />
        <Column name="FLGCFOK" type="11" />
        <Column name="CDNUTINS" type="6" />
        <Column name="DTMINS" type="15" />
        <Column name="CDNUTMOD" type="6" />
        <Column name="DTMMOD" type="15" />
        <Column name="NUMKLOLAVORATORE" type="6" />
      </Tablesource>
      <Tablesource alias="AM_ELENCO_ANAGRAFICO" databaseIdentifier="AM_ELENCO_ANAGRAFICO">
        <Column name="PRGELENCOANAGRAFICO" type="6" />
        <Column name="CDNLAVORATORE" type="6" />
        <Column name="DATINIZIO" type="15" />
        <Column name="STRNOTE" type="11" />
        <Column name="DATCAN" type="15" />
        <Column name="CODTIPOCAN" type="11" />
        <Column name="CDNUTINS" type="6" />
        <Column name="DTMINS" type="15" />
        <Column name="CDNUTMOD" type="6" />
        <Column name="DTMMOD" type="15" />
        <Column name="NUMKLOELENCOANAG" type="6" />
      </Tablesource>
      <Tablesource alias="AN_LAV_STORIA_INF" databaseIdentifier="AN_LAV_STORIA_INF">
        <Column name="PRGLAVSTORIAINF" type="6" />
        <Column name="CDNLAVORATORE" type="6" />
        <Column name="DATINIZIO" type="15" />
        <Column name="CODCPITIT" type="11" />
        <Column name="CODMONOTIPOCPI" type="11" />
        <Column name="CODCOMDOM" type="11" />
        <Column name="STRCODICEFISCALEOLD" type="11" />
        <Column name="CDNUTMODSCHEDAANAGPROF" type="6" />
        <Column name="DTMMODSCHEDAANAGPROF" type="15" />
        <Column name="CODMONOTIPOORIG" type="11" />
        <Column name="DATTRASFERIMENTO" type="15" />
        <Column name="CODCPIORIG" type="11" />
        <Column name="DATDICHIARAZIONE" type="15" />
        <Column name="FLG181" type="11" />
        <Column name="DATANZIANITADISOC" type="15" />
        <Column name="NUMANZIANITAPREC297" type="6" />
        <Column name="NUMMESISOSP" type="6" />
        <Column name="FLGCESSATO" type="11" />
        <Column name="CODMOTIVOCESSATO" type="11" />
        <Column name="CODSTATOOCCUPAZORIG" type="11" />
        <Column name="CODLAVFLAG" type="11" />
        <Column name="CODSTATOOCCUPAZDERIVATODAPRO" type="11" />
        <Column name="STRCHIAVETABELLAPROLABOR" type="11" />
        <Column name="DATCHIAVETABELLAPROLABOR" type="15" />
        <Column name="STRNOMETABELLAPROLABOR" type="11" />
        <Column name="DATFINE" type="15" />
        <Column name="STRNOTE" type="11" />
        <Column name="CDNUTINS" type="6" />
        <Column name="DTMINS" type="15" />
        <Column name="CDNUTMOD" type="6" />
        <Column name="DTMMOD" type="15" />
        <Column name="NUMKLOLAVSTORIAINF" type="6" />
        <Column name="CODMONOCALCOLOANZIANITAPREC297" type="11" />
        <Column name="DATCALCOLOANZIANITA" type="15" />
        <Column name="DATCALCOLOMESISOSP" type="15" />
        <Column name="FLGSTAMPATRASF" type="11" />
        <Column name="FLGSTAMPADOC" type="11" />
      </Tablesource>
      <Tablesource alias="DE_COMUNE" databaseIdentifier="DE_COMUNE">
        <Column name="CODCOM" type="11" />
        <Column name="STRDENOMINAZIONE" type="11" />
        <Column name="STRCAP" type="11" />
        <Column name="CODCPI" type="11" />
        <Column name="CODPROVINCIA" type="11" />
        <Column name="NUMMESIMOBEXCASSAMEZZ" type="6" />
        <Column name="DATINIZIOVAL" type="15" />
        <Column name="DATFINEVAL" type="15" />
        <Column name="NUMKLOCOMUNE" type="6" />
      </Tablesource>
      <Tablesource alias="DE_COMUNE_1" databaseIdentifier="DE_COMUNE">
        <Column name="CODCOM" type="11" />
        <Column name="STRDENOMINAZIONE" type="11" />
        <Column name="STRCAP" type="11" />
        <Column name="CODCPI" type="11" />
        <Column name="CODPROVINCIA" type="11" />
        <Column name="NUMMESIMOBEXCASSAMEZZ" type="6" />
        <Column name="DATINIZIOVAL" type="15" />
        <Column name="DATFINEVAL" type="15" />
        <Column name="NUMKLOCOMUNE" type="6" />
      </Tablesource>
      <Tablesource alias="DE_COMUNE_2" databaseIdentifier="DE_COMUNE">
        <Column name="CODCOM" type="11" />
        <Column name="STRDENOMINAZIONE" type="11" />
        <Column name="STRCAP" type="11" />
        <Column name="CODCPI" type="11" />
        <Column name="CODPROVINCIA" type="11" />
        <Column name="NUMMESIMOBEXCASSAMEZZ" type="6" />
        <Column name="DATINIZIOVAL" type="15" />
        <Column name="DATFINEVAL" type="15" />
        <Column name="NUMKLOCOMUNE" type="6" />
      </Tablesource>
      <Tablesource alias="DE_PROVINCIA" databaseIdentifier="DE_PROVINCIA">
        <Column name="CODPROVINCIA" type="11" />
        <Column name="STRDENOMINAZIONE" type="11" />
        <Column name="STRTARGA" type="11" />
        <Column name="STRISTAT" type="11" />
        <Column name="CODREGIONE" type="11" />
        <Column name="DATINIZIOVAL" type="15" />
        <Column name="DATFINEVAL" type="15" />
        <Column name="NUMKLOPROVINCIA" type="6" />
        <Column name="STRDIRCOORDINATORE" type="11" />
        <Column name="STRRESPONSABILEUO" type="11" />
        <Column name="STRINDIRIZZOPOLO" type="11" />
      </Tablesource>
      <Tablesource alias="DE_PROVINCIA_1" databaseIdentifier="DE_PROVINCIA">
        <Column name="CODPROVINCIA" type="11" />
        <Column name="STRDENOMINAZIONE" type="11" />
        <Column name="STRTARGA" type="11" />
        <Column name="STRISTAT" type="11" />
        <Column name="CODREGIONE" type="11" />
        <Column name="DATINIZIOVAL" type="15" />
        <Column name="DATFINEVAL" type="15" />
        <Column name="NUMKLOPROVINCIA" type="6" />
        <Column name="STRDIRCOORDINATORE" type="11" />
        <Column name="STRRESPONSABILEUO" type="11" />
        <Column name="STRINDIRIZZOPOLO" type="11" />
      </Tablesource>
      <Tablesource alias="DE_PROVINCIA_2" databaseIdentifier="DE_PROVINCIA">
        <Column name="CODPROVINCIA" type="11" />
        <Column name="STRDENOMINAZIONE" type="11" />
        <Column name="STRTARGA" type="11" />
        <Column name="STRISTAT" type="11" />
        <Column name="CODREGIONE" type="11" />
        <Column name="DATINIZIOVAL" type="15" />
        <Column name="DATFINEVAL" type="15" />
        <Column name="NUMKLOPROVINCIA" type="6" />
        <Column name="STRDIRCOORDINATORE" type="11" />
        <Column name="STRRESPONSABILEUO" type="11" />
        <Column name="STRINDIRIZZOPOLO" type="11" />
      </Tablesource>
      <Tablesource alias="AM_STATO_OCCUPAZ" databaseIdentifier="AM_STATO_OCCUPAZ">
        <Column name="PRGSTATOOCCUPAZ" type="6" />
        <Column name="PRGLAVSTORIAINF" type="6" />
        <Column name="PRGSTATOOCCUPAZPREC" type="6" />
        <Column name="CDNLAVORATORE" type="6" />
        <Column name="DATINIZIO" type="15" />
        <Column name="CODSTATOOCCUPAZ" type="11" />
        <Column name="CODMONOPROVENIENZA" type="11" />
        <Column name="CODCATEGORIA181" type="11" />
        <Column name="DATANZIANITADISOC" type="15" />
        <Column name="NUMANZIANITAPREC297" type="6" />
        <Column name="NUMMESISOSP" type="6" />
        <Column name="DATCALCOLOANZIANITA" type="15" />
        <Column name="DATCALCOLOMESISOSP" type="15" />
        <Column name="NUMREDDITO" type="6" />
        <Column name="STRNUMATTO" type="11" />
        <Column name="DATATTO" type="15" />
        <Column name="DATRICHREVISIONE" type="15" />
        <Column name="CODSTATOATTO" type="11" />
        <Column name="DATRICORSOGIURISDIZ" type="15" />
        <Column name="FLGINDENNIZZATO" type="11" />
        <Column name="FLGPENSIONATO" type="11" />
        <Column name="DATFINE" type="15" />
        <Column name="STRNOTE" type="11" />
        <Column name="CDNUTINS" type="6" />
        <Column name="DTMINS" type="15" />
        <Column name="CDNUTMOD" type="6" />
        <Column name="DTMMOD" type="15" />
        <Column name="NUMKLOSTATOOCCUPAZ" type="6" />
        <Column name="CODMONOCALCOLOANZIANITAPREC297" type="11" />
      </Tablesource>
      <Tablesource alias="DE_STATO_OCCUPAZ" databaseIdentifier="DE_STATO_OCCUPAZ">
        <Column name="CODSTATOOCCUPAZ" type="11" />
        <Column name="STRDESCRIZIONE" type="11" />
        <Column name="CODSTATOOCCUPAZRAGG" type="11" />
        <Column name="NUMMESIBLOCCO" type="6" />
        <Column name="NUMMESIBLOCCOART16" type="6" />
        <Column name="NUMMESIBLOCCOCM" type="6" />
        <Column name="DATINIZIOVAL" type="15" />
        <Column name="DATFINEVAL" type="15" />
        <Column name="FLGGESTIBILE" type="11" />
        <Column name="CODMOTIVOFINEATTO" type="11" />
      </Tablesource>
      <Tablesource alias="DE_STATO_OCCUPAZ_RAGG" databaseIdentifier="DE_STATO_OCCUPAZ_RAGG">
        <Column name="CODSTATOOCCUPAZRAGG" type="11" />
        <Column name="STRDESCRIZIONE" type="11" />
        <Column name="DATINIZIOVAL" type="15" />
        <Column name="DATFINEVAL" type="15" />
      </Tablesource>
      <Tablesource alias="VW_AM_LAV_SITUAZ_AMMIN" databaseIdentifier="VW_AM_LAV_SITUAZ_AMMIN">
        <Column name="CDNLAVORATORE" type="6" />
        <Column name="FLGCM" type="11" />
        <Column name="FLGMOBILITA" type="11" />
        <Column name="FLGINOCCUPATO" type="11" />
        <Column name="FLGDISOCCUPATO" type="11" />
        <Column name="FLG40790" type="11" />
        <Column name="FLGAPPRENDISTATO" type="11" />
        <Column name="FLG297" type="11" />
        <Column name="MESIANZIANITA" type="6" />
        <Column name="DONNAREINSERIMENTOLAV" type="11" />
        <Column name="DISINOCCLUNGADURATA" type="11" />
        <Column name="CAT181" type="11" />
      </Tablesource>
      <Tablesource alias="DE_CPI" databaseIdentifier="DE_CPI">
        <Column name="CODCPI" type="11" />
        <Column name="STRDESCRIZIONE" type="11" />
        <Column name="STRINDIRIZZO" type="11" />
        <Column name="STRLOCALITA" type="11" />
        <Column name="STRCAP" type="11" />
        <Column name="CODCOM" type="11" />
        <Column name="CODPROVINCIA" type="11" />
        <Column name="STRTEL" type="11" />
        <Column name="STRFAX" type="11" />
        <Column name="STREMAIL" type="11" />
        <Column name="STRORARIO" type="11" />
        <Column name="STRNOTE" type="11" />
        <Column name="DATINIZIOVAL" type="15" />
        <Column name="DATFINEVAL" type="15" />
        <Column name="NUMKLOCPI" type="6" />
        <Column name="STRRESPONSABILE" type="11" />
        <Column name="CODMONOTIPOFILE" type="11" />
        <Column name="STREMAILMIGRAZIONE" type="11" />
      </Tablesource>
      <Tablesource alias="AM_DOCUMENTO" databaseIdentifier="AM_DOCUMENTO">
        <Column name="PRGDOCUMENTO" type="6" />
        <Column name="CODCPI" type="11" />
        <Column name="CDNLAVORATORE" type="6" />
        <Column name="PRGAZIENDA" type="6" />
        <Column name="PRGUNITA" type="6" />
        <Column name="CODTIPODOCUMENTO" type="11" />
        <Column name="FLGAUTOCERTIFICAZIONE" type="11" />
        <Column name="STRDESCRIZIONE" type="11" />
        <Column name="FLGDOCAMM" type="11" />
        <Column name="FLGDOCIDENTIFP" type="11" />
        <Column name="DATINIZIO" type="15" />
        <Column name="STRNUMDOC" type="11" />
        <Column name="STRENTERILASCIO" type="11" />
        <Column name="CODMONOIO" type="11" />
        <Column name="DATACQRIL" type="15" />
        <Column name="CODMODALITAACQRIL" type="11" />
        <Column name="CODTIPOFILE" type="11" />
        <Column name="STRNOMEDOC" type="11" />
        <Column name="DATFINE" type="15" />
        <Column name="NUMANNOPROT" type="6" />
        <Column name="STRNOTE" type="11" />
        <Column name="CDNUTINS" type="6" />
        <Column name="DTMINS" type="15" />
        <Column name="CDNUTMOD" type="6" />
        <Column name="DTMMOD" type="15" />
        <Column name="NUMKLODOCUMENTO" type="6" />
        <Column name="DATPROTOCOLLO" type="15" />
        <Column name="NUMPROTOCOLLO" type="6" />
        <Column name="CODSTATOATTO" type="11" />
        <Column name="CODMOTANNULLAMENTOATTO" type="11" />
      </Tablesource>
      <Tablesource alias="AM_DOCUMENTO_COLL" databaseIdentifier="AM_DOCUMENTO_COLL">
        <Column name="PRGDOCUMENTOCOLL" type="6" />
        <Column name="PRGDOCUMENTO" type="6" />
        <Column name="STRCHIAVETABELLA" type="11" />
        <Column name="STRCHIAVETABELLA2" type="11" />
        <Column name="CDNCOMPONENTE" type="6" />
        <Column name="STRCHIAVETABELLA3" type="11" />
      </Tablesource>
    </Datasource>
  <Database>

    <Join from="DE_CPI" to="AN_LAV_STORIA_INF" type="inn">
      <Link from="CODCPI" to="CODCPITIT" type="eq"/>
    </Join>

    <Join from="AN_LAV_STORIA_INF" to="AN_LAVORATORE" type="inn">
      <Link from="CDNLAVORATORE" to="CDNLAVORATORE" type="eq"/>
    </Join>

    <Join from="AN_LAVORATORE" to="AM_ELENCO_ANAGRAFICO" type="loj">
      <Link from="CDNLAVORATORE" to="CDNLAVORATORE" type="eq"/>
    </Join>

    <Join from="AN_LAVORATORE" to="DE_COMUNE" type="inn">
      <Link from="CODCOMNAS" to="CODCOM" type="eq"/>
    </Join>

    <Join from="AN_LAVORATORE" to="DE_COMUNE_2" type="loj">
      <Link from="CODCOMDOM" to="CODCOM" type="eq"/>
    </Join>

    <Join from="AN_LAVORATORE" to="DE_COMUNE_1" type="loj">
      <Link from="CODCOMRES" to="CODCOM" type="eq"/>
    </Join>

    <Join from="AN_LAVORATORE" to="AM_STATO_OCCUPAZ" type="loj">
      <Link from="CDNLAVORATORE" to="CDNLAVORATORE" type="eq"/>
    </Join>

    <Join from="AN_LAVORATORE" to="VW_AM_LAV_SITUAZ_AMMIN" type="inn">
      <Link from="CDNLAVORATORE" to="CDNLAVORATORE" type="eq"/>
    </Join>

    <Join from="DE_COMUNE_2" to="DE_PROVINCIA_2" type="loj">
      <Link from="CODPROVINCIA" to="CODPROVINCIA" type="eq"/>
    </Join>

    <Join from="DE_COMUNE_1" to="DE_PROVINCIA_1" type="loj">
      <Link from="CODPROVINCIA" to="CODPROVINCIA" type="eq"/>
    </Join>

    <Join from="DE_COMUNE" to="DE_PROVINCIA" type="inn">
      <Link from="CODPROVINCIA" to="CODPROVINCIA" type="eq"/>
    </Join>

    <Join from="AM_STATO_OCCUPAZ" to="DE_STATO_OCCUPAZ" type="inn">
      <Link from="CODSTATOOCCUPAZ" to="CODSTATOOCCUPAZ" type="eq"/>
    </Join>

    <Join from="DE_STATO_OCCUPAZ" to="DE_STATO_OCCUPAZ_RAGG" type="inn">
      <Link from="CODSTATOOCCUPAZRAGG" to="CODSTATOOCCUPAZRAGG" type="eq"/>
    </Join>

    <Join from="AM_STATO_OCCUPAZ" to="AM_DOCUMENTO_COLL" type="loj">
      <Link from="PRGSTATOOCCUPAZ" to="STRCHIAVETABELLA" type="eq"/>
    </Join>

    <Join from="AM_DOCUMENTO_COLL" to="AM_DOCUMENTO" type="loj">
      <Link from="PRGDOCUMENTO" to="PRGDOCUMENTO" type="eq"/>
    </Join>
    <QueryChanges mask="0" count="2">
      <Attribute name="queryChange" value="null"/>
      <Attribute name="queryChange" value="null"/>
    </QueryChanges>
  </Database>
  <FormulaFields count="17">
    <Field type="FormulaField" valueType="11">
      <Attribute name="name" value="cognomeNome"/>
      <Attribute name="shortName" value="cognomeNome"/>
      <Attribute name="formula type" value="0"/>
      <Attribute name="basic syntax" value="false"/>
      <![CDATA[{AN_LAVORATORE.STRCOGNOME}+" "+{AN_LAVORATORE.STRNOME}]]>
    </Field>
    <Field type="FormulaField" valueType="11">
      <Attribute name="name" value="indirizzoNascita"/>
      <Attribute name="shortName" value="indirizzoNascita"/>
      <Attribute name="formula type" value="0"/>
      <Attribute name="basic syntax" value="false"/>
      <![CDATA[{DE_COMUNE.STRDENOMINAZIONE}+" ("+{DE_PROVINCIA.STRTARGA}+")"]]>
    </Field>
    <Field type="FormulaField" valueType="11">
      <Attribute name="name" value="indirizzoResidenza"/>
      <Attribute name="shortName" value="indirizzoResidenza"/>
      <Attribute name="formula type" value="0"/>
      <Attribute name="basic syntax" value="false"/>
      <![CDATA[{DE_COMUNE_1.STRDENOMINAZIONE}+" ("+{DE_PROVINCIA_1.STRTARGA}+"), "]]>
    </Field>
    <Field type="FormulaField" valueType="11">
      <Attribute name="name" value="indirizzoDomicilio"/>
      <Attribute name="shortName" value="indirizzoDomicilio"/>
      <Attribute name="formula type" value="0"/>
      <Attribute name="basic syntax" value="false"/>
      <![CDATA[{DE_COMUNE_2.STRDENOMINAZIONE}+" ("+{DE_PROVINCIA_2.STRTARGA}+") in "+{AN_LAVORATORE.STRINDIRIZZODOM}]]>
    </Field>
    <Field type="FormulaField" valueType="11">
      <Attribute name="name" value="mesiAnzianita"/>
      <Attribute name="shortName" value="mesiAnzianita"/>
      <Attribute name="formula type" value="0"/>
      <Attribute name="basic syntax" value="false"/>
      <![CDATA[if ({DE_STATO_OCCUPAZ_RAGG.CODSTATOOCCUPAZRAGG}="D" or {DE_STATO_OCCUPAZ_RAGG.CODSTATOOCCUPAZRAGG}="I") then

    ", mesi anzianità "]]>
    </Field>
    <Field type="FormulaField" valueType="11">
      <Attribute name="name" value="mesiAnzianita2"/>
      <Attribute name="shortName" value="mesiAnzianita2"/>
      <Attribute name="formula type" value="0"/>
      <Attribute name="basic syntax" value="false"/>
      <![CDATA[if ({DE_STATO_OCCUPAZ_RAGG.CODSTATOOCCUPAZRAGG}="D" or {DE_STATO_OCCUPAZ_RAGG.CODSTATOOCCUPAZRAGG}="I") then

   'con mesi di anzianità '+ToText({VW_AM_LAV_SITUAZ_AMMIN.MESIANZIANITA},"#")

    //replace(cstr(Round ({VW_AM_LAV_SITUAZ_AMMIN.MESIANZIANITA})),",00","")]]>
    </Field>
    <Field type="FormulaField" valueType="11">
      <Attribute name="name" value="eticNat"/>
      <Attribute name="shortName" value="eticNat"/>
      <Attribute name="formula type" value="0"/>
      <Attribute name="basic syntax" value="false"/>
      <![CDATA[stringVar labelSesso := '';

if {AN_LAVORATORE.STRSESSO}='M' then labelSesso:='  nato '

else labelSesso:= ' nata ';

labelSesso + ' il ']]>
    </Field>
    <Field type="FormulaField" valueType="11">
      <Attribute name="name" value="dataInscEA"/>
      <Attribute name="shortName" value="dataInscEA"/>
      <Attribute name="formula type" value="0"/>
      <Attribute name="basic syntax" value="false"/>
      <![CDATA[ToText({AM_ELENCO_ANAGRAFICO.DATINIZIO},"dd/MM/yyyy")]]>
    </Field>
    <Field type="FormulaField" valueType="11">
      <Attribute name="name" value="dataNascitaLavoratore"/>
      <Attribute name="shortName" value="dataNascitaLavoratore"/>
      <Attribute name="formula type" value="0"/>
      <Attribute name="basic syntax" value="false"/>
      <![CDATA[ToText({AN_LAVORATORE.DATNASC},"dd/MM/yyyy")]]>
    </Field>
    <Field type="FormulaField" valueType="11">
      <Attribute name="name" value="nomeCognome"/>
      <Attribute name="shortName" value="nomeCognome"/>
      <Attribute name="formula type" value="0"/>
      <Attribute name="basic syntax" value="false"/>
      <![CDATA[{AN_LAVORATORE.STRNOME}+" "+{AN_LAVORATORE.STRCOGNOME}]]>
    </Field>
    <Field type="FormulaField" valueType="11">
      <Attribute name="name" value="eticSottoscritto"/>
      <Attribute name="shortName" value="eticSottoscritto"/>
      <Attribute name="formula type" value="0"/>
      <Attribute name="basic syntax" value="false"/>
      <![CDATA[stringVar labelSottoscritto := '';

if {AN_LAVORATORE.STRSESSO}='M' then labelSottoscritto:='Il sottoscritto '

else labelSottoscritto:='La sottoscritta ';]]>
    </Field>
    <Field type="FormulaField" valueType="11">
      <Attribute name="name" value="testoLavoratore"/>
      <Attribute name="shortName" value="testoLavoratore"/>
      <Attribute name="formula type" value="0"/>
      <Attribute name="basic syntax" value="false"/>
      <![CDATA[Stringvar testoLav :='';

testoLav +  {@eticSottoscritto} +  {@nomeCognome} +  {@eticNat} +  {@dataNascitaLavoratore} + ' a ' + {@indirizzoNascita} + ' residente a ' +  {@indirizzoResidenza}  + {@eticDomiciliato} +  {@indirizzoDomicilio} + '. Codice fiscale ' +  {AN_LAVORATORE.STRCODICEFISCALE}]]>
    </Field>
    <Field type="FormulaField" valueType="11">
      <Attribute name="name" value="eticDomiciliato"/>
      <Attribute name="shortName" value="eticDomiciliato"/>
      <Attribute name="formula type" value="0"/>
      <Attribute name="basic syntax" value="false"/>
      <![CDATA[Stringvar eticDomiciliato :='';

if {AN_LAVORATORE.STRSESSO}='M' then eticDomiciliato:=' domiciliato a '

else eticDomiciliato:=' domiciliata a ';]]>
    </Field>
    <Field type="FormulaField" valueType="11">
      <Attribute name="name" value="dataProt"/>
      <Attribute name="shortName" value="dataProt"/>
      <Attribute name="formula type" value="0"/>
      <Attribute name="basic syntax" value="false"/>
      <![CDATA[Stringvar dataProt:='';

if  ( {AM_DOCUMENTO.CODTIPODOCUMENTO} = 'SSL'  and  {AM_DOCUMENTO.CODSTATOATTO} = 'PR' ) Then dataProt + Totext( {AM_DOCUMENTO.DATPROTOCOLLO} , 'dd/MM/yyyy')]]>
    </Field>
    <Field type="FormulaField" valueType="11">
      <Attribute name="name" value="oraProt"/>
      <Attribute name="shortName" value="oraProt"/>
      <Attribute name="formula type" value="0"/>
      <Attribute name="basic syntax" value="false"/>
      <![CDATA[Stringvar oraProt:='';

if  ( {AM_DOCUMENTO.CODTIPODOCUMENTO} = 'SSL'  and  {AM_DOCUMENTO.CODSTATOATTO} = 'PR' ) Then oraProt + ToText( {AM_DOCUMENTO.DATPROTOCOLLO},'HH:mm' )]]>
    </Field>
    <Field type="FormulaField" valueType="11">
      <Attribute name="name" value="StatoOccupazionale"/>
      <Attribute name="shortName" value="StatoOccupazionale"/>
      <Attribute name="formula type" value="0"/>
      <Attribute name="basic syntax" value="false"/>
      <![CDATA[stringVar strstatoRagg :='';
if (not isNull(  {DE_STATO_OCCUPAZ_RAGG.STRDESCRIZIONE} )) then 
	strstatoRagg := {DE_STATO_OCCUPAZ_RAGG.STRDESCRIZIONE};

stringVar strStato :='';
if (not isNull({DE_STATO_OCCUPAZ.STRDESCRIZIONE})) then 
	strStato :={DE_STATO_OCCUPAZ.STRDESCRIZIONE};

stringVar strmesi :='';
if (not isNull({@mesiAnzianita2})) then 
	strmesi :={@mesiAnzianita2};

'- ' + strstatoRagg + '  ' + strStato  + '  ' +  strmesi]]>
    </Field>
    <Field type="FormulaField" valueType="11">
      <Attribute name="name" value="StatoOccupazionale2"/>
      <Attribute name="shortName" value="StatoOccupazionale2"/>
      <Attribute name="formula type" value="0"/>
      <Attribute name="basic syntax" value="false"/>
      <![CDATA[stringVar strStato :='';
if (not isNull({DE_STATO_OCCUPAZ.STRDESCRIZIONE})) then 
	strStato :={DE_STATO_OCCUPAZ.STRDESCRIZIONE};

 strStato]]>
    </Field>
  </FormulaFields>

  <PromptFields count="9">
    <Field type="PromptVarField" valueType="11">
      <Attribute name="name" value="codCpi"/>
      <Attribute name="allow_multiple_values" value="false"/>
      <Attribute name="discrete_or_range" value="0"/>
      <Attribute name="allow editing" value="true"/>
      <Attribute name="prompt_text" value="Quale cpi?"/>
      <Attribute name="use_range" value="false"/>
      <PromptValueDescr count="0">
      </PromptValueDescr>
      <Attribute name="sort_type" value="0"/>
    </Field>
    <Field type="PromptVarField" valueType="6">
      <Attribute name="name" value="cdnLavoratore"/>
      <Attribute name="allow_multiple_values" value="false"/>
      <Attribute name="discrete_or_range" value="0"/>
      <Attribute name="allow editing" value="true"/>
      <Attribute name="prompt_text" value="Quale lavoratore?"/>
      <Attribute name="use_range" value="false"/>
      <PromptValueDescr count="0">
      </PromptValueDescr>
      <Attribute name="sort_type" value="0"/>
    </Field>
    <Field type="PromptVarField" valueType="11">
      <Attribute name="name" value="numProt"/>
      <Attribute name="allow_multiple_values" value="false"/>
      <Attribute name="discrete_or_range" value="0"/>
      <Attribute name="allow editing" value="true"/>
      <Attribute name="prompt_text" value=""/>
      <Attribute name="use_range" value="false"/>
      <PromptValueDescr count="0">
      </PromptValueDescr>
      <Attribute name="sort_type" value="0"/>
    </Field>
    <Field type="PromptVarField" valueType="6">
      <Attribute name="name" value="numAnnoProt"/>
      <Attribute name="allow_multiple_values" value="false"/>
      <Attribute name="discrete_or_range" value="0"/>
      <Attribute name="allow editing" value="true"/>
      <Attribute name="prompt_text" value=""/>
      <Attribute name="use_range" value="false"/>
      <PromptValueDescr count="0">
      </PromptValueDescr>
      <Attribute name="sort_type" value="0"/>
    </Field>
    <Field type="PromptVarField" valueType="11">
      <Attribute name="name" value="docInOut"/>
      <Attribute name="allow_multiple_values" value="false"/>
      <Attribute name="discrete_or_range" value="0"/>
      <Attribute name="allow editing" value="true"/>
      <Attribute name="prompt_text" value=""/>
      <Attribute name="use_range" value="false"/>
      <PromptValueDescr count="0">
      </PromptValueDescr>
      <Attribute name="sort_type" value="0"/>
    </Field>
    <Field type="PromptVarField" valueType="11">
      <Attribute name="name" value="Pm-?codCpi"/>
      <Attribute name="allow_multiple_values" value="false"/>
      <Attribute name="discrete_or_range" value="0"/>
      <Attribute name="allow editing" value="true"/>
      <Attribute name="prompt_text" value="Pm-?codCpi"/>
      <Attribute name="use_range" value="false"/>
      <PromptValueDescr count="0">
      </PromptValueDescr>
      <Attribute name="sort_type" value="0"/>
    </Field>
    <Field type="PromptVarField" valueType="6">
      <Attribute name="name" value="prgappuntamento_sb"/>
      <Attribute name="allow_multiple_values" value="false"/>
      <Attribute name="discrete_or_range" value="0"/>
      <Attribute name="allow editing" value="true"/>
      <Attribute name="prompt_text" value=""/>
      <Attribute name="use_range" value="false"/>
      <PromptValueDescr count="0">
      </PromptValueDescr>
      <Attribute name="sort_type" value="0"/>
    </Field>
    <Field type="PromptVarField" valueType="6">
      <Attribute name="name" value="prgElAnag"/>
      <Attribute name="allow_multiple_values" value="false"/>
      <Attribute name="discrete_or_range" value="0"/>
      <Attribute name="allow editing" value="true"/>
      <Attribute name="prompt_text" value=""/>
      <Attribute name="use_range" value="false"/>
      <PromptValueDescr count="0">
      </PromptValueDescr>
      <Attribute name="sort_type" value="0"/>
    </Field>
    <Field type="PromptVarField" valueType="11">
      <Attribute name="name" value="oraProt"/>
      <Attribute name="allow_multiple_values" value="false"/>
      <Attribute name="discrete_or_range" value="0"/>
      <Attribute name="allow editing" value="true"/>
      <Attribute name="prompt_text" value=""/>
      <Attribute name="use_range" value="false"/>
      <DefaultPromptValues count="1">
      <![CDATA[[null]]]>
      </DefaultPromptValues>
      <PromptValueDescr count="0">
      </PromptValueDescr>
      <Attribute name="sort_type" value="0"/>
    </Field>
  </PromptFields>

  <SQLFields count="0">
  </SQLFields>

  <SummaryFields count="0">
  </SummaryFields>

  <SortFields count="0">
  </SortFields>

  <GroupNameFields count="0">
  </GroupNameFields>

  <Field type="FormulaField" id="-1" valueType="8">
    <Attribute name="name" value="Record_Selection"/>
    <Attribute name="shortName" value="Record_Selection"/>
    <Attribute name="formula type" value="1"/>
    <Attribute name="basic syntax" value="false"/>
    <![CDATA[IsNull ({AN_LAV_STORIA_INF.DATFINE}) and

IsNull ({AM_ELENCO_ANAGRAFICO.DATCAN}) and

// disabilitato per stampa patronato - la competenza è controllata a monte 
// ed è calcolata su base provinciale   e non per codCPI
//{AN_LAV_STORIA_INF.CODCPITIT} = {?codCpi} and

{AN_LAVORATORE.CDNLAVORATORE} = {?cdnLavoratore} and

IsNull ({AM_STATO_OCCUPAZ.DATFINE})]]>
  </Field>
  <ReportProperties>
    <Attribute name="page width" value="11907"/>
    <Attribute name="page height" value="16839"/>
    <Attribute name="page orientation" value="1"/>
    <Attribute name="page margin left" value="567"/>
    <Attribute name="page margin right" value="567"/>
    <Attribute name="page margin top" value="567"/>
    <Attribute name="page margin bottom" value="567"/>
    <Attribute name="report title" value=""/>
    <Attribute name="report author" value=""/>
    <Attribute name="report keywords" value=""/>
    <Attribute name="report subject" value=""/>
    <Attribute name="report template" value=""/>
    <Attribute name="report comments" value=""/>
    <Attribute name="report last saved" value="10 Dec 2013 14:08:02 GMT"/>
    <Attribute name="report created" value="15 Apr 2004 15:11:09 GMT"/>
    <Attribute name="mailing label type 1" value=""/>
    <Attribute name="mailing label type 2" value=""/>
    <Attribute name="format with multiple columns" value="false"/>
    <Attribute name="mailing label width" value="0"/>
    <Attribute name="mailing label height" value="0"/>
    <Attribute name="mailing label distance vertical" value="0"/>
    <Attribute name="mailing label distance horizontal" value="0"/>
    <Attribute name="across then down" value="false"/>
    <Attribute name="format groups with multiple columns" value="false"/>
    <Attribute name="distinct" value="false"/>
    <Attribute name="convert date time" value="2"/>
    <Attribute name="suppress if no rows" value="false"/>
    <Attribute name="convert null values to default" value="false"/>
    <Attribute name="hide PageFooter inside ReportHeader" value="false"/>
  </ReportProperties>
  <AreaPair type="PageAreaPair" id="0">
    <Area type="PageHeader" count="1">
      <AreaProperties>
        <Attribute name="hold minimal pagefooter free" value="1"/>
      </AreaProperties>
      <Section type="PageHeader" count="2" width="10770" height="3030" id="0">
        <SectionProperties>
          <Attribute name="hold minimal pagefooter free" value="1"/>
        </SectionProperties>
        <Element type="Text" count="1" x_position="375" y_position="570" width="6795" height="300">
          <Element type="Paragraph" count="1">
            <CommonProperties>
              <Attribute name="horizontal align" value="1"/>
            </CommonProperties>
            <Element type="TextPart">
              <FontProperties>
                <Attribute name="font name" value="Arial"/>
                <Attribute name="font size" value="280"/>
                <Attribute name="font style" value="1"/>
              </FontProperties>
            <![CDATA[VISURA DELLA SITUAZIONE LAVORATIVA]]>
            </Element>
          </Element>
        </Element>
        <Element type="Text" count="1" x_position="7380" y_position="570" width="705" height="315">
          <Element type="Paragraph" count="1">
            <CommonProperties>
              <Attribute name="horizontal align" value="1"/>
            </CommonProperties>
            <Element type="TextPart">
              <FontProperties>
                <Attribute name="font size" value="240"/>
              </FontProperties>
            <![CDATA[Data]]>
            </Element>
          </Element>
        </Element>
      </Section>
    </Area>
    <Area type="PageFooter" count="1">
      <AreaProperties>
        <Attribute name="hold minimal pagefooter free" value="1"/>
      </AreaProperties>
      <Section type="PageFooter" count="0" width="10770" height="285" id="1">
        <SectionProperties>
          <Attribute name="hold minimal pagefooter free" value="1"/>
        </SectionProperties>
      </Section>
    </Area>
  </AreaPair>

  <AreaPair type="ReportAreaPair" id="0">
    <Area type="ReportHeader" count="1">
      <AreaProperties>
        <Attribute name="hold minimal pagefooter free" value="1"/>
      </AreaProperties>
      <Section type="ReportHeader" count="0" width="10770" height="0" id="2">
        <SectionProperties>
          <Attribute name="hold minimal pagefooter free" value="1"/>
        </SectionProperties>
      </Section>
    </Area>
    <Area type="ReportFooter" count="1">
      <AreaProperties>
        <Attribute name="new page after" value="true"/>
        <Attribute name="hold minimal pagefooter free" value="1"/>
      </AreaProperties>
      <Section type="ReportFooter" count="0" width="10770" height="105" id="3">
        <SectionProperties>
          <Attribute name="hold minimal pagefooter free" value="1"/>
        </SectionProperties>
      </Section>
    </Area>
  </AreaPair>

  <AreaPair type="DetailArea" id="1">
    <Area type="Detail" count="10">
      <AreaProperties>
        <Attribute name="multiple column section" value="false"/>
        <Attribute name="hold minimal pagefooter free" value="1"/>
      </AreaProperties>
      <Section type="Detail" count="2" width="10770" height="3015" id="4">
        <SectionProperties>
          <Attribute name="multiple column section" value="false"/>
          <Attribute name="hold minimal pagefooter free" value="1"/>
        </SectionProperties>
        <Element type="Text" count="1" x_position="1200" y_position="1800" width="8130" height="480">
          <Element type="Paragraph" count="1">
            <CommonProperties>
              <Attribute name="horizontal align" value="2"/>
            </CommonProperties>
            <Element type="TextPart">
              <FontProperties>
                <Attribute name="font size" value="360"/>
              </FontProperties>
            <![CDATA[DICHIARA]]>
            </Element>
          </Element>
        </Element>
        <Element type="FieldElement" x_position="480" y_position="270" width="9480" height="1260">
          <CommonProperties>
            <Attribute name="horizontal align" value="4"/>
            <Attribute name="can grow" value="true"/>
          </CommonProperties>
          <FontProperties>
            <Attribute name="font size" value="240"/>
          </FontProperties>
          <Reference name="field" type="FormulaField" refname="@testoLavoratore"/>
        </Element>
      </Section>
      <Section type="Detail" count="1" width="10770" height="1905" id="5">
        <SectionProperties>
          <Attribute name="multiple column section" value="false"/>
          <Attribute name="hold minimal pagefooter free" value="1"/>
        </SectionProperties>
        <Element type="Text" count="1" x_position="450" y_position="0" width="9375" height="915">
          <Element type="Paragraph" count="1">
            <CommonProperties>
              <Attribute name="horizontal align" value="4"/>
            </CommonProperties>
            <Element type="TextPart">
              <FontProperties>
                <Attribute name="font size" value="240"/>
              </FontProperties>
            <![CDATA[ai sensi degli artt. 46 e 47 del D.P.R. 445/2000, consapevole delle sanzioni penali nel caso di dichiarazioni non veritiere, di formazione o uso di atti falsi, richiamate dall'art. 76 del D.P.R. 445 del 28 dicembre 2000, di essere nella seguente situazione:]]>
            </Element>
          </Element>
        </Element>
      </Section>
      <Section type="Detail" count="1" width="10770" height="540" id="6">
        <SectionProperties>
          <Attribute name="suppress" value="true"/>
          <Attribute name="multiple column section" value="false"/>
          <Attribute name="hold minimal pagefooter free" value="1"/>
          <PropertyFormula valueType="-1" propertyType="suppress">
            <Attribute name="name" value="suppress"/>
            <Attribute name="basic syntax" value="false"/>
            <![CDATA[{AM_STATO_OCCUPAZ.CODSTATOOCCUPAZ} = 'B1']]>
          </PropertyFormula>
        </SectionProperties>
        <Element type="FieldElement" x_position="405" y_position="60" width="9510" height="405">
          <CommonProperties>
            <Attribute name="horizontal align" value="1"/>
            <Attribute name="can grow" value="true"/>
          </CommonProperties>
          <FontProperties>
            <Attribute name="font size" value="240"/>
          </FontProperties>
          <Reference name="field" type="FormulaField" refname="@StatoOccupazionale"/>
        </Element>
      </Section>
      <Section type="Detail" count="1" width="10770" height="495" id="7">
        <SectionProperties>
          <Attribute name="suppress" value="true"/>
          <Attribute name="multiple column section" value="false"/>
          <PropertyFormula valueType="-1" propertyType="suppress">
            <Attribute name="name" value="suppress"/>
            <Attribute name="basic syntax" value="false"/>
            <![CDATA[{AM_STATO_OCCUPAZ.CODSTATOOCCUPAZ} <> 'B1']]>
          </PropertyFormula>
        </SectionProperties>
        <Element type="Subreport" x_position="405" y_position="0" width="9510" height="435">
          <BorderProperties>
            <Attribute name="left border" value="0"/>
            <Attribute name="right border" value="0"/>
            <Attribute name="bottom border" value="0"/>
            <Attribute name="top border" value="0"/>
          </BorderProperties>
          <SubreportProperties>
            <Attribute name="report id" value="5"/>
          </SubreportProperties>
          <SubreportLinks count="1">
            <SubreportLink>
              <Reference name="id" type="FormulaField" refname="@StatoOccupazionale2"/>
              <Attribute name="id" value="1"/>
            </SubreportLink>
          </SubreportLinks>
          <FontProperties>
            <Attribute name="font size" value="240"/>
          </FontProperties>
        </Element>
      </Section>
      <Section type="Detail" count="1" width="10770" height="375" id="8">
        <SectionProperties>
          <Attribute name="multiple column section" value="false"/>
        </SectionProperties>
        <Element type="Subreport" x_position="405" y_position="0" width="9510" height="315">
          <BorderProperties>
            <Attribute name="left border" value="0"/>
            <Attribute name="right border" value="0"/>
            <Attribute name="bottom border" value="0"/>
            <Attribute name="top border" value="0"/>
          </BorderProperties>
          <SubreportProperties>
            <Attribute name="report id" value="4"/>
          </SubreportProperties>
          <SubreportLinks count="1">
            <SubreportLink>
              <Reference name="id" type="PromptVarField" refname="?cdnLavoratore"/>
              <Attribute name="id" value="2"/>
              <Attribute name="subreportField" value="AM_MOBILITA_ISCR.CDNLAVORATORE"/>
              <Attribute name="subreportFieldType" value="14"/>
            </SubreportLink>
          </SubreportLinks>
          <FontProperties>
            <Attribute name="font size" value="240"/>
          </FontProperties>
        </Element>
      </Section>
      <Section type="Detail" count="1" width="10770" height="1065" id="9">
        <SectionProperties>
          <Attribute name="multiple column section" value="false"/>
          <Attribute name="hold minimal pagefooter free" value="1"/>
        </SectionProperties>
        <Element type="Subreport" x_position="405" y_position="0" width="9525" height="345">
          <CommonProperties>
            <Attribute name="horizontal align" value="1"/>
            <Attribute name="close border on page break" value="false"/>
          </CommonProperties>
          <BorderProperties>
            <Attribute name="left border" value="0"/>
            <Attribute name="right border" value="0"/>
            <Attribute name="bottom border" value="0"/>
            <Attribute name="top border" value="0"/>
          </BorderProperties>
          <SubreportProperties>
            <Attribute name="report id" value="3"/>
          </SubreportProperties>
          <SubreportLinks count="1">
            <SubreportLink>
              <Reference name="id" type="DatabaseField" refname="AM_ELENCO_ANAGRAFICO.PRGELENCOANAGRAFICO"/>
              <Attribute name="id" value="3"/>
            </SubreportLink>
          </SubreportLinks>
          <FontProperties>
            <Attribute name="font name" value="Arial"/>
            <Attribute name="font size" value="240"/>
          </FontProperties>
        </Element>
      </Section>
      <Section type="Detail" count="0" width="10770" height="540" id="10">
        <SectionProperties>
          <Attribute name="multiple column section" value="false"/>
          <Attribute name="hold minimal pagefooter free" value="1"/>
        </SectionProperties>
      </Section>
      <Section type="Detail" count="3" width="10770" height="2205" id="11">
        <SectionProperties>
          <Attribute name="multiple column section" value="false"/>
          <Attribute name="hold minimal pagefooter free" value="1"/>
        </SectionProperties>
        <Element type="FieldElement" x_position="1650" y_position="555" width="1260" height="315">
          <CommonProperties>
            <Attribute name="horizontal align" value="1"/>
            <Attribute name="close border on page break" value="false"/>
          </CommonProperties>
          <FontProperties>
            <Attribute name="font name" value="Arial"/>
            <Attribute name="font size" value="240"/>
          </FontProperties>
          <DateProperties>
            <Attribute name="use system default format" value="false"/>
            <Attribute name="date windows default type" value="2"/>
            <Attribute name="date order" value="1"/>
            <Attribute name="year type" value="1"/>
            <Attribute name="date first seperator" value="/"/>
            <Attribute name="date second seperator" value="/"/>
          </DateProperties>
          <Reference name="field" type="SpecialVarField" id="0"/>
        </Element>
        <Element type="Text" count="1" x_position="480" y_position="555" width="855" height="315">
          <CommonProperties>
            <Attribute name="horizontal align" value="1"/>
            <Attribute name="close border on page break" value="false"/>
          </CommonProperties>
          <Element type="Paragraph" count="1">
            <CommonProperties>
              <Attribute name="horizontal align" value="1"/>
            </CommonProperties>
            <Element type="TextPart">
              <FontProperties>
                <Attribute name="font name" value="Arial"/>
                <Attribute name="font size" value="240"/>
              </FontProperties>
            <![CDATA[Data]]>
            </Element>
          </Element>
        </Element>
        <Element type="Text" count="3" x_position="7200" y_position="555" width="3015" height="1065">
          <Element type="Paragraph" count="1">
            <CommonProperties>
              <Attribute name="horizontal align" value="2"/>
            </CommonProperties>
            <Element type="TextPart">
              <FontProperties>
                <Attribute name="font size" value="240"/>
              </FontProperties>
            <![CDATA[Firma]]>
            </Element>
          </Element>
          <Element type="Paragraph" count="1">
            <CommonProperties>
              <Attribute name="horizontal align" value="2"/>
            </CommonProperties>
            <Element type="TextPart">
              <FontProperties>
                <Attribute name="font size" value="240"/>
              </FontProperties>
            <![CDATA[]]>
            </Element>
          </Element>
          <Element type="Paragraph" count="1">
            <CommonProperties>
              <Attribute name="horizontal align" value="2"/>
            </CommonProperties>
            <Element type="TextPart">
              <FontProperties>
                <Attribute name="font size" value="240"/>
              </FontProperties>
            <![CDATA[_____________________]]>
            </Element>
          </Element>
        </Element>
      </Section>
      <Section type="Detail" count="0" width="10770" height="615" id="12">
        <SectionProperties>
          <Attribute name="multiple column section" value="false"/>
          <Attribute name="hold minimal pagefooter free" value="1"/>
        </SectionProperties>
      </Section>
      <Section type="Detail" count="1" width="10770" height="2130" id="13">
        <SectionProperties>
          <Attribute name="multiple column section" value="false"/>
          <Attribute name="hold minimal pagefooter free" value="1"/>
        </SectionProperties>
        <Element type="Text" count="3" x_position="480" y_position="0" width="9690" height="1980">
          <Element type="Paragraph" count="1">
            <CommonProperties>
              <Attribute name="horizontal align" value="4"/>
            </CommonProperties>
            <Element type="TextPart">
              <FontProperties>
                <Attribute name="font name" value="Arial"/>
                <Attribute name="font size" value="220"/>
              </FontProperties>
            <![CDATA[La presente dichiarazione è prodotta a seguito della verifica informatizzata, in applicazione dell’art. 5, co. 3 del D.P.R. 7 luglio 2000, n. 442, sulla situazione occupazionale, risultante nell’ambito del Sistema Informativo Lavoro della Provincia Autonoma di Trento, alla data ed ora sopra indicate.]]>
            </Element>
          </Element>
          <Element type="Paragraph" count="1">
            <CommonProperties>
              <Attribute name="horizontal align" value="4"/>
            </CommonProperties>
            <Element type="TextPart">
              <FontProperties>
                <Attribute name="font size" value="220"/>
              </FontProperties>
            <![CDATA[]]>
            </Element>
          </Element>
          <Element type="Paragraph" count="2">
            <CommonProperties>
              <Attribute name="horizontal align" value="4"/>
            </CommonProperties>
            <Element type="TextPart">
              <FontProperties>
                <Attribute name="font name" value="Arial"/>
                <Attribute name="font size" value="220"/>
              </FontProperties>
            <![CDATA[Ai fini di un  eventuale accesso ad incentivi e misure a sostegno dell'inserimento lavorativo, riservate ai lavoratori disoccupati, si raccomanda di ]]>
            </Element>
            <Element type="TextPart">
              <FontProperties>
                <Attribute name="font name" value="Arial"/>
                <Attribute name="font size" value="220"/>
                <Attribute name="font style" value="6"/>
                <Attribute name="underline" value="true"/>
              </FontProperties>
            <![CDATA[verificare che il requisito sussista al momento dell'assunzione.]]>
            </Element>
          </Element>
        </Element>
      </Section>
    </Area>
  </AreaPair>

<inet:Report xmlns:inet="http://www.inetsoftware.de" major_version="10" minor_version="0" major_xml_version="6" minor_xml_version="5" count="2" id="3">
    <Datasource dll="pdsora7.dll" host="concordia:1521:orac10" schema="" catalog="" user="modenadev" password="0047D67FD470CCACD137D41929BE03F49E44D51BD563E69460E45E7C3DCEDDF31B" url="">
      <Tablesource alias="AM_DICH_DISPONIBILITA" databaseIdentifier="AM_DICH_DISPONIBILITA">
        <Column name="PRGDICHDISPONIBILITA" type="6" />
        <Column name="PRGELENCOANAGRAFICO" type="6" />
        <Column name="PRGSTATOOCCUPAZ" type="6" />
        <Column name="DATDICHIARAZIONE" type="15" />
        <Column name="CODSTATOATTO" type="11" />
        <Column name="CODTIPODICHDISP" type="11" />
        <Column name="CODULTIMOCONTRATTO" type="11" />
        <Column name="DATSCADCONFERMA" type="15" />
        <Column name="DATSCADEROGAZSERVIZI" type="15" />
        <Column name="DATSOSP" type="15" />
        <Column name="CODSTATOATTOSOSP" type="11" />
        <Column name="DATFINE" type="15" />
        <Column name="CODMOTIVOFINEATTO" type="11" />
        <Column name="CODMONODISCIPLINASPEC" type="11" />
        <Column name="DATPOSSIBILENUOVADICH" type="15" />
        <Column name="CODSTATOOCCUPAZ" type="11" />
        <Column name="CODMONOCAT181ETA" type="11" />
        <Column name="CODMONOCAT181LUNGADURATA" type="11" />
        <Column name="FLGCAT181DONNAREINSLAV" type="11" />
        <Column name="FLGINDENNIZZATO" type="11" />
        <Column name="FLG40790" type="11" />
        <Column name="DATANZIANITADISOC" type="15" />
        <Column name="NUMANZIANITAPREC297" type="6" />
        <Column name="CODMONOCALCOLOANZIANITAPREC297" type="11" />
        <Column name="NUMMESISOSPPREC" type="6" />
        <Column name="DATCALCOLOANZIANITA" type="15" />
        <Column name="NUMMESIANZIANITA" type="6" />
        <Column name="DATCALCOLOMESISOSP" type="15" />
        <Column name="NUMMESISOSP" type="6" />
        <Column name="STRNOTE" type="11" />
        <Column name="CDNUTINS" type="6" />
        <Column name="DTMINS" type="15" />
        <Column name="CDNUTMOD" type="6" />
        <Column name="DTMMOD" type="15" />
        <Column name="NUMKLODICHDISP" type="6" />
      </Tablesource>
    </Datasource>
  <Database>
    <QueryChanges mask="0" count="2">
      <Attribute name="queryChange" value="null"/>
      <Attribute name="queryChange" value="null"/>
    </QueryChanges>
  </Database>
  <FormulaFields count="1">
    <Field type="FormulaField" valueType="11">
      <Attribute name="name" value="dataDid"/>
      <Attribute name="shortName" value="dataDid"/>
      <Attribute name="formula type" value="0"/>
      <Attribute name="basic syntax" value="false"/>
      <![CDATA[ToText({AM_DICH_DISPONIBILITA.DATDICHIARAZIONE},"dd/MM/yyyy")]]>
    </Field>
  </FormulaFields>

  <PromptFields count="1">
    <Field type="PromptVarField" valueType="6">
      <Attribute name="name" value="prgElAnag"/>
      <Attribute name="allow_multiple_values" value="false"/>
      <Attribute name="discrete_or_range" value="0"/>
      <Attribute name="allow editing" value="true"/>
      <Attribute name="prompt_text" value=""/>
      <Attribute name="use_range" value="false"/>
      <Attribute name="id" value="3"/>
      <PromptValueDescr count="0">
      </PromptValueDescr>
      <Attribute name="sort_type" value="0"/>
    </Field>
  </PromptFields>

  <SQLFields count="0">
  </SQLFields>

  <SummaryFields count="0">
  </SummaryFields>

  <SortFields count="0">
  </SortFields>

  <GroupNameFields count="0">
  </GroupNameFields>

  <Field type="FormulaField" id="-1" valueType="8">
    <Attribute name="name" value="Record_Selection"/>
    <Attribute name="shortName" value="Record_Selection"/>
    <Attribute name="formula type" value="1"/>
    <Attribute name="basic syntax" value="false"/>
    <![CDATA[IsNull ({AM_DICH_DISPONIBILITA.DATFINE}) and

{AM_DICH_DISPONIBILITA.CODTIPODICHDISP} = "ID" and

{AM_DICH_DISPONIBILITA.PRGELENCOANAGRAFICO} = {?prgElAnag}]]>
  </Field>
  <ReportProperties>
    <Attribute name="page width" value="11907"/>
    <Attribute name="page height" value="16839"/>
    <Attribute name="page orientation" value="0"/>
    <Attribute name="page margin left" value="341"/>
    <Attribute name="page margin right" value="341"/>
    <Attribute name="page margin top" value="240"/>
    <Attribute name="page margin bottom" value="240"/>
    <Attribute name="report title" value="dataDID"/>
    <Attribute name="report author" value=""/>
    <Attribute name="report keywords" value=""/>
    <Attribute name="report subject" value=""/>
    <Attribute name="report template" value=""/>
    <Attribute name="report comments" value=""/>
    <Attribute name="report last saved" value="10 Dec 2013 14:08:02 GMT"/>
    <Attribute name="mailing label type 1" value=""/>
    <Attribute name="mailing label type 2" value=""/>
    <Attribute name="format with multiple columns" value="false"/>
    <Attribute name="mailing label width" value="0"/>
    <Attribute name="mailing label height" value="0"/>
    <Attribute name="mailing label distance vertical" value="0"/>
    <Attribute name="mailing label distance horizontal" value="0"/>
    <Attribute name="across then down" value="false"/>
    <Attribute name="format groups with multiple columns" value="false"/>
    <Attribute name="distinct" value="false"/>
    <Attribute name="convert date time" value="2"/>
    <Attribute name="suppress if no rows" value="false"/>
    <Attribute name="convert null values to default" value="false"/>
    <Attribute name="hide PageFooter inside ReportHeader" value="false"/>
  </ReportProperties>
  <AreaPair type="ReportAreaPair" id="0">
    <Area type="ReportHeader" count="1">
      <AreaProperties>
        <Attribute name="hold minimal pagefooter free" value="1"/>
      </AreaProperties>
      <Section type="ReportHeader" count="0" width="9525" height="0" id="0">
        <SectionProperties>
          <Attribute name="hold minimal pagefooter free" value="1"/>
        </SectionProperties>
      </Section>
    </Area>
    <Area type="ReportFooter" count="1">
      <AreaProperties>
        <Attribute name="hold minimal pagefooter free" value="1"/>
      </AreaProperties>
      <Section type="ReportFooter" count="0" width="9525" height="9" id="1">
        <SectionProperties>
          <Attribute name="hold minimal pagefooter free" value="1"/>
        </SectionProperties>
      </Section>
    </Area>
  </AreaPair>

  <AreaPair type="DetailArea" id="1">
    <Area type="Detail" count="1">
      <AreaProperties>
        <Attribute name="multiple column section" value="false"/>
        <Attribute name="hold minimal pagefooter free" value="1"/>
      </AreaProperties>
      <Section type="Detail" count="1" width="9525" height="399" id="2">
        <SectionProperties>
          <Attribute name="suppress" value="true"/>
          <Attribute name="suppress empty section" value="true"/>
          <Attribute name="multiple column section" value="false"/>
          <Attribute name="hold minimal pagefooter free" value="1"/>
          <PropertyFormula valueType="8" propertyType="drill down">
            <Attribute name="name" value="drill down"/>
            <Attribute name="basic syntax" value="false"/>
            <![CDATA[IsNull ({AM_DICH_DISPONIBILITA.CODTIPODICHDISP})]]>
          </PropertyFormula>
          <PropertyFormula valueType="-1" propertyType="suppress">
            <Attribute name="name" value="suppress"/>
            <Attribute name="basic syntax" value="false"/>
            <![CDATA[IsNull ({AM_DICH_DISPONIBILITA.CODTIPODICHDISP}) or
 {AM_DICH_DISPONIBILITA.CODSTATOATTO} = 'AU']]>
          </PropertyFormula>
        </SectionProperties>
        <Element type="Text" count="1" x_position="0" y_position="15" width="10260" height="285">
          <CommonProperties>
            <Attribute name="horizontal align" value="1"/>
            <Attribute name="close border on page break" value="false"/>
            <Attribute name="can grow" value="true"/>
          </CommonProperties>
          <Element type="Paragraph" count="2">
            <CommonProperties>
              <Attribute name="horizontal align" value="1"/>
            </CommonProperties>
            <Element type="TextPart">
              <FontProperties>
                <Attribute name="font name" value="Arial"/>
                <Attribute name="font size" value="240"/>
              </FontProperties>
            <![CDATA[- Data  Dichiarazione di immediata disponibilità ]]>
            </Element>
            <Element type="FieldPart">
              <FontProperties>
                <Attribute name="font name" value="Arial"/>
                <Attribute name="font size" value="240"/>
                <Attribute name="font style" value="1"/>
              </FontProperties>
              <Reference name="field" type="FormulaField" refname="@dataDid"/>
            </Element>
          </Element>
        </Element>
      </Section>
    </Area>
  </AreaPair>

</inet:Report>
<inet:Report xmlns:inet="http://www.inetsoftware.de" major_version="8" minor_version="0" major_xml_version="6" minor_xml_version="5" count="2" id="4">
    <Datasource dll="pdsora7.dll" host="concordia:1521:orac10" schema="" catalog="" user="modenadev" password="004B85B0A825338A9B77C64539E804B6114886D4A93643BE5E4415B02AAE4077AC" url="">
      <Tablesource alias="AM_MOBILITA_ISCR" databaseIdentifier="AM_MOBILITA_ISCR">
        <Column name="PRGMOBILITAISCR" type="6" />
        <Column name="CDNLAVORATORE" type="6" />
        <Column name="PRGMOVIMENTO" type="6" />
        <Column name="CODTIPOMOB" type="11" />
        <Column name="STRNUMATTO" type="11" />
        <Column name="DATATTO" type="15" />
        <Column name="DATINIZIO" type="15" />
        <Column name="DATFINE" type="15" />
        <Column name="CODMOTIVOFINE" type="11" />
        <Column name="FLGINDENNITA" type="11" />
        <Column name="DATINIZIOINDENNITA" type="15" />
        <Column name="DATFINEINDENNITA" type="15" />
        <Column name="DATMAXDIFF" type="15" />
        <Column name="FLGDIFFERIMENTO" type="11" />
        <Column name="CODMOTIVODIFF" type="11" />
        <Column name="STRNOTE" type="11" />
        <Column name="CDNUTINS" type="6" />
        <Column name="DTMINS" type="15" />
        <Column name="CDNUTMOD" type="6" />
        <Column name="DTMMOD" type="15" />
        <Column name="NUMKLOMOBISCR" type="6" />
        <Column name="DATCRT" type="15" />
        <Column name="CODPROVINCIA" type="11" />
        <Column name="PRGSTATOOCCUPAZ" type="6" />
        <Column name="CODMONOBATCH" type="11" />
        <Column name="DATINIZIOMOV" type="15" />
        <Column name="DATFINEMOV" type="15" />
        <Column name="CODMANSIONE" type="11" />
        <Column name="CODGRADO" type="11" />
        <Column name="CODCCNL" type="11" />
        <Column name="STRLIVELLO" type="11" />
        <Column name="PRGAZIENDA" type="6" />
        <Column name="PRGUNITA" type="6" />
        <Column name="CODMONOPROV" type="11" />
        <Column name="CODREGIONE" type="11" />
        <Column name="DATFINEORIG" type="15" />
        <Column name="FLGSCHEDA" type="11" />
        <Column name="CDNMBSTATORICH" type="6" />
        <Column name="DECORESETT" type="6" />
        <Column name="DATDOMANDA" type="15" />
        <Column name="CODMVRIAPERTURA" type="11" />
        <Column name="CDNUTRIAP" type="6" />
        <Column name="DATRIAPERTURA" type="15" />
        <Column name="CODDOMANDA" type="11" />
        <Column name="FLGNONIMPRENDITORE" type="11" />
        <Column name="FLGCASODUBBIO" type="11" />
        <Column name="STRDESCCASODUBBIO" type="11" />
      </Tablesource>
      <Tablesource alias="DE_MB_TIPO" databaseIdentifier="DE_MB_TIPO">
        <Column name="CODMBTIPO" type="11" />
        <Column name="STRDESCRIZIONE" type="11" />
        <Column name="DATINIZIOVAL" type="15" />
        <Column name="DATFINEVAL" type="15" />
        <Column name="CODMONOATTIVA" type="11" />
        <Column name="FLGREGIONE" type="11" />
      </Tablesource>
    </Datasource>
  <Database>

    <Join from="AM_MOBILITA_ISCR" to="DE_MB_TIPO" type="inn">
      <Link from="CODTIPOMOB" to="CODMBTIPO" type="eq"/>
    </Join>
    <QueryChanges mask="0" count="2">
      <Attribute name="queryChange" value="null"/>
      <Attribute name="queryChange" value="null"/>
    </QueryChanges>
  </Database>
  <FormulaFields count="0">
  </FormulaFields>

  <PromptFields count="1">
    <Field type="PromptVarField" valueType="6">
      <Attribute name="name" value="Pm-cdnLavoratore"/>
      <Attribute name="allow_multiple_values" value="false"/>
      <Attribute name="discrete_or_range" value="0"/>
      <Attribute name="allow editing" value="true"/>
      <Attribute name="prompt_text" value="Pm-cdnLavoratore"/>
      <Attribute name="use_range" value="false"/>
      <Attribute name="id" value="2"/>
      <PromptValueDescr count="0">
      </PromptValueDescr>
      <Attribute name="sort_type" value="0"/>
    </Field>
  </PromptFields>

  <SQLFields count="0">
  </SQLFields>

  <SummaryFields count="0">
  </SummaryFields>

  <SortFields count="0">
  </SortFields>

  <GroupNameFields count="0">
  </GroupNameFields>

  <Field type="FormulaField" id="-1" valueType="8">
    <Attribute name="name" value="Record_Selection"/>
    <Attribute name="formula type" value="1"/>
    <Attribute name="basic syntax" value="false"/>
    <![CDATA[{AM_MOBILITA_ISCR.CDNLAVORATORE} = {?Pm-cdnLavoratore}
and    {AM_MOBILITA_ISCR.DATINIZIO} <= CurrentDate
 and (isNull({AM_MOBILITA_ISCR.DATFINE}) or  {AM_MOBILITA_ISCR.DATFINE}>=CurrentDate)
and  {DE_MB_TIPO.CODMONOATTIVA} = 'A']]>
  </Field>
  <ReportProperties>
    <Attribute name="page width" value="11907"/>
    <Attribute name="page height" value="16839"/>
    <Attribute name="page orientation" value="0"/>
    <Attribute name="page margin left" value="720"/>
    <Attribute name="page margin right" value="720"/>
    <Attribute name="page margin top" value="720"/>
    <Attribute name="page margin bottom" value="720"/>
    <Attribute name="report title" value="mobilita"/>
    <Attribute name="report last saved" value="10 Dec 2013 14:08:02 GMT"/>
    <Attribute name="mailing label type 1" value=""/>
    <Attribute name="mailing label type 2" value=""/>
    <Attribute name="format with multiple columns" value="false"/>
    <Attribute name="mailing label width" value="0"/>
    <Attribute name="mailing label height" value="0"/>
    <Attribute name="mailing label distance vertical" value="0"/>
    <Attribute name="mailing label distance horizontal" value="0"/>
    <Attribute name="across then down" value="false"/>
    <Attribute name="format groups with multiple columns" value="false"/>
    <Attribute name="distinct" value="false"/>
    <Attribute name="convert date time" value="0"/>
    <Attribute name="suppress if no rows" value="false"/>
    <Attribute name="convert null values to default" value="false"/>
    <Attribute name="hide PageFooter inside ReportHeader" value="false"/>
  </ReportProperties>
  <AreaPair type="ReportAreaPair" id="0">
    <Area type="ReportHeader" count="1">
      <Section type="ReportHeader" count="0" width="9510" height="0" id="0">
      </Section>
    </Area>
    <Area type="ReportFooter" count="1">
      <Section type="ReportFooter" count="0" width="9510" height="0" id="1">
      </Section>
    </Area>
  </AreaPair>

  <AreaPair type="DetailArea" id="1">
    <Area type="Detail" count="1">
      <AreaProperties>
        <Attribute name="multiple column section" value="false"/>
      </AreaProperties>
      <Section type="Detail" count="1" width="9510" height="435" id="2">
        <SectionProperties>
          <Attribute name="suppress" value="true"/>
          <Attribute name="multiple column section" value="false"/>
          <PropertyFormula valueType="-1" propertyType="suppress">
            <Attribute name="name" value="suppress"/>
            <Attribute name="basic syntax" value="false"/>
            <![CDATA[IsNull ({AM_MOBILITA_ISCR.PRGMOBILITAISCR}) or
{AM_MOBILITA_ISCR.DATINIZIO} = {AM_MOBILITA_ISCR.DATFINE}]]>
          </PropertyFormula>
        </SectionProperties>
        <Element type="Text" count="1" x_position="0" y_position="0" width="9465" height="435">
          <Element type="Paragraph" count="2">
            <CommonProperties>
              <Attribute name="horizontal align" value="1"/>
            </CommonProperties>
            <Element type="TextPart">
              <FontProperties>
                <Attribute name="font name" value="Arial"/>
                <Attribute name="font size" value="240"/>
              </FontProperties>
            <![CDATA[- Risulta essere iscritto alla lista ]]>
            </Element>
            <Element type="FieldPart">
              <FontProperties>
                <Attribute name="font name" value="Arial"/>
                <Attribute name="font size" value="240"/>
                <Attribute name="font style" value="1"/>
              </FontProperties>
              <Reference name="field" type="DatabaseField" refname="DE_MB_TIPO.STRDESCRIZIONE"/>
            </Element>
          </Element>
        </Element>
      </Section>
    </Area>
  </AreaPair>

</inet:Report>
<inet:Report xmlns:inet="http://www.inetsoftware.de" major_version="8" minor_version="0" major_xml_version="6" minor_xml_version="5" count="2" id="5">
    <Datasource dll="pdsora7.dll" host="concordia:1521:orac10" schema="" catalog="" user="modenadev" password="00E6D36299DB77B533E0DC5FAA15E2900CE5D00698C89EDF5784E33A7DBE3C74CE" url="">
      <Tablesource alias="DE_STATO_OCCUPAZ_RAGG" databaseIdentifier="DE_STATO_OCCUPAZ_RAGG">
        <Column name="CODSTATOOCCUPAZRAGG" type="11" />
        <Column name="STRDESCRIZIONE" type="11" />
        <Column name="DATINIZIOVAL" type="15" />
        <Column name="DATFINEVAL" type="15" />
      </Tablesource>
    </Datasource>
  <Database>
    <QueryChanges mask="0" count="2">
      <Attribute name="queryChange" value="null"/>
      <Attribute name="queryChange" value="null"/>
    </QueryChanges>
  </Database>
  <FormulaFields count="1">
    <Field type="FormulaField" valueType="11">
      <Attribute name="name" value="statoOccupaz"/>
      <Attribute name="shortName" value="statoOccupaz"/>
      <Attribute name="formula type" value="0"/>
      <Attribute name="basic syntax" value="false"/>
      <![CDATA['- ' + {DE_STATO_OCCUPAZ_RAGG.STRDESCRIZIONE} + ' ']]>
    </Field>
  </FormulaFields>

  <PromptFields count="1">
    <Field type="PromptVarField" valueType="11">
      <Attribute name="name" value="Pm-StatoOccupazionale2"/>
      <Attribute name="allow_multiple_values" value="false"/>
      <Attribute name="discrete_or_range" value="0"/>
      <Attribute name="allow editing" value="true"/>
      <Attribute name="prompt_text" value="Pm-StatoOccupazionale2"/>
      <Attribute name="use_range" value="false"/>
      <Attribute name="id" value="1"/>
      <PromptValueDescr count="0">
      </PromptValueDescr>
      <Attribute name="sort_type" value="0"/>
    </Field>
  </PromptFields>

  <SQLFields count="0">
  </SQLFields>

  <SummaryFields count="0">
  </SummaryFields>

  <SortFields count="0">
  </SortFields>

  <GroupNameFields count="0">
  </GroupNameFields>

  <Field type="FormulaField" id="-1" valueType="8">
    <Attribute name="name" value="Record_Selection"/>
    <Attribute name="formula type" value="1"/>
    <Attribute name="basic syntax" value="false"/>
    <![CDATA[{DE_STATO_OCCUPAZ_RAGG.CODSTATOOCCUPAZRAGG} = 'O']]>
  </Field>
  <ReportProperties>
    <Attribute name="page width" value="11907"/>
    <Attribute name="page height" value="16839"/>
    <Attribute name="page orientation" value="0"/>
    <Attribute name="page margin left" value="720"/>
    <Attribute name="page margin right" value="720"/>
    <Attribute name="page margin top" value="720"/>
    <Attribute name="page margin bottom" value="720"/>
    <Attribute name="report title" value="statoOccupSospeso"/>
    <Attribute name="report last saved" value="10 Dec 2013 14:08:02 GMT"/>
    <Attribute name="mailing label type 1" value=""/>
    <Attribute name="mailing label type 2" value=""/>
    <Attribute name="format with multiple columns" value="false"/>
    <Attribute name="mailing label width" value="0"/>
    <Attribute name="mailing label height" value="0"/>
    <Attribute name="mailing label distance vertical" value="0"/>
    <Attribute name="mailing label distance horizontal" value="0"/>
    <Attribute name="across then down" value="false"/>
    <Attribute name="format groups with multiple columns" value="false"/>
    <Attribute name="distinct" value="false"/>
    <Attribute name="convert date time" value="0"/>
    <Attribute name="suppress if no rows" value="false"/>
    <Attribute name="convert null values to default" value="false"/>
    <Attribute name="hide PageFooter inside ReportHeader" value="false"/>
  </ReportProperties>
  <AreaPair type="ReportAreaPair" id="0">
    <Area type="ReportHeader" count="1">
      <Section type="ReportHeader" count="0" width="9510" height="0" id="0">
      </Section>
    </Area>
    <Area type="ReportFooter" count="1">
      <Section type="ReportFooter" count="0" width="9510" height="0" id="1">
      </Section>
    </Area>
  </AreaPair>

  <AreaPair type="DetailArea" id="1">
    <Area type="Detail" count="1">
      <AreaProperties>
        <Attribute name="multiple column section" value="false"/>
      </AreaProperties>
      <Section type="Detail" count="1" width="9510" height="465" id="2">
        <SectionProperties>
          <Attribute name="multiple column section" value="false"/>
        </SectionProperties>
        <Element type="Text" count="1" x_position="0" y_position="0" width="9480" height="465">
          <Element type="Paragraph" count="2">
            <CommonProperties>
              <Attribute name="horizontal align" value="1"/>
            </CommonProperties>
            <Element type="FieldPart">
              <FontProperties>
                <Attribute name="font size" value="240"/>
              </FontProperties>
              <Reference name="field" type="FormulaField" refname="@statoOccupaz"/>
            </Element>
            <Element type="FieldPart">
              <FontProperties>
                <Attribute name="font size" value="240"/>
              </FontProperties>
              <Reference name="field" type="PromptVarField" refname="?Pm-StatoOccupazionale2"/>
            </Element>
          </Element>
        </Element>
      </Section>
    </Area>
  </AreaPair>

</inet:Report>
</inet:Report>
